pa-database/Eye/PA.EI.4/2_1_00004_m_01_01_t_3.mp4 NTNU_00004 PA.EI.4
pa-database/Eye/PA.EI.4/2_1_00005_f_01_01_t_3.mp4 NTNU_00005 PA.EI.4
pa-database/Eye/PA.EI.4/2_1_00006_m_01_01_t_3.mp4 NTNU_00006 PA.EI.4
pa-database/Eye/PA.EI.4/2_1_00015_m_01_01_t_3.mp4 NTNU_00015 PA.EI.4
pa-database/Eye/PA.EI.4/2_1_00016_m_01_01_t_3.mp4 NTNU_00016 PA.EI.4
pa-database/Eye/PA.EI.4/2_1_00020_m_01_01_t_3.mp4 NTNU_00020 PA.EI.4
pa-database/Eye/PA.EI.4/2_1_00021_m_01_01_t_3.mp4 NTNU_00021 PA.EI.4
pa-database/Eye/PA.EI.4/2_1_00023_m_01_01_t_3.mp4 NTNU_00023 PA.EI.4
pa-database/Eye/PA.EI.4/2_1_00025_m_01_01_t_3.mp4 NTNU_00025 PA.EI.4
pa-database/Eye/PA.EI.4/2_1_00027_m_01_01_t_3.mp4 NTNU_00027 PA.EI.4
pa-database/Eye/PA.EI.4/2_1_00028_m_01_01_t_3.mp4 NTNU_00028 PA.EI.4
pa-database/Eye/PA.EI.4/2_1_00029_m_01_01_t_3.mp4 NTNU_00029 PA.EI.4
pa-database/Eye/PA.EI.4/2_1_00030_m_01_01_t_3.mp4 NTNU_00030 PA.EI.4
pa-database/Eye/PA.EI.4/2_1_00031_m_01_01_t_3.mp4 NTNU_00031 PA.EI.4
pa-database/Eye/PA.EI.4/2_1_00033_f_01_01_t_3.mp4 NTNU_00033 PA.EI.4
pa-database/Eye/PA.EI.4/2_1_00035_m_01_01_t_3.mp4 NTNU_00035 PA.EI.4
pa-database/Eye/PA.EI.4/2_1_00039_m_01_01_t_3.mp4 NTNU_00039 PA.EI.4
pa-database/Eye/PA.EI.4/2_1_00040_m_01_01_t_3.mp4 NTNU_00040 PA.EI.4
pa-database/Eye/PA.EI.4/2_1_00041_m_01_01_t_3.mp4 NTNU_00041 PA.EI.4
pa-database/Eye/PA.EI.4/2_1_00043_f_01_01_t_3.mp4 NTNU_00043 PA.EI.4
pa-database/Eye/PA.EI.4/2_1_00047_m_01_01_t_3.mp4 NTNU_00047 PA.EI.4
pa-database/Eye/PA.EI.4/2_1_00051_m_01_01_t_3.mp4 NTNU_00051 PA.EI.4
pa-database/Eye/PA.EI.4/2_1_00052_f_01_01_t_3.mp4 NTNU_00052 PA.EI.4
pa-database/Eye/PA.EI.4/2_1_00054_m_01_01_t_3.mp4 NTNU_00054 PA.EI.4
pa-database/Eye/PA.EI.4/2_4_00002_f_01_01_t_3.mp4 IDIAP_00002 PA.EI.4
pa-database/Eye/PA.EI.4/2_4_00003_m_01_01_t_3.mp4 IDIAP_00003 PA.EI.4
pa-database/Eye/PA.EI.4/2_4_00004_f_01_01_t_3.mp4 IDIAP_00004 PA.EI.4
pa-database/Eye/PA.EI.4/2_4_00005_m_01_01_t_3.mp4 IDIAP_00005 PA.EI.4
pa-database/Eye/PA.EI.4/2_4_00006_m_01_01_t_3.mp4 IDIAP_00006 PA.EI.4
pa-database/Eye/PA.EI.4/2_4_00011_m_01_01_t_3.mp4 IDIAP_00011 PA.EI.4
pa-database/Eye/PA.EI.4/2_4_00012_m_01_01_t_3.mp4 IDIAP_00012 PA.EI.4
pa-database/Eye/PA.EI.4/2_4_00014_f_01_01_t_3.mp4 IDIAP_00014 PA.EI.4
pa-database/Eye/PA.EI.4/2_4_00015_f_01_01_t_3.mp4 IDIAP_00015 PA.EI.4
pa-database/Eye/PA.EI.4/2_4_00016_m_01_01_t_3.mp4 IDIAP_00016 PA.EI.4
pa-database/Eye/PA.EI.4/2_4_00017_m_01_01_t_3.mp4 IDIAP_00017 PA.EI.4
pa-database/Eye/PA.EI.4/2_4_00019_m_01_01_t_3.mp4 IDIAP_00019 PA.EI.4
pa-database/Eye/PA.EI.4/2_4_00020_m_01_01_t_3.mp4 IDIAP_00020 PA.EI.4
pa-database/Eye/PA.EI.4/2_4_00022_f_01_01_t_3.mp4 IDIAP_00022 PA.EI.4
pa-database/Eye/PA.EI.4/2_4_00024_m_01_01_t_3.mp4 IDIAP_00024 PA.EI.4
pa-database/Eye/PA.EI.4/2_4_00025_m_01_01_t_3.mp4 IDIAP_00025 PA.EI.4
pa-database/Eye/PA.EI.4/2_4_00027_m_01_01_t_3.mp4 IDIAP_00027 PA.EI.4
pa-database/Eye/PA.EI.4/2_4_00029_m_01_01_t_3.mp4 IDIAP_00029 PA.EI.4
pa-database/Eye/PA.EI.4/2_4_00032_m_01_01_t_3.mp4 IDIAP_00032 PA.EI.4
pa-database/Eye/PA.EI.4/2_4_00033_m_01_01_t_3.mp4 IDIAP_00033 PA.EI.4
pa-database/Eye/PA.EI.4/2_4_00036_f_01_01_t_3.mp4 IDIAP_00036 PA.EI.4
pa-database/Eye/PA.EI.4/2_4_00038_f_01_01_t_3.mp4 IDIAP_00038 PA.EI.4
pa-database/Eye/PA.EI.4/2_4_00039_m_01_01_t_3.mp4 IDIAP_00039 PA.EI.4
pa-database/Eye/PA.EI.4/2_4_00047_m_01_01_t_3.mp4 IDIAP_00047 PA.EI.4
pa-database/Eye/PA.EI.4/2_4_00051_f_01_01_t_3.mp4 IDIAP_00051 PA.EI.4
pa-database/Eye/PA.EI.4/2_4_00058_f_01_01_t_3.mp4 IDIAP_00058 PA.EI.4
pa-database/Eye/PA.EI.4/2_4_00059_m_01_01_t_3.mp4 IDIAP_00059 PA.EI.4
pa-database/Eye/PA.EI.4/2_4_00060_f_01_01_t_3.mp4 IDIAP_00060 PA.EI.4
pa-database/Eye/PA.EI.4/2_6_00002_m_01_01_t_3.mp4 MPH-IND_00002 PA.EI.4
pa-database/Eye/PA.EI.4/2_6_00004_f_01_01_t_3.mp4 MPH-IND_00004 PA.EI.4
pa-database/Eye/PA.EI.4/2_6_00005_m_01_01_t_3.mp4 MPH-IND_00005 PA.EI.4
pa-database/Eye/PA.EI.4/2_6_00006_f_01_01_t_3.mp4 MPH-IND_00006 PA.EI.4
pa-database/Eye/PA.EI.4/2_6_00007_m_01_01_t_3.mp4 MPH-IND_00007 PA.EI.4
pa-database/Eye/PA.EI.4/2_6_00010_m_01_01_t_3.mp4 MPH-IND_00010 PA.EI.4
pa-database/Eye/PA.EI.4/2_6_00013_m_01_01_t_3.mp4 MPH-IND_00013 PA.EI.4
pa-database/Eye/PA.EI.4/2_6_00014_m_01_01_t_3.mp4 MPH-IND_00014 PA.EI.4
pa-database/Eye/PA.EI.4/2_6_00015_f_01_01_t_3.mp4 MPH-IND_00015 PA.EI.4
pa-database/Eye/PA.EI.4/2_6_00017_m_01_01_t_3.mp4 MPH-IND_00017 PA.EI.4
pa-database/Eye/PA.EI.4/2_6_00024_m_01_01_t_3.mp4 MPH-IND_00024 PA.EI.4
pa-database/Eye/PA.EI.4/2_6_00026_m_01_01_t_3.mp4 MPH-IND_00026 PA.EI.4
pa-database/Eye/PA.EI.4/2_6_00028_m_01_01_t_3.mp4 MPH-IND_00028 PA.EI.4
pa-database/Eye/PA.EI.4/2_6_00031_m_01_01_t_3.mp4 MPH-IND_00031 PA.EI.4
pa-database/Eye/PA.EI.4/2_6_00037_f_01_01_t_3.mp4 MPH-IND_00037 PA.EI.4
pa-database/Eye/PA.EI.4/2_6_00038_f_01_01_t_3.mp4 MPH-IND_00038 PA.EI.4
pa-database/Eye/PA.EI.4/2_6_00040_m_01_01_t_3.mp4 MPH-IND_00040 PA.EI.4
pa-database/Eye/PA.EI.4/2_6_00041_m_01_01_t_3.mp4 MPH-IND_00041 PA.EI.4
pa-database/Eye/PA.EI.4/2_6_00047_m_01_01_t_3.mp4 MPH-IND_00047 PA.EI.4
pa-database/Eye/PA.EI.4/2_6_00048_m_01_01_t_3.mp4 MPH-IND_00048 PA.EI.4
pa-database/Eye/PA.EI.4/2_6_00049_m_01_01_t_3.mp4 MPH-IND_00049 PA.EI.4
