pa-database/Voice/PA.V.4/1_1_00004_m_01_01_t_2.wav NTNU_00004 PA.V.4
pa-database/Voice/PA.V.4/1_1_00004_m_01_02_t_2.wav NTNU_00004 PA.V.4
pa-database/Voice/PA.V.4/1_1_00004_m_01_03_t_2.wav NTNU_00004 PA.V.4
pa-database/Voice/PA.V.4/1_1_00004_m_01_04_t_2.wav NTNU_00004 PA.V.4
pa-database/Voice/PA.V.4/1_1_00004_m_01_05_t_2.wav NTNU_00004 PA.V.4
pa-database/Voice/PA.V.4/1_1_00004_m_01_06_t_2.wav NTNU_00004 PA.V.4
pa-database/Voice/PA.V.4/1_1_00004_m_01_07_t_2.wav NTNU_00004 PA.V.4
pa-database/Voice/PA.V.4/1_1_00004_m_01_08_t_2.wav NTNU_00004 PA.V.4
pa-database/Voice/PA.V.4/1_1_00005_f_01_01_t_2.wav NTNU_00005 PA.V.4
pa-database/Voice/PA.V.4/1_1_00005_f_01_02_t_2.wav NTNU_00005 PA.V.4
pa-database/Voice/PA.V.4/1_1_00005_f_01_03_t_2.wav NTNU_00005 PA.V.4
pa-database/Voice/PA.V.4/1_1_00005_f_01_04_t_2.wav NTNU_00005 PA.V.4
pa-database/Voice/PA.V.4/1_1_00005_f_01_05_t_2.wav NTNU_00005 PA.V.4
pa-database/Voice/PA.V.4/1_1_00005_f_01_06_t_2.wav NTNU_00005 PA.V.4
pa-database/Voice/PA.V.4/1_1_00005_f_01_07_t_2.wav NTNU_00005 PA.V.4
pa-database/Voice/PA.V.4/1_1_00005_f_01_08_t_2.wav NTNU_00005 PA.V.4
pa-database/Voice/PA.V.4/1_1_00006_m_01_01_t_2.wav NTNU_00006 PA.V.4
pa-database/Voice/PA.V.4/1_1_00006_m_01_02_t_2.wav NTNU_00006 PA.V.4
pa-database/Voice/PA.V.4/1_1_00006_m_01_03_t_2.wav NTNU_00006 PA.V.4
pa-database/Voice/PA.V.4/1_1_00006_m_01_04_t_2.wav NTNU_00006 PA.V.4
pa-database/Voice/PA.V.4/1_1_00006_m_01_05_t_2.wav NTNU_00006 PA.V.4
pa-database/Voice/PA.V.4/1_1_00006_m_01_06_t_2.wav NTNU_00006 PA.V.4
pa-database/Voice/PA.V.4/1_1_00006_m_01_07_t_2.wav NTNU_00006 PA.V.4
pa-database/Voice/PA.V.4/1_1_00006_m_01_08_t_2.wav NTNU_00006 PA.V.4
pa-database/Voice/PA.V.4/1_1_00015_m_01_01_t_2.wav NTNU_00015 PA.V.4
pa-database/Voice/PA.V.4/1_1_00015_m_01_02_t_2.wav NTNU_00015 PA.V.4
pa-database/Voice/PA.V.4/1_1_00015_m_01_03_t_2.wav NTNU_00015 PA.V.4
pa-database/Voice/PA.V.4/1_1_00015_m_01_04_t_2.wav NTNU_00015 PA.V.4
pa-database/Voice/PA.V.4/1_1_00015_m_01_05_t_2.wav NTNU_00015 PA.V.4
pa-database/Voice/PA.V.4/1_1_00015_m_01_06_t_2.wav NTNU_00015 PA.V.4
pa-database/Voice/PA.V.4/1_1_00015_m_01_07_t_2.wav NTNU_00015 PA.V.4
pa-database/Voice/PA.V.4/1_1_00015_m_01_08_t_2.wav NTNU_00015 PA.V.4
pa-database/Voice/PA.V.4/1_1_00016_m_01_01_t_2.wav NTNU_00016 PA.V.4
pa-database/Voice/PA.V.4/1_1_00016_m_01_02_t_2.wav NTNU_00016 PA.V.4
pa-database/Voice/PA.V.4/1_1_00016_m_01_03_t_2.wav NTNU_00016 PA.V.4
pa-database/Voice/PA.V.4/1_1_00016_m_01_04_t_2.wav NTNU_00016 PA.V.4
pa-database/Voice/PA.V.4/1_1_00016_m_01_05_t_2.wav NTNU_00016 PA.V.4
pa-database/Voice/PA.V.4/1_1_00016_m_01_06_t_2.wav NTNU_00016 PA.V.4
pa-database/Voice/PA.V.4/1_1_00016_m_01_07_t_2.wav NTNU_00016 PA.V.4
pa-database/Voice/PA.V.4/1_1_00016_m_01_08_t_2.wav NTNU_00016 PA.V.4
pa-database/Voice/PA.V.4/1_1_00020_m_01_01_t_2.wav NTNU_00020 PA.V.4
pa-database/Voice/PA.V.4/1_1_00020_m_01_02_t_2.wav NTNU_00020 PA.V.4
pa-database/Voice/PA.V.4/1_1_00020_m_01_03_t_2.wav NTNU_00020 PA.V.4
pa-database/Voice/PA.V.4/1_1_00020_m_01_04_t_2.wav NTNU_00020 PA.V.4
pa-database/Voice/PA.V.4/1_1_00020_m_01_05_t_2.wav NTNU_00020 PA.V.4
pa-database/Voice/PA.V.4/1_1_00020_m_01_06_t_2.wav NTNU_00020 PA.V.4
pa-database/Voice/PA.V.4/1_1_00020_m_01_07_t_2.wav NTNU_00020 PA.V.4
pa-database/Voice/PA.V.4/1_1_00020_m_01_08_t_2.wav NTNU_00020 PA.V.4
pa-database/Voice/PA.V.4/1_1_00021_m_01_01_t_2.wav NTNU_00021 PA.V.4
pa-database/Voice/PA.V.4/1_1_00021_m_01_02_t_2.wav NTNU_00021 PA.V.4
pa-database/Voice/PA.V.4/1_1_00021_m_01_03_t_2.wav NTNU_00021 PA.V.4
pa-database/Voice/PA.V.4/1_1_00021_m_01_04_t_2.wav NTNU_00021 PA.V.4
pa-database/Voice/PA.V.4/1_1_00021_m_01_05_t_2.wav NTNU_00021 PA.V.4
pa-database/Voice/PA.V.4/1_1_00021_m_01_06_t_2.wav NTNU_00021 PA.V.4
pa-database/Voice/PA.V.4/1_1_00021_m_01_07_t_2.wav NTNU_00021 PA.V.4
pa-database/Voice/PA.V.4/1_1_00021_m_01_08_t_2.wav NTNU_00021 PA.V.4
pa-database/Voice/PA.V.4/1_1_00023_m_01_01_t_2.wav NTNU_00023 PA.V.4
pa-database/Voice/PA.V.4/1_1_00023_m_01_02_t_2.wav NTNU_00023 PA.V.4
pa-database/Voice/PA.V.4/1_1_00023_m_01_03_t_2.wav NTNU_00023 PA.V.4
pa-database/Voice/PA.V.4/1_1_00023_m_01_04_t_2.wav NTNU_00023 PA.V.4
pa-database/Voice/PA.V.4/1_1_00023_m_01_05_t_2.wav NTNU_00023 PA.V.4
pa-database/Voice/PA.V.4/1_1_00023_m_01_06_t_2.wav NTNU_00023 PA.V.4
pa-database/Voice/PA.V.4/1_1_00023_m_01_07_t_2.wav NTNU_00023 PA.V.4
pa-database/Voice/PA.V.4/1_1_00023_m_01_08_t_2.wav NTNU_00023 PA.V.4
pa-database/Voice/PA.V.4/1_1_00025_m_01_01_t_2.wav NTNU_00025 PA.V.4
pa-database/Voice/PA.V.4/1_1_00025_m_01_02_t_2.wav NTNU_00025 PA.V.4
pa-database/Voice/PA.V.4/1_1_00025_m_01_03_t_2.wav NTNU_00025 PA.V.4
pa-database/Voice/PA.V.4/1_1_00025_m_01_04_t_2.wav NTNU_00025 PA.V.4
pa-database/Voice/PA.V.4/1_1_00025_m_01_05_t_2.wav NTNU_00025 PA.V.4
pa-database/Voice/PA.V.4/1_1_00025_m_01_06_t_2.wav NTNU_00025 PA.V.4
pa-database/Voice/PA.V.4/1_1_00025_m_01_07_t_2.wav NTNU_00025 PA.V.4
pa-database/Voice/PA.V.4/1_1_00025_m_01_08_t_2.wav NTNU_00025 PA.V.4
pa-database/Voice/PA.V.4/1_1_00027_m_01_01_t_2.wav NTNU_00027 PA.V.4
pa-database/Voice/PA.V.4/1_1_00027_m_01_02_t_2.wav NTNU_00027 PA.V.4
pa-database/Voice/PA.V.4/1_1_00027_m_01_03_t_2.wav NTNU_00027 PA.V.4
pa-database/Voice/PA.V.4/1_1_00027_m_01_04_t_2.wav NTNU_00027 PA.V.4
pa-database/Voice/PA.V.4/1_1_00027_m_01_05_t_2.wav NTNU_00027 PA.V.4
pa-database/Voice/PA.V.4/1_1_00027_m_01_06_t_2.wav NTNU_00027 PA.V.4
pa-database/Voice/PA.V.4/1_1_00027_m_01_07_t_2.wav NTNU_00027 PA.V.4
pa-database/Voice/PA.V.4/1_1_00027_m_01_08_t_2.wav NTNU_00027 PA.V.4
pa-database/Voice/PA.V.4/1_1_00028_m_01_01_t_2.wav NTNU_00028 PA.V.4
pa-database/Voice/PA.V.4/1_1_00028_m_01_02_t_2.wav NTNU_00028 PA.V.4
pa-database/Voice/PA.V.4/1_1_00028_m_01_03_t_2.wav NTNU_00028 PA.V.4
pa-database/Voice/PA.V.4/1_1_00028_m_01_04_t_2.wav NTNU_00028 PA.V.4
pa-database/Voice/PA.V.4/1_1_00028_m_01_05_t_2.wav NTNU_00028 PA.V.4
pa-database/Voice/PA.V.4/1_1_00028_m_01_06_t_2.wav NTNU_00028 PA.V.4
pa-database/Voice/PA.V.4/1_1_00028_m_01_07_t_2.wav NTNU_00028 PA.V.4
pa-database/Voice/PA.V.4/1_1_00028_m_01_08_t_2.wav NTNU_00028 PA.V.4
pa-database/Voice/PA.V.4/1_1_00029_m_01_01_t_2.wav NTNU_00029 PA.V.4
pa-database/Voice/PA.V.4/1_1_00029_m_01_02_t_2.wav NTNU_00029 PA.V.4
pa-database/Voice/PA.V.4/1_1_00029_m_01_03_t_2.wav NTNU_00029 PA.V.4
pa-database/Voice/PA.V.4/1_1_00029_m_01_04_t_2.wav NTNU_00029 PA.V.4
pa-database/Voice/PA.V.4/1_1_00029_m_01_05_t_2.wav NTNU_00029 PA.V.4
pa-database/Voice/PA.V.4/1_1_00029_m_01_06_t_2.wav NTNU_00029 PA.V.4
pa-database/Voice/PA.V.4/1_1_00029_m_01_07_t_2.wav NTNU_00029 PA.V.4
pa-database/Voice/PA.V.4/1_1_00029_m_01_08_t_2.wav NTNU_00029 PA.V.4
pa-database/Voice/PA.V.4/1_1_00030_m_01_01_t_2.wav NTNU_00030 PA.V.4
pa-database/Voice/PA.V.4/1_1_00030_m_01_02_t_2.wav NTNU_00030 PA.V.4
pa-database/Voice/PA.V.4/1_1_00030_m_01_03_t_2.wav NTNU_00030 PA.V.4
pa-database/Voice/PA.V.4/1_1_00030_m_01_04_t_2.wav NTNU_00030 PA.V.4
pa-database/Voice/PA.V.4/1_1_00030_m_01_05_t_2.wav NTNU_00030 PA.V.4
pa-database/Voice/PA.V.4/1_1_00030_m_01_06_t_2.wav NTNU_00030 PA.V.4
pa-database/Voice/PA.V.4/1_1_00030_m_01_07_t_2.wav NTNU_00030 PA.V.4
pa-database/Voice/PA.V.4/1_1_00030_m_01_08_t_2.wav NTNU_00030 PA.V.4
pa-database/Voice/PA.V.4/1_1_00031_m_01_01_t_2.wav NTNU_00031 PA.V.4
pa-database/Voice/PA.V.4/1_1_00031_m_01_02_t_2.wav NTNU_00031 PA.V.4
pa-database/Voice/PA.V.4/1_1_00031_m_01_03_t_2.wav NTNU_00031 PA.V.4
pa-database/Voice/PA.V.4/1_1_00031_m_01_04_t_2.wav NTNU_00031 PA.V.4
pa-database/Voice/PA.V.4/1_1_00031_m_01_05_t_2.wav NTNU_00031 PA.V.4
pa-database/Voice/PA.V.4/1_1_00031_m_01_06_t_2.wav NTNU_00031 PA.V.4
pa-database/Voice/PA.V.4/1_1_00031_m_01_07_t_2.wav NTNU_00031 PA.V.4
pa-database/Voice/PA.V.4/1_1_00031_m_01_08_t_2.wav NTNU_00031 PA.V.4
pa-database/Voice/PA.V.4/1_1_00033_f_01_01_t_2.wav NTNU_00033 PA.V.4
pa-database/Voice/PA.V.4/1_1_00033_f_01_02_t_2.wav NTNU_00033 PA.V.4
pa-database/Voice/PA.V.4/1_1_00033_f_01_03_t_2.wav NTNU_00033 PA.V.4
pa-database/Voice/PA.V.4/1_1_00033_f_01_04_t_2.wav NTNU_00033 PA.V.4
pa-database/Voice/PA.V.4/1_1_00033_f_01_05_t_2.wav NTNU_00033 PA.V.4
pa-database/Voice/PA.V.4/1_1_00033_f_01_06_t_2.wav NTNU_00033 PA.V.4
pa-database/Voice/PA.V.4/1_1_00033_f_01_07_t_2.wav NTNU_00033 PA.V.4
pa-database/Voice/PA.V.4/1_1_00033_f_01_08_t_2.wav NTNU_00033 PA.V.4
pa-database/Voice/PA.V.4/1_1_00035_m_01_01_t_2.wav NTNU_00035 PA.V.4
pa-database/Voice/PA.V.4/1_1_00035_m_01_02_t_2.wav NTNU_00035 PA.V.4
pa-database/Voice/PA.V.4/1_1_00035_m_01_03_t_2.wav NTNU_00035 PA.V.4
pa-database/Voice/PA.V.4/1_1_00035_m_01_04_t_2.wav NTNU_00035 PA.V.4
pa-database/Voice/PA.V.4/1_1_00035_m_01_05_t_2.wav NTNU_00035 PA.V.4
pa-database/Voice/PA.V.4/1_1_00035_m_01_06_t_2.wav NTNU_00035 PA.V.4
pa-database/Voice/PA.V.4/1_1_00035_m_01_07_t_2.wav NTNU_00035 PA.V.4
pa-database/Voice/PA.V.4/1_1_00035_m_01_08_t_2.wav NTNU_00035 PA.V.4
pa-database/Voice/PA.V.4/1_1_00039_m_01_01_t_2.wav NTNU_00039 PA.V.4
pa-database/Voice/PA.V.4/1_1_00039_m_01_02_t_2.wav NTNU_00039 PA.V.4
pa-database/Voice/PA.V.4/1_1_00039_m_01_03_t_2.wav NTNU_00039 PA.V.4
pa-database/Voice/PA.V.4/1_1_00039_m_01_04_t_2.wav NTNU_00039 PA.V.4
pa-database/Voice/PA.V.4/1_1_00039_m_01_05_t_2.wav NTNU_00039 PA.V.4
pa-database/Voice/PA.V.4/1_1_00039_m_01_06_t_2.wav NTNU_00039 PA.V.4
pa-database/Voice/PA.V.4/1_1_00039_m_01_07_t_2.wav NTNU_00039 PA.V.4
pa-database/Voice/PA.V.4/1_1_00039_m_01_08_t_2.wav NTNU_00039 PA.V.4
pa-database/Voice/PA.V.4/1_1_00040_m_01_01_t_2.wav NTNU_00040 PA.V.4
pa-database/Voice/PA.V.4/1_1_00040_m_01_02_t_2.wav NTNU_00040 PA.V.4
pa-database/Voice/PA.V.4/1_1_00040_m_01_03_t_2.wav NTNU_00040 PA.V.4
pa-database/Voice/PA.V.4/1_1_00040_m_01_04_t_2.wav NTNU_00040 PA.V.4
pa-database/Voice/PA.V.4/1_1_00040_m_01_05_t_2.wav NTNU_00040 PA.V.4
pa-database/Voice/PA.V.4/1_1_00040_m_01_06_t_2.wav NTNU_00040 PA.V.4
pa-database/Voice/PA.V.4/1_1_00040_m_01_07_t_2.wav NTNU_00040 PA.V.4
pa-database/Voice/PA.V.4/1_1_00040_m_01_08_t_2.wav NTNU_00040 PA.V.4
pa-database/Voice/PA.V.4/1_1_00041_m_01_01_t_2.wav NTNU_00041 PA.V.4
pa-database/Voice/PA.V.4/1_1_00041_m_01_02_t_2.wav NTNU_00041 PA.V.4
pa-database/Voice/PA.V.4/1_1_00041_m_01_03_t_2.wav NTNU_00041 PA.V.4
pa-database/Voice/PA.V.4/1_1_00041_m_01_04_t_2.wav NTNU_00041 PA.V.4
pa-database/Voice/PA.V.4/1_1_00041_m_01_05_t_2.wav NTNU_00041 PA.V.4
pa-database/Voice/PA.V.4/1_1_00041_m_01_06_t_2.wav NTNU_00041 PA.V.4
pa-database/Voice/PA.V.4/1_1_00041_m_01_07_t_2.wav NTNU_00041 PA.V.4
pa-database/Voice/PA.V.4/1_1_00041_m_01_08_t_2.wav NTNU_00041 PA.V.4
pa-database/Voice/PA.V.4/1_1_00043_f_01_01_t_2.wav NTNU_00043 PA.V.4
pa-database/Voice/PA.V.4/1_1_00043_f_01_02_t_2.wav NTNU_00043 PA.V.4
pa-database/Voice/PA.V.4/1_1_00043_f_01_03_t_2.wav NTNU_00043 PA.V.4
pa-database/Voice/PA.V.4/1_1_00043_f_01_04_t_2.wav NTNU_00043 PA.V.4
pa-database/Voice/PA.V.4/1_1_00043_f_01_05_t_2.wav NTNU_00043 PA.V.4
pa-database/Voice/PA.V.4/1_1_00043_f_01_06_t_2.wav NTNU_00043 PA.V.4
pa-database/Voice/PA.V.4/1_1_00043_f_01_07_t_2.wav NTNU_00043 PA.V.4
pa-database/Voice/PA.V.4/1_1_00043_f_01_08_t_2.wav NTNU_00043 PA.V.4
pa-database/Voice/PA.V.4/1_1_00047_m_01_01_t_2.wav NTNU_00047 PA.V.4
pa-database/Voice/PA.V.4/1_1_00047_m_01_02_t_2.wav NTNU_00047 PA.V.4
pa-database/Voice/PA.V.4/1_1_00047_m_01_03_t_2.wav NTNU_00047 PA.V.4
pa-database/Voice/PA.V.4/1_1_00047_m_01_04_t_2.wav NTNU_00047 PA.V.4
pa-database/Voice/PA.V.4/1_1_00047_m_01_05_t_2.wav NTNU_00047 PA.V.4
pa-database/Voice/PA.V.4/1_1_00047_m_01_06_t_2.wav NTNU_00047 PA.V.4
pa-database/Voice/PA.V.4/1_1_00047_m_01_07_t_2.wav NTNU_00047 PA.V.4
pa-database/Voice/PA.V.4/1_1_00047_m_01_08_t_2.wav NTNU_00047 PA.V.4
pa-database/Voice/PA.V.4/1_1_00051_m_01_01_t_2.wav NTNU_00051 PA.V.4
pa-database/Voice/PA.V.4/1_1_00051_m_01_02_t_2.wav NTNU_00051 PA.V.4
pa-database/Voice/PA.V.4/1_1_00051_m_01_03_t_2.wav NTNU_00051 PA.V.4
pa-database/Voice/PA.V.4/1_1_00051_m_01_04_t_2.wav NTNU_00051 PA.V.4
pa-database/Voice/PA.V.4/1_1_00051_m_01_05_t_2.wav NTNU_00051 PA.V.4
pa-database/Voice/PA.V.4/1_1_00051_m_01_06_t_2.wav NTNU_00051 PA.V.4
pa-database/Voice/PA.V.4/1_1_00051_m_01_07_t_2.wav NTNU_00051 PA.V.4
pa-database/Voice/PA.V.4/1_1_00051_m_01_08_t_2.wav NTNU_00051 PA.V.4
pa-database/Voice/PA.V.4/1_1_00052_f_01_01_t_2.wav NTNU_00052 PA.V.4
pa-database/Voice/PA.V.4/1_1_00052_f_01_02_t_2.wav NTNU_00052 PA.V.4
pa-database/Voice/PA.V.4/1_1_00052_f_01_03_t_2.wav NTNU_00052 PA.V.4
pa-database/Voice/PA.V.4/1_1_00052_f_01_04_t_2.wav NTNU_00052 PA.V.4
pa-database/Voice/PA.V.4/1_1_00052_f_01_05_t_2.wav NTNU_00052 PA.V.4
pa-database/Voice/PA.V.4/1_1_00052_f_01_06_t_2.wav NTNU_00052 PA.V.4
pa-database/Voice/PA.V.4/1_1_00052_f_01_07_t_2.wav NTNU_00052 PA.V.4
pa-database/Voice/PA.V.4/1_1_00052_f_01_08_t_2.wav NTNU_00052 PA.V.4
pa-database/Voice/PA.V.4/1_1_00054_m_01_01_t_2.wav NTNU_00054 PA.V.4
pa-database/Voice/PA.V.4/1_1_00054_m_01_02_t_2.wav NTNU_00054 PA.V.4
pa-database/Voice/PA.V.4/1_1_00054_m_01_03_t_2.wav NTNU_00054 PA.V.4
pa-database/Voice/PA.V.4/1_1_00054_m_01_04_t_2.wav NTNU_00054 PA.V.4
pa-database/Voice/PA.V.4/1_1_00054_m_01_05_t_2.wav NTNU_00054 PA.V.4
pa-database/Voice/PA.V.4/1_1_00054_m_01_06_t_2.wav NTNU_00054 PA.V.4
pa-database/Voice/PA.V.4/1_1_00054_m_01_07_t_2.wav NTNU_00054 PA.V.4
pa-database/Voice/PA.V.4/1_1_00054_m_01_08_t_2.wav NTNU_00054 PA.V.4
pa-database/Voice/PA.V.4/1_4_00002_f_01_01_t_2.wav IDIAP_00002 PA.V.4
pa-database/Voice/PA.V.4/1_4_00002_f_01_02_t_2.wav IDIAP_00002 PA.V.4
pa-database/Voice/PA.V.4/1_4_00002_f_01_03_t_2.wav IDIAP_00002 PA.V.4
pa-database/Voice/PA.V.4/1_4_00002_f_01_04_t_2.wav IDIAP_00002 PA.V.4
pa-database/Voice/PA.V.4/1_4_00002_f_01_05_t_2.wav IDIAP_00002 PA.V.4
pa-database/Voice/PA.V.4/1_4_00002_f_01_06_t_2.wav IDIAP_00002 PA.V.4
pa-database/Voice/PA.V.4/1_4_00002_f_01_07_t_2.wav IDIAP_00002 PA.V.4
pa-database/Voice/PA.V.4/1_4_00002_f_01_08_t_2.wav IDIAP_00002 PA.V.4
pa-database/Voice/PA.V.4/1_4_00003_m_01_01_t_2.wav IDIAP_00003 PA.V.4
pa-database/Voice/PA.V.4/1_4_00003_m_01_02_t_2.wav IDIAP_00003 PA.V.4
pa-database/Voice/PA.V.4/1_4_00003_m_01_03_t_2.wav IDIAP_00003 PA.V.4
pa-database/Voice/PA.V.4/1_4_00003_m_01_04_t_2.wav IDIAP_00003 PA.V.4
pa-database/Voice/PA.V.4/1_4_00003_m_01_05_t_2.wav IDIAP_00003 PA.V.4
pa-database/Voice/PA.V.4/1_4_00003_m_01_06_t_2.wav IDIAP_00003 PA.V.4
pa-database/Voice/PA.V.4/1_4_00003_m_01_07_t_2.wav IDIAP_00003 PA.V.4
pa-database/Voice/PA.V.4/1_4_00003_m_01_08_t_2.wav IDIAP_00003 PA.V.4
pa-database/Voice/PA.V.4/1_4_00004_f_01_01_t_2.wav IDIAP_00004 PA.V.4
pa-database/Voice/PA.V.4/1_4_00004_f_01_02_t_2.wav IDIAP_00004 PA.V.4
pa-database/Voice/PA.V.4/1_4_00004_f_01_03_t_2.wav IDIAP_00004 PA.V.4
pa-database/Voice/PA.V.4/1_4_00004_f_01_04_t_2.wav IDIAP_00004 PA.V.4
pa-database/Voice/PA.V.4/1_4_00004_f_01_05_t_2.wav IDIAP_00004 PA.V.4
pa-database/Voice/PA.V.4/1_4_00004_f_01_06_t_2.wav IDIAP_00004 PA.V.4
pa-database/Voice/PA.V.4/1_4_00004_f_01_07_t_2.wav IDIAP_00004 PA.V.4
pa-database/Voice/PA.V.4/1_4_00004_f_01_08_t_2.wav IDIAP_00004 PA.V.4
pa-database/Voice/PA.V.4/1_4_00005_m_01_01_t_2.wav IDIAP_00005 PA.V.4
pa-database/Voice/PA.V.4/1_4_00005_m_01_02_t_2.wav IDIAP_00005 PA.V.4
pa-database/Voice/PA.V.4/1_4_00005_m_01_03_t_2.wav IDIAP_00005 PA.V.4
pa-database/Voice/PA.V.4/1_4_00005_m_01_04_t_2.wav IDIAP_00005 PA.V.4
pa-database/Voice/PA.V.4/1_4_00005_m_01_05_t_2.wav IDIAP_00005 PA.V.4
pa-database/Voice/PA.V.4/1_4_00005_m_01_06_t_2.wav IDIAP_00005 PA.V.4
pa-database/Voice/PA.V.4/1_4_00005_m_01_07_t_2.wav IDIAP_00005 PA.V.4
pa-database/Voice/PA.V.4/1_4_00005_m_01_08_t_2.wav IDIAP_00005 PA.V.4
pa-database/Voice/PA.V.4/1_4_00006_m_01_01_t_2.wav IDIAP_00006 PA.V.4
pa-database/Voice/PA.V.4/1_4_00006_m_01_02_t_2.wav IDIAP_00006 PA.V.4
pa-database/Voice/PA.V.4/1_4_00006_m_01_03_t_2.wav IDIAP_00006 PA.V.4
pa-database/Voice/PA.V.4/1_4_00006_m_01_04_t_2.wav IDIAP_00006 PA.V.4
pa-database/Voice/PA.V.4/1_4_00006_m_01_05_t_2.wav IDIAP_00006 PA.V.4
pa-database/Voice/PA.V.4/1_4_00006_m_01_06_t_2.wav IDIAP_00006 PA.V.4
pa-database/Voice/PA.V.4/1_4_00006_m_01_07_t_2.wav IDIAP_00006 PA.V.4
pa-database/Voice/PA.V.4/1_4_00006_m_01_08_t_2.wav IDIAP_00006 PA.V.4
pa-database/Voice/PA.V.4/1_4_00011_m_01_01_t_2.wav IDIAP_00011 PA.V.4
pa-database/Voice/PA.V.4/1_4_00011_m_01_02_t_2.wav IDIAP_00011 PA.V.4
pa-database/Voice/PA.V.4/1_4_00011_m_01_03_t_2.wav IDIAP_00011 PA.V.4
pa-database/Voice/PA.V.4/1_4_00011_m_01_04_t_2.wav IDIAP_00011 PA.V.4
pa-database/Voice/PA.V.4/1_4_00011_m_01_05_t_2.wav IDIAP_00011 PA.V.4
pa-database/Voice/PA.V.4/1_4_00011_m_01_06_t_2.wav IDIAP_00011 PA.V.4
pa-database/Voice/PA.V.4/1_4_00011_m_01_07_t_2.wav IDIAP_00011 PA.V.4
pa-database/Voice/PA.V.4/1_4_00011_m_01_08_t_2.wav IDIAP_00011 PA.V.4
pa-database/Voice/PA.V.4/1_4_00012_m_01_01_t_2.wav IDIAP_00012 PA.V.4
pa-database/Voice/PA.V.4/1_4_00012_m_01_02_t_2.wav IDIAP_00012 PA.V.4
pa-database/Voice/PA.V.4/1_4_00012_m_01_03_t_2.wav IDIAP_00012 PA.V.4
pa-database/Voice/PA.V.4/1_4_00012_m_01_04_t_2.wav IDIAP_00012 PA.V.4
pa-database/Voice/PA.V.4/1_4_00012_m_01_05_t_2.wav IDIAP_00012 PA.V.4
pa-database/Voice/PA.V.4/1_4_00012_m_01_06_t_2.wav IDIAP_00012 PA.V.4
pa-database/Voice/PA.V.4/1_4_00012_m_01_07_t_2.wav IDIAP_00012 PA.V.4
pa-database/Voice/PA.V.4/1_4_00012_m_01_08_t_2.wav IDIAP_00012 PA.V.4
pa-database/Voice/PA.V.4/1_4_00014_f_01_01_t_2.wav IDIAP_00014 PA.V.4
pa-database/Voice/PA.V.4/1_4_00014_f_01_02_t_2.wav IDIAP_00014 PA.V.4
pa-database/Voice/PA.V.4/1_4_00014_f_01_03_t_2.wav IDIAP_00014 PA.V.4
pa-database/Voice/PA.V.4/1_4_00014_f_01_04_t_2.wav IDIAP_00014 PA.V.4
pa-database/Voice/PA.V.4/1_4_00014_f_01_05_t_2.wav IDIAP_00014 PA.V.4
pa-database/Voice/PA.V.4/1_4_00014_f_01_06_t_2.wav IDIAP_00014 PA.V.4
pa-database/Voice/PA.V.4/1_4_00014_f_01_07_t_2.wav IDIAP_00014 PA.V.4
pa-database/Voice/PA.V.4/1_4_00014_f_01_08_t_2.wav IDIAP_00014 PA.V.4
pa-database/Voice/PA.V.4/1_4_00015_f_01_01_t_2.wav IDIAP_00015 PA.V.4
pa-database/Voice/PA.V.4/1_4_00015_f_01_02_t_2.wav IDIAP_00015 PA.V.4
pa-database/Voice/PA.V.4/1_4_00015_f_01_03_t_2.wav IDIAP_00015 PA.V.4
pa-database/Voice/PA.V.4/1_4_00015_f_01_04_t_2.wav IDIAP_00015 PA.V.4
pa-database/Voice/PA.V.4/1_4_00015_f_01_05_t_2.wav IDIAP_00015 PA.V.4
pa-database/Voice/PA.V.4/1_4_00015_f_01_06_t_2.wav IDIAP_00015 PA.V.4
pa-database/Voice/PA.V.4/1_4_00015_f_01_07_t_2.wav IDIAP_00015 PA.V.4
pa-database/Voice/PA.V.4/1_4_00015_f_01_08_t_2.wav IDIAP_00015 PA.V.4
pa-database/Voice/PA.V.4/1_4_00016_m_01_01_t_2.wav IDIAP_00016 PA.V.4
pa-database/Voice/PA.V.4/1_4_00016_m_01_02_t_2.wav IDIAP_00016 PA.V.4
pa-database/Voice/PA.V.4/1_4_00016_m_01_03_t_2.wav IDIAP_00016 PA.V.4
pa-database/Voice/PA.V.4/1_4_00016_m_01_04_t_2.wav IDIAP_00016 PA.V.4
pa-database/Voice/PA.V.4/1_4_00016_m_01_05_t_2.wav IDIAP_00016 PA.V.4
pa-database/Voice/PA.V.4/1_4_00016_m_01_06_t_2.wav IDIAP_00016 PA.V.4
pa-database/Voice/PA.V.4/1_4_00016_m_01_07_t_2.wav IDIAP_00016 PA.V.4
pa-database/Voice/PA.V.4/1_4_00016_m_01_08_t_2.wav IDIAP_00016 PA.V.4
pa-database/Voice/PA.V.4/1_4_00017_m_01_01_t_2.wav IDIAP_00017 PA.V.4
pa-database/Voice/PA.V.4/1_4_00017_m_01_02_t_2.wav IDIAP_00017 PA.V.4
pa-database/Voice/PA.V.4/1_4_00017_m_01_03_t_2.wav IDIAP_00017 PA.V.4
pa-database/Voice/PA.V.4/1_4_00017_m_01_04_t_2.wav IDIAP_00017 PA.V.4
pa-database/Voice/PA.V.4/1_4_00017_m_01_05_t_2.wav IDIAP_00017 PA.V.4
pa-database/Voice/PA.V.4/1_4_00017_m_01_06_t_2.wav IDIAP_00017 PA.V.4
pa-database/Voice/PA.V.4/1_4_00017_m_01_07_t_2.wav IDIAP_00017 PA.V.4
pa-database/Voice/PA.V.4/1_4_00017_m_01_08_t_2.wav IDIAP_00017 PA.V.4
pa-database/Voice/PA.V.4/1_4_00019_m_01_01_t_2.wav IDIAP_00019 PA.V.4
pa-database/Voice/PA.V.4/1_4_00019_m_01_02_t_2.wav IDIAP_00019 PA.V.4
pa-database/Voice/PA.V.4/1_4_00019_m_01_03_t_2.wav IDIAP_00019 PA.V.4
pa-database/Voice/PA.V.4/1_4_00019_m_01_04_t_2.wav IDIAP_00019 PA.V.4
pa-database/Voice/PA.V.4/1_4_00019_m_01_05_t_2.wav IDIAP_00019 PA.V.4
pa-database/Voice/PA.V.4/1_4_00019_m_01_06_t_2.wav IDIAP_00019 PA.V.4
pa-database/Voice/PA.V.4/1_4_00019_m_01_07_t_2.wav IDIAP_00019 PA.V.4
pa-database/Voice/PA.V.4/1_4_00019_m_01_08_t_2.wav IDIAP_00019 PA.V.4
pa-database/Voice/PA.V.4/1_4_00020_m_01_01_t_2.wav IDIAP_00020 PA.V.4
pa-database/Voice/PA.V.4/1_4_00020_m_01_02_t_2.wav IDIAP_00020 PA.V.4
pa-database/Voice/PA.V.4/1_4_00020_m_01_03_t_2.wav IDIAP_00020 PA.V.4
pa-database/Voice/PA.V.4/1_4_00020_m_01_04_t_2.wav IDIAP_00020 PA.V.4
pa-database/Voice/PA.V.4/1_4_00020_m_01_05_t_2.wav IDIAP_00020 PA.V.4
pa-database/Voice/PA.V.4/1_4_00020_m_01_06_t_2.wav IDIAP_00020 PA.V.4
pa-database/Voice/PA.V.4/1_4_00020_m_01_07_t_2.wav IDIAP_00020 PA.V.4
pa-database/Voice/PA.V.4/1_4_00020_m_01_08_t_2.wav IDIAP_00020 PA.V.4
pa-database/Voice/PA.V.4/1_4_00022_f_01_01_t_2.wav IDIAP_00022 PA.V.4
pa-database/Voice/PA.V.4/1_4_00022_f_01_02_t_2.wav IDIAP_00022 PA.V.4
pa-database/Voice/PA.V.4/1_4_00022_f_01_03_t_2.wav IDIAP_00022 PA.V.4
pa-database/Voice/PA.V.4/1_4_00022_f_01_04_t_2.wav IDIAP_00022 PA.V.4
pa-database/Voice/PA.V.4/1_4_00022_f_01_05_t_2.wav IDIAP_00022 PA.V.4
pa-database/Voice/PA.V.4/1_4_00022_f_01_06_t_2.wav IDIAP_00022 PA.V.4
pa-database/Voice/PA.V.4/1_4_00022_f_01_07_t_2.wav IDIAP_00022 PA.V.4
pa-database/Voice/PA.V.4/1_4_00022_f_01_08_t_2.wav IDIAP_00022 PA.V.4
pa-database/Voice/PA.V.4/1_4_00024_m_01_01_t_2.wav IDIAP_00024 PA.V.4
pa-database/Voice/PA.V.4/1_4_00024_m_01_02_t_2.wav IDIAP_00024 PA.V.4
pa-database/Voice/PA.V.4/1_4_00024_m_01_03_t_2.wav IDIAP_00024 PA.V.4
pa-database/Voice/PA.V.4/1_4_00024_m_01_04_t_2.wav IDIAP_00024 PA.V.4
pa-database/Voice/PA.V.4/1_4_00024_m_01_05_t_2.wav IDIAP_00024 PA.V.4
pa-database/Voice/PA.V.4/1_4_00024_m_01_06_t_2.wav IDIAP_00024 PA.V.4
pa-database/Voice/PA.V.4/1_4_00024_m_01_07_t_2.wav IDIAP_00024 PA.V.4
pa-database/Voice/PA.V.4/1_4_00024_m_01_08_t_2.wav IDIAP_00024 PA.V.4
pa-database/Voice/PA.V.4/1_4_00025_m_01_01_t_2.wav IDIAP_00025 PA.V.4
pa-database/Voice/PA.V.4/1_4_00025_m_01_02_t_2.wav IDIAP_00025 PA.V.4
pa-database/Voice/PA.V.4/1_4_00025_m_01_03_t_2.wav IDIAP_00025 PA.V.4
pa-database/Voice/PA.V.4/1_4_00025_m_01_04_t_2.wav IDIAP_00025 PA.V.4
pa-database/Voice/PA.V.4/1_4_00025_m_01_05_t_2.wav IDIAP_00025 PA.V.4
pa-database/Voice/PA.V.4/1_4_00025_m_01_06_t_2.wav IDIAP_00025 PA.V.4
pa-database/Voice/PA.V.4/1_4_00025_m_01_07_t_2.wav IDIAP_00025 PA.V.4
pa-database/Voice/PA.V.4/1_4_00025_m_01_08_t_2.wav IDIAP_00025 PA.V.4
pa-database/Voice/PA.V.4/1_4_00027_m_01_01_t_2.wav IDIAP_00027 PA.V.4
pa-database/Voice/PA.V.4/1_4_00027_m_01_02_t_2.wav IDIAP_00027 PA.V.4
pa-database/Voice/PA.V.4/1_4_00027_m_01_03_t_2.wav IDIAP_00027 PA.V.4
pa-database/Voice/PA.V.4/1_4_00027_m_01_04_t_2.wav IDIAP_00027 PA.V.4
pa-database/Voice/PA.V.4/1_4_00027_m_01_05_t_2.wav IDIAP_00027 PA.V.4
pa-database/Voice/PA.V.4/1_4_00027_m_01_06_t_2.wav IDIAP_00027 PA.V.4
pa-database/Voice/PA.V.4/1_4_00027_m_01_07_t_2.wav IDIAP_00027 PA.V.4
pa-database/Voice/PA.V.4/1_4_00027_m_01_08_t_2.wav IDIAP_00027 PA.V.4
pa-database/Voice/PA.V.4/1_4_00029_m_01_01_t_2.wav IDIAP_00029 PA.V.4
pa-database/Voice/PA.V.4/1_4_00029_m_01_02_t_2.wav IDIAP_00029 PA.V.4
pa-database/Voice/PA.V.4/1_4_00029_m_01_03_t_2.wav IDIAP_00029 PA.V.4
pa-database/Voice/PA.V.4/1_4_00029_m_01_04_t_2.wav IDIAP_00029 PA.V.4
pa-database/Voice/PA.V.4/1_4_00029_m_01_05_t_2.wav IDIAP_00029 PA.V.4
pa-database/Voice/PA.V.4/1_4_00029_m_01_06_t_2.wav IDIAP_00029 PA.V.4
pa-database/Voice/PA.V.4/1_4_00029_m_01_07_t_2.wav IDIAP_00029 PA.V.4
pa-database/Voice/PA.V.4/1_4_00029_m_01_08_t_2.wav IDIAP_00029 PA.V.4
pa-database/Voice/PA.V.4/1_4_00032_m_01_01_t_2.wav IDIAP_00032 PA.V.4
pa-database/Voice/PA.V.4/1_4_00032_m_01_02_t_2.wav IDIAP_00032 PA.V.4
pa-database/Voice/PA.V.4/1_4_00032_m_01_03_t_2.wav IDIAP_00032 PA.V.4
pa-database/Voice/PA.V.4/1_4_00032_m_01_04_t_2.wav IDIAP_00032 PA.V.4
pa-database/Voice/PA.V.4/1_4_00032_m_01_05_t_2.wav IDIAP_00032 PA.V.4
pa-database/Voice/PA.V.4/1_4_00032_m_01_06_t_2.wav IDIAP_00032 PA.V.4
pa-database/Voice/PA.V.4/1_4_00032_m_01_07_t_2.wav IDIAP_00032 PA.V.4
pa-database/Voice/PA.V.4/1_4_00032_m_01_08_t_2.wav IDIAP_00032 PA.V.4
pa-database/Voice/PA.V.4/1_4_00033_m_01_01_t_2.wav IDIAP_00033 PA.V.4
pa-database/Voice/PA.V.4/1_4_00033_m_01_02_t_2.wav IDIAP_00033 PA.V.4
pa-database/Voice/PA.V.4/1_4_00033_m_01_03_t_2.wav IDIAP_00033 PA.V.4
pa-database/Voice/PA.V.4/1_4_00033_m_01_04_t_2.wav IDIAP_00033 PA.V.4
pa-database/Voice/PA.V.4/1_4_00033_m_01_05_t_2.wav IDIAP_00033 PA.V.4
pa-database/Voice/PA.V.4/1_4_00033_m_01_06_t_2.wav IDIAP_00033 PA.V.4
pa-database/Voice/PA.V.4/1_4_00033_m_01_07_t_2.wav IDIAP_00033 PA.V.4
pa-database/Voice/PA.V.4/1_4_00033_m_01_08_t_2.wav IDIAP_00033 PA.V.4
pa-database/Voice/PA.V.4/1_4_00036_f_01_01_t_2.wav IDIAP_00036 PA.V.4
pa-database/Voice/PA.V.4/1_4_00036_f_01_02_t_2.wav IDIAP_00036 PA.V.4
pa-database/Voice/PA.V.4/1_4_00036_f_01_03_t_2.wav IDIAP_00036 PA.V.4
pa-database/Voice/PA.V.4/1_4_00036_f_01_04_t_2.wav IDIAP_00036 PA.V.4
pa-database/Voice/PA.V.4/1_4_00036_f_01_05_t_2.wav IDIAP_00036 PA.V.4
pa-database/Voice/PA.V.4/1_4_00036_f_01_06_t_2.wav IDIAP_00036 PA.V.4
pa-database/Voice/PA.V.4/1_4_00036_f_01_07_t_2.wav IDIAP_00036 PA.V.4
pa-database/Voice/PA.V.4/1_4_00036_f_01_08_t_2.wav IDIAP_00036 PA.V.4
pa-database/Voice/PA.V.4/1_4_00038_f_01_01_t_2.wav IDIAP_00038 PA.V.4
pa-database/Voice/PA.V.4/1_4_00038_f_01_02_t_2.wav IDIAP_00038 PA.V.4
pa-database/Voice/PA.V.4/1_4_00038_f_01_03_t_2.wav IDIAP_00038 PA.V.4
pa-database/Voice/PA.V.4/1_4_00038_f_01_04_t_2.wav IDIAP_00038 PA.V.4
pa-database/Voice/PA.V.4/1_4_00038_f_01_05_t_2.wav IDIAP_00038 PA.V.4
pa-database/Voice/PA.V.4/1_4_00038_f_01_06_t_2.wav IDIAP_00038 PA.V.4
pa-database/Voice/PA.V.4/1_4_00038_f_01_07_t_2.wav IDIAP_00038 PA.V.4
pa-database/Voice/PA.V.4/1_4_00038_f_01_08_t_2.wav IDIAP_00038 PA.V.4
pa-database/Voice/PA.V.4/1_4_00039_m_01_01_t_2.wav IDIAP_00039 PA.V.4
pa-database/Voice/PA.V.4/1_4_00039_m_01_02_t_2.wav IDIAP_00039 PA.V.4
pa-database/Voice/PA.V.4/1_4_00039_m_01_03_t_2.wav IDIAP_00039 PA.V.4
pa-database/Voice/PA.V.4/1_4_00039_m_01_04_t_2.wav IDIAP_00039 PA.V.4
pa-database/Voice/PA.V.4/1_4_00039_m_01_05_t_2.wav IDIAP_00039 PA.V.4
pa-database/Voice/PA.V.4/1_4_00039_m_01_06_t_2.wav IDIAP_00039 PA.V.4
pa-database/Voice/PA.V.4/1_4_00039_m_01_07_t_2.wav IDIAP_00039 PA.V.4
pa-database/Voice/PA.V.4/1_4_00039_m_01_08_t_2.wav IDIAP_00039 PA.V.4
pa-database/Voice/PA.V.4/1_4_00047_m_01_01_t_2.wav IDIAP_00047 PA.V.4
pa-database/Voice/PA.V.4/1_4_00047_m_01_02_t_2.wav IDIAP_00047 PA.V.4
pa-database/Voice/PA.V.4/1_4_00047_m_01_03_t_2.wav IDIAP_00047 PA.V.4
pa-database/Voice/PA.V.4/1_4_00047_m_01_04_t_2.wav IDIAP_00047 PA.V.4
pa-database/Voice/PA.V.4/1_4_00047_m_01_05_t_2.wav IDIAP_00047 PA.V.4
pa-database/Voice/PA.V.4/1_4_00047_m_01_06_t_2.wav IDIAP_00047 PA.V.4
pa-database/Voice/PA.V.4/1_4_00047_m_01_07_t_2.wav IDIAP_00047 PA.V.4
pa-database/Voice/PA.V.4/1_4_00047_m_01_08_t_2.wav IDIAP_00047 PA.V.4
pa-database/Voice/PA.V.4/1_4_00051_f_01_01_t_2.wav IDIAP_00051 PA.V.4
pa-database/Voice/PA.V.4/1_4_00051_f_01_02_t_2.wav IDIAP_00051 PA.V.4
pa-database/Voice/PA.V.4/1_4_00051_f_01_03_t_2.wav IDIAP_00051 PA.V.4
pa-database/Voice/PA.V.4/1_4_00051_f_01_04_t_2.wav IDIAP_00051 PA.V.4
pa-database/Voice/PA.V.4/1_4_00051_f_01_05_t_2.wav IDIAP_00051 PA.V.4
pa-database/Voice/PA.V.4/1_4_00051_f_01_06_t_2.wav IDIAP_00051 PA.V.4
pa-database/Voice/PA.V.4/1_4_00051_f_01_07_t_2.wav IDIAP_00051 PA.V.4
pa-database/Voice/PA.V.4/1_4_00051_f_01_08_t_2.wav IDIAP_00051 PA.V.4
pa-database/Voice/PA.V.4/1_4_00058_f_01_01_t_2.wav IDIAP_00058 PA.V.4
pa-database/Voice/PA.V.4/1_4_00058_f_01_02_t_2.wav IDIAP_00058 PA.V.4
pa-database/Voice/PA.V.4/1_4_00058_f_01_03_t_2.wav IDIAP_00058 PA.V.4
pa-database/Voice/PA.V.4/1_4_00058_f_01_04_t_2.wav IDIAP_00058 PA.V.4
pa-database/Voice/PA.V.4/1_4_00058_f_01_05_t_2.wav IDIAP_00058 PA.V.4
pa-database/Voice/PA.V.4/1_4_00058_f_01_06_t_2.wav IDIAP_00058 PA.V.4
pa-database/Voice/PA.V.4/1_4_00058_f_01_07_t_2.wav IDIAP_00058 PA.V.4
pa-database/Voice/PA.V.4/1_4_00058_f_01_08_t_2.wav IDIAP_00058 PA.V.4
pa-database/Voice/PA.V.4/1_4_00059_m_01_01_t_2.wav IDIAP_00059 PA.V.4
pa-database/Voice/PA.V.4/1_4_00059_m_01_02_t_2.wav IDIAP_00059 PA.V.4
pa-database/Voice/PA.V.4/1_4_00059_m_01_03_t_2.wav IDIAP_00059 PA.V.4
pa-database/Voice/PA.V.4/1_4_00059_m_01_04_t_2.wav IDIAP_00059 PA.V.4
pa-database/Voice/PA.V.4/1_4_00059_m_01_05_t_2.wav IDIAP_00059 PA.V.4
pa-database/Voice/PA.V.4/1_4_00059_m_01_06_t_2.wav IDIAP_00059 PA.V.4
pa-database/Voice/PA.V.4/1_4_00059_m_01_07_t_2.wav IDIAP_00059 PA.V.4
pa-database/Voice/PA.V.4/1_4_00059_m_01_08_t_2.wav IDIAP_00059 PA.V.4
pa-database/Voice/PA.V.4/1_4_00060_f_01_01_t_2.wav IDIAP_00060 PA.V.4
pa-database/Voice/PA.V.4/1_4_00060_f_01_02_t_2.wav IDIAP_00060 PA.V.4
pa-database/Voice/PA.V.4/1_4_00060_f_01_03_t_2.wav IDIAP_00060 PA.V.4
pa-database/Voice/PA.V.4/1_4_00060_f_01_04_t_2.wav IDIAP_00060 PA.V.4
pa-database/Voice/PA.V.4/1_4_00060_f_01_05_t_2.wav IDIAP_00060 PA.V.4
pa-database/Voice/PA.V.4/1_4_00060_f_01_06_t_2.wav IDIAP_00060 PA.V.4
pa-database/Voice/PA.V.4/1_4_00060_f_01_07_t_2.wav IDIAP_00060 PA.V.4
pa-database/Voice/PA.V.4/1_4_00060_f_01_08_t_2.wav IDIAP_00060 PA.V.4
pa-database/Voice/PA.V.4/1_6_00002_m_01_01_t_2.wav MPH-IND_00002 PA.V.4
pa-database/Voice/PA.V.4/1_6_00002_m_01_02_t_2.wav MPH-IND_00002 PA.V.4
pa-database/Voice/PA.V.4/1_6_00002_m_01_03_t_2.wav MPH-IND_00002 PA.V.4
pa-database/Voice/PA.V.4/1_6_00002_m_01_04_t_2.wav MPH-IND_00002 PA.V.4
pa-database/Voice/PA.V.4/1_6_00002_m_01_05_t_2.wav MPH-IND_00002 PA.V.4
pa-database/Voice/PA.V.4/1_6_00002_m_01_06_t_2.wav MPH-IND_00002 PA.V.4
pa-database/Voice/PA.V.4/1_6_00002_m_01_07_t_2.wav MPH-IND_00002 PA.V.4
pa-database/Voice/PA.V.4/1_6_00002_m_01_08_t_2.wav MPH-IND_00002 PA.V.4
pa-database/Voice/PA.V.4/1_6_00004_f_01_01_t_2.wav MPH-IND_00004 PA.V.4
pa-database/Voice/PA.V.4/1_6_00004_f_01_02_t_2.wav MPH-IND_00004 PA.V.4
pa-database/Voice/PA.V.4/1_6_00004_f_01_03_t_2.wav MPH-IND_00004 PA.V.4
pa-database/Voice/PA.V.4/1_6_00004_f_01_04_t_2.wav MPH-IND_00004 PA.V.4
pa-database/Voice/PA.V.4/1_6_00004_f_01_05_t_2.wav MPH-IND_00004 PA.V.4
pa-database/Voice/PA.V.4/1_6_00004_f_01_06_t_2.wav MPH-IND_00004 PA.V.4
pa-database/Voice/PA.V.4/1_6_00004_f_01_07_t_2.wav MPH-IND_00004 PA.V.4
pa-database/Voice/PA.V.4/1_6_00004_f_01_08_t_2.wav MPH-IND_00004 PA.V.4
pa-database/Voice/PA.V.4/1_6_00005_m_01_01_t_2.wav MPH-IND_00005 PA.V.4
pa-database/Voice/PA.V.4/1_6_00005_m_01_02_t_2.wav MPH-IND_00005 PA.V.4
pa-database/Voice/PA.V.4/1_6_00005_m_01_03_t_2.wav MPH-IND_00005 PA.V.4
pa-database/Voice/PA.V.4/1_6_00005_m_01_04_t_2.wav MPH-IND_00005 PA.V.4
pa-database/Voice/PA.V.4/1_6_00005_m_01_05_t_2.wav MPH-IND_00005 PA.V.4
pa-database/Voice/PA.V.4/1_6_00005_m_01_06_t_2.wav MPH-IND_00005 PA.V.4
pa-database/Voice/PA.V.4/1_6_00005_m_01_07_t_2.wav MPH-IND_00005 PA.V.4
pa-database/Voice/PA.V.4/1_6_00005_m_01_08_t_2.wav MPH-IND_00005 PA.V.4
pa-database/Voice/PA.V.4/1_6_00006_f_01_01_t_2.wav MPH-IND_00006 PA.V.4
pa-database/Voice/PA.V.4/1_6_00006_f_01_02_t_2.wav MPH-IND_00006 PA.V.4
pa-database/Voice/PA.V.4/1_6_00006_f_01_03_t_2.wav MPH-IND_00006 PA.V.4
pa-database/Voice/PA.V.4/1_6_00006_f_01_04_t_2.wav MPH-IND_00006 PA.V.4
pa-database/Voice/PA.V.4/1_6_00006_f_01_05_t_2.wav MPH-IND_00006 PA.V.4
pa-database/Voice/PA.V.4/1_6_00006_f_01_06_t_2.wav MPH-IND_00006 PA.V.4
pa-database/Voice/PA.V.4/1_6_00006_f_01_07_t_2.wav MPH-IND_00006 PA.V.4
pa-database/Voice/PA.V.4/1_6_00006_f_01_08_t_2.wav MPH-IND_00006 PA.V.4
pa-database/Voice/PA.V.4/1_6_00007_m_01_01_t_2.wav MPH-IND_00007 PA.V.4
pa-database/Voice/PA.V.4/1_6_00007_m_01_02_t_2.wav MPH-IND_00007 PA.V.4
pa-database/Voice/PA.V.4/1_6_00007_m_01_03_t_2.wav MPH-IND_00007 PA.V.4
pa-database/Voice/PA.V.4/1_6_00007_m_01_04_t_2.wav MPH-IND_00007 PA.V.4
pa-database/Voice/PA.V.4/1_6_00007_m_01_05_t_2.wav MPH-IND_00007 PA.V.4
pa-database/Voice/PA.V.4/1_6_00007_m_01_06_t_2.wav MPH-IND_00007 PA.V.4
pa-database/Voice/PA.V.4/1_6_00007_m_01_07_t_2.wav MPH-IND_00007 PA.V.4
pa-database/Voice/PA.V.4/1_6_00007_m_01_08_t_2.wav MPH-IND_00007 PA.V.4
pa-database/Voice/PA.V.4/1_6_00010_m_01_01_t_2.wav MPH-IND_00010 PA.V.4
pa-database/Voice/PA.V.4/1_6_00010_m_01_02_t_2.wav MPH-IND_00010 PA.V.4
pa-database/Voice/PA.V.4/1_6_00010_m_01_03_t_2.wav MPH-IND_00010 PA.V.4
pa-database/Voice/PA.V.4/1_6_00010_m_01_04_t_2.wav MPH-IND_00010 PA.V.4
pa-database/Voice/PA.V.4/1_6_00010_m_01_05_t_2.wav MPH-IND_00010 PA.V.4
pa-database/Voice/PA.V.4/1_6_00010_m_01_06_t_2.wav MPH-IND_00010 PA.V.4
pa-database/Voice/PA.V.4/1_6_00010_m_01_07_t_2.wav MPH-IND_00010 PA.V.4
pa-database/Voice/PA.V.4/1_6_00010_m_01_08_t_2.wav MPH-IND_00010 PA.V.4
pa-database/Voice/PA.V.4/1_6_00013_m_01_01_t_2.wav MPH-IND_00013 PA.V.4
pa-database/Voice/PA.V.4/1_6_00013_m_01_02_t_2.wav MPH-IND_00013 PA.V.4
pa-database/Voice/PA.V.4/1_6_00013_m_01_03_t_2.wav MPH-IND_00013 PA.V.4
pa-database/Voice/PA.V.4/1_6_00013_m_01_04_t_2.wav MPH-IND_00013 PA.V.4
pa-database/Voice/PA.V.4/1_6_00013_m_01_05_t_2.wav MPH-IND_00013 PA.V.4
pa-database/Voice/PA.V.4/1_6_00013_m_01_06_t_2.wav MPH-IND_00013 PA.V.4
pa-database/Voice/PA.V.4/1_6_00013_m_01_07_t_2.wav MPH-IND_00013 PA.V.4
pa-database/Voice/PA.V.4/1_6_00013_m_01_08_t_2.wav MPH-IND_00013 PA.V.4
pa-database/Voice/PA.V.4/1_6_00014_m_01_01_t_2.wav MPH-IND_00014 PA.V.4
pa-database/Voice/PA.V.4/1_6_00014_m_01_02_t_2.wav MPH-IND_00014 PA.V.4
pa-database/Voice/PA.V.4/1_6_00014_m_01_03_t_2.wav MPH-IND_00014 PA.V.4
pa-database/Voice/PA.V.4/1_6_00014_m_01_04_t_2.wav MPH-IND_00014 PA.V.4
pa-database/Voice/PA.V.4/1_6_00014_m_01_05_t_2.wav MPH-IND_00014 PA.V.4
pa-database/Voice/PA.V.4/1_6_00014_m_01_06_t_2.wav MPH-IND_00014 PA.V.4
pa-database/Voice/PA.V.4/1_6_00014_m_01_07_t_2.wav MPH-IND_00014 PA.V.4
pa-database/Voice/PA.V.4/1_6_00014_m_01_08_t_2.wav MPH-IND_00014 PA.V.4
pa-database/Voice/PA.V.4/1_6_00015_f_01_01_t_2.wav MPH-IND_00015 PA.V.4
pa-database/Voice/PA.V.4/1_6_00015_f_01_02_t_2.wav MPH-IND_00015 PA.V.4
pa-database/Voice/PA.V.4/1_6_00015_f_01_03_t_2.wav MPH-IND_00015 PA.V.4
pa-database/Voice/PA.V.4/1_6_00015_f_01_04_t_2.wav MPH-IND_00015 PA.V.4
pa-database/Voice/PA.V.4/1_6_00015_f_01_05_t_2.wav MPH-IND_00015 PA.V.4
pa-database/Voice/PA.V.4/1_6_00015_f_01_06_t_2.wav MPH-IND_00015 PA.V.4
pa-database/Voice/PA.V.4/1_6_00015_f_01_07_t_2.wav MPH-IND_00015 PA.V.4
pa-database/Voice/PA.V.4/1_6_00015_f_01_08_t_2.wav MPH-IND_00015 PA.V.4
pa-database/Voice/PA.V.4/1_6_00017_m_01_01_t_2.wav MPH-IND_00017 PA.V.4
pa-database/Voice/PA.V.4/1_6_00017_m_01_02_t_2.wav MPH-IND_00017 PA.V.4
pa-database/Voice/PA.V.4/1_6_00017_m_01_03_t_2.wav MPH-IND_00017 PA.V.4
pa-database/Voice/PA.V.4/1_6_00017_m_01_04_t_2.wav MPH-IND_00017 PA.V.4
pa-database/Voice/PA.V.4/1_6_00017_m_01_05_t_2.wav MPH-IND_00017 PA.V.4
pa-database/Voice/PA.V.4/1_6_00017_m_01_06_t_2.wav MPH-IND_00017 PA.V.4
pa-database/Voice/PA.V.4/1_6_00017_m_01_07_t_2.wav MPH-IND_00017 PA.V.4
pa-database/Voice/PA.V.4/1_6_00017_m_01_08_t_2.wav MPH-IND_00017 PA.V.4
pa-database/Voice/PA.V.4/1_6_00024_m_01_01_t_2.wav MPH-IND_00024 PA.V.4
pa-database/Voice/PA.V.4/1_6_00024_m_01_02_t_2.wav MPH-IND_00024 PA.V.4
pa-database/Voice/PA.V.4/1_6_00024_m_01_03_t_2.wav MPH-IND_00024 PA.V.4
pa-database/Voice/PA.V.4/1_6_00024_m_01_04_t_2.wav MPH-IND_00024 PA.V.4
pa-database/Voice/PA.V.4/1_6_00024_m_01_05_t_2.wav MPH-IND_00024 PA.V.4
pa-database/Voice/PA.V.4/1_6_00024_m_01_06_t_2.wav MPH-IND_00024 PA.V.4
pa-database/Voice/PA.V.4/1_6_00024_m_01_07_t_2.wav MPH-IND_00024 PA.V.4
pa-database/Voice/PA.V.4/1_6_00024_m_01_08_t_2.wav MPH-IND_00024 PA.V.4
pa-database/Voice/PA.V.4/1_6_00026_m_01_01_t_2.wav MPH-IND_00026 PA.V.4
pa-database/Voice/PA.V.4/1_6_00026_m_01_02_t_2.wav MPH-IND_00026 PA.V.4
pa-database/Voice/PA.V.4/1_6_00026_m_01_03_t_2.wav MPH-IND_00026 PA.V.4
pa-database/Voice/PA.V.4/1_6_00026_m_01_04_t_2.wav MPH-IND_00026 PA.V.4
pa-database/Voice/PA.V.4/1_6_00026_m_01_05_t_2.wav MPH-IND_00026 PA.V.4
pa-database/Voice/PA.V.4/1_6_00026_m_01_06_t_2.wav MPH-IND_00026 PA.V.4
pa-database/Voice/PA.V.4/1_6_00026_m_01_07_t_2.wav MPH-IND_00026 PA.V.4
pa-database/Voice/PA.V.4/1_6_00026_m_01_08_t_2.wav MPH-IND_00026 PA.V.4
pa-database/Voice/PA.V.4/1_6_00028_m_01_01_t_2.wav MPH-IND_00028 PA.V.4
pa-database/Voice/PA.V.4/1_6_00028_m_01_02_t_2.wav MPH-IND_00028 PA.V.4
pa-database/Voice/PA.V.4/1_6_00028_m_01_03_t_2.wav MPH-IND_00028 PA.V.4
pa-database/Voice/PA.V.4/1_6_00028_m_01_04_t_2.wav MPH-IND_00028 PA.V.4
pa-database/Voice/PA.V.4/1_6_00028_m_01_05_t_2.wav MPH-IND_00028 PA.V.4
pa-database/Voice/PA.V.4/1_6_00028_m_01_06_t_2.wav MPH-IND_00028 PA.V.4
pa-database/Voice/PA.V.4/1_6_00028_m_01_07_t_2.wav MPH-IND_00028 PA.V.4
pa-database/Voice/PA.V.4/1_6_00028_m_01_08_t_2.wav MPH-IND_00028 PA.V.4
pa-database/Voice/PA.V.4/1_6_00031_m_01_01_t_2.wav MPH-IND_00031 PA.V.4
pa-database/Voice/PA.V.4/1_6_00031_m_01_02_t_2.wav MPH-IND_00031 PA.V.4
pa-database/Voice/PA.V.4/1_6_00031_m_01_03_t_2.wav MPH-IND_00031 PA.V.4
pa-database/Voice/PA.V.4/1_6_00031_m_01_04_t_2.wav MPH-IND_00031 PA.V.4
pa-database/Voice/PA.V.4/1_6_00031_m_01_05_t_2.wav MPH-IND_00031 PA.V.4
pa-database/Voice/PA.V.4/1_6_00031_m_01_06_t_2.wav MPH-IND_00031 PA.V.4
pa-database/Voice/PA.V.4/1_6_00031_m_01_07_t_2.wav MPH-IND_00031 PA.V.4
pa-database/Voice/PA.V.4/1_6_00031_m_01_08_t_2.wav MPH-IND_00031 PA.V.4
pa-database/Voice/PA.V.4/1_6_00037_f_01_01_t_2.wav MPH-IND_00037 PA.V.4
pa-database/Voice/PA.V.4/1_6_00037_f_01_02_t_2.wav MPH-IND_00037 PA.V.4
pa-database/Voice/PA.V.4/1_6_00037_f_01_03_t_2.wav MPH-IND_00037 PA.V.4
pa-database/Voice/PA.V.4/1_6_00037_f_01_04_t_2.wav MPH-IND_00037 PA.V.4
pa-database/Voice/PA.V.4/1_6_00037_f_01_05_t_2.wav MPH-IND_00037 PA.V.4
pa-database/Voice/PA.V.4/1_6_00037_f_01_06_t_2.wav MPH-IND_00037 PA.V.4
pa-database/Voice/PA.V.4/1_6_00037_f_01_07_t_2.wav MPH-IND_00037 PA.V.4
pa-database/Voice/PA.V.4/1_6_00037_f_01_08_t_2.wav MPH-IND_00037 PA.V.4
pa-database/Voice/PA.V.4/1_6_00038_f_01_01_t_2.wav MPH-IND_00038 PA.V.4
pa-database/Voice/PA.V.4/1_6_00038_f_01_02_t_2.wav MPH-IND_00038 PA.V.4
pa-database/Voice/PA.V.4/1_6_00038_f_01_03_t_2.wav MPH-IND_00038 PA.V.4
pa-database/Voice/PA.V.4/1_6_00038_f_01_04_t_2.wav MPH-IND_00038 PA.V.4
pa-database/Voice/PA.V.4/1_6_00038_f_01_05_t_2.wav MPH-IND_00038 PA.V.4
pa-database/Voice/PA.V.4/1_6_00038_f_01_06_t_2.wav MPH-IND_00038 PA.V.4
pa-database/Voice/PA.V.4/1_6_00038_f_01_07_t_2.wav MPH-IND_00038 PA.V.4
pa-database/Voice/PA.V.4/1_6_00038_f_01_08_t_2.wav MPH-IND_00038 PA.V.4
pa-database/Voice/PA.V.4/1_6_00040_m_01_01_t_2.wav MPH-IND_00040 PA.V.4
pa-database/Voice/PA.V.4/1_6_00040_m_01_02_t_2.wav MPH-IND_00040 PA.V.4
pa-database/Voice/PA.V.4/1_6_00040_m_01_03_t_2.wav MPH-IND_00040 PA.V.4
pa-database/Voice/PA.V.4/1_6_00040_m_01_04_t_2.wav MPH-IND_00040 PA.V.4
pa-database/Voice/PA.V.4/1_6_00040_m_01_05_t_2.wav MPH-IND_00040 PA.V.4
pa-database/Voice/PA.V.4/1_6_00040_m_01_06_t_2.wav MPH-IND_00040 PA.V.4
pa-database/Voice/PA.V.4/1_6_00040_m_01_07_t_2.wav MPH-IND_00040 PA.V.4
pa-database/Voice/PA.V.4/1_6_00040_m_01_08_t_2.wav MPH-IND_00040 PA.V.4
pa-database/Voice/PA.V.4/1_6_00041_m_01_01_t_2.wav MPH-IND_00041 PA.V.4
pa-database/Voice/PA.V.4/1_6_00041_m_01_02_t_2.wav MPH-IND_00041 PA.V.4
pa-database/Voice/PA.V.4/1_6_00041_m_01_03_t_2.wav MPH-IND_00041 PA.V.4
pa-database/Voice/PA.V.4/1_6_00041_m_01_04_t_2.wav MPH-IND_00041 PA.V.4
pa-database/Voice/PA.V.4/1_6_00041_m_01_05_t_2.wav MPH-IND_00041 PA.V.4
pa-database/Voice/PA.V.4/1_6_00041_m_01_06_t_2.wav MPH-IND_00041 PA.V.4
pa-database/Voice/PA.V.4/1_6_00041_m_01_07_t_2.wav MPH-IND_00041 PA.V.4
pa-database/Voice/PA.V.4/1_6_00041_m_01_08_t_2.wav MPH-IND_00041 PA.V.4
pa-database/Voice/PA.V.4/1_6_00047_m_01_01_t_2.wav MPH-IND_00047 PA.V.4
pa-database/Voice/PA.V.4/1_6_00047_m_01_02_t_2.wav MPH-IND_00047 PA.V.4
pa-database/Voice/PA.V.4/1_6_00047_m_01_03_t_2.wav MPH-IND_00047 PA.V.4
pa-database/Voice/PA.V.4/1_6_00047_m_01_04_t_2.wav MPH-IND_00047 PA.V.4
pa-database/Voice/PA.V.4/1_6_00047_m_01_05_t_2.wav MPH-IND_00047 PA.V.4
pa-database/Voice/PA.V.4/1_6_00047_m_01_06_t_2.wav MPH-IND_00047 PA.V.4
pa-database/Voice/PA.V.4/1_6_00047_m_01_07_t_2.wav MPH-IND_00047 PA.V.4
pa-database/Voice/PA.V.4/1_6_00047_m_01_08_t_2.wav MPH-IND_00047 PA.V.4
pa-database/Voice/PA.V.4/1_6_00048_m_01_01_t_2.wav MPH-IND_00048 PA.V.4
pa-database/Voice/PA.V.4/1_6_00048_m_01_02_t_2.wav MPH-IND_00048 PA.V.4
pa-database/Voice/PA.V.4/1_6_00048_m_01_03_t_2.wav MPH-IND_00048 PA.V.4
pa-database/Voice/PA.V.4/1_6_00048_m_01_04_t_2.wav MPH-IND_00048 PA.V.4
pa-database/Voice/PA.V.4/1_6_00048_m_01_05_t_2.wav MPH-IND_00048 PA.V.4
pa-database/Voice/PA.V.4/1_6_00048_m_01_06_t_2.wav MPH-IND_00048 PA.V.4
pa-database/Voice/PA.V.4/1_6_00048_m_01_07_t_2.wav MPH-IND_00048 PA.V.4
pa-database/Voice/PA.V.4/1_6_00048_m_01_08_t_2.wav MPH-IND_00048 PA.V.4
pa-database/Voice/PA.V.4/1_6_00049_m_01_01_t_2.wav MPH-IND_00049 PA.V.4
pa-database/Voice/PA.V.4/1_6_00049_m_01_02_t_2.wav MPH-IND_00049 PA.V.4
pa-database/Voice/PA.V.4/1_6_00049_m_01_03_t_2.wav MPH-IND_00049 PA.V.4
pa-database/Voice/PA.V.4/1_6_00049_m_01_04_t_2.wav MPH-IND_00049 PA.V.4
pa-database/Voice/PA.V.4/1_6_00049_m_01_05_t_2.wav MPH-IND_00049 PA.V.4
pa-database/Voice/PA.V.4/1_6_00049_m_01_06_t_2.wav MPH-IND_00049 PA.V.4
pa-database/Voice/PA.V.4/1_6_00049_m_01_07_t_2.wav MPH-IND_00049 PA.V.4
pa-database/Voice/PA.V.4/1_6_00049_m_01_08_t_2.wav MPH-IND_00049 PA.V.4
