IDIAP/session_02/iPhone/00002/4_00002_f_02_01_p_1.mp4 IDIAP_00002
IDIAP/session_02/iPhone/00002/4_00002_f_02_01_p_2.mp4 IDIAP_00002
IDIAP/session_02/iPhone/00002/4_00002_f_02_02_p_1.mp4 IDIAP_00002
IDIAP/session_02/iPhone/00002/4_00002_f_02_02_p_2.mp4 IDIAP_00002
IDIAP/session_02/iPhone/00002/4_00002_f_02_03_p_2.mp4 IDIAP_00002
IDIAP/session_02/iPhone/00002/4_00002_f_02_04_p_2.mp4 IDIAP_00002
IDIAP/session_02/iPhone/00002/4_00002_f_02_05_p_2.mp4 IDIAP_00002
IDIAP/session_02/iPhone/00002/4_00002_f_02_06_p_2.mp4 IDIAP_00002
IDIAP/session_02/iPhone/00002/4_00002_f_02_07_p_2.mp4 IDIAP_00002
IDIAP/session_02/iPhone/00002/4_00002_f_02_08_p_2.mp4 IDIAP_00002
IDIAP/session_02/iPhone/00011/4_00011_m_02_01_p_1.mp4 IDIAP_00011
IDIAP/session_02/iPhone/00011/4_00011_m_02_01_p_2.mp4 IDIAP_00011
IDIAP/session_02/iPhone/00011/4_00011_m_02_02_p_1.mp4 IDIAP_00011
IDIAP/session_02/iPhone/00011/4_00011_m_02_02_p_2.mp4 IDIAP_00011
IDIAP/session_02/iPhone/00011/4_00011_m_02_03_p_2.mp4 IDIAP_00011
IDIAP/session_02/iPhone/00011/4_00011_m_02_04_p_2.mp4 IDIAP_00011
IDIAP/session_02/iPhone/00011/4_00011_m_02_05_p_2.mp4 IDIAP_00011
IDIAP/session_02/iPhone/00011/4_00011_m_02_06_p_2.mp4 IDIAP_00011
IDIAP/session_02/iPhone/00011/4_00011_m_02_07_p_2.mp4 IDIAP_00011
IDIAP/session_02/iPhone/00011/4_00011_m_02_08_p_2.mp4 IDIAP_00011
IDIAP/session_02/iPhone/00013/4_00013_m_02_01_p_1.mp4 IDIAP_00013
IDIAP/session_02/iPhone/00013/4_00013_m_02_01_p_2.mp4 IDIAP_00013
IDIAP/session_02/iPhone/00013/4_00013_m_02_02_p_1.mp4 IDIAP_00013
IDIAP/session_02/iPhone/00013/4_00013_m_02_02_p_2.mp4 IDIAP_00013
IDIAP/session_02/iPhone/00013/4_00013_m_02_03_p_2.mp4 IDIAP_00013
IDIAP/session_02/iPhone/00013/4_00013_m_02_04_p_2.mp4 IDIAP_00013
IDIAP/session_02/iPhone/00013/4_00013_m_02_05_p_2.mp4 IDIAP_00013
IDIAP/session_02/iPhone/00013/4_00013_m_02_06_p_2.mp4 IDIAP_00013
IDIAP/session_02/iPhone/00013/4_00013_m_02_07_p_2.mp4 IDIAP_00013
IDIAP/session_02/iPhone/00013/4_00013_m_02_08_p_2.mp4 IDIAP_00013
IDIAP/session_02/iPhone/00021/4_00021_f_02_01_p_1.mp4 IDIAP_00021
IDIAP/session_02/iPhone/00021/4_00021_f_02_01_p_2.mp4 IDIAP_00021
IDIAP/session_02/iPhone/00021/4_00021_f_02_02_p_1.mp4 IDIAP_00021
IDIAP/session_02/iPhone/00021/4_00021_f_02_02_p_2.mp4 IDIAP_00021
IDIAP/session_02/iPhone/00021/4_00021_f_02_03_p_2.mp4 IDIAP_00021
IDIAP/session_02/iPhone/00021/4_00021_f_02_04_p_2.mp4 IDIAP_00021
IDIAP/session_02/iPhone/00021/4_00021_f_02_05_p_2.mp4 IDIAP_00021
IDIAP/session_02/iPhone/00021/4_00021_f_02_06_p_2.mp4 IDIAP_00021
IDIAP/session_02/iPhone/00021/4_00021_f_02_07_p_2.mp4 IDIAP_00021
IDIAP/session_02/iPhone/00021/4_00021_f_02_08_p_2.mp4 IDIAP_00021
IDIAP/session_02/iPhone/00022/4_00022_f_02_01_p_1.mp4 IDIAP_00022
IDIAP/session_02/iPhone/00022/4_00022_f_02_01_p_2.mp4 IDIAP_00022
IDIAP/session_02/iPhone/00022/4_00022_f_02_02_p_1.mp4 IDIAP_00022
IDIAP/session_02/iPhone/00022/4_00022_f_02_02_p_2.mp4 IDIAP_00022
IDIAP/session_02/iPhone/00022/4_00022_f_02_03_p_2.mp4 IDIAP_00022
IDIAP/session_02/iPhone/00022/4_00022_f_02_04_p_2.mp4 IDIAP_00022
IDIAP/session_02/iPhone/00022/4_00022_f_02_05_p_2.mp4 IDIAP_00022
IDIAP/session_02/iPhone/00022/4_00022_f_02_06_p_2.mp4 IDIAP_00022
IDIAP/session_02/iPhone/00022/4_00022_f_02_07_p_2.mp4 IDIAP_00022
IDIAP/session_02/iPhone/00022/4_00022_f_02_08_p_2.mp4 IDIAP_00022
IDIAP/session_02/iPhone/00028/4_00028_m_02_01_p_1.mp4 IDIAP_00028
IDIAP/session_02/iPhone/00028/4_00028_m_02_01_p_2.mp4 IDIAP_00028
IDIAP/session_02/iPhone/00028/4_00028_m_02_02_p_1.mp4 IDIAP_00028
IDIAP/session_02/iPhone/00028/4_00028_m_02_02_p_2.mp4 IDIAP_00028
IDIAP/session_02/iPhone/00028/4_00028_m_02_03_p_2.mp4 IDIAP_00028
IDIAP/session_02/iPhone/00028/4_00028_m_02_04_p_2.mp4 IDIAP_00028
IDIAP/session_02/iPhone/00028/4_00028_m_02_05_p_2.mp4 IDIAP_00028
IDIAP/session_02/iPhone/00028/4_00028_m_02_06_p_2.mp4 IDIAP_00028
IDIAP/session_02/iPhone/00028/4_00028_m_02_07_p_2.mp4 IDIAP_00028
IDIAP/session_02/iPhone/00028/4_00028_m_02_08_p_2.mp4 IDIAP_00028
IDIAP/session_02/iPhone/00030/4_00030_m_02_01_p_1.mp4 IDIAP_00030
IDIAP/session_02/iPhone/00030/4_00030_m_02_01_p_2.mp4 IDIAP_00030
IDIAP/session_02/iPhone/00030/4_00030_m_02_02_p_1.mp4 IDIAP_00030
IDIAP/session_02/iPhone/00030/4_00030_m_02_02_p_2.mp4 IDIAP_00030
IDIAP/session_02/iPhone/00030/4_00030_m_02_03_p_2.mp4 IDIAP_00030
IDIAP/session_02/iPhone/00030/4_00030_m_02_04_p_2.mp4 IDIAP_00030
IDIAP/session_02/iPhone/00030/4_00030_m_02_05_p_2.mp4 IDIAP_00030
IDIAP/session_02/iPhone/00030/4_00030_m_02_06_p_2.mp4 IDIAP_00030
IDIAP/session_02/iPhone/00030/4_00030_m_02_07_p_2.mp4 IDIAP_00030
IDIAP/session_02/iPhone/00030/4_00030_m_02_08_p_2.mp4 IDIAP_00030
IDIAP/session_02/iPhone/00031/4_00031_m_02_01_p_1.mp4 IDIAP_00031
IDIAP/session_02/iPhone/00031/4_00031_m_02_01_p_2.mp4 IDIAP_00031
IDIAP/session_02/iPhone/00031/4_00031_m_02_02_p_1.mp4 IDIAP_00031
IDIAP/session_02/iPhone/00031/4_00031_m_02_02_p_2.mp4 IDIAP_00031
IDIAP/session_02/iPhone/00031/4_00031_m_02_03_p_2.mp4 IDIAP_00031
IDIAP/session_02/iPhone/00031/4_00031_m_02_04_p_2.mp4 IDIAP_00031
IDIAP/session_02/iPhone/00031/4_00031_m_02_05_p_2.mp4 IDIAP_00031
IDIAP/session_02/iPhone/00031/4_00031_m_02_06_p_2.mp4 IDIAP_00031
IDIAP/session_02/iPhone/00031/4_00031_m_02_07_p_2.mp4 IDIAP_00031
IDIAP/session_02/iPhone/00031/4_00031_m_02_08_p_2.mp4 IDIAP_00031
IDIAP/session_02/iPhone/00034/4_00034_m_02_01_p_1.mp4 IDIAP_00034
IDIAP/session_02/iPhone/00034/4_00034_m_02_01_p_2.mp4 IDIAP_00034
IDIAP/session_02/iPhone/00034/4_00034_m_02_02_p_1.mp4 IDIAP_00034
IDIAP/session_02/iPhone/00034/4_00034_m_02_02_p_2.mp4 IDIAP_00034
IDIAP/session_02/iPhone/00034/4_00034_m_02_03_p_2.mp4 IDIAP_00034
IDIAP/session_02/iPhone/00034/4_00034_m_02_04_p_2.mp4 IDIAP_00034
IDIAP/session_02/iPhone/00034/4_00034_m_02_05_p_2.mp4 IDIAP_00034
IDIAP/session_02/iPhone/00034/4_00034_m_02_06_p_2.mp4 IDIAP_00034
IDIAP/session_02/iPhone/00034/4_00034_m_02_07_p_2.mp4 IDIAP_00034
IDIAP/session_02/iPhone/00034/4_00034_m_02_08_p_2.mp4 IDIAP_00034
IDIAP/session_02/iPhone/00036/4_00036_f_02_01_p_1.mp4 IDIAP_00036
IDIAP/session_02/iPhone/00036/4_00036_f_02_01_p_2.mp4 IDIAP_00036
IDIAP/session_02/iPhone/00036/4_00036_f_02_02_p_1.mp4 IDIAP_00036
IDIAP/session_02/iPhone/00036/4_00036_f_02_02_p_2.mp4 IDIAP_00036
IDIAP/session_02/iPhone/00036/4_00036_f_02_03_p_2.mp4 IDIAP_00036
IDIAP/session_02/iPhone/00036/4_00036_f_02_04_p_2.mp4 IDIAP_00036
IDIAP/session_02/iPhone/00036/4_00036_f_02_05_p_2.mp4 IDIAP_00036
IDIAP/session_02/iPhone/00036/4_00036_f_02_06_p_2.mp4 IDIAP_00036
IDIAP/session_02/iPhone/00036/4_00036_f_02_07_p_2.mp4 IDIAP_00036
IDIAP/session_02/iPhone/00036/4_00036_f_02_08_p_2.mp4 IDIAP_00036
IDIAP/session_02/iPhone/00041/4_00041_m_02_01_p_1.mp4 IDIAP_00041
IDIAP/session_02/iPhone/00041/4_00041_m_02_01_p_2.mp4 IDIAP_00041
IDIAP/session_02/iPhone/00041/4_00041_m_02_02_p_1.mp4 IDIAP_00041
IDIAP/session_02/iPhone/00041/4_00041_m_02_02_p_2.mp4 IDIAP_00041
IDIAP/session_02/iPhone/00041/4_00041_m_02_03_p_2.mp4 IDIAP_00041
IDIAP/session_02/iPhone/00041/4_00041_m_02_04_p_2.mp4 IDIAP_00041
IDIAP/session_02/iPhone/00041/4_00041_m_02_05_p_2.mp4 IDIAP_00041
IDIAP/session_02/iPhone/00041/4_00041_m_02_06_p_2.mp4 IDIAP_00041
IDIAP/session_02/iPhone/00041/4_00041_m_02_07_p_2.mp4 IDIAP_00041
IDIAP/session_02/iPhone/00041/4_00041_m_02_08_p_2.mp4 IDIAP_00041
IDIAP/session_02/iPhone/00043/4_00043_f_02_01_p_1.mp4 IDIAP_00043
IDIAP/session_02/iPhone/00043/4_00043_f_02_01_p_2.mp4 IDIAP_00043
IDIAP/session_02/iPhone/00043/4_00043_f_02_02_p_1.mp4 IDIAP_00043
IDIAP/session_02/iPhone/00043/4_00043_f_02_02_p_2.mp4 IDIAP_00043
IDIAP/session_02/iPhone/00043/4_00043_f_02_03_p_2.mp4 IDIAP_00043
IDIAP/session_02/iPhone/00043/4_00043_f_02_04_p_2.mp4 IDIAP_00043
IDIAP/session_02/iPhone/00043/4_00043_f_02_05_p_2.mp4 IDIAP_00043
IDIAP/session_02/iPhone/00043/4_00043_f_02_06_p_2.mp4 IDIAP_00043
IDIAP/session_02/iPhone/00043/4_00043_f_02_07_p_2.mp4 IDIAP_00043
IDIAP/session_02/iPhone/00043/4_00043_f_02_08_p_2.mp4 IDIAP_00043
IDIAP/session_02/iPhone/00046/4_00046_f_02_01_p_1.mp4 IDIAP_00046
IDIAP/session_02/iPhone/00046/4_00046_f_02_01_p_2.mp4 IDIAP_00046
IDIAP/session_02/iPhone/00046/4_00046_f_02_02_p_1.mp4 IDIAP_00046
IDIAP/session_02/iPhone/00046/4_00046_f_02_02_p_2.mp4 IDIAP_00046
IDIAP/session_02/iPhone/00046/4_00046_f_02_03_p_2.mp4 IDIAP_00046
IDIAP/session_02/iPhone/00046/4_00046_f_02_04_p_2.mp4 IDIAP_00046
IDIAP/session_02/iPhone/00046/4_00046_f_02_05_p_2.mp4 IDIAP_00046
IDIAP/session_02/iPhone/00046/4_00046_f_02_06_p_2.mp4 IDIAP_00046
IDIAP/session_02/iPhone/00046/4_00046_f_02_07_p_2.mp4 IDIAP_00046
IDIAP/session_02/iPhone/00046/4_00046_f_02_08_p_2.mp4 IDIAP_00046
IDIAP/session_02/iPhone/00049/4_00049_m_02_01_p_1.mp4 IDIAP_00049
IDIAP/session_02/iPhone/00049/4_00049_m_02_01_p_2.mp4 IDIAP_00049
IDIAP/session_02/iPhone/00049/4_00049_m_02_02_p_1.mp4 IDIAP_00049
IDIAP/session_02/iPhone/00049/4_00049_m_02_02_p_2.mp4 IDIAP_00049
IDIAP/session_02/iPhone/00049/4_00049_m_02_03_p_2.mp4 IDIAP_00049
IDIAP/session_02/iPhone/00049/4_00049_m_02_04_p_2.mp4 IDIAP_00049
IDIAP/session_02/iPhone/00049/4_00049_m_02_05_p_2.mp4 IDIAP_00049
IDIAP/session_02/iPhone/00049/4_00049_m_02_06_p_2.mp4 IDIAP_00049
IDIAP/session_02/iPhone/00049/4_00049_m_02_07_p_2.mp4 IDIAP_00049
IDIAP/session_02/iPhone/00049/4_00049_m_02_08_p_2.mp4 IDIAP_00049
IDIAP/session_02/iPhone/00050/4_00050_f_02_01_p_1.mp4 IDIAP_00050
IDIAP/session_02/iPhone/00050/4_00050_f_02_01_p_2.mp4 IDIAP_00050
IDIAP/session_02/iPhone/00050/4_00050_f_02_02_p_1.mp4 IDIAP_00050
IDIAP/session_02/iPhone/00050/4_00050_f_02_02_p_2.mp4 IDIAP_00050
IDIAP/session_02/iPhone/00050/4_00050_f_02_03_p_2.mp4 IDIAP_00050
IDIAP/session_02/iPhone/00050/4_00050_f_02_04_p_2.mp4 IDIAP_00050
IDIAP/session_02/iPhone/00050/4_00050_f_02_05_p_2.mp4 IDIAP_00050
IDIAP/session_02/iPhone/00050/4_00050_f_02_06_p_2.mp4 IDIAP_00050
IDIAP/session_02/iPhone/00050/4_00050_f_02_07_p_2.mp4 IDIAP_00050
IDIAP/session_02/iPhone/00050/4_00050_f_02_08_p_2.mp4 IDIAP_00050
IDIAP/session_02/iPhone/00051/4_00051_f_02_01_p_1.mp4 IDIAP_00051
IDIAP/session_02/iPhone/00051/4_00051_f_02_01_p_2.mp4 IDIAP_00051
IDIAP/session_02/iPhone/00051/4_00051_f_02_02_p_1.mp4 IDIAP_00051
IDIAP/session_02/iPhone/00051/4_00051_f_02_02_p_2.mp4 IDIAP_00051
IDIAP/session_02/iPhone/00051/4_00051_f_02_03_p_2.mp4 IDIAP_00051
IDIAP/session_02/iPhone/00051/4_00051_f_02_04_p_2.mp4 IDIAP_00051
IDIAP/session_02/iPhone/00051/4_00051_f_02_05_p_2.mp4 IDIAP_00051
IDIAP/session_02/iPhone/00051/4_00051_f_02_06_p_2.mp4 IDIAP_00051
IDIAP/session_02/iPhone/00051/4_00051_f_02_07_p_2.mp4 IDIAP_00051
IDIAP/session_02/iPhone/00051/4_00051_f_02_08_p_2.mp4 IDIAP_00051
IDIAP/session_02/iPhone/00052/4_00052_f_02_01_p_1.mp4 IDIAP_00052
IDIAP/session_02/iPhone/00052/4_00052_f_02_01_p_2.mp4 IDIAP_00052
IDIAP/session_02/iPhone/00052/4_00052_f_02_02_p_1.mp4 IDIAP_00052
IDIAP/session_02/iPhone/00052/4_00052_f_02_02_p_2.mp4 IDIAP_00052
IDIAP/session_02/iPhone/00052/4_00052_f_02_03_p_2.mp4 IDIAP_00052
IDIAP/session_02/iPhone/00052/4_00052_f_02_04_p_2.mp4 IDIAP_00052
IDIAP/session_02/iPhone/00052/4_00052_f_02_05_p_2.mp4 IDIAP_00052
IDIAP/session_02/iPhone/00052/4_00052_f_02_06_p_2.mp4 IDIAP_00052
IDIAP/session_02/iPhone/00052/4_00052_f_02_07_p_2.mp4 IDIAP_00052
IDIAP/session_02/iPhone/00052/4_00052_f_02_08_p_2.mp4 IDIAP_00052
IDIAP/session_02/iPhone/00054/4_00054_f_02_01_p_1.mp4 IDIAP_00054
IDIAP/session_02/iPhone/00054/4_00054_f_02_01_p_2.mp4 IDIAP_00054
IDIAP/session_02/iPhone/00054/4_00054_f_02_02_p_1.mp4 IDIAP_00054
IDIAP/session_02/iPhone/00054/4_00054_f_02_02_p_2.mp4 IDIAP_00054
IDIAP/session_02/iPhone/00054/4_00054_f_02_03_p_2.mp4 IDIAP_00054
IDIAP/session_02/iPhone/00054/4_00054_f_02_04_p_2.mp4 IDIAP_00054
IDIAP/session_02/iPhone/00054/4_00054_f_02_05_p_2.mp4 IDIAP_00054
IDIAP/session_02/iPhone/00054/4_00054_f_02_06_p_2.mp4 IDIAP_00054
IDIAP/session_02/iPhone/00054/4_00054_f_02_07_p_2.mp4 IDIAP_00054
IDIAP/session_02/iPhone/00054/4_00054_f_02_08_p_2.mp4 IDIAP_00054
IDIAP/session_02/iPhone/00055/4_00055_m_02_01_p_1.mp4 IDIAP_00055
IDIAP/session_02/iPhone/00055/4_00055_m_02_01_p_2.mp4 IDIAP_00055
IDIAP/session_02/iPhone/00055/4_00055_m_02_02_p_1.mp4 IDIAP_00055
IDIAP/session_02/iPhone/00055/4_00055_m_02_02_p_2.mp4 IDIAP_00055
IDIAP/session_02/iPhone/00055/4_00055_m_02_03_p_2.mp4 IDIAP_00055
IDIAP/session_02/iPhone/00055/4_00055_m_02_04_p_2.mp4 IDIAP_00055
IDIAP/session_02/iPhone/00055/4_00055_m_02_05_p_2.mp4 IDIAP_00055
IDIAP/session_02/iPhone/00055/4_00055_m_02_06_p_2.mp4 IDIAP_00055
IDIAP/session_02/iPhone/00055/4_00055_m_02_07_p_2.mp4 IDIAP_00055
IDIAP/session_02/iPhone/00055/4_00055_m_02_08_p_2.mp4 IDIAP_00055
IDIAP/session_02/iPhone/00059/4_00059_m_02_01_p_1.mp4 IDIAP_00059
IDIAP/session_02/iPhone/00059/4_00059_m_02_01_p_2.mp4 IDIAP_00059
IDIAP/session_02/iPhone/00059/4_00059_m_02_02_p_1.mp4 IDIAP_00059
IDIAP/session_02/iPhone/00059/4_00059_m_02_02_p_2.mp4 IDIAP_00059
IDIAP/session_02/iPhone/00059/4_00059_m_02_03_p_2.mp4 IDIAP_00059
IDIAP/session_02/iPhone/00059/4_00059_m_02_04_p_2.mp4 IDIAP_00059
IDIAP/session_02/iPhone/00059/4_00059_m_02_05_p_2.mp4 IDIAP_00059
IDIAP/session_02/iPhone/00059/4_00059_m_02_06_p_2.mp4 IDIAP_00059
IDIAP/session_02/iPhone/00059/4_00059_m_02_07_p_2.mp4 IDIAP_00059
IDIAP/session_02/iPhone/00059/4_00059_m_02_08_p_2.mp4 IDIAP_00059
MPH-FRA/session_02/iPhone/00001/3_00001_f_02_01_p_1.mp4 MPH-FRA_00001
MPH-FRA/session_02/iPhone/00001/3_00001_f_02_01_p_2.mp4 MPH-FRA_00001
MPH-FRA/session_02/iPhone/00001/3_00001_f_02_02_p_1.mp4 MPH-FRA_00001
MPH-FRA/session_02/iPhone/00001/3_00001_f_02_02_p_2.mp4 MPH-FRA_00001
MPH-FRA/session_02/iPhone/00001/3_00001_f_02_03_p_2.mp4 MPH-FRA_00001
MPH-FRA/session_02/iPhone/00001/3_00001_f_02_04_p_2.mp4 MPH-FRA_00001
MPH-FRA/session_02/iPhone/00001/3_00001_f_02_05_p_2.mp4 MPH-FRA_00001
MPH-FRA/session_02/iPhone/00001/3_00001_f_02_06_p_2.mp4 MPH-FRA_00001
MPH-FRA/session_02/iPhone/00001/3_00001_f_02_07_p_2.mp4 MPH-FRA_00001
MPH-FRA/session_02/iPhone/00001/3_00001_f_02_08_p_2.mp4 MPH-FRA_00001
MPH-FRA/session_02/iPhone/00002/3_00002_m_02_01_p_1.mp4 MPH-FRA_00002
MPH-FRA/session_02/iPhone/00002/3_00002_m_02_01_p_2.mp4 MPH-FRA_00002
MPH-FRA/session_02/iPhone/00002/3_00002_m_02_02_p_1.mp4 MPH-FRA_00002
MPH-FRA/session_02/iPhone/00002/3_00002_m_02_02_p_2.mp4 MPH-FRA_00002
MPH-FRA/session_02/iPhone/00002/3_00002_m_02_03_p_2.mp4 MPH-FRA_00002
MPH-FRA/session_02/iPhone/00002/3_00002_m_02_04_p_2.mp4 MPH-FRA_00002
MPH-FRA/session_02/iPhone/00002/3_00002_m_02_05_p_2.mp4 MPH-FRA_00002
MPH-FRA/session_02/iPhone/00002/3_00002_m_02_06_p_2.mp4 MPH-FRA_00002
MPH-FRA/session_02/iPhone/00002/3_00002_m_02_07_p_2.mp4 MPH-FRA_00002
MPH-FRA/session_02/iPhone/00002/3_00002_m_02_08_p_2.mp4 MPH-FRA_00002
MPH-FRA/session_02/iPhone/00007/3_00007_m_02_01_p_1.mp4 MPH-FRA_00007
MPH-FRA/session_02/iPhone/00007/3_00007_m_02_01_p_2.mp4 MPH-FRA_00007
MPH-FRA/session_02/iPhone/00007/3_00007_m_02_02_p_1.mp4 MPH-FRA_00007
MPH-FRA/session_02/iPhone/00007/3_00007_m_02_02_p_2.mp4 MPH-FRA_00007
MPH-FRA/session_02/iPhone/00007/3_00007_m_02_03_p_2.mp4 MPH-FRA_00007
MPH-FRA/session_02/iPhone/00007/3_00007_m_02_04_p_2.mp4 MPH-FRA_00007
MPH-FRA/session_02/iPhone/00007/3_00007_m_02_05_p_2.mp4 MPH-FRA_00007
MPH-FRA/session_02/iPhone/00007/3_00007_m_02_06_p_2.mp4 MPH-FRA_00007
MPH-FRA/session_02/iPhone/00007/3_00007_m_02_07_p_2.mp4 MPH-FRA_00007
MPH-FRA/session_02/iPhone/00007/3_00007_m_02_08_p_2.mp4 MPH-FRA_00007
MPH-IND/session_02/iPhone/00001/6_00001_m_02_01_p_1.mp4 MPH-IND_00001
MPH-IND/session_02/iPhone/00001/6_00001_m_02_01_p_2.mp4 MPH-IND_00001
MPH-IND/session_02/iPhone/00001/6_00001_m_02_02_p_1.mp4 MPH-IND_00001
MPH-IND/session_02/iPhone/00001/6_00001_m_02_02_p_2.mp4 MPH-IND_00001
MPH-IND/session_02/iPhone/00001/6_00001_m_02_03_p_2.mp4 MPH-IND_00001
MPH-IND/session_02/iPhone/00001/6_00001_m_02_04_p_2.mp4 MPH-IND_00001
MPH-IND/session_02/iPhone/00001/6_00001_m_02_05_p_2.mp4 MPH-IND_00001
MPH-IND/session_02/iPhone/00001/6_00001_m_02_06_p_2.mp4 MPH-IND_00001
MPH-IND/session_02/iPhone/00001/6_00001_m_02_07_p_2.mp4 MPH-IND_00001
MPH-IND/session_02/iPhone/00001/6_00001_m_02_08_p_2.mp4 MPH-IND_00001
MPH-IND/session_02/iPhone/00002/6_00002_m_02_01_p_1.mp4 MPH-IND_00002
MPH-IND/session_02/iPhone/00002/6_00002_m_02_01_p_2.mp4 MPH-IND_00002
MPH-IND/session_02/iPhone/00002/6_00002_m_02_02_p_1.mp4 MPH-IND_00002
MPH-IND/session_02/iPhone/00002/6_00002_m_02_02_p_2.mp4 MPH-IND_00002
MPH-IND/session_02/iPhone/00002/6_00002_m_02_03_p_2.mp4 MPH-IND_00002
MPH-IND/session_02/iPhone/00002/6_00002_m_02_04_p_2.mp4 MPH-IND_00002
MPH-IND/session_02/iPhone/00002/6_00002_m_02_05_p_2.mp4 MPH-IND_00002
MPH-IND/session_02/iPhone/00002/6_00002_m_02_06_p_2.mp4 MPH-IND_00002
MPH-IND/session_02/iPhone/00002/6_00002_m_02_07_p_2.mp4 MPH-IND_00002
MPH-IND/session_02/iPhone/00002/6_00002_m_02_08_p_2.mp4 MPH-IND_00002
MPH-IND/session_02/iPhone/00004/6_00004_f_02_01_p_1.mp4 MPH-IND_00004
MPH-IND/session_02/iPhone/00004/6_00004_f_02_01_p_2.mp4 MPH-IND_00004
MPH-IND/session_02/iPhone/00004/6_00004_f_02_02_p_1.mp4 MPH-IND_00004
MPH-IND/session_02/iPhone/00004/6_00004_f_02_02_p_2.mp4 MPH-IND_00004
MPH-IND/session_02/iPhone/00004/6_00004_f_02_03_p_2.mp4 MPH-IND_00004
MPH-IND/session_02/iPhone/00004/6_00004_f_02_04_p_2.mp4 MPH-IND_00004
MPH-IND/session_02/iPhone/00004/6_00004_f_02_05_p_2.mp4 MPH-IND_00004
MPH-IND/session_02/iPhone/00004/6_00004_f_02_06_p_2.mp4 MPH-IND_00004
MPH-IND/session_02/iPhone/00004/6_00004_f_02_07_p_2.mp4 MPH-IND_00004
MPH-IND/session_02/iPhone/00004/6_00004_f_02_08_p_2.mp4 MPH-IND_00004
MPH-IND/session_02/iPhone/00005/6_00005_m_02_01_p_1.mp4 MPH-IND_00005
MPH-IND/session_02/iPhone/00005/6_00005_m_02_01_p_2.mp4 MPH-IND_00005
MPH-IND/session_02/iPhone/00005/6_00005_m_02_02_p_1.mp4 MPH-IND_00005
MPH-IND/session_02/iPhone/00005/6_00005_m_02_02_p_2.mp4 MPH-IND_00005
MPH-IND/session_02/iPhone/00005/6_00005_m_02_03_p_2.mp4 MPH-IND_00005
MPH-IND/session_02/iPhone/00005/6_00005_m_02_04_p_2.mp4 MPH-IND_00005
MPH-IND/session_02/iPhone/00005/6_00005_m_02_05_p_2.mp4 MPH-IND_00005
MPH-IND/session_02/iPhone/00005/6_00005_m_02_06_p_2.mp4 MPH-IND_00005
MPH-IND/session_02/iPhone/00005/6_00005_m_02_07_p_2.mp4 MPH-IND_00005
MPH-IND/session_02/iPhone/00005/6_00005_m_02_08_p_2.mp4 MPH-IND_00005
MPH-IND/session_02/iPhone/00006/6_00006_f_02_01_p_1.mp4 MPH-IND_00006
MPH-IND/session_02/iPhone/00006/6_00006_f_02_01_p_2.mp4 MPH-IND_00006
MPH-IND/session_02/iPhone/00006/6_00006_f_02_02_p_1.mp4 MPH-IND_00006
MPH-IND/session_02/iPhone/00006/6_00006_f_02_02_p_2.mp4 MPH-IND_00006
MPH-IND/session_02/iPhone/00006/6_00006_f_02_03_p_2.mp4 MPH-IND_00006
MPH-IND/session_02/iPhone/00006/6_00006_f_02_04_p_2.mp4 MPH-IND_00006
MPH-IND/session_02/iPhone/00006/6_00006_f_02_05_p_2.mp4 MPH-IND_00006
MPH-IND/session_02/iPhone/00006/6_00006_f_02_06_p_2.mp4 MPH-IND_00006
MPH-IND/session_02/iPhone/00006/6_00006_f_02_07_p_2.mp4 MPH-IND_00006
MPH-IND/session_02/iPhone/00006/6_00006_f_02_08_p_2.mp4 MPH-IND_00006
MPH-IND/session_02/iPhone/00007/6_00007_m_02_01_p_1.mp4 MPH-IND_00007
MPH-IND/session_02/iPhone/00007/6_00007_m_02_01_p_2.mp4 MPH-IND_00007
MPH-IND/session_02/iPhone/00007/6_00007_m_02_02_p_1.mp4 MPH-IND_00007
MPH-IND/session_02/iPhone/00007/6_00007_m_02_02_p_2.mp4 MPH-IND_00007
MPH-IND/session_02/iPhone/00007/6_00007_m_02_03_p_2.mp4 MPH-IND_00007
MPH-IND/session_02/iPhone/00007/6_00007_m_02_04_p_2.mp4 MPH-IND_00007
MPH-IND/session_02/iPhone/00007/6_00007_m_02_05_p_2.mp4 MPH-IND_00007
MPH-IND/session_02/iPhone/00007/6_00007_m_02_06_p_2.mp4 MPH-IND_00007
MPH-IND/session_02/iPhone/00007/6_00007_m_02_07_p_2.mp4 MPH-IND_00007
MPH-IND/session_02/iPhone/00007/6_00007_m_02_08_p_2.mp4 MPH-IND_00007
MPH-IND/session_02/iPhone/00008/6_00008_m_02_01_p_1.mp4 MPH-IND_00008
MPH-IND/session_02/iPhone/00008/6_00008_m_02_01_p_2.mp4 MPH-IND_00008
MPH-IND/session_02/iPhone/00008/6_00008_m_02_02_p_1.mp4 MPH-IND_00008
MPH-IND/session_02/iPhone/00008/6_00008_m_02_02_p_2.mp4 MPH-IND_00008
MPH-IND/session_02/iPhone/00008/6_00008_m_02_03_p_2.mp4 MPH-IND_00008
MPH-IND/session_02/iPhone/00008/6_00008_m_02_04_p_2.mp4 MPH-IND_00008
MPH-IND/session_02/iPhone/00008/6_00008_m_02_05_p_2.mp4 MPH-IND_00008
MPH-IND/session_02/iPhone/00008/6_00008_m_02_06_p_2.mp4 MPH-IND_00008
MPH-IND/session_02/iPhone/00008/6_00008_m_02_07_p_2.mp4 MPH-IND_00008
MPH-IND/session_02/iPhone/00008/6_00008_m_02_08_p_2.mp4 MPH-IND_00008
MPH-IND/session_02/iPhone/00011/6_00011_m_02_01_p_1.mp4 MPH-IND_00011
MPH-IND/session_02/iPhone/00011/6_00011_m_02_01_p_2.mp4 MPH-IND_00011
MPH-IND/session_02/iPhone/00011/6_00011_m_02_02_p_1.mp4 MPH-IND_00011
MPH-IND/session_02/iPhone/00011/6_00011_m_02_02_p_2.mp4 MPH-IND_00011
MPH-IND/session_02/iPhone/00011/6_00011_m_02_03_p_2.mp4 MPH-IND_00011
MPH-IND/session_02/iPhone/00011/6_00011_m_02_04_p_2.mp4 MPH-IND_00011
MPH-IND/session_02/iPhone/00011/6_00011_m_02_05_p_2.mp4 MPH-IND_00011
MPH-IND/session_02/iPhone/00011/6_00011_m_02_06_p_2.mp4 MPH-IND_00011
MPH-IND/session_02/iPhone/00011/6_00011_m_02_07_p_2.mp4 MPH-IND_00011
MPH-IND/session_02/iPhone/00011/6_00011_m_02_08_p_2.mp4 MPH-IND_00011
MPH-IND/session_02/iPhone/00012/6_00012_f_02_01_p_1.mp4 MPH-IND_00012
MPH-IND/session_02/iPhone/00012/6_00012_f_02_01_p_2.mp4 MPH-IND_00012
MPH-IND/session_02/iPhone/00012/6_00012_f_02_02_p_1.mp4 MPH-IND_00012
MPH-IND/session_02/iPhone/00012/6_00012_f_02_02_p_2.mp4 MPH-IND_00012
MPH-IND/session_02/iPhone/00012/6_00012_f_02_03_p_2.mp4 MPH-IND_00012
MPH-IND/session_02/iPhone/00012/6_00012_f_02_04_p_2.mp4 MPH-IND_00012
MPH-IND/session_02/iPhone/00012/6_00012_f_02_05_p_2.mp4 MPH-IND_00012
MPH-IND/session_02/iPhone/00012/6_00012_f_02_06_p_2.mp4 MPH-IND_00012
MPH-IND/session_02/iPhone/00012/6_00012_f_02_07_p_2.mp4 MPH-IND_00012
MPH-IND/session_02/iPhone/00012/6_00012_f_02_08_p_2.mp4 MPH-IND_00012
MPH-IND/session_02/iPhone/00016/6_00016_m_02_01_p_1.mp4 MPH-IND_00016
MPH-IND/session_02/iPhone/00016/6_00016_m_02_01_p_2.mp4 MPH-IND_00016
MPH-IND/session_02/iPhone/00016/6_00016_m_02_02_p_1.mp4 MPH-IND_00016
MPH-IND/session_02/iPhone/00016/6_00016_m_02_02_p_2.mp4 MPH-IND_00016
MPH-IND/session_02/iPhone/00016/6_00016_m_02_03_p_2.mp4 MPH-IND_00016
MPH-IND/session_02/iPhone/00016/6_00016_m_02_04_p_2.mp4 MPH-IND_00016
MPH-IND/session_02/iPhone/00016/6_00016_m_02_05_p_2.mp4 MPH-IND_00016
MPH-IND/session_02/iPhone/00016/6_00016_m_02_06_p_2.mp4 MPH-IND_00016
MPH-IND/session_02/iPhone/00016/6_00016_m_02_07_p_2.mp4 MPH-IND_00016
MPH-IND/session_02/iPhone/00016/6_00016_m_02_08_p_2.mp4 MPH-IND_00016
MPH-IND/session_02/iPhone/00017/6_00017_m_02_01_p_1.mp4 MPH-IND_00017
MPH-IND/session_02/iPhone/00017/6_00017_m_02_01_p_2.mp4 MPH-IND_00017
MPH-IND/session_02/iPhone/00017/6_00017_m_02_02_p_1.mp4 MPH-IND_00017
MPH-IND/session_02/iPhone/00017/6_00017_m_02_02_p_2.mp4 MPH-IND_00017
MPH-IND/session_02/iPhone/00017/6_00017_m_02_03_p_2.mp4 MPH-IND_00017
MPH-IND/session_02/iPhone/00017/6_00017_m_02_04_p_2.mp4 MPH-IND_00017
MPH-IND/session_02/iPhone/00017/6_00017_m_02_05_p_2.mp4 MPH-IND_00017
MPH-IND/session_02/iPhone/00017/6_00017_m_02_06_p_2.mp4 MPH-IND_00017
MPH-IND/session_02/iPhone/00017/6_00017_m_02_07_p_2.mp4 MPH-IND_00017
MPH-IND/session_02/iPhone/00017/6_00017_m_02_08_p_2.mp4 MPH-IND_00017
MPH-IND/session_02/iPhone/00020/6_00020_m_02_01_p_1.mp4 MPH-IND_00020
MPH-IND/session_02/iPhone/00020/6_00020_m_02_01_p_2.mp4 MPH-IND_00020
MPH-IND/session_02/iPhone/00020/6_00020_m_02_02_p_1.mp4 MPH-IND_00020
MPH-IND/session_02/iPhone/00020/6_00020_m_02_02_p_2.mp4 MPH-IND_00020
MPH-IND/session_02/iPhone/00020/6_00020_m_02_03_p_2.mp4 MPH-IND_00020
MPH-IND/session_02/iPhone/00020/6_00020_m_02_04_p_2.mp4 MPH-IND_00020
MPH-IND/session_02/iPhone/00020/6_00020_m_02_05_p_2.mp4 MPH-IND_00020
MPH-IND/session_02/iPhone/00020/6_00020_m_02_06_p_2.mp4 MPH-IND_00020
MPH-IND/session_02/iPhone/00020/6_00020_m_02_07_p_2.mp4 MPH-IND_00020
MPH-IND/session_02/iPhone/00020/6_00020_m_02_08_p_2.mp4 MPH-IND_00020
MPH-IND/session_02/iPhone/00023/6_00023_f_02_01_p_1.mp4 MPH-IND_00023
MPH-IND/session_02/iPhone/00023/6_00023_f_02_01_p_2.mp4 MPH-IND_00023
MPH-IND/session_02/iPhone/00023/6_00023_f_02_02_p_1.mp4 MPH-IND_00023
MPH-IND/session_02/iPhone/00023/6_00023_f_02_02_p_2.mp4 MPH-IND_00023
MPH-IND/session_02/iPhone/00023/6_00023_f_02_03_p_2.mp4 MPH-IND_00023
MPH-IND/session_02/iPhone/00023/6_00023_f_02_04_p_2.mp4 MPH-IND_00023
MPH-IND/session_02/iPhone/00023/6_00023_f_02_05_p_2.mp4 MPH-IND_00023
MPH-IND/session_02/iPhone/00023/6_00023_f_02_06_p_2.mp4 MPH-IND_00023
MPH-IND/session_02/iPhone/00023/6_00023_f_02_07_p_2.mp4 MPH-IND_00023
MPH-IND/session_02/iPhone/00023/6_00023_f_02_08_p_2.mp4 MPH-IND_00023
MPH-IND/session_02/iPhone/00030/6_00030_m_02_01_p_1.mp4 MPH-IND_00030
MPH-IND/session_02/iPhone/00030/6_00030_m_02_01_p_2.mp4 MPH-IND_00030
MPH-IND/session_02/iPhone/00030/6_00030_m_02_02_p_1.mp4 MPH-IND_00030
MPH-IND/session_02/iPhone/00030/6_00030_m_02_02_p_2.mp4 MPH-IND_00030
MPH-IND/session_02/iPhone/00030/6_00030_m_02_03_p_2.mp4 MPH-IND_00030
MPH-IND/session_02/iPhone/00030/6_00030_m_02_04_p_2.mp4 MPH-IND_00030
MPH-IND/session_02/iPhone/00030/6_00030_m_02_05_p_2.mp4 MPH-IND_00030
MPH-IND/session_02/iPhone/00030/6_00030_m_02_06_p_2.mp4 MPH-IND_00030
MPH-IND/session_02/iPhone/00030/6_00030_m_02_07_p_2.mp4 MPH-IND_00030
MPH-IND/session_02/iPhone/00030/6_00030_m_02_08_p_2.mp4 MPH-IND_00030
MPH-IND/session_02/iPhone/00031/6_00031_m_02_01_p_1.mp4 MPH-IND_00031
MPH-IND/session_02/iPhone/00031/6_00031_m_02_01_p_2.mp4 MPH-IND_00031
MPH-IND/session_02/iPhone/00031/6_00031_m_02_02_p_1.mp4 MPH-IND_00031
MPH-IND/session_02/iPhone/00031/6_00031_m_02_02_p_2.mp4 MPH-IND_00031
MPH-IND/session_02/iPhone/00031/6_00031_m_02_03_p_2.mp4 MPH-IND_00031
MPH-IND/session_02/iPhone/00031/6_00031_m_02_04_p_2.mp4 MPH-IND_00031
MPH-IND/session_02/iPhone/00031/6_00031_m_02_05_p_2.mp4 MPH-IND_00031
MPH-IND/session_02/iPhone/00031/6_00031_m_02_06_p_2.mp4 MPH-IND_00031
MPH-IND/session_02/iPhone/00031/6_00031_m_02_07_p_2.mp4 MPH-IND_00031
MPH-IND/session_02/iPhone/00031/6_00031_m_02_08_p_2.mp4 MPH-IND_00031
MPH-IND/session_02/iPhone/00033/6_00033_f_02_01_p_1.mp4 MPH-IND_00033
MPH-IND/session_02/iPhone/00033/6_00033_f_02_01_p_2.mp4 MPH-IND_00033
MPH-IND/session_02/iPhone/00033/6_00033_f_02_02_p_1.mp4 MPH-IND_00033
MPH-IND/session_02/iPhone/00033/6_00033_f_02_02_p_2.mp4 MPH-IND_00033
MPH-IND/session_02/iPhone/00033/6_00033_f_02_03_p_2.mp4 MPH-IND_00033
MPH-IND/session_02/iPhone/00033/6_00033_f_02_04_p_2.mp4 MPH-IND_00033
MPH-IND/session_02/iPhone/00033/6_00033_f_02_05_p_2.mp4 MPH-IND_00033
MPH-IND/session_02/iPhone/00033/6_00033_f_02_06_p_2.mp4 MPH-IND_00033
MPH-IND/session_02/iPhone/00033/6_00033_f_02_07_p_2.mp4 MPH-IND_00033
MPH-IND/session_02/iPhone/00033/6_00033_f_02_08_p_2.mp4 MPH-IND_00033
MPH-IND/session_02/iPhone/00034/6_00034_f_02_01_p_1.mp4 MPH-IND_00034
MPH-IND/session_02/iPhone/00034/6_00034_f_02_01_p_2.mp4 MPH-IND_00034
MPH-IND/session_02/iPhone/00034/6_00034_f_02_02_p_1.mp4 MPH-IND_00034
MPH-IND/session_02/iPhone/00034/6_00034_f_02_02_p_2.mp4 MPH-IND_00034
MPH-IND/session_02/iPhone/00034/6_00034_f_02_03_p_2.mp4 MPH-IND_00034
MPH-IND/session_02/iPhone/00034/6_00034_f_02_04_p_2.mp4 MPH-IND_00034
MPH-IND/session_02/iPhone/00034/6_00034_f_02_05_p_2.mp4 MPH-IND_00034
MPH-IND/session_02/iPhone/00034/6_00034_f_02_06_p_2.mp4 MPH-IND_00034
MPH-IND/session_02/iPhone/00034/6_00034_f_02_07_p_2.mp4 MPH-IND_00034
MPH-IND/session_02/iPhone/00034/6_00034_f_02_08_p_2.mp4 MPH-IND_00034
MPH-IND/session_02/iPhone/00036/6_00036_m_02_01_p_1.mp4 MPH-IND_00036
MPH-IND/session_02/iPhone/00036/6_00036_m_02_01_p_2.mp4 MPH-IND_00036
MPH-IND/session_02/iPhone/00036/6_00036_m_02_02_p_1.mp4 MPH-IND_00036
MPH-IND/session_02/iPhone/00036/6_00036_m_02_02_p_2.mp4 MPH-IND_00036
MPH-IND/session_02/iPhone/00036/6_00036_m_02_03_p_2.mp4 MPH-IND_00036
MPH-IND/session_02/iPhone/00036/6_00036_m_02_04_p_2.mp4 MPH-IND_00036
MPH-IND/session_02/iPhone/00036/6_00036_m_02_05_p_2.mp4 MPH-IND_00036
MPH-IND/session_02/iPhone/00036/6_00036_m_02_06_p_2.mp4 MPH-IND_00036
MPH-IND/session_02/iPhone/00036/6_00036_m_02_07_p_2.mp4 MPH-IND_00036
MPH-IND/session_02/iPhone/00036/6_00036_m_02_08_p_2.mp4 MPH-IND_00036
MPH-IND/session_02/iPhone/00038/6_00038_f_02_01_p_1.mp4 MPH-IND_00038
MPH-IND/session_02/iPhone/00038/6_00038_f_02_01_p_2.mp4 MPH-IND_00038
MPH-IND/session_02/iPhone/00038/6_00038_f_02_02_p_1.mp4 MPH-IND_00038
MPH-IND/session_02/iPhone/00038/6_00038_f_02_02_p_2.mp4 MPH-IND_00038
MPH-IND/session_02/iPhone/00038/6_00038_f_02_03_p_2.mp4 MPH-IND_00038
MPH-IND/session_02/iPhone/00038/6_00038_f_02_04_p_2.mp4 MPH-IND_00038
MPH-IND/session_02/iPhone/00038/6_00038_f_02_05_p_2.mp4 MPH-IND_00038
MPH-IND/session_02/iPhone/00038/6_00038_f_02_06_p_2.mp4 MPH-IND_00038
MPH-IND/session_02/iPhone/00038/6_00038_f_02_07_p_2.mp4 MPH-IND_00038
MPH-IND/session_02/iPhone/00038/6_00038_f_02_08_p_2.mp4 MPH-IND_00038
MPH-IND/session_02/iPhone/00043/6_00043_m_02_01_p_1.mp4 MPH-IND_00043
MPH-IND/session_02/iPhone/00043/6_00043_m_02_01_p_2.mp4 MPH-IND_00043
MPH-IND/session_02/iPhone/00043/6_00043_m_02_02_p_1.mp4 MPH-IND_00043
MPH-IND/session_02/iPhone/00043/6_00043_m_02_02_p_2.mp4 MPH-IND_00043
MPH-IND/session_02/iPhone/00043/6_00043_m_02_03_p_2.mp4 MPH-IND_00043
MPH-IND/session_02/iPhone/00043/6_00043_m_02_04_p_2.mp4 MPH-IND_00043
MPH-IND/session_02/iPhone/00043/6_00043_m_02_05_p_2.mp4 MPH-IND_00043
MPH-IND/session_02/iPhone/00043/6_00043_m_02_06_p_2.mp4 MPH-IND_00043
MPH-IND/session_02/iPhone/00043/6_00043_m_02_07_p_2.mp4 MPH-IND_00043
MPH-IND/session_02/iPhone/00043/6_00043_m_02_08_p_2.mp4 MPH-IND_00043
MPH-IND/session_02/iPhone/00048/6_00048_m_02_01_p_1.mp4 MPH-IND_00048
MPH-IND/session_02/iPhone/00048/6_00048_m_02_01_p_2.mp4 MPH-IND_00048
MPH-IND/session_02/iPhone/00048/6_00048_m_02_02_p_1.mp4 MPH-IND_00048
MPH-IND/session_02/iPhone/00048/6_00048_m_02_02_p_2.mp4 MPH-IND_00048
MPH-IND/session_02/iPhone/00048/6_00048_m_02_03_p_2.mp4 MPH-IND_00048
MPH-IND/session_02/iPhone/00048/6_00048_m_02_04_p_2.mp4 MPH-IND_00048
MPH-IND/session_02/iPhone/00048/6_00048_m_02_05_p_2.mp4 MPH-IND_00048
MPH-IND/session_02/iPhone/00048/6_00048_m_02_06_p_2.mp4 MPH-IND_00048
MPH-IND/session_02/iPhone/00048/6_00048_m_02_07_p_2.mp4 MPH-IND_00048
MPH-IND/session_02/iPhone/00048/6_00048_m_02_08_p_2.mp4 MPH-IND_00048
MPH-IND/session_02/iPhone/00055/6_00055_m_02_01_p_1.mp4 MPH-IND_00055
MPH-IND/session_02/iPhone/00055/6_00055_m_02_01_p_2.mp4 MPH-IND_00055
MPH-IND/session_02/iPhone/00055/6_00055_m_02_02_p_1.mp4 MPH-IND_00055
MPH-IND/session_02/iPhone/00055/6_00055_m_02_02_p_2.mp4 MPH-IND_00055
MPH-IND/session_02/iPhone/00055/6_00055_m_02_03_p_2.mp4 MPH-IND_00055
MPH-IND/session_02/iPhone/00055/6_00055_m_02_04_p_2.mp4 MPH-IND_00055
MPH-IND/session_02/iPhone/00055/6_00055_m_02_05_p_2.mp4 MPH-IND_00055
MPH-IND/session_02/iPhone/00055/6_00055_m_02_06_p_2.mp4 MPH-IND_00055
MPH-IND/session_02/iPhone/00055/6_00055_m_02_07_p_2.mp4 MPH-IND_00055
MPH-IND/session_02/iPhone/00055/6_00055_m_02_08_p_2.mp4 MPH-IND_00055
NTNU/session_02/iPhone/00002/1_00002_m_02_01_p_1.mp4 NTNU_00002
NTNU/session_02/iPhone/00002/1_00002_m_02_01_p_2.mp4 NTNU_00002
NTNU/session_02/iPhone/00002/1_00002_m_02_02_p_1.mp4 NTNU_00002
NTNU/session_02/iPhone/00002/1_00002_m_02_02_p_2.mp4 NTNU_00002
NTNU/session_02/iPhone/00002/1_00002_m_02_03_p_2.mp4 NTNU_00002
NTNU/session_02/iPhone/00002/1_00002_m_02_04_p_2.mp4 NTNU_00002
NTNU/session_02/iPhone/00002/1_00002_m_02_05_p_2.mp4 NTNU_00002
NTNU/session_02/iPhone/00002/1_00002_m_02_06_p_2.mp4 NTNU_00002
NTNU/session_02/iPhone/00002/1_00002_m_02_07_p_2.mp4 NTNU_00002
NTNU/session_02/iPhone/00002/1_00002_m_02_08_p_2.mp4 NTNU_00002
NTNU/session_02/iPhone/00004/1_00004_m_02_01_p_1.mp4 NTNU_00004
NTNU/session_02/iPhone/00004/1_00004_m_02_01_p_2.mp4 NTNU_00004
NTNU/session_02/iPhone/00004/1_00004_m_02_02_p_1.mp4 NTNU_00004
NTNU/session_02/iPhone/00004/1_00004_m_02_02_p_2.mp4 NTNU_00004
NTNU/session_02/iPhone/00004/1_00004_m_02_03_p_2.mp4 NTNU_00004
NTNU/session_02/iPhone/00004/1_00004_m_02_04_p_2.mp4 NTNU_00004
NTNU/session_02/iPhone/00004/1_00004_m_02_05_p_2.mp4 NTNU_00004
NTNU/session_02/iPhone/00004/1_00004_m_02_06_p_2.mp4 NTNU_00004
NTNU/session_02/iPhone/00004/1_00004_m_02_07_p_2.mp4 NTNU_00004
NTNU/session_02/iPhone/00004/1_00004_m_02_08_p_2.mp4 NTNU_00004
NTNU/session_02/iPhone/00005/1_00005_f_02_01_p_1.mp4 NTNU_00005
NTNU/session_02/iPhone/00005/1_00005_f_02_01_p_2.mp4 NTNU_00005
NTNU/session_02/iPhone/00005/1_00005_f_02_02_p_1.mp4 NTNU_00005
NTNU/session_02/iPhone/00005/1_00005_f_02_02_p_2.mp4 NTNU_00005
NTNU/session_02/iPhone/00005/1_00005_f_02_03_p_2.mp4 NTNU_00005
NTNU/session_02/iPhone/00005/1_00005_f_02_04_p_2.mp4 NTNU_00005
NTNU/session_02/iPhone/00005/1_00005_f_02_05_p_2.mp4 NTNU_00005
NTNU/session_02/iPhone/00005/1_00005_f_02_06_p_2.mp4 NTNU_00005
NTNU/session_02/iPhone/00005/1_00005_f_02_07_p_2.mp4 NTNU_00005
NTNU/session_02/iPhone/00005/1_00005_f_02_08_p_2.mp4 NTNU_00005
NTNU/session_02/iPhone/00006/1_00006_m_02_01_p_1.mp4 NTNU_00006
NTNU/session_02/iPhone/00006/1_00006_m_02_01_p_2.mp4 NTNU_00006
NTNU/session_02/iPhone/00006/1_00006_m_02_02_p_1.mp4 NTNU_00006
NTNU/session_02/iPhone/00006/1_00006_m_02_02_p_2.mp4 NTNU_00006
NTNU/session_02/iPhone/00006/1_00006_m_02_03_p_2.mp4 NTNU_00006
NTNU/session_02/iPhone/00006/1_00006_m_02_04_p_2.mp4 NTNU_00006
NTNU/session_02/iPhone/00006/1_00006_m_02_05_p_2.mp4 NTNU_00006
NTNU/session_02/iPhone/00006/1_00006_m_02_06_p_2.mp4 NTNU_00006
NTNU/session_02/iPhone/00006/1_00006_m_02_07_p_2.mp4 NTNU_00006
NTNU/session_02/iPhone/00006/1_00006_m_02_08_p_2.mp4 NTNU_00006
NTNU/session_02/iPhone/00007/1_00007_f_02_01_p_1.mp4 NTNU_00007
NTNU/session_02/iPhone/00007/1_00007_f_02_01_p_2.mp4 NTNU_00007
NTNU/session_02/iPhone/00007/1_00007_f_02_02_p_1.mp4 NTNU_00007
NTNU/session_02/iPhone/00007/1_00007_f_02_02_p_2.mp4 NTNU_00007
NTNU/session_02/iPhone/00007/1_00007_f_02_03_p_2.mp4 NTNU_00007
NTNU/session_02/iPhone/00007/1_00007_f_02_04_p_2.mp4 NTNU_00007
NTNU/session_02/iPhone/00007/1_00007_f_02_05_p_2.mp4 NTNU_00007
NTNU/session_02/iPhone/00007/1_00007_f_02_06_p_2.mp4 NTNU_00007
NTNU/session_02/iPhone/00007/1_00007_f_02_07_p_2.mp4 NTNU_00007
NTNU/session_02/iPhone/00007/1_00007_f_02_08_p_2.mp4 NTNU_00007
NTNU/session_02/iPhone/00010/1_00010_m_02_01_p_1.mp4 NTNU_00010
NTNU/session_02/iPhone/00010/1_00010_m_02_01_p_2.mp4 NTNU_00010
NTNU/session_02/iPhone/00010/1_00010_m_02_02_p_1.mp4 NTNU_00010
NTNU/session_02/iPhone/00010/1_00010_m_02_02_p_2.mp4 NTNU_00010
NTNU/session_02/iPhone/00010/1_00010_m_02_03_p_2.mp4 NTNU_00010
NTNU/session_02/iPhone/00010/1_00010_m_02_04_p_2.mp4 NTNU_00010
NTNU/session_02/iPhone/00010/1_00010_m_02_05_p_2.mp4 NTNU_00010
NTNU/session_02/iPhone/00010/1_00010_m_02_06_p_2.mp4 NTNU_00010
NTNU/session_02/iPhone/00010/1_00010_m_02_07_p_2.mp4 NTNU_00010
NTNU/session_02/iPhone/00010/1_00010_m_02_08_p_2.mp4 NTNU_00010
NTNU/session_02/iPhone/00013/1_00013_f_02_01_p_1.mp4 NTNU_00013
NTNU/session_02/iPhone/00013/1_00013_f_02_01_p_2.mp4 NTNU_00013
NTNU/session_02/iPhone/00013/1_00013_f_02_02_p_1.mp4 NTNU_00013
NTNU/session_02/iPhone/00013/1_00013_f_02_02_p_2.mp4 NTNU_00013
NTNU/session_02/iPhone/00013/1_00013_f_02_03_p_2.mp4 NTNU_00013
NTNU/session_02/iPhone/00013/1_00013_f_02_04_p_2.mp4 NTNU_00013
NTNU/session_02/iPhone/00013/1_00013_f_02_05_p_2.mp4 NTNU_00013
NTNU/session_02/iPhone/00013/1_00013_f_02_06_p_2.mp4 NTNU_00013
NTNU/session_02/iPhone/00013/1_00013_f_02_07_p_2.mp4 NTNU_00013
NTNU/session_02/iPhone/00013/1_00013_f_02_08_p_2.mp4 NTNU_00013
NTNU/session_02/iPhone/00014/1_00014_m_02_01_p_1.mp4 NTNU_00014
NTNU/session_02/iPhone/00014/1_00014_m_02_01_p_2.mp4 NTNU_00014
NTNU/session_02/iPhone/00014/1_00014_m_02_02_p_1.mp4 NTNU_00014
NTNU/session_02/iPhone/00014/1_00014_m_02_02_p_2.mp4 NTNU_00014
NTNU/session_02/iPhone/00014/1_00014_m_02_03_p_2.mp4 NTNU_00014
NTNU/session_02/iPhone/00014/1_00014_m_02_04_p_2.mp4 NTNU_00014
NTNU/session_02/iPhone/00014/1_00014_m_02_05_p_2.mp4 NTNU_00014
NTNU/session_02/iPhone/00014/1_00014_m_02_06_p_2.mp4 NTNU_00014
NTNU/session_02/iPhone/00014/1_00014_m_02_07_p_2.mp4 NTNU_00014
NTNU/session_02/iPhone/00014/1_00014_m_02_08_p_2.mp4 NTNU_00014
NTNU/session_02/iPhone/00017/1_00017_f_02_01_p_1.mp4 NTNU_00017
NTNU/session_02/iPhone/00017/1_00017_f_02_01_p_2.mp4 NTNU_00017
NTNU/session_02/iPhone/00017/1_00017_f_02_02_p_1.mp4 NTNU_00017
NTNU/session_02/iPhone/00017/1_00017_f_02_02_p_2.mp4 NTNU_00017
NTNU/session_02/iPhone/00017/1_00017_f_02_03_p_2.mp4 NTNU_00017
NTNU/session_02/iPhone/00017/1_00017_f_02_04_p_2.mp4 NTNU_00017
NTNU/session_02/iPhone/00017/1_00017_f_02_05_p_2.mp4 NTNU_00017
NTNU/session_02/iPhone/00017/1_00017_f_02_06_p_2.mp4 NTNU_00017
NTNU/session_02/iPhone/00017/1_00017_f_02_07_p_2.mp4 NTNU_00017
NTNU/session_02/iPhone/00017/1_00017_f_02_08_p_2.mp4 NTNU_00017
NTNU/session_02/iPhone/00020/1_00020_m_02_01_p_1.mp4 NTNU_00020
NTNU/session_02/iPhone/00020/1_00020_m_02_01_p_2.mp4 NTNU_00020
NTNU/session_02/iPhone/00020/1_00020_m_02_02_p_1.mp4 NTNU_00020
NTNU/session_02/iPhone/00020/1_00020_m_02_02_p_2.mp4 NTNU_00020
NTNU/session_02/iPhone/00020/1_00020_m_02_03_p_2.mp4 NTNU_00020
NTNU/session_02/iPhone/00020/1_00020_m_02_04_p_2.mp4 NTNU_00020
NTNU/session_02/iPhone/00020/1_00020_m_02_05_p_2.mp4 NTNU_00020
NTNU/session_02/iPhone/00020/1_00020_m_02_06_p_2.mp4 NTNU_00020
NTNU/session_02/iPhone/00020/1_00020_m_02_07_p_2.mp4 NTNU_00020
NTNU/session_02/iPhone/00020/1_00020_m_02_08_p_2.mp4 NTNU_00020
NTNU/session_02/iPhone/00021/1_00021_m_02_01_p_1.mp4 NTNU_00021
NTNU/session_02/iPhone/00021/1_00021_m_02_01_p_2.mp4 NTNU_00021
NTNU/session_02/iPhone/00021/1_00021_m_02_02_p_1.mp4 NTNU_00021
NTNU/session_02/iPhone/00021/1_00021_m_02_02_p_2.mp4 NTNU_00021
NTNU/session_02/iPhone/00021/1_00021_m_02_03_p_2.mp4 NTNU_00021
NTNU/session_02/iPhone/00021/1_00021_m_02_04_p_2.mp4 NTNU_00021
NTNU/session_02/iPhone/00021/1_00021_m_02_05_p_2.mp4 NTNU_00021
NTNU/session_02/iPhone/00021/1_00021_m_02_06_p_2.mp4 NTNU_00021
NTNU/session_02/iPhone/00021/1_00021_m_02_07_p_2.mp4 NTNU_00021
NTNU/session_02/iPhone/00021/1_00021_m_02_08_p_2.mp4 NTNU_00021
NTNU/session_02/iPhone/00022/1_00022_f_02_01_p_1.mp4 NTNU_00022
NTNU/session_02/iPhone/00022/1_00022_f_02_01_p_2.mp4 NTNU_00022
NTNU/session_02/iPhone/00022/1_00022_f_02_02_p_1.mp4 NTNU_00022
NTNU/session_02/iPhone/00022/1_00022_f_02_02_p_2.mp4 NTNU_00022
NTNU/session_02/iPhone/00022/1_00022_f_02_03_p_2.mp4 NTNU_00022
NTNU/session_02/iPhone/00022/1_00022_f_02_04_p_2.mp4 NTNU_00022
NTNU/session_02/iPhone/00022/1_00022_f_02_05_p_2.mp4 NTNU_00022
NTNU/session_02/iPhone/00022/1_00022_f_02_06_p_2.mp4 NTNU_00022
NTNU/session_02/iPhone/00022/1_00022_f_02_07_p_2.mp4 NTNU_00022
NTNU/session_02/iPhone/00022/1_00022_f_02_08_p_2.mp4 NTNU_00022
NTNU/session_02/iPhone/00024/1_00024_m_02_01_p_1.mp4 NTNU_00024
NTNU/session_02/iPhone/00024/1_00024_m_02_01_p_2.mp4 NTNU_00024
NTNU/session_02/iPhone/00024/1_00024_m_02_02_p_1.mp4 NTNU_00024
NTNU/session_02/iPhone/00024/1_00024_m_02_02_p_2.mp4 NTNU_00024
NTNU/session_02/iPhone/00024/1_00024_m_02_03_p_2.mp4 NTNU_00024
NTNU/session_02/iPhone/00024/1_00024_m_02_04_p_2.mp4 NTNU_00024
NTNU/session_02/iPhone/00024/1_00024_m_02_05_p_2.mp4 NTNU_00024
NTNU/session_02/iPhone/00024/1_00024_m_02_06_p_2.mp4 NTNU_00024
NTNU/session_02/iPhone/00024/1_00024_m_02_07_p_2.mp4 NTNU_00024
NTNU/session_02/iPhone/00024/1_00024_m_02_08_p_2.mp4 NTNU_00024
NTNU/session_02/iPhone/00025/1_00025_m_02_01_p_1.mp4 NTNU_00025
NTNU/session_02/iPhone/00025/1_00025_m_02_01_p_2.mp4 NTNU_00025
NTNU/session_02/iPhone/00025/1_00025_m_02_02_p_1.mp4 NTNU_00025
NTNU/session_02/iPhone/00025/1_00025_m_02_02_p_2.mp4 NTNU_00025
NTNU/session_02/iPhone/00025/1_00025_m_02_03_p_2.mp4 NTNU_00025
NTNU/session_02/iPhone/00025/1_00025_m_02_04_p_2.mp4 NTNU_00025
NTNU/session_02/iPhone/00025/1_00025_m_02_05_p_2.mp4 NTNU_00025
NTNU/session_02/iPhone/00025/1_00025_m_02_06_p_2.mp4 NTNU_00025
NTNU/session_02/iPhone/00025/1_00025_m_02_07_p_2.mp4 NTNU_00025
NTNU/session_02/iPhone/00025/1_00025_m_02_08_p_2.mp4 NTNU_00025
NTNU/session_02/iPhone/00026/1_00026_m_02_01_p_1.mp4 NTNU_00026
NTNU/session_02/iPhone/00026/1_00026_m_02_01_p_2.mp4 NTNU_00026
NTNU/session_02/iPhone/00026/1_00026_m_02_02_p_1.mp4 NTNU_00026
NTNU/session_02/iPhone/00026/1_00026_m_02_02_p_2.mp4 NTNU_00026
NTNU/session_02/iPhone/00026/1_00026_m_02_03_p_2.mp4 NTNU_00026
NTNU/session_02/iPhone/00026/1_00026_m_02_04_p_2.mp4 NTNU_00026
NTNU/session_02/iPhone/00026/1_00026_m_02_05_p_2.mp4 NTNU_00026
NTNU/session_02/iPhone/00026/1_00026_m_02_06_p_2.mp4 NTNU_00026
NTNU/session_02/iPhone/00026/1_00026_m_02_07_p_2.mp4 NTNU_00026
NTNU/session_02/iPhone/00026/1_00026_m_02_08_p_2.mp4 NTNU_00026
NTNU/session_02/iPhone/00027/1_00027_m_02_01_p_1.mp4 NTNU_00027
NTNU/session_02/iPhone/00027/1_00027_m_02_01_p_2.mp4 NTNU_00027
NTNU/session_02/iPhone/00027/1_00027_m_02_02_p_1.mp4 NTNU_00027
NTNU/session_02/iPhone/00027/1_00027_m_02_02_p_2.mp4 NTNU_00027
NTNU/session_02/iPhone/00027/1_00027_m_02_03_p_2.mp4 NTNU_00027
NTNU/session_02/iPhone/00027/1_00027_m_02_04_p_2.mp4 NTNU_00027
NTNU/session_02/iPhone/00027/1_00027_m_02_05_p_2.mp4 NTNU_00027
NTNU/session_02/iPhone/00027/1_00027_m_02_06_p_2.mp4 NTNU_00027
NTNU/session_02/iPhone/00027/1_00027_m_02_07_p_2.mp4 NTNU_00027
NTNU/session_02/iPhone/00027/1_00027_m_02_08_p_2.mp4 NTNU_00027
NTNU/session_02/iPhone/00028/1_00028_m_02_01_p_1.mp4 NTNU_00028
NTNU/session_02/iPhone/00028/1_00028_m_02_01_p_2.mp4 NTNU_00028
NTNU/session_02/iPhone/00028/1_00028_m_02_02_p_1.mp4 NTNU_00028
NTNU/session_02/iPhone/00028/1_00028_m_02_02_p_2.mp4 NTNU_00028
NTNU/session_02/iPhone/00028/1_00028_m_02_03_p_2.mp4 NTNU_00028
NTNU/session_02/iPhone/00028/1_00028_m_02_04_p_2.mp4 NTNU_00028
NTNU/session_02/iPhone/00028/1_00028_m_02_05_p_2.mp4 NTNU_00028
NTNU/session_02/iPhone/00028/1_00028_m_02_06_p_2.mp4 NTNU_00028
NTNU/session_02/iPhone/00028/1_00028_m_02_07_p_2.mp4 NTNU_00028
NTNU/session_02/iPhone/00028/1_00028_m_02_08_p_2.mp4 NTNU_00028
NTNU/session_02/iPhone/00030/1_00030_m_02_01_p_1.mp4 NTNU_00030
NTNU/session_02/iPhone/00030/1_00030_m_02_01_p_2.mp4 NTNU_00030
NTNU/session_02/iPhone/00030/1_00030_m_02_02_p_1.mp4 NTNU_00030
NTNU/session_02/iPhone/00030/1_00030_m_02_02_p_2.mp4 NTNU_00030
NTNU/session_02/iPhone/00030/1_00030_m_02_03_p_2.mp4 NTNU_00030
NTNU/session_02/iPhone/00030/1_00030_m_02_04_p_2.mp4 NTNU_00030
NTNU/session_02/iPhone/00030/1_00030_m_02_05_p_2.mp4 NTNU_00030
NTNU/session_02/iPhone/00030/1_00030_m_02_06_p_2.mp4 NTNU_00030
NTNU/session_02/iPhone/00030/1_00030_m_02_07_p_2.mp4 NTNU_00030
NTNU/session_02/iPhone/00030/1_00030_m_02_08_p_2.mp4 NTNU_00030
NTNU/session_02/iPhone/00031/1_00031_m_02_01_p_1.mp4 NTNU_00031
NTNU/session_02/iPhone/00031/1_00031_m_02_01_p_2.mp4 NTNU_00031
NTNU/session_02/iPhone/00031/1_00031_m_02_02_p_1.mp4 NTNU_00031
NTNU/session_02/iPhone/00031/1_00031_m_02_02_p_2.mp4 NTNU_00031
NTNU/session_02/iPhone/00031/1_00031_m_02_03_p_2.mp4 NTNU_00031
NTNU/session_02/iPhone/00031/1_00031_m_02_04_p_2.mp4 NTNU_00031
NTNU/session_02/iPhone/00031/1_00031_m_02_05_p_2.mp4 NTNU_00031
NTNU/session_02/iPhone/00031/1_00031_m_02_06_p_2.mp4 NTNU_00031
NTNU/session_02/iPhone/00031/1_00031_m_02_07_p_2.mp4 NTNU_00031
NTNU/session_02/iPhone/00031/1_00031_m_02_08_p_2.mp4 NTNU_00031
NTNU/session_02/iPhone/00032/1_00032_m_02_01_p_1.mp4 NTNU_00032
NTNU/session_02/iPhone/00032/1_00032_m_02_01_p_2.mp4 NTNU_00032
NTNU/session_02/iPhone/00032/1_00032_m_02_02_p_1.mp4 NTNU_00032
NTNU/session_02/iPhone/00032/1_00032_m_02_02_p_2.mp4 NTNU_00032
NTNU/session_02/iPhone/00032/1_00032_m_02_03_p_2.mp4 NTNU_00032
NTNU/session_02/iPhone/00032/1_00032_m_02_04_p_2.mp4 NTNU_00032
NTNU/session_02/iPhone/00032/1_00032_m_02_05_p_2.mp4 NTNU_00032
NTNU/session_02/iPhone/00032/1_00032_m_02_06_p_2.mp4 NTNU_00032
NTNU/session_02/iPhone/00032/1_00032_m_02_07_p_2.mp4 NTNU_00032
NTNU/session_02/iPhone/00032/1_00032_m_02_08_p_2.mp4 NTNU_00032
NTNU/session_02/iPhone/00033/1_00033_f_02_01_p_1.mp4 NTNU_00033
NTNU/session_02/iPhone/00033/1_00033_f_02_01_p_2.mp4 NTNU_00033
NTNU/session_02/iPhone/00033/1_00033_f_02_02_p_1.mp4 NTNU_00033
NTNU/session_02/iPhone/00033/1_00033_f_02_02_p_2.mp4 NTNU_00033
NTNU/session_02/iPhone/00033/1_00033_f_02_03_p_2.mp4 NTNU_00033
NTNU/session_02/iPhone/00033/1_00033_f_02_04_p_2.mp4 NTNU_00033
NTNU/session_02/iPhone/00033/1_00033_f_02_05_p_2.mp4 NTNU_00033
NTNU/session_02/iPhone/00033/1_00033_f_02_06_p_2.mp4 NTNU_00033
NTNU/session_02/iPhone/00033/1_00033_f_02_07_p_2.mp4 NTNU_00033
NTNU/session_02/iPhone/00033/1_00033_f_02_08_p_2.mp4 NTNU_00033
NTNU/session_02/iPhone/00035/1_00035_m_02_01_p_1.mp4 NTNU_00035
NTNU/session_02/iPhone/00035/1_00035_m_02_01_p_2.mp4 NTNU_00035
NTNU/session_02/iPhone/00035/1_00035_m_02_02_p_1.mp4 NTNU_00035
NTNU/session_02/iPhone/00035/1_00035_m_02_02_p_2.mp4 NTNU_00035
NTNU/session_02/iPhone/00035/1_00035_m_02_03_p_2.mp4 NTNU_00035
NTNU/session_02/iPhone/00035/1_00035_m_02_04_p_2.mp4 NTNU_00035
NTNU/session_02/iPhone/00035/1_00035_m_02_05_p_2.mp4 NTNU_00035
NTNU/session_02/iPhone/00035/1_00035_m_02_06_p_2.mp4 NTNU_00035
NTNU/session_02/iPhone/00035/1_00035_m_02_07_p_2.mp4 NTNU_00035
NTNU/session_02/iPhone/00035/1_00035_m_02_08_p_2.mp4 NTNU_00035
NTNU/session_02/iPhone/00037/1_00037_f_02_01_p_1.mp4 NTNU_00037
NTNU/session_02/iPhone/00037/1_00037_f_02_01_p_2.mp4 NTNU_00037
NTNU/session_02/iPhone/00037/1_00037_f_02_02_p_1.mp4 NTNU_00037
NTNU/session_02/iPhone/00037/1_00037_f_02_02_p_2.mp4 NTNU_00037
NTNU/session_02/iPhone/00037/1_00037_f_02_03_p_2.mp4 NTNU_00037
NTNU/session_02/iPhone/00037/1_00037_f_02_04_p_2.mp4 NTNU_00037
NTNU/session_02/iPhone/00037/1_00037_f_02_05_p_2.mp4 NTNU_00037
NTNU/session_02/iPhone/00037/1_00037_f_02_06_p_2.mp4 NTNU_00037
NTNU/session_02/iPhone/00037/1_00037_f_02_07_p_2.mp4 NTNU_00037
NTNU/session_02/iPhone/00037/1_00037_f_02_08_p_2.mp4 NTNU_00037
NTNU/session_02/iPhone/00042/1_00042_f_02_01_p_1.mp4 NTNU_00042
NTNU/session_02/iPhone/00042/1_00042_f_02_01_p_2.mp4 NTNU_00042
NTNU/session_02/iPhone/00042/1_00042_f_02_02_p_1.mp4 NTNU_00042
NTNU/session_02/iPhone/00042/1_00042_f_02_02_p_2.mp4 NTNU_00042
NTNU/session_02/iPhone/00042/1_00042_f_02_03_p_2.mp4 NTNU_00042
NTNU/session_02/iPhone/00042/1_00042_f_02_04_p_2.mp4 NTNU_00042
NTNU/session_02/iPhone/00042/1_00042_f_02_05_p_2.mp4 NTNU_00042
NTNU/session_02/iPhone/00042/1_00042_f_02_06_p_2.mp4 NTNU_00042
NTNU/session_02/iPhone/00042/1_00042_f_02_07_p_2.mp4 NTNU_00042
NTNU/session_02/iPhone/00042/1_00042_f_02_08_p_2.mp4 NTNU_00042
NTNU/session_02/iPhone/00044/1_00044_m_02_01_p_1.mp4 NTNU_00044
NTNU/session_02/iPhone/00044/1_00044_m_02_01_p_2.mp4 NTNU_00044
NTNU/session_02/iPhone/00044/1_00044_m_02_02_p_1.mp4 NTNU_00044
NTNU/session_02/iPhone/00044/1_00044_m_02_02_p_2.mp4 NTNU_00044
NTNU/session_02/iPhone/00044/1_00044_m_02_03_p_2.mp4 NTNU_00044
NTNU/session_02/iPhone/00044/1_00044_m_02_04_p_2.mp4 NTNU_00044
NTNU/session_02/iPhone/00044/1_00044_m_02_05_p_2.mp4 NTNU_00044
NTNU/session_02/iPhone/00044/1_00044_m_02_06_p_2.mp4 NTNU_00044
NTNU/session_02/iPhone/00044/1_00044_m_02_07_p_2.mp4 NTNU_00044
NTNU/session_02/iPhone/00044/1_00044_m_02_08_p_2.mp4 NTNU_00044
NTNU/session_02/iPhone/00045/1_00045_m_02_01_p_1.mp4 NTNU_00045
NTNU/session_02/iPhone/00045/1_00045_m_02_01_p_2.mp4 NTNU_00045
NTNU/session_02/iPhone/00045/1_00045_m_02_02_p_1.mp4 NTNU_00045
NTNU/session_02/iPhone/00045/1_00045_m_02_02_p_2.mp4 NTNU_00045
NTNU/session_02/iPhone/00045/1_00045_m_02_03_p_2.mp4 NTNU_00045
NTNU/session_02/iPhone/00045/1_00045_m_02_04_p_2.mp4 NTNU_00045
NTNU/session_02/iPhone/00045/1_00045_m_02_05_p_2.mp4 NTNU_00045
NTNU/session_02/iPhone/00045/1_00045_m_02_06_p_2.mp4 NTNU_00045
NTNU/session_02/iPhone/00045/1_00045_m_02_07_p_2.mp4 NTNU_00045
NTNU/session_02/iPhone/00045/1_00045_m_02_08_p_2.mp4 NTNU_00045
NTNU/session_02/iPhone/00046/1_00046_m_02_01_p_1.mp4 NTNU_00046
NTNU/session_02/iPhone/00046/1_00046_m_02_01_p_2.mp4 NTNU_00046
NTNU/session_02/iPhone/00046/1_00046_m_02_02_p_1.mp4 NTNU_00046
NTNU/session_02/iPhone/00046/1_00046_m_02_02_p_2.mp4 NTNU_00046
NTNU/session_02/iPhone/00046/1_00046_m_02_03_p_2.mp4 NTNU_00046
NTNU/session_02/iPhone/00046/1_00046_m_02_04_p_2.mp4 NTNU_00046
NTNU/session_02/iPhone/00046/1_00046_m_02_05_p_2.mp4 NTNU_00046
NTNU/session_02/iPhone/00046/1_00046_m_02_06_p_2.mp4 NTNU_00046
NTNU/session_02/iPhone/00046/1_00046_m_02_07_p_2.mp4 NTNU_00046
NTNU/session_02/iPhone/00046/1_00046_m_02_08_p_2.mp4 NTNU_00046
NTNU/session_02/iPhone/00047/1_00047_m_02_01_p_1.mp4 NTNU_00047
NTNU/session_02/iPhone/00047/1_00047_m_02_01_p_2.mp4 NTNU_00047
NTNU/session_02/iPhone/00047/1_00047_m_02_02_p_1.mp4 NTNU_00047
NTNU/session_02/iPhone/00047/1_00047_m_02_02_p_2.mp4 NTNU_00047
NTNU/session_02/iPhone/00047/1_00047_m_02_03_p_2.mp4 NTNU_00047
NTNU/session_02/iPhone/00047/1_00047_m_02_04_p_2.mp4 NTNU_00047
NTNU/session_02/iPhone/00047/1_00047_m_02_05_p_2.mp4 NTNU_00047
NTNU/session_02/iPhone/00047/1_00047_m_02_06_p_2.mp4 NTNU_00047
NTNU/session_02/iPhone/00047/1_00047_m_02_07_p_2.mp4 NTNU_00047
NTNU/session_02/iPhone/00047/1_00047_m_02_08_p_2.mp4 NTNU_00047
NTNU/session_02/iPhone/00051/1_00051_m_02_01_p_1.mp4 NTNU_00051
NTNU/session_02/iPhone/00051/1_00051_m_02_01_p_2.mp4 NTNU_00051
NTNU/session_02/iPhone/00051/1_00051_m_02_02_p_1.mp4 NTNU_00051
NTNU/session_02/iPhone/00051/1_00051_m_02_02_p_2.mp4 NTNU_00051
NTNU/session_02/iPhone/00051/1_00051_m_02_03_p_2.mp4 NTNU_00051
NTNU/session_02/iPhone/00051/1_00051_m_02_04_p_2.mp4 NTNU_00051
NTNU/session_02/iPhone/00051/1_00051_m_02_05_p_2.mp4 NTNU_00051
NTNU/session_02/iPhone/00051/1_00051_m_02_06_p_2.mp4 NTNU_00051
NTNU/session_02/iPhone/00051/1_00051_m_02_07_p_2.mp4 NTNU_00051
NTNU/session_02/iPhone/00051/1_00051_m_02_08_p_2.mp4 NTNU_00051
NTNU/session_02/iPhone/00053/1_00053_m_02_01_p_1.mp4 NTNU_00053
NTNU/session_02/iPhone/00053/1_00053_m_02_01_p_2.mp4 NTNU_00053
NTNU/session_02/iPhone/00053/1_00053_m_02_02_p_1.mp4 NTNU_00053
NTNU/session_02/iPhone/00053/1_00053_m_02_02_p_2.mp4 NTNU_00053
NTNU/session_02/iPhone/00053/1_00053_m_02_03_p_2.mp4 NTNU_00053
NTNU/session_02/iPhone/00053/1_00053_m_02_04_p_2.mp4 NTNU_00053
NTNU/session_02/iPhone/00053/1_00053_m_02_05_p_2.mp4 NTNU_00053
NTNU/session_02/iPhone/00053/1_00053_m_02_06_p_2.mp4 NTNU_00053
NTNU/session_02/iPhone/00053/1_00053_m_02_07_p_2.mp4 NTNU_00053
NTNU/session_02/iPhone/00053/1_00053_m_02_08_p_2.mp4 NTNU_00053
