Train_files/2_1_01_1 01
Train_files/2_1_02_1 02
Train_files/2_1_03_1 03
Train_files/2_1_04_1 04
Train_files/2_1_05_1 05
Train_files/2_1_06_1 06
Train_files/2_1_07_1 07
Train_files/2_1_08_1 08
Train_files/2_1_09_1 09
Train_files/2_1_10_1 10
Train_files/2_1_11_1 11
Train_files/2_1_12_1 12
Train_files/2_1_13_1 13
Train_files/2_1_14_1 14
Train_files/2_1_15_1 15
Train_files/2_1_16_1 16
Train_files/2_1_17_1 17
Train_files/2_1_18_1 18
Train_files/2_1_19_1 19
Train_files/2_1_20_1 20
Train_files/2_2_01_1 01
Train_files/2_2_02_1 02
Train_files/2_2_03_1 03
Train_files/2_2_04_1 04
Train_files/2_2_05_1 05
Train_files/2_2_06_1 06
Train_files/2_2_07_1 07
Train_files/2_2_08_1 08
Train_files/2_2_09_1 09
Train_files/2_2_10_1 10
Train_files/2_2_11_1 11
Train_files/2_2_12_1 12
Train_files/2_2_13_1 13
Train_files/2_2_14_1 14
Train_files/2_2_15_1 15
Train_files/2_2_16_1 16
Train_files/2_2_17_1 17
Train_files/2_2_18_1 18
Train_files/2_2_19_1 19
Train_files/2_2_20_1 20
Train_files/3_1_01_1 01
Train_files/3_1_02_1 02
Train_files/3_1_03_1 03
Train_files/3_1_04_1 04
Train_files/3_1_05_1 05
Train_files/3_1_06_1 06
Train_files/3_1_07_1 07
Train_files/3_1_08_1 08
Train_files/3_1_09_1 09
Train_files/3_1_10_1 10
Train_files/3_1_11_1 11
Train_files/3_1_12_1 12
Train_files/3_1_13_1 13
Train_files/3_1_14_1 14
Train_files/3_1_15_1 15
Train_files/3_1_16_1 16
Train_files/3_1_17_1 17
Train_files/3_1_18_1 18
Train_files/3_1_19_1 19
Train_files/3_1_20_1 20
Train_files/3_2_01_1 01
Train_files/3_2_02_1 02
Train_files/3_2_03_1 03
Train_files/3_2_04_1 04
Train_files/3_2_05_1 05
Train_files/3_2_06_1 06
Train_files/3_2_07_1 07
Train_files/3_2_08_1 08
Train_files/3_2_09_1 09
Train_files/3_2_10_1 10
Train_files/3_2_11_1 11
Train_files/3_2_12_1 12
Train_files/3_2_13_1 13
Train_files/3_2_14_1 14
Train_files/3_2_15_1 15
Train_files/3_2_16_1 16
Train_files/3_2_17_1 17
Train_files/3_2_18_1 18
Train_files/3_2_19_1 19
Train_files/3_2_20_1 20
Train_files/4_1_01_1 01
Train_files/4_1_02_1 02
Train_files/4_1_03_1 03
Train_files/4_1_04_1 04
Train_files/4_1_05_1 05
Train_files/4_1_06_1 06
Train_files/4_1_07_1 07
Train_files/4_1_08_1 08
Train_files/4_1_09_1 09
Train_files/4_1_10_1 10
Train_files/4_1_11_1 11
Train_files/4_1_12_1 12
Train_files/4_1_13_1 13
Train_files/4_1_14_1 14
Train_files/4_1_15_1 15
Train_files/4_1_16_1 16
Train_files/4_1_17_1 17
Train_files/4_1_18_1 18
Train_files/4_1_19_1 19
Train_files/4_1_20_1 20
Train_files/4_2_01_1 01
Train_files/4_2_02_1 02
Train_files/4_2_03_1 03
Train_files/4_2_04_1 04
Train_files/4_2_05_1 05
Train_files/4_2_06_1 06
Train_files/4_2_07_1 07
Train_files/4_2_08_1 08
Train_files/4_2_09_1 09
Train_files/4_2_10_1 10
Train_files/4_2_11_1 11
Train_files/4_2_12_1 12
Train_files/4_2_13_1 13
Train_files/4_2_14_1 14
Train_files/4_2_15_1 15
Train_files/4_2_16_1 16
Train_files/4_2_17_1 17
Train_files/4_2_18_1 18
Train_files/4_2_19_1 19
Train_files/4_2_20_1 20
Train_files/5_1_01_1 01
Train_files/5_1_02_1 02
Train_files/5_1_03_1 03
Train_files/5_1_04_1 04
Train_files/5_1_05_1 05
Train_files/5_1_06_1 06
Train_files/5_1_07_1 07
Train_files/5_1_08_1 08
Train_files/5_1_09_1 09
Train_files/5_1_10_1 10
Train_files/5_1_11_1 11
Train_files/5_1_12_1 12
Train_files/5_1_13_1 13
Train_files/5_1_14_1 14
Train_files/5_1_15_1 15
Train_files/5_1_16_1 16
Train_files/5_1_17_1 17
Train_files/5_1_18_1 18
Train_files/5_1_19_1 19
Train_files/5_1_20_1 20
Train_files/5_2_01_1 01
Train_files/5_2_02_1 02
Train_files/5_2_03_1 03
Train_files/5_2_04_1 04
Train_files/5_2_05_1 05
Train_files/5_2_06_1 06
Train_files/5_2_07_1 07
Train_files/5_2_08_1 08
Train_files/5_2_09_1 09
Train_files/5_2_10_1 10
Train_files/5_2_11_1 11
Train_files/5_2_12_1 12
Train_files/5_2_13_1 13
Train_files/5_2_14_1 14
Train_files/5_2_15_1 15
Train_files/5_2_16_1 16
Train_files/5_2_17_1 17
Train_files/5_2_18_1 18
Train_files/5_2_19_1 19
Train_files/5_2_20_1 20
Train_files/6_1_01_1 01
Train_files/6_1_02_1 02
Train_files/6_1_03_1 03
Train_files/6_1_04_1 04
Train_files/6_1_05_1 05
Train_files/6_1_06_1 06
Train_files/6_1_07_1 07
Train_files/6_1_08_1 08
Train_files/6_1_09_1 09
Train_files/6_1_10_1 10
Train_files/6_1_11_1 11
Train_files/6_1_12_1 12
Train_files/6_1_13_1 13
Train_files/6_1_14_1 14
Train_files/6_1_15_1 15
Train_files/6_1_16_1 16
Train_files/6_1_17_1 17
Train_files/6_1_18_1 18
Train_files/6_1_19_1 19
Train_files/6_1_20_1 20
Train_files/6_2_01_1 01
Train_files/6_2_02_1 02
Train_files/6_2_03_1 03
Train_files/6_2_04_1 04
Train_files/6_2_05_1 05
Train_files/6_2_06_1 06
Train_files/6_2_07_1 07
Train_files/6_2_08_1 08
Train_files/6_2_09_1 09
Train_files/6_2_10_1 10
Train_files/6_2_11_1 11
Train_files/6_2_12_1 12
Train_files/6_2_13_1 13
Train_files/6_2_14_1 14
Train_files/6_2_15_1 15
Train_files/6_2_16_1 16
Train_files/6_2_17_1 17
Train_files/6_2_18_1 18
Train_files/6_2_19_1 19
Train_files/6_2_20_1 20
