pa-database/TalkingFace/PA.F.6/2_1_00004_m_01_01_t_2.mp4 NTNU_00004 PA.F.6
pa-database/TalkingFace/PA.F.6/2_1_00004_m_01_02_t_2.mp4 NTNU_00004 PA.F.6
pa-database/TalkingFace/PA.F.6/2_1_00004_m_01_03_t_2.mp4 NTNU_00004 PA.F.6
pa-database/TalkingFace/PA.F.6/2_1_00004_m_01_04_t_2.mp4 NTNU_00004 PA.F.6
pa-database/TalkingFace/PA.F.6/2_1_00004_m_01_05_t_2.mp4 NTNU_00004 PA.F.6
pa-database/TalkingFace/PA.F.6/2_1_00004_m_01_06_t_2.mp4 NTNU_00004 PA.F.6
pa-database/TalkingFace/PA.F.6/2_1_00004_m_01_07_t_2.mp4 NTNU_00004 PA.F.6
pa-database/TalkingFace/PA.F.6/2_1_00004_m_01_08_t_2.mp4 NTNU_00004 PA.F.6
pa-database/TalkingFace/PA.F.6/2_1_00005_f_01_01_t_2.mp4 NTNU_00005 PA.F.6
pa-database/TalkingFace/PA.F.6/2_1_00005_f_01_02_t_2.mp4 NTNU_00005 PA.F.6
pa-database/TalkingFace/PA.F.6/2_1_00005_f_01_03_t_2.mp4 NTNU_00005 PA.F.6
pa-database/TalkingFace/PA.F.6/2_1_00005_f_01_04_t_2.mp4 NTNU_00005 PA.F.6
pa-database/TalkingFace/PA.F.6/2_1_00005_f_01_05_t_2.mp4 NTNU_00005 PA.F.6
pa-database/TalkingFace/PA.F.6/2_1_00005_f_01_06_t_2.mp4 NTNU_00005 PA.F.6
pa-database/TalkingFace/PA.F.6/2_1_00005_f_01_07_t_2.mp4 NTNU_00005 PA.F.6
pa-database/TalkingFace/PA.F.6/2_1_00005_f_01_08_t_2.mp4 NTNU_00005 PA.F.6
pa-database/TalkingFace/PA.F.6/2_1_00006_m_01_01_t_2.mp4 NTNU_00006 PA.F.6
pa-database/TalkingFace/PA.F.6/2_1_00006_m_01_02_t_2.mp4 NTNU_00006 PA.F.6
pa-database/TalkingFace/PA.F.6/2_1_00006_m_01_03_t_2.mp4 NTNU_00006 PA.F.6
pa-database/TalkingFace/PA.F.6/2_1_00006_m_01_04_t_2.mp4 NTNU_00006 PA.F.6
pa-database/TalkingFace/PA.F.6/2_1_00006_m_01_05_t_2.mp4 NTNU_00006 PA.F.6
pa-database/TalkingFace/PA.F.6/2_1_00006_m_01_06_t_2.mp4 NTNU_00006 PA.F.6
pa-database/TalkingFace/PA.F.6/2_1_00006_m_01_07_t_2.mp4 NTNU_00006 PA.F.6
pa-database/TalkingFace/PA.F.6/2_1_00006_m_01_08_t_2.mp4 NTNU_00006 PA.F.6
pa-database/TalkingFace/PA.F.6/2_1_00013_m_01_01_t_2.mp4 NTNU_00013 PA.F.6
pa-database/TalkingFace/PA.F.6/2_1_00013_m_01_02_t_2.mp4 NTNU_00013 PA.F.6
pa-database/TalkingFace/PA.F.6/2_1_00013_m_01_03_t_2.mp4 NTNU_00013 PA.F.6
pa-database/TalkingFace/PA.F.6/2_1_00013_m_01_04_t_2.mp4 NTNU_00013 PA.F.6
pa-database/TalkingFace/PA.F.6/2_1_00013_m_01_05_t_2.mp4 NTNU_00013 PA.F.6
pa-database/TalkingFace/PA.F.6/2_1_00013_m_01_06_t_2.mp4 NTNU_00013 PA.F.6
pa-database/TalkingFace/PA.F.6/2_1_00013_m_01_07_t_2.mp4 NTNU_00013 PA.F.6
pa-database/TalkingFace/PA.F.6/2_1_00013_m_01_08_t_2.mp4 NTNU_00013 PA.F.6
pa-database/TalkingFace/PA.F.6/2_1_00015_m_01_01_t_2.mp4 NTNU_00015 PA.F.6
pa-database/TalkingFace/PA.F.6/2_1_00015_m_01_02_t_2.mp4 NTNU_00015 PA.F.6
pa-database/TalkingFace/PA.F.6/2_1_00015_m_01_03_t_2.mp4 NTNU_00015 PA.F.6
pa-database/TalkingFace/PA.F.6/2_1_00015_m_01_04_t_2.mp4 NTNU_00015 PA.F.6
pa-database/TalkingFace/PA.F.6/2_1_00015_m_01_05_t_2.mp4 NTNU_00015 PA.F.6
pa-database/TalkingFace/PA.F.6/2_1_00015_m_01_06_t_2.mp4 NTNU_00015 PA.F.6
pa-database/TalkingFace/PA.F.6/2_1_00015_m_01_07_t_2.mp4 NTNU_00015 PA.F.6
pa-database/TalkingFace/PA.F.6/2_1_00015_m_01_08_t_2.mp4 NTNU_00015 PA.F.6
pa-database/TalkingFace/PA.F.6/2_1_00020_m_01_01_t_2.mp4 NTNU_00020 PA.F.6
pa-database/TalkingFace/PA.F.6/2_1_00020_m_01_02_t_2.mp4 NTNU_00020 PA.F.6
pa-database/TalkingFace/PA.F.6/2_1_00020_m_01_03_t_2.mp4 NTNU_00020 PA.F.6
pa-database/TalkingFace/PA.F.6/2_1_00020_m_01_04_t_2.mp4 NTNU_00020 PA.F.6
pa-database/TalkingFace/PA.F.6/2_1_00020_m_01_05_t_2.mp4 NTNU_00020 PA.F.6
pa-database/TalkingFace/PA.F.6/2_1_00020_m_01_06_t_2.mp4 NTNU_00020 PA.F.6
pa-database/TalkingFace/PA.F.6/2_1_00020_m_01_07_t_2.mp4 NTNU_00020 PA.F.6
pa-database/TalkingFace/PA.F.6/2_1_00020_m_01_08_t_2.mp4 NTNU_00020 PA.F.6
pa-database/TalkingFace/PA.F.6/2_1_00021_m_01_01_t_2.mp4 NTNU_00021 PA.F.6
pa-database/TalkingFace/PA.F.6/2_1_00021_m_01_02_t_2.mp4 NTNU_00021 PA.F.6
pa-database/TalkingFace/PA.F.6/2_1_00021_m_01_03_t_2.mp4 NTNU_00021 PA.F.6
pa-database/TalkingFace/PA.F.6/2_1_00021_m_01_04_t_2.mp4 NTNU_00021 PA.F.6
pa-database/TalkingFace/PA.F.6/2_1_00021_m_01_05_t_2.mp4 NTNU_00021 PA.F.6
pa-database/TalkingFace/PA.F.6/2_1_00021_m_01_06_t_2.mp4 NTNU_00021 PA.F.6
pa-database/TalkingFace/PA.F.6/2_1_00021_m_01_07_t_2.mp4 NTNU_00021 PA.F.6
pa-database/TalkingFace/PA.F.6/2_1_00021_m_01_08_t_2.mp4 NTNU_00021 PA.F.6
pa-database/TalkingFace/PA.F.6/2_1_00024_m_01_01_t_2.mp4 NTNU_00024 PA.F.6
pa-database/TalkingFace/PA.F.6/2_1_00024_m_01_02_t_2.mp4 NTNU_00024 PA.F.6
pa-database/TalkingFace/PA.F.6/2_1_00024_m_01_03_t_2.mp4 NTNU_00024 PA.F.6
pa-database/TalkingFace/PA.F.6/2_1_00024_m_01_04_t_2.mp4 NTNU_00024 PA.F.6
pa-database/TalkingFace/PA.F.6/2_1_00024_m_01_05_t_2.mp4 NTNU_00024 PA.F.6
pa-database/TalkingFace/PA.F.6/2_1_00024_m_01_06_t_2.mp4 NTNU_00024 PA.F.6
pa-database/TalkingFace/PA.F.6/2_1_00024_m_01_07_t_2.mp4 NTNU_00024 PA.F.6
pa-database/TalkingFace/PA.F.6/2_1_00024_m_01_08_t_2.mp4 NTNU_00024 PA.F.6
pa-database/TalkingFace/PA.F.6/2_1_00025_m_01_01_t_2.mp4 NTNU_00025 PA.F.6
pa-database/TalkingFace/PA.F.6/2_1_00025_m_01_02_t_2.mp4 NTNU_00025 PA.F.6
pa-database/TalkingFace/PA.F.6/2_1_00025_m_01_03_t_2.mp4 NTNU_00025 PA.F.6
pa-database/TalkingFace/PA.F.6/2_1_00025_m_01_04_t_2.mp4 NTNU_00025 PA.F.6
pa-database/TalkingFace/PA.F.6/2_1_00025_m_01_05_t_2.mp4 NTNU_00025 PA.F.6
pa-database/TalkingFace/PA.F.6/2_1_00025_m_01_06_t_2.mp4 NTNU_00025 PA.F.6
pa-database/TalkingFace/PA.F.6/2_1_00025_m_01_07_t_2.mp4 NTNU_00025 PA.F.6
pa-database/TalkingFace/PA.F.6/2_1_00025_m_01_08_t_2.mp4 NTNU_00025 PA.F.6
pa-database/TalkingFace/PA.F.6/2_1_00026_m_01_01_t_2.mp4 NTNU_00026 PA.F.6
pa-database/TalkingFace/PA.F.6/2_1_00026_m_01_02_t_2.mp4 NTNU_00026 PA.F.6
pa-database/TalkingFace/PA.F.6/2_1_00026_m_01_03_t_2.mp4 NTNU_00026 PA.F.6
pa-database/TalkingFace/PA.F.6/2_1_00026_m_01_04_t_2.mp4 NTNU_00026 PA.F.6
pa-database/TalkingFace/PA.F.6/2_1_00026_m_01_05_t_2.mp4 NTNU_00026 PA.F.6
pa-database/TalkingFace/PA.F.6/2_1_00026_m_01_06_t_2.mp4 NTNU_00026 PA.F.6
pa-database/TalkingFace/PA.F.6/2_1_00026_m_01_07_t_2.mp4 NTNU_00026 PA.F.6
pa-database/TalkingFace/PA.F.6/2_1_00026_m_01_08_t_2.mp4 NTNU_00026 PA.F.6
pa-database/TalkingFace/PA.F.6/2_1_00027_m_01_01_t_2.mp4 NTNU_00027 PA.F.6
pa-database/TalkingFace/PA.F.6/2_1_00027_m_01_02_t_2.mp4 NTNU_00027 PA.F.6
pa-database/TalkingFace/PA.F.6/2_1_00027_m_01_03_t_2.mp4 NTNU_00027 PA.F.6
pa-database/TalkingFace/PA.F.6/2_1_00027_m_01_04_t_2.mp4 NTNU_00027 PA.F.6
pa-database/TalkingFace/PA.F.6/2_1_00027_m_01_05_t_2.mp4 NTNU_00027 PA.F.6
pa-database/TalkingFace/PA.F.6/2_1_00027_m_01_06_t_2.mp4 NTNU_00027 PA.F.6
pa-database/TalkingFace/PA.F.6/2_1_00027_m_01_07_t_2.mp4 NTNU_00027 PA.F.6
pa-database/TalkingFace/PA.F.6/2_1_00027_m_01_08_t_2.mp4 NTNU_00027 PA.F.6
pa-database/TalkingFace/PA.F.6/2_1_00028_m_01_01_t_2.mp4 NTNU_00028 PA.F.6
pa-database/TalkingFace/PA.F.6/2_1_00028_m_01_02_t_2.mp4 NTNU_00028 PA.F.6
pa-database/TalkingFace/PA.F.6/2_1_00028_m_01_03_t_2.mp4 NTNU_00028 PA.F.6
pa-database/TalkingFace/PA.F.6/2_1_00028_m_01_04_t_2.mp4 NTNU_00028 PA.F.6
pa-database/TalkingFace/PA.F.6/2_1_00028_m_01_05_t_2.mp4 NTNU_00028 PA.F.6
pa-database/TalkingFace/PA.F.6/2_1_00028_m_01_06_t_2.mp4 NTNU_00028 PA.F.6
pa-database/TalkingFace/PA.F.6/2_1_00028_m_01_07_t_2.mp4 NTNU_00028 PA.F.6
pa-database/TalkingFace/PA.F.6/2_1_00028_m_01_08_t_2.mp4 NTNU_00028 PA.F.6
pa-database/TalkingFace/PA.F.6/2_1_00029_m_01_01_t_2.mp4 NTNU_00029 PA.F.6
pa-database/TalkingFace/PA.F.6/2_1_00029_m_01_02_t_2.mp4 NTNU_00029 PA.F.6
pa-database/TalkingFace/PA.F.6/2_1_00029_m_01_03_t_2.mp4 NTNU_00029 PA.F.6
pa-database/TalkingFace/PA.F.6/2_1_00029_m_01_04_t_2.mp4 NTNU_00029 PA.F.6
pa-database/TalkingFace/PA.F.6/2_1_00029_m_01_05_t_2.mp4 NTNU_00029 PA.F.6
pa-database/TalkingFace/PA.F.6/2_1_00029_m_01_06_t_2.mp4 NTNU_00029 PA.F.6
pa-database/TalkingFace/PA.F.6/2_1_00029_m_01_07_t_2.mp4 NTNU_00029 PA.F.6
pa-database/TalkingFace/PA.F.6/2_1_00029_m_01_08_t_2.mp4 NTNU_00029 PA.F.6
pa-database/TalkingFace/PA.F.6/2_1_00030_m_01_01_t_2.mp4 NTNU_00030 PA.F.6
pa-database/TalkingFace/PA.F.6/2_1_00030_m_01_02_t_2.mp4 NTNU_00030 PA.F.6
pa-database/TalkingFace/PA.F.6/2_1_00030_m_01_03_t_2.mp4 NTNU_00030 PA.F.6
pa-database/TalkingFace/PA.F.6/2_1_00030_m_01_04_t_2.mp4 NTNU_00030 PA.F.6
pa-database/TalkingFace/PA.F.6/2_1_00030_m_01_05_t_2.mp4 NTNU_00030 PA.F.6
pa-database/TalkingFace/PA.F.6/2_1_00030_m_01_06_t_2.mp4 NTNU_00030 PA.F.6
pa-database/TalkingFace/PA.F.6/2_1_00030_m_01_07_t_2.mp4 NTNU_00030 PA.F.6
pa-database/TalkingFace/PA.F.6/2_1_00030_m_01_08_t_2.mp4 NTNU_00030 PA.F.6
pa-database/TalkingFace/PA.F.6/2_1_00031_m_01_01_t_2.mp4 NTNU_00031 PA.F.6
pa-database/TalkingFace/PA.F.6/2_1_00031_m_01_02_t_2.mp4 NTNU_00031 PA.F.6
pa-database/TalkingFace/PA.F.6/2_1_00031_m_01_03_t_2.mp4 NTNU_00031 PA.F.6
pa-database/TalkingFace/PA.F.6/2_1_00031_m_01_04_t_2.mp4 NTNU_00031 PA.F.6
pa-database/TalkingFace/PA.F.6/2_1_00031_m_01_05_t_2.mp4 NTNU_00031 PA.F.6
pa-database/TalkingFace/PA.F.6/2_1_00031_m_01_06_t_2.mp4 NTNU_00031 PA.F.6
pa-database/TalkingFace/PA.F.6/2_1_00031_m_01_07_t_2.mp4 NTNU_00031 PA.F.6
pa-database/TalkingFace/PA.F.6/2_1_00031_m_01_08_t_2.mp4 NTNU_00031 PA.F.6
pa-database/TalkingFace/PA.F.6/2_1_00032_m_01_01_t_2.mp4 NTNU_00032 PA.F.6
pa-database/TalkingFace/PA.F.6/2_1_00032_m_01_02_t_2.mp4 NTNU_00032 PA.F.6
pa-database/TalkingFace/PA.F.6/2_1_00032_m_01_03_t_2.mp4 NTNU_00032 PA.F.6
pa-database/TalkingFace/PA.F.6/2_1_00032_m_01_04_t_2.mp4 NTNU_00032 PA.F.6
pa-database/TalkingFace/PA.F.6/2_1_00032_m_01_05_t_2.mp4 NTNU_00032 PA.F.6
pa-database/TalkingFace/PA.F.6/2_1_00032_m_01_06_t_2.mp4 NTNU_00032 PA.F.6
pa-database/TalkingFace/PA.F.6/2_1_00032_m_01_07_t_2.mp4 NTNU_00032 PA.F.6
pa-database/TalkingFace/PA.F.6/2_1_00032_m_01_08_t_2.mp4 NTNU_00032 PA.F.6
pa-database/TalkingFace/PA.F.6/2_1_00033_f_01_01_t_2.mp4 NTNU_00033 PA.F.6
pa-database/TalkingFace/PA.F.6/2_1_00033_f_01_02_t_2.mp4 NTNU_00033 PA.F.6
pa-database/TalkingFace/PA.F.6/2_1_00033_f_01_03_t_2.mp4 NTNU_00033 PA.F.6
pa-database/TalkingFace/PA.F.6/2_1_00033_f_01_04_t_2.mp4 NTNU_00033 PA.F.6
pa-database/TalkingFace/PA.F.6/2_1_00033_f_01_05_t_2.mp4 NTNU_00033 PA.F.6
pa-database/TalkingFace/PA.F.6/2_1_00033_f_01_06_t_2.mp4 NTNU_00033 PA.F.6
pa-database/TalkingFace/PA.F.6/2_1_00033_f_01_07_t_2.mp4 NTNU_00033 PA.F.6
pa-database/TalkingFace/PA.F.6/2_1_00033_f_01_08_t_2.mp4 NTNU_00033 PA.F.6
pa-database/TalkingFace/PA.F.6/2_1_00035_m_01_01_t_2.mp4 NTNU_00035 PA.F.6
pa-database/TalkingFace/PA.F.6/2_1_00035_m_01_02_t_2.mp4 NTNU_00035 PA.F.6
pa-database/TalkingFace/PA.F.6/2_1_00035_m_01_03_t_2.mp4 NTNU_00035 PA.F.6
pa-database/TalkingFace/PA.F.6/2_1_00035_m_01_04_t_2.mp4 NTNU_00035 PA.F.6
pa-database/TalkingFace/PA.F.6/2_1_00035_m_01_05_t_2.mp4 NTNU_00035 PA.F.6
pa-database/TalkingFace/PA.F.6/2_1_00035_m_01_06_t_2.mp4 NTNU_00035 PA.F.6
pa-database/TalkingFace/PA.F.6/2_1_00035_m_01_07_t_2.mp4 NTNU_00035 PA.F.6
pa-database/TalkingFace/PA.F.6/2_1_00035_m_01_08_t_2.mp4 NTNU_00035 PA.F.6
pa-database/TalkingFace/PA.F.6/2_1_00039_m_01_01_t_2.mp4 NTNU_00039 PA.F.6
pa-database/TalkingFace/PA.F.6/2_1_00039_m_01_02_t_2.mp4 NTNU_00039 PA.F.6
pa-database/TalkingFace/PA.F.6/2_1_00039_m_01_03_t_2.mp4 NTNU_00039 PA.F.6
pa-database/TalkingFace/PA.F.6/2_1_00039_m_01_04_t_2.mp4 NTNU_00039 PA.F.6
pa-database/TalkingFace/PA.F.6/2_1_00039_m_01_05_t_2.mp4 NTNU_00039 PA.F.6
pa-database/TalkingFace/PA.F.6/2_1_00039_m_01_06_t_2.mp4 NTNU_00039 PA.F.6
pa-database/TalkingFace/PA.F.6/2_1_00039_m_01_07_t_2.mp4 NTNU_00039 PA.F.6
pa-database/TalkingFace/PA.F.6/2_1_00039_m_01_08_t_2.mp4 NTNU_00039 PA.F.6
pa-database/TalkingFace/PA.F.6/2_1_00040_m_01_01_t_2.mp4 NTNU_00040 PA.F.6
pa-database/TalkingFace/PA.F.6/2_1_00040_m_01_02_t_2.mp4 NTNU_00040 PA.F.6
pa-database/TalkingFace/PA.F.6/2_1_00040_m_01_03_t_2.mp4 NTNU_00040 PA.F.6
pa-database/TalkingFace/PA.F.6/2_1_00040_m_01_04_t_2.mp4 NTNU_00040 PA.F.6
pa-database/TalkingFace/PA.F.6/2_1_00040_m_01_05_t_2.mp4 NTNU_00040 PA.F.6
pa-database/TalkingFace/PA.F.6/2_1_00040_m_01_06_t_2.mp4 NTNU_00040 PA.F.6
pa-database/TalkingFace/PA.F.6/2_1_00040_m_01_07_t_2.mp4 NTNU_00040 PA.F.6
pa-database/TalkingFace/PA.F.6/2_1_00040_m_01_08_t_2.mp4 NTNU_00040 PA.F.6
pa-database/TalkingFace/PA.F.6/2_1_00041_m_01_01_t_2.mp4 NTNU_00041 PA.F.6
pa-database/TalkingFace/PA.F.6/2_1_00041_m_01_02_t_2.mp4 NTNU_00041 PA.F.6
pa-database/TalkingFace/PA.F.6/2_1_00041_m_01_03_t_2.mp4 NTNU_00041 PA.F.6
pa-database/TalkingFace/PA.F.6/2_1_00041_m_01_04_t_2.mp4 NTNU_00041 PA.F.6
pa-database/TalkingFace/PA.F.6/2_1_00041_m_01_05_t_2.mp4 NTNU_00041 PA.F.6
pa-database/TalkingFace/PA.F.6/2_1_00041_m_01_06_t_2.mp4 NTNU_00041 PA.F.6
pa-database/TalkingFace/PA.F.6/2_1_00041_m_01_07_t_2.mp4 NTNU_00041 PA.F.6
pa-database/TalkingFace/PA.F.6/2_1_00041_m_01_08_t_2.mp4 NTNU_00041 PA.F.6
pa-database/TalkingFace/PA.F.6/2_1_00042_f_01_01_t_2.mp4 NTNU_00042 PA.F.6
pa-database/TalkingFace/PA.F.6/2_1_00042_f_01_02_t_2.mp4 NTNU_00042 PA.F.6
pa-database/TalkingFace/PA.F.6/2_1_00042_f_01_03_t_2.mp4 NTNU_00042 PA.F.6
pa-database/TalkingFace/PA.F.6/2_1_00042_f_01_04_t_2.mp4 NTNU_00042 PA.F.6
pa-database/TalkingFace/PA.F.6/2_1_00042_f_01_05_t_2.mp4 NTNU_00042 PA.F.6
pa-database/TalkingFace/PA.F.6/2_1_00042_f_01_06_t_2.mp4 NTNU_00042 PA.F.6
pa-database/TalkingFace/PA.F.6/2_1_00042_f_01_07_t_2.mp4 NTNU_00042 PA.F.6
pa-database/TalkingFace/PA.F.6/2_1_00042_f_01_08_t_2.mp4 NTNU_00042 PA.F.6
pa-database/TalkingFace/PA.F.6/2_1_00043_f_01_01_t_2.mp4 NTNU_00043 PA.F.6
pa-database/TalkingFace/PA.F.6/2_1_00043_f_01_02_t_2.mp4 NTNU_00043 PA.F.6
pa-database/TalkingFace/PA.F.6/2_1_00043_f_01_03_t_2.mp4 NTNU_00043 PA.F.6
pa-database/TalkingFace/PA.F.6/2_1_00043_f_01_04_t_2.mp4 NTNU_00043 PA.F.6
pa-database/TalkingFace/PA.F.6/2_1_00043_f_01_05_t_2.mp4 NTNU_00043 PA.F.6
pa-database/TalkingFace/PA.F.6/2_1_00043_f_01_06_t_2.mp4 NTNU_00043 PA.F.6
pa-database/TalkingFace/PA.F.6/2_1_00043_f_01_07_t_2.mp4 NTNU_00043 PA.F.6
pa-database/TalkingFace/PA.F.6/2_1_00043_f_01_08_t_2.mp4 NTNU_00043 PA.F.6
pa-database/TalkingFace/PA.F.6/2_1_00045_m_01_01_t_2.mp4 NTNU_00045 PA.F.6
pa-database/TalkingFace/PA.F.6/2_1_00045_m_01_02_t_2.mp4 NTNU_00045 PA.F.6
pa-database/TalkingFace/PA.F.6/2_1_00045_m_01_03_t_2.mp4 NTNU_00045 PA.F.6
pa-database/TalkingFace/PA.F.6/2_1_00045_m_01_04_t_2.mp4 NTNU_00045 PA.F.6
pa-database/TalkingFace/PA.F.6/2_1_00045_m_01_05_t_2.mp4 NTNU_00045 PA.F.6
pa-database/TalkingFace/PA.F.6/2_1_00045_m_01_06_t_2.mp4 NTNU_00045 PA.F.6
pa-database/TalkingFace/PA.F.6/2_1_00045_m_01_07_t_2.mp4 NTNU_00045 PA.F.6
pa-database/TalkingFace/PA.F.6/2_1_00045_m_01_08_t_2.mp4 NTNU_00045 PA.F.6
pa-database/TalkingFace/PA.F.6/2_1_00047_m_01_01_t_2.mp4 NTNU_00047 PA.F.6
pa-database/TalkingFace/PA.F.6/2_1_00047_m_01_02_t_2.mp4 NTNU_00047 PA.F.6
pa-database/TalkingFace/PA.F.6/2_1_00047_m_01_03_t_2.mp4 NTNU_00047 PA.F.6
pa-database/TalkingFace/PA.F.6/2_1_00047_m_01_04_t_2.mp4 NTNU_00047 PA.F.6
pa-database/TalkingFace/PA.F.6/2_1_00047_m_01_05_t_2.mp4 NTNU_00047 PA.F.6
pa-database/TalkingFace/PA.F.6/2_1_00047_m_01_06_t_2.mp4 NTNU_00047 PA.F.6
pa-database/TalkingFace/PA.F.6/2_1_00047_m_01_07_t_2.mp4 NTNU_00047 PA.F.6
pa-database/TalkingFace/PA.F.6/2_1_00047_m_01_08_t_2.mp4 NTNU_00047 PA.F.6
pa-database/TalkingFace/PA.F.6/2_1_00051_m_01_01_t_2.mp4 NTNU_00051 PA.F.6
pa-database/TalkingFace/PA.F.6/2_1_00051_m_01_02_t_2.mp4 NTNU_00051 PA.F.6
pa-database/TalkingFace/PA.F.6/2_1_00051_m_01_03_t_2.mp4 NTNU_00051 PA.F.6
pa-database/TalkingFace/PA.F.6/2_1_00051_m_01_04_t_2.mp4 NTNU_00051 PA.F.6
pa-database/TalkingFace/PA.F.6/2_1_00051_m_01_05_t_2.mp4 NTNU_00051 PA.F.6
pa-database/TalkingFace/PA.F.6/2_1_00051_m_01_06_t_2.mp4 NTNU_00051 PA.F.6
pa-database/TalkingFace/PA.F.6/2_1_00051_m_01_07_t_2.mp4 NTNU_00051 PA.F.6
pa-database/TalkingFace/PA.F.6/2_1_00051_m_01_08_t_2.mp4 NTNU_00051 PA.F.6
pa-database/TalkingFace/PA.F.6/2_1_00053_m_01_01_t_2.mp4 NTNU_00053 PA.F.6
pa-database/TalkingFace/PA.F.6/2_1_00053_m_01_02_t_2.mp4 NTNU_00053 PA.F.6
pa-database/TalkingFace/PA.F.6/2_1_00053_m_01_03_t_2.mp4 NTNU_00053 PA.F.6
pa-database/TalkingFace/PA.F.6/2_1_00053_m_01_04_t_2.mp4 NTNU_00053 PA.F.6
pa-database/TalkingFace/PA.F.6/2_1_00053_m_01_05_t_2.mp4 NTNU_00053 PA.F.6
pa-database/TalkingFace/PA.F.6/2_1_00053_m_01_06_t_2.mp4 NTNU_00053 PA.F.6
pa-database/TalkingFace/PA.F.6/2_1_00053_m_01_07_t_2.mp4 NTNU_00053 PA.F.6
pa-database/TalkingFace/PA.F.6/2_1_00053_m_01_08_t_2.mp4 NTNU_00053 PA.F.6
pa-database/TalkingFace/PA.F.6/2_4_00002_f_01_01_t_2.mp4 IDIAP_00002 PA.F.6
pa-database/TalkingFace/PA.F.6/2_4_00002_f_01_02_t_2.mp4 IDIAP_00002 PA.F.6
pa-database/TalkingFace/PA.F.6/2_4_00002_f_01_03_t_2.mp4 IDIAP_00002 PA.F.6
pa-database/TalkingFace/PA.F.6/2_4_00002_f_01_04_t_2.mp4 IDIAP_00002 PA.F.6
pa-database/TalkingFace/PA.F.6/2_4_00002_f_01_05_t_2.mp4 IDIAP_00002 PA.F.6
pa-database/TalkingFace/PA.F.6/2_4_00002_f_01_06_t_2.mp4 IDIAP_00002 PA.F.6
pa-database/TalkingFace/PA.F.6/2_4_00002_f_01_07_t_2.mp4 IDIAP_00002 PA.F.6
pa-database/TalkingFace/PA.F.6/2_4_00002_f_01_08_t_2.mp4 IDIAP_00002 PA.F.6
pa-database/TalkingFace/PA.F.6/2_4_00003_m_01_01_t_2.mp4 IDIAP_00003 PA.F.6
pa-database/TalkingFace/PA.F.6/2_4_00003_m_01_02_t_2.mp4 IDIAP_00003 PA.F.6
pa-database/TalkingFace/PA.F.6/2_4_00003_m_01_03_t_2.mp4 IDIAP_00003 PA.F.6
pa-database/TalkingFace/PA.F.6/2_4_00003_m_01_04_t_2.mp4 IDIAP_00003 PA.F.6
pa-database/TalkingFace/PA.F.6/2_4_00003_m_01_05_t_2.mp4 IDIAP_00003 PA.F.6
pa-database/TalkingFace/PA.F.6/2_4_00003_m_01_06_t_2.mp4 IDIAP_00003 PA.F.6
pa-database/TalkingFace/PA.F.6/2_4_00003_m_01_07_t_2.mp4 IDIAP_00003 PA.F.6
pa-database/TalkingFace/PA.F.6/2_4_00003_m_01_08_t_2.mp4 IDIAP_00003 PA.F.6
pa-database/TalkingFace/PA.F.6/2_4_00005_m_01_01_t_2.mp4 IDIAP_00005 PA.F.6
pa-database/TalkingFace/PA.F.6/2_4_00005_m_01_02_t_2.mp4 IDIAP_00005 PA.F.6
pa-database/TalkingFace/PA.F.6/2_4_00005_m_01_03_t_2.mp4 IDIAP_00005 PA.F.6
pa-database/TalkingFace/PA.F.6/2_4_00005_m_01_04_t_2.mp4 IDIAP_00005 PA.F.6
pa-database/TalkingFace/PA.F.6/2_4_00005_m_01_05_t_2.mp4 IDIAP_00005 PA.F.6
pa-database/TalkingFace/PA.F.6/2_4_00005_m_01_06_t_2.mp4 IDIAP_00005 PA.F.6
pa-database/TalkingFace/PA.F.6/2_4_00005_m_01_07_t_2.mp4 IDIAP_00005 PA.F.6
pa-database/TalkingFace/PA.F.6/2_4_00005_m_01_08_t_2.mp4 IDIAP_00005 PA.F.6
pa-database/TalkingFace/PA.F.6/2_4_00006_m_01_01_t_2.mp4 IDIAP_00006 PA.F.6
pa-database/TalkingFace/PA.F.6/2_4_00006_m_01_02_t_2.mp4 IDIAP_00006 PA.F.6
pa-database/TalkingFace/PA.F.6/2_4_00006_m_01_03_t_2.mp4 IDIAP_00006 PA.F.6
pa-database/TalkingFace/PA.F.6/2_4_00006_m_01_04_t_2.mp4 IDIAP_00006 PA.F.6
pa-database/TalkingFace/PA.F.6/2_4_00006_m_01_05_t_2.mp4 IDIAP_00006 PA.F.6
pa-database/TalkingFace/PA.F.6/2_4_00006_m_01_06_t_2.mp4 IDIAP_00006 PA.F.6
pa-database/TalkingFace/PA.F.6/2_4_00006_m_01_07_t_2.mp4 IDIAP_00006 PA.F.6
pa-database/TalkingFace/PA.F.6/2_4_00006_m_01_08_t_2.mp4 IDIAP_00006 PA.F.6
pa-database/TalkingFace/PA.F.6/2_4_00011_m_01_01_t_2.mp4 IDIAP_00011 PA.F.6
pa-database/TalkingFace/PA.F.6/2_4_00011_m_01_02_t_2.mp4 IDIAP_00011 PA.F.6
pa-database/TalkingFace/PA.F.6/2_4_00011_m_01_03_t_2.mp4 IDIAP_00011 PA.F.6
pa-database/TalkingFace/PA.F.6/2_4_00011_m_01_04_t_2.mp4 IDIAP_00011 PA.F.6
pa-database/TalkingFace/PA.F.6/2_4_00011_m_01_05_t_2.mp4 IDIAP_00011 PA.F.6
pa-database/TalkingFace/PA.F.6/2_4_00011_m_01_06_t_2.mp4 IDIAP_00011 PA.F.6
pa-database/TalkingFace/PA.F.6/2_4_00011_m_01_07_t_2.mp4 IDIAP_00011 PA.F.6
pa-database/TalkingFace/PA.F.6/2_4_00011_m_01_08_t_2.mp4 IDIAP_00011 PA.F.6
pa-database/TalkingFace/PA.F.6/2_4_00012_m_01_01_t_2.mp4 IDIAP_00012 PA.F.6
pa-database/TalkingFace/PA.F.6/2_4_00012_m_01_02_t_2.mp4 IDIAP_00012 PA.F.6
pa-database/TalkingFace/PA.F.6/2_4_00012_m_01_03_t_2.mp4 IDIAP_00012 PA.F.6
pa-database/TalkingFace/PA.F.6/2_4_00012_m_01_04_t_2.mp4 IDIAP_00012 PA.F.6
pa-database/TalkingFace/PA.F.6/2_4_00012_m_01_05_t_2.mp4 IDIAP_00012 PA.F.6
pa-database/TalkingFace/PA.F.6/2_4_00012_m_01_06_t_2.mp4 IDIAP_00012 PA.F.6
pa-database/TalkingFace/PA.F.6/2_4_00012_m_01_07_t_2.mp4 IDIAP_00012 PA.F.6
pa-database/TalkingFace/PA.F.6/2_4_00012_m_01_08_t_2.mp4 IDIAP_00012 PA.F.6
pa-database/TalkingFace/PA.F.6/2_4_00014_f_01_01_t_2.mp4 IDIAP_00014 PA.F.6
pa-database/TalkingFace/PA.F.6/2_4_00014_f_01_02_t_2.mp4 IDIAP_00014 PA.F.6
pa-database/TalkingFace/PA.F.6/2_4_00014_f_01_03_t_2.mp4 IDIAP_00014 PA.F.6
pa-database/TalkingFace/PA.F.6/2_4_00014_f_01_04_t_2.mp4 IDIAP_00014 PA.F.6
pa-database/TalkingFace/PA.F.6/2_4_00014_f_01_05_t_2.mp4 IDIAP_00014 PA.F.6
pa-database/TalkingFace/PA.F.6/2_4_00014_f_01_06_t_2.mp4 IDIAP_00014 PA.F.6
pa-database/TalkingFace/PA.F.6/2_4_00014_f_01_07_t_2.mp4 IDIAP_00014 PA.F.6
pa-database/TalkingFace/PA.F.6/2_4_00014_f_01_08_t_2.mp4 IDIAP_00014 PA.F.6
pa-database/TalkingFace/PA.F.6/2_4_00017_m_01_01_t_2.mp4 IDIAP_00017 PA.F.6
pa-database/TalkingFace/PA.F.6/2_4_00017_m_01_02_t_2.mp4 IDIAP_00017 PA.F.6
pa-database/TalkingFace/PA.F.6/2_4_00017_m_01_03_t_2.mp4 IDIAP_00017 PA.F.6
pa-database/TalkingFace/PA.F.6/2_4_00017_m_01_04_t_2.mp4 IDIAP_00017 PA.F.6
pa-database/TalkingFace/PA.F.6/2_4_00017_m_01_05_t_2.mp4 IDIAP_00017 PA.F.6
pa-database/TalkingFace/PA.F.6/2_4_00017_m_01_06_t_2.mp4 IDIAP_00017 PA.F.6
pa-database/TalkingFace/PA.F.6/2_4_00017_m_01_07_t_2.mp4 IDIAP_00017 PA.F.6
pa-database/TalkingFace/PA.F.6/2_4_00017_m_01_08_t_2.mp4 IDIAP_00017 PA.F.6
pa-database/TalkingFace/PA.F.6/2_4_00019_m_01_01_t_2.mp4 IDIAP_00019 PA.F.6
pa-database/TalkingFace/PA.F.6/2_4_00019_m_01_02_t_2.mp4 IDIAP_00019 PA.F.6
pa-database/TalkingFace/PA.F.6/2_4_00019_m_01_03_t_2.mp4 IDIAP_00019 PA.F.6
pa-database/TalkingFace/PA.F.6/2_4_00019_m_01_04_t_2.mp4 IDIAP_00019 PA.F.6
pa-database/TalkingFace/PA.F.6/2_4_00019_m_01_05_t_2.mp4 IDIAP_00019 PA.F.6
pa-database/TalkingFace/PA.F.6/2_4_00019_m_01_06_t_2.mp4 IDIAP_00019 PA.F.6
pa-database/TalkingFace/PA.F.6/2_4_00019_m_01_07_t_2.mp4 IDIAP_00019 PA.F.6
pa-database/TalkingFace/PA.F.6/2_4_00019_m_01_08_t_2.mp4 IDIAP_00019 PA.F.6
pa-database/TalkingFace/PA.F.6/2_4_00020_m_01_01_t_2.mp4 IDIAP_00020 PA.F.6
pa-database/TalkingFace/PA.F.6/2_4_00020_m_01_02_t_2.mp4 IDIAP_00020 PA.F.6
pa-database/TalkingFace/PA.F.6/2_4_00020_m_01_03_t_2.mp4 IDIAP_00020 PA.F.6
pa-database/TalkingFace/PA.F.6/2_4_00020_m_01_04_t_2.mp4 IDIAP_00020 PA.F.6
pa-database/TalkingFace/PA.F.6/2_4_00020_m_01_05_t_2.mp4 IDIAP_00020 PA.F.6
pa-database/TalkingFace/PA.F.6/2_4_00020_m_01_06_t_2.mp4 IDIAP_00020 PA.F.6
pa-database/TalkingFace/PA.F.6/2_4_00020_m_01_07_t_2.mp4 IDIAP_00020 PA.F.6
pa-database/TalkingFace/PA.F.6/2_4_00020_m_01_08_t_2.mp4 IDIAP_00020 PA.F.6
pa-database/TalkingFace/PA.F.6/2_4_00022_f_01_01_t_2.mp4 IDIAP_00022 PA.F.6
pa-database/TalkingFace/PA.F.6/2_4_00022_f_01_02_t_2.mp4 IDIAP_00022 PA.F.6
pa-database/TalkingFace/PA.F.6/2_4_00022_f_01_03_t_2.mp4 IDIAP_00022 PA.F.6
pa-database/TalkingFace/PA.F.6/2_4_00022_f_01_04_t_2.mp4 IDIAP_00022 PA.F.6
pa-database/TalkingFace/PA.F.6/2_4_00022_f_01_05_t_2.mp4 IDIAP_00022 PA.F.6
pa-database/TalkingFace/PA.F.6/2_4_00022_f_01_06_t_2.mp4 IDIAP_00022 PA.F.6
pa-database/TalkingFace/PA.F.6/2_4_00022_f_01_07_t_2.mp4 IDIAP_00022 PA.F.6
pa-database/TalkingFace/PA.F.6/2_4_00022_f_01_08_t_2.mp4 IDIAP_00022 PA.F.6
pa-database/TalkingFace/PA.F.6/2_4_00024_m_01_01_t_2.mp4 IDIAP_00024 PA.F.6
pa-database/TalkingFace/PA.F.6/2_4_00024_m_01_02_t_2.mp4 IDIAP_00024 PA.F.6
pa-database/TalkingFace/PA.F.6/2_4_00024_m_01_03_t_2.mp4 IDIAP_00024 PA.F.6
pa-database/TalkingFace/PA.F.6/2_4_00024_m_01_04_t_2.mp4 IDIAP_00024 PA.F.6
pa-database/TalkingFace/PA.F.6/2_4_00024_m_01_05_t_2.mp4 IDIAP_00024 PA.F.6
pa-database/TalkingFace/PA.F.6/2_4_00024_m_01_06_t_2.mp4 IDIAP_00024 PA.F.6
pa-database/TalkingFace/PA.F.6/2_4_00024_m_01_07_t_2.mp4 IDIAP_00024 PA.F.6
pa-database/TalkingFace/PA.F.6/2_4_00024_m_01_08_t_2.mp4 IDIAP_00024 PA.F.6
pa-database/TalkingFace/PA.F.6/2_4_00025_m_01_01_t_2.mp4 IDIAP_00025 PA.F.6
pa-database/TalkingFace/PA.F.6/2_4_00025_m_01_02_t_2.mp4 IDIAP_00025 PA.F.6
pa-database/TalkingFace/PA.F.6/2_4_00025_m_01_03_t_2.mp4 IDIAP_00025 PA.F.6
pa-database/TalkingFace/PA.F.6/2_4_00025_m_01_04_t_2.mp4 IDIAP_00025 PA.F.6
pa-database/TalkingFace/PA.F.6/2_4_00025_m_01_05_t_2.mp4 IDIAP_00025 PA.F.6
pa-database/TalkingFace/PA.F.6/2_4_00025_m_01_06_t_2.mp4 IDIAP_00025 PA.F.6
pa-database/TalkingFace/PA.F.6/2_4_00025_m_01_07_t_2.mp4 IDIAP_00025 PA.F.6
pa-database/TalkingFace/PA.F.6/2_4_00025_m_01_08_t_2.mp4 IDIAP_00025 PA.F.6
pa-database/TalkingFace/PA.F.6/2_4_00028_m_01_01_t_2.mp4 IDIAP_00028 PA.F.6
pa-database/TalkingFace/PA.F.6/2_4_00028_m_01_02_t_2.mp4 IDIAP_00028 PA.F.6
pa-database/TalkingFace/PA.F.6/2_4_00028_m_01_03_t_2.mp4 IDIAP_00028 PA.F.6
pa-database/TalkingFace/PA.F.6/2_4_00028_m_01_04_t_2.mp4 IDIAP_00028 PA.F.6
pa-database/TalkingFace/PA.F.6/2_4_00028_m_01_05_t_2.mp4 IDIAP_00028 PA.F.6
pa-database/TalkingFace/PA.F.6/2_4_00028_m_01_06_t_2.mp4 IDIAP_00028 PA.F.6
pa-database/TalkingFace/PA.F.6/2_4_00028_m_01_07_t_2.mp4 IDIAP_00028 PA.F.6
pa-database/TalkingFace/PA.F.6/2_4_00028_m_01_08_t_2.mp4 IDIAP_00028 PA.F.6
pa-database/TalkingFace/PA.F.6/2_4_00029_m_01_01_t_2.mp4 IDIAP_00029 PA.F.6
pa-database/TalkingFace/PA.F.6/2_4_00029_m_01_02_t_2.mp4 IDIAP_00029 PA.F.6
pa-database/TalkingFace/PA.F.6/2_4_00029_m_01_03_t_2.mp4 IDIAP_00029 PA.F.6
pa-database/TalkingFace/PA.F.6/2_4_00029_m_01_04_t_2.mp4 IDIAP_00029 PA.F.6
pa-database/TalkingFace/PA.F.6/2_4_00029_m_01_05_t_2.mp4 IDIAP_00029 PA.F.6
pa-database/TalkingFace/PA.F.6/2_4_00029_m_01_06_t_2.mp4 IDIAP_00029 PA.F.6
pa-database/TalkingFace/PA.F.6/2_4_00029_m_01_07_t_2.mp4 IDIAP_00029 PA.F.6
pa-database/TalkingFace/PA.F.6/2_4_00029_m_01_08_t_2.mp4 IDIAP_00029 PA.F.6
pa-database/TalkingFace/PA.F.6/2_4_00031_m_01_01_t_2.mp4 IDIAP_00031 PA.F.6
pa-database/TalkingFace/PA.F.6/2_4_00031_m_01_02_t_2.mp4 IDIAP_00031 PA.F.6
pa-database/TalkingFace/PA.F.6/2_4_00031_m_01_03_t_2.mp4 IDIAP_00031 PA.F.6
pa-database/TalkingFace/PA.F.6/2_4_00031_m_01_04_t_2.mp4 IDIAP_00031 PA.F.6
pa-database/TalkingFace/PA.F.6/2_4_00031_m_01_05_t_2.mp4 IDIAP_00031 PA.F.6
pa-database/TalkingFace/PA.F.6/2_4_00031_m_01_06_t_2.mp4 IDIAP_00031 PA.F.6
pa-database/TalkingFace/PA.F.6/2_4_00031_m_01_07_t_2.mp4 IDIAP_00031 PA.F.6
pa-database/TalkingFace/PA.F.6/2_4_00031_m_01_08_t_2.mp4 IDIAP_00031 PA.F.6
pa-database/TalkingFace/PA.F.6/2_4_00036_f_01_01_t_2.mp4 IDIAP_00036 PA.F.6
pa-database/TalkingFace/PA.F.6/2_4_00036_f_01_02_t_2.mp4 IDIAP_00036 PA.F.6
pa-database/TalkingFace/PA.F.6/2_4_00036_f_01_03_t_2.mp4 IDIAP_00036 PA.F.6
pa-database/TalkingFace/PA.F.6/2_4_00036_f_01_04_t_2.mp4 IDIAP_00036 PA.F.6
pa-database/TalkingFace/PA.F.6/2_4_00036_f_01_05_t_2.mp4 IDIAP_00036 PA.F.6
pa-database/TalkingFace/PA.F.6/2_4_00036_f_01_06_t_2.mp4 IDIAP_00036 PA.F.6
pa-database/TalkingFace/PA.F.6/2_4_00036_f_01_07_t_2.mp4 IDIAP_00036 PA.F.6
pa-database/TalkingFace/PA.F.6/2_4_00036_f_01_08_t_2.mp4 IDIAP_00036 PA.F.6
pa-database/TalkingFace/PA.F.6/2_4_00038_f_01_01_t_2.mp4 IDIAP_00038 PA.F.6
pa-database/TalkingFace/PA.F.6/2_4_00038_f_01_02_t_2.mp4 IDIAP_00038 PA.F.6
pa-database/TalkingFace/PA.F.6/2_4_00038_f_01_03_t_2.mp4 IDIAP_00038 PA.F.6
pa-database/TalkingFace/PA.F.6/2_4_00038_f_01_04_t_2.mp4 IDIAP_00038 PA.F.6
pa-database/TalkingFace/PA.F.6/2_4_00038_f_01_05_t_2.mp4 IDIAP_00038 PA.F.6
pa-database/TalkingFace/PA.F.6/2_4_00038_f_01_06_t_2.mp4 IDIAP_00038 PA.F.6
pa-database/TalkingFace/PA.F.6/2_4_00038_f_01_07_t_2.mp4 IDIAP_00038 PA.F.6
pa-database/TalkingFace/PA.F.6/2_4_00038_f_01_08_t_2.mp4 IDIAP_00038 PA.F.6
pa-database/TalkingFace/PA.F.6/2_4_00039_m_01_01_t_2.mp4 IDIAP_00039 PA.F.6
pa-database/TalkingFace/PA.F.6/2_4_00039_m_01_02_t_2.mp4 IDIAP_00039 PA.F.6
pa-database/TalkingFace/PA.F.6/2_4_00039_m_01_03_t_2.mp4 IDIAP_00039 PA.F.6
pa-database/TalkingFace/PA.F.6/2_4_00039_m_01_04_t_2.mp4 IDIAP_00039 PA.F.6
pa-database/TalkingFace/PA.F.6/2_4_00039_m_01_05_t_2.mp4 IDIAP_00039 PA.F.6
pa-database/TalkingFace/PA.F.6/2_4_00039_m_01_06_t_2.mp4 IDIAP_00039 PA.F.6
pa-database/TalkingFace/PA.F.6/2_4_00039_m_01_07_t_2.mp4 IDIAP_00039 PA.F.6
pa-database/TalkingFace/PA.F.6/2_4_00039_m_01_08_t_2.mp4 IDIAP_00039 PA.F.6
pa-database/TalkingFace/PA.F.6/2_4_00047_m_01_01_t_2.mp4 IDIAP_00047 PA.F.6
pa-database/TalkingFace/PA.F.6/2_4_00047_m_01_02_t_2.mp4 IDIAP_00047 PA.F.6
pa-database/TalkingFace/PA.F.6/2_4_00047_m_01_03_t_2.mp4 IDIAP_00047 PA.F.6
pa-database/TalkingFace/PA.F.6/2_4_00047_m_01_04_t_2.mp4 IDIAP_00047 PA.F.6
pa-database/TalkingFace/PA.F.6/2_4_00047_m_01_05_t_2.mp4 IDIAP_00047 PA.F.6
pa-database/TalkingFace/PA.F.6/2_4_00047_m_01_06_t_2.mp4 IDIAP_00047 PA.F.6
pa-database/TalkingFace/PA.F.6/2_4_00047_m_01_07_t_2.mp4 IDIAP_00047 PA.F.6
pa-database/TalkingFace/PA.F.6/2_4_00047_m_01_08_t_2.mp4 IDIAP_00047 PA.F.6
pa-database/TalkingFace/PA.F.6/2_4_00049_m_01_01_t_2.mp4 IDIAP_00049 PA.F.6
pa-database/TalkingFace/PA.F.6/2_4_00049_m_01_02_t_2.mp4 IDIAP_00049 PA.F.6
pa-database/TalkingFace/PA.F.6/2_4_00049_m_01_03_t_2.mp4 IDIAP_00049 PA.F.6
pa-database/TalkingFace/PA.F.6/2_4_00049_m_01_04_t_2.mp4 IDIAP_00049 PA.F.6
pa-database/TalkingFace/PA.F.6/2_4_00049_m_01_05_t_2.mp4 IDIAP_00049 PA.F.6
pa-database/TalkingFace/PA.F.6/2_4_00049_m_01_06_t_2.mp4 IDIAP_00049 PA.F.6
pa-database/TalkingFace/PA.F.6/2_4_00049_m_01_07_t_2.mp4 IDIAP_00049 PA.F.6
pa-database/TalkingFace/PA.F.6/2_4_00049_m_01_08_t_2.mp4 IDIAP_00049 PA.F.6
pa-database/TalkingFace/PA.F.6/2_4_00051_f_01_01_t_2.mp4 IDIAP_00051 PA.F.6
pa-database/TalkingFace/PA.F.6/2_4_00051_f_01_02_t_2.mp4 IDIAP_00051 PA.F.6
pa-database/TalkingFace/PA.F.6/2_4_00051_f_01_03_t_2.mp4 IDIAP_00051 PA.F.6
pa-database/TalkingFace/PA.F.6/2_4_00051_f_01_04_t_2.mp4 IDIAP_00051 PA.F.6
pa-database/TalkingFace/PA.F.6/2_4_00051_f_01_05_t_2.mp4 IDIAP_00051 PA.F.6
pa-database/TalkingFace/PA.F.6/2_4_00051_f_01_06_t_2.mp4 IDIAP_00051 PA.F.6
pa-database/TalkingFace/PA.F.6/2_4_00051_f_01_07_t_2.mp4 IDIAP_00051 PA.F.6
pa-database/TalkingFace/PA.F.6/2_4_00051_f_01_08_t_2.mp4 IDIAP_00051 PA.F.6
pa-database/TalkingFace/PA.F.6/2_4_00054_f_01_01_t_2.mp4 IDIAP_00054 PA.F.6
pa-database/TalkingFace/PA.F.6/2_4_00054_f_01_02_t_2.mp4 IDIAP_00054 PA.F.6
pa-database/TalkingFace/PA.F.6/2_4_00054_f_01_03_t_2.mp4 IDIAP_00054 PA.F.6
pa-database/TalkingFace/PA.F.6/2_4_00054_f_01_04_t_2.mp4 IDIAP_00054 PA.F.6
pa-database/TalkingFace/PA.F.6/2_4_00054_f_01_05_t_2.mp4 IDIAP_00054 PA.F.6
pa-database/TalkingFace/PA.F.6/2_4_00054_f_01_06_t_2.mp4 IDIAP_00054 PA.F.6
pa-database/TalkingFace/PA.F.6/2_4_00054_f_01_07_t_2.mp4 IDIAP_00054 PA.F.6
pa-database/TalkingFace/PA.F.6/2_4_00054_f_01_08_t_2.mp4 IDIAP_00054 PA.F.6
pa-database/TalkingFace/PA.F.6/2_4_00055_m_01_01_t_2.mp4 IDIAP_00055 PA.F.6
pa-database/TalkingFace/PA.F.6/2_4_00055_m_01_02_t_2.mp4 IDIAP_00055 PA.F.6
pa-database/TalkingFace/PA.F.6/2_4_00055_m_01_03_t_2.mp4 IDIAP_00055 PA.F.6
pa-database/TalkingFace/PA.F.6/2_4_00055_m_01_04_t_2.mp4 IDIAP_00055 PA.F.6
pa-database/TalkingFace/PA.F.6/2_4_00055_m_01_05_t_2.mp4 IDIAP_00055 PA.F.6
pa-database/TalkingFace/PA.F.6/2_4_00055_m_01_06_t_2.mp4 IDIAP_00055 PA.F.6
pa-database/TalkingFace/PA.F.6/2_4_00055_m_01_07_t_2.mp4 IDIAP_00055 PA.F.6
pa-database/TalkingFace/PA.F.6/2_4_00055_m_01_08_t_2.mp4 IDIAP_00055 PA.F.6
pa-database/TalkingFace/PA.F.6/2_4_00058_f_01_01_t_2.mp4 IDIAP_00058 PA.F.6
pa-database/TalkingFace/PA.F.6/2_4_00058_f_01_02_t_2.mp4 IDIAP_00058 PA.F.6
pa-database/TalkingFace/PA.F.6/2_4_00058_f_01_03_t_2.mp4 IDIAP_00058 PA.F.6
pa-database/TalkingFace/PA.F.6/2_4_00058_f_01_04_t_2.mp4 IDIAP_00058 PA.F.6
pa-database/TalkingFace/PA.F.6/2_4_00058_f_01_05_t_2.mp4 IDIAP_00058 PA.F.6
pa-database/TalkingFace/PA.F.6/2_4_00058_f_01_06_t_2.mp4 IDIAP_00058 PA.F.6
pa-database/TalkingFace/PA.F.6/2_4_00058_f_01_07_t_2.mp4 IDIAP_00058 PA.F.6
pa-database/TalkingFace/PA.F.6/2_4_00058_f_01_08_t_2.mp4 IDIAP_00058 PA.F.6
pa-database/TalkingFace/PA.F.6/2_4_00059_m_01_01_t_2.mp4 IDIAP_00059 PA.F.6
pa-database/TalkingFace/PA.F.6/2_4_00059_m_01_02_t_2.mp4 IDIAP_00059 PA.F.6
pa-database/TalkingFace/PA.F.6/2_4_00059_m_01_03_t_2.mp4 IDIAP_00059 PA.F.6
pa-database/TalkingFace/PA.F.6/2_4_00059_m_01_04_t_2.mp4 IDIAP_00059 PA.F.6
pa-database/TalkingFace/PA.F.6/2_4_00059_m_01_05_t_2.mp4 IDIAP_00059 PA.F.6
pa-database/TalkingFace/PA.F.6/2_4_00059_m_01_06_t_2.mp4 IDIAP_00059 PA.F.6
pa-database/TalkingFace/PA.F.6/2_4_00059_m_01_07_t_2.mp4 IDIAP_00059 PA.F.6
pa-database/TalkingFace/PA.F.6/2_4_00059_m_01_08_t_2.mp4 IDIAP_00059 PA.F.6
pa-database/TalkingFace/PA.F.6/2_4_00060_f_01_01_t_2.mp4 IDIAP_00060 PA.F.6
pa-database/TalkingFace/PA.F.6/2_4_00060_f_01_02_t_2.mp4 IDIAP_00060 PA.F.6
pa-database/TalkingFace/PA.F.6/2_4_00060_f_01_03_t_2.mp4 IDIAP_00060 PA.F.6
pa-database/TalkingFace/PA.F.6/2_4_00060_f_01_04_t_2.mp4 IDIAP_00060 PA.F.6
pa-database/TalkingFace/PA.F.6/2_4_00060_f_01_05_t_2.mp4 IDIAP_00060 PA.F.6
pa-database/TalkingFace/PA.F.6/2_4_00060_f_01_06_t_2.mp4 IDIAP_00060 PA.F.6
pa-database/TalkingFace/PA.F.6/2_4_00060_f_01_07_t_2.mp4 IDIAP_00060 PA.F.6
pa-database/TalkingFace/PA.F.6/2_4_00060_f_01_08_t_2.mp4 IDIAP_00060 PA.F.6
pa-database/TalkingFace/PA.F.6/2_6_00001_m_01_01_t_2.mp4 MPH-IND_00001 PA.F.6
pa-database/TalkingFace/PA.F.6/2_6_00001_m_01_02_t_2.mp4 MPH-IND_00001 PA.F.6
pa-database/TalkingFace/PA.F.6/2_6_00001_m_01_03_t_2.mp4 MPH-IND_00001 PA.F.6
pa-database/TalkingFace/PA.F.6/2_6_00001_m_01_04_t_2.mp4 MPH-IND_00001 PA.F.6
pa-database/TalkingFace/PA.F.6/2_6_00001_m_01_05_t_2.mp4 MPH-IND_00001 PA.F.6
pa-database/TalkingFace/PA.F.6/2_6_00001_m_01_06_t_2.mp4 MPH-IND_00001 PA.F.6
pa-database/TalkingFace/PA.F.6/2_6_00001_m_01_07_t_2.mp4 MPH-IND_00001 PA.F.6
pa-database/TalkingFace/PA.F.6/2_6_00001_m_01_08_t_2.mp4 MPH-IND_00001 PA.F.6
pa-database/TalkingFace/PA.F.6/2_6_00002_m_01_01_t_2.mp4 MPH-IND_00002 PA.F.6
pa-database/TalkingFace/PA.F.6/2_6_00002_m_01_02_t_2.mp4 MPH-IND_00002 PA.F.6
pa-database/TalkingFace/PA.F.6/2_6_00002_m_01_03_t_2.mp4 MPH-IND_00002 PA.F.6
pa-database/TalkingFace/PA.F.6/2_6_00002_m_01_04_t_2.mp4 MPH-IND_00002 PA.F.6
pa-database/TalkingFace/PA.F.6/2_6_00002_m_01_05_t_2.mp4 MPH-IND_00002 PA.F.6
pa-database/TalkingFace/PA.F.6/2_6_00002_m_01_06_t_2.mp4 MPH-IND_00002 PA.F.6
pa-database/TalkingFace/PA.F.6/2_6_00002_m_01_07_t_2.mp4 MPH-IND_00002 PA.F.6
pa-database/TalkingFace/PA.F.6/2_6_00002_m_01_08_t_2.mp4 MPH-IND_00002 PA.F.6
pa-database/TalkingFace/PA.F.6/2_6_00004_f_01_01_t_2.mp4 MPH-IND_00004 PA.F.6
pa-database/TalkingFace/PA.F.6/2_6_00004_f_01_02_t_2.mp4 MPH-IND_00004 PA.F.6
pa-database/TalkingFace/PA.F.6/2_6_00004_f_01_03_t_2.mp4 MPH-IND_00004 PA.F.6
pa-database/TalkingFace/PA.F.6/2_6_00004_f_01_04_t_2.mp4 MPH-IND_00004 PA.F.6
pa-database/TalkingFace/PA.F.6/2_6_00004_f_01_05_t_2.mp4 MPH-IND_00004 PA.F.6
pa-database/TalkingFace/PA.F.6/2_6_00004_f_01_06_t_2.mp4 MPH-IND_00004 PA.F.6
pa-database/TalkingFace/PA.F.6/2_6_00004_f_01_07_t_2.mp4 MPH-IND_00004 PA.F.6
pa-database/TalkingFace/PA.F.6/2_6_00004_f_01_08_t_2.mp4 MPH-IND_00004 PA.F.6
pa-database/TalkingFace/PA.F.6/2_6_00005_m_01_01_t_2.mp4 MPH-IND_00005 PA.F.6
pa-database/TalkingFace/PA.F.6/2_6_00005_m_01_02_t_2.mp4 MPH-IND_00005 PA.F.6
pa-database/TalkingFace/PA.F.6/2_6_00005_m_01_03_t_2.mp4 MPH-IND_00005 PA.F.6
pa-database/TalkingFace/PA.F.6/2_6_00005_m_01_04_t_2.mp4 MPH-IND_00005 PA.F.6
pa-database/TalkingFace/PA.F.6/2_6_00005_m_01_05_t_2.mp4 MPH-IND_00005 PA.F.6
pa-database/TalkingFace/PA.F.6/2_6_00005_m_01_06_t_2.mp4 MPH-IND_00005 PA.F.6
pa-database/TalkingFace/PA.F.6/2_6_00005_m_01_07_t_2.mp4 MPH-IND_00005 PA.F.6
pa-database/TalkingFace/PA.F.6/2_6_00005_m_01_08_t_2.mp4 MPH-IND_00005 PA.F.6
pa-database/TalkingFace/PA.F.6/2_6_00006_f_01_01_t_2.mp4 MPH-IND_00006 PA.F.6
pa-database/TalkingFace/PA.F.6/2_6_00006_f_01_02_t_2.mp4 MPH-IND_00006 PA.F.6
pa-database/TalkingFace/PA.F.6/2_6_00006_f_01_03_t_2.mp4 MPH-IND_00006 PA.F.6
pa-database/TalkingFace/PA.F.6/2_6_00006_f_01_04_t_2.mp4 MPH-IND_00006 PA.F.6
pa-database/TalkingFace/PA.F.6/2_6_00006_f_01_05_t_2.mp4 MPH-IND_00006 PA.F.6
pa-database/TalkingFace/PA.F.6/2_6_00006_f_01_06_t_2.mp4 MPH-IND_00006 PA.F.6
pa-database/TalkingFace/PA.F.6/2_6_00006_f_01_07_t_2.mp4 MPH-IND_00006 PA.F.6
pa-database/TalkingFace/PA.F.6/2_6_00006_f_01_08_t_2.mp4 MPH-IND_00006 PA.F.6
pa-database/TalkingFace/PA.F.6/2_6_00007_m_01_01_t_2.mp4 MPH-IND_00007 PA.F.6
pa-database/TalkingFace/PA.F.6/2_6_00007_m_01_02_t_2.mp4 MPH-IND_00007 PA.F.6
pa-database/TalkingFace/PA.F.6/2_6_00007_m_01_03_t_2.mp4 MPH-IND_00007 PA.F.6
pa-database/TalkingFace/PA.F.6/2_6_00007_m_01_04_t_2.mp4 MPH-IND_00007 PA.F.6
pa-database/TalkingFace/PA.F.6/2_6_00007_m_01_05_t_2.mp4 MPH-IND_00007 PA.F.6
pa-database/TalkingFace/PA.F.6/2_6_00007_m_01_06_t_2.mp4 MPH-IND_00007 PA.F.6
pa-database/TalkingFace/PA.F.6/2_6_00007_m_01_07_t_2.mp4 MPH-IND_00007 PA.F.6
pa-database/TalkingFace/PA.F.6/2_6_00007_m_01_08_t_2.mp4 MPH-IND_00007 PA.F.6
pa-database/TalkingFace/PA.F.6/2_6_00014_m_01_01_t_2.mp4 MPH-IND_00014 PA.F.6
pa-database/TalkingFace/PA.F.6/2_6_00014_m_01_02_t_2.mp4 MPH-IND_00014 PA.F.6
pa-database/TalkingFace/PA.F.6/2_6_00014_m_01_03_t_2.mp4 MPH-IND_00014 PA.F.6
pa-database/TalkingFace/PA.F.6/2_6_00014_m_01_04_t_2.mp4 MPH-IND_00014 PA.F.6
pa-database/TalkingFace/PA.F.6/2_6_00014_m_01_05_t_2.mp4 MPH-IND_00014 PA.F.6
pa-database/TalkingFace/PA.F.6/2_6_00014_m_01_06_t_2.mp4 MPH-IND_00014 PA.F.6
pa-database/TalkingFace/PA.F.6/2_6_00014_m_01_07_t_2.mp4 MPH-IND_00014 PA.F.6
pa-database/TalkingFace/PA.F.6/2_6_00014_m_01_08_t_2.mp4 MPH-IND_00014 PA.F.6
pa-database/TalkingFace/PA.F.6/2_6_00017_m_01_01_t_2.mp4 MPH-IND_00017 PA.F.6
pa-database/TalkingFace/PA.F.6/2_6_00017_m_01_02_t_2.mp4 MPH-IND_00017 PA.F.6
pa-database/TalkingFace/PA.F.6/2_6_00017_m_01_03_t_2.mp4 MPH-IND_00017 PA.F.6
pa-database/TalkingFace/PA.F.6/2_6_00017_m_01_04_t_2.mp4 MPH-IND_00017 PA.F.6
pa-database/TalkingFace/PA.F.6/2_6_00017_m_01_05_t_2.mp4 MPH-IND_00017 PA.F.6
pa-database/TalkingFace/PA.F.6/2_6_00017_m_01_06_t_2.mp4 MPH-IND_00017 PA.F.6
pa-database/TalkingFace/PA.F.6/2_6_00017_m_01_07_t_2.mp4 MPH-IND_00017 PA.F.6
pa-database/TalkingFace/PA.F.6/2_6_00017_m_01_08_t_2.mp4 MPH-IND_00017 PA.F.6
pa-database/TalkingFace/PA.F.6/2_6_00024_m_01_01_t_2.mp4 MPH-IND_00024 PA.F.6
pa-database/TalkingFace/PA.F.6/2_6_00024_m_01_02_t_2.mp4 MPH-IND_00024 PA.F.6
pa-database/TalkingFace/PA.F.6/2_6_00024_m_01_03_t_2.mp4 MPH-IND_00024 PA.F.6
pa-database/TalkingFace/PA.F.6/2_6_00024_m_01_04_t_2.mp4 MPH-IND_00024 PA.F.6
pa-database/TalkingFace/PA.F.6/2_6_00024_m_01_05_t_2.mp4 MPH-IND_00024 PA.F.6
pa-database/TalkingFace/PA.F.6/2_6_00024_m_01_06_t_2.mp4 MPH-IND_00024 PA.F.6
pa-database/TalkingFace/PA.F.6/2_6_00024_m_01_07_t_2.mp4 MPH-IND_00024 PA.F.6
pa-database/TalkingFace/PA.F.6/2_6_00024_m_01_08_t_2.mp4 MPH-IND_00024 PA.F.6
pa-database/TalkingFace/PA.F.6/2_6_00026_m_01_01_t_2.mp4 MPH-IND_00026 PA.F.6
pa-database/TalkingFace/PA.F.6/2_6_00026_m_01_02_t_2.mp4 MPH-IND_00026 PA.F.6
pa-database/TalkingFace/PA.F.6/2_6_00026_m_01_03_t_2.mp4 MPH-IND_00026 PA.F.6
pa-database/TalkingFace/PA.F.6/2_6_00026_m_01_04_t_2.mp4 MPH-IND_00026 PA.F.6
pa-database/TalkingFace/PA.F.6/2_6_00026_m_01_05_t_2.mp4 MPH-IND_00026 PA.F.6
pa-database/TalkingFace/PA.F.6/2_6_00026_m_01_06_t_2.mp4 MPH-IND_00026 PA.F.6
pa-database/TalkingFace/PA.F.6/2_6_00026_m_01_07_t_2.mp4 MPH-IND_00026 PA.F.6
pa-database/TalkingFace/PA.F.6/2_6_00026_m_01_08_t_2.mp4 MPH-IND_00026 PA.F.6
pa-database/TalkingFace/PA.F.6/2_6_00028_m_01_01_t_2.mp4 MPH-IND_00028 PA.F.6
pa-database/TalkingFace/PA.F.6/2_6_00028_m_01_02_t_2.mp4 MPH-IND_00028 PA.F.6
pa-database/TalkingFace/PA.F.6/2_6_00028_m_01_03_t_2.mp4 MPH-IND_00028 PA.F.6
pa-database/TalkingFace/PA.F.6/2_6_00028_m_01_04_t_2.mp4 MPH-IND_00028 PA.F.6
pa-database/TalkingFace/PA.F.6/2_6_00028_m_01_05_t_2.mp4 MPH-IND_00028 PA.F.6
pa-database/TalkingFace/PA.F.6/2_6_00028_m_01_06_t_2.mp4 MPH-IND_00028 PA.F.6
pa-database/TalkingFace/PA.F.6/2_6_00028_m_01_07_t_2.mp4 MPH-IND_00028 PA.F.6
pa-database/TalkingFace/PA.F.6/2_6_00028_m_01_08_t_2.mp4 MPH-IND_00028 PA.F.6
pa-database/TalkingFace/PA.F.6/2_6_00031_m_01_01_t_2.mp4 MPH-IND_00031 PA.F.6
pa-database/TalkingFace/PA.F.6/2_6_00031_m_01_02_t_2.mp4 MPH-IND_00031 PA.F.6
pa-database/TalkingFace/PA.F.6/2_6_00031_m_01_03_t_2.mp4 MPH-IND_00031 PA.F.6
pa-database/TalkingFace/PA.F.6/2_6_00031_m_01_04_t_2.mp4 MPH-IND_00031 PA.F.6
pa-database/TalkingFace/PA.F.6/2_6_00031_m_01_05_t_2.mp4 MPH-IND_00031 PA.F.6
pa-database/TalkingFace/PA.F.6/2_6_00031_m_01_06_t_2.mp4 MPH-IND_00031 PA.F.6
pa-database/TalkingFace/PA.F.6/2_6_00031_m_01_07_t_2.mp4 MPH-IND_00031 PA.F.6
pa-database/TalkingFace/PA.F.6/2_6_00031_m_01_08_t_2.mp4 MPH-IND_00031 PA.F.6
pa-database/TalkingFace/PA.F.6/2_6_00037_f_01_01_t_2.mp4 MPH-IND_00037 PA.F.6
pa-database/TalkingFace/PA.F.6/2_6_00037_f_01_02_t_2.mp4 MPH-IND_00037 PA.F.6
pa-database/TalkingFace/PA.F.6/2_6_00037_f_01_03_t_2.mp4 MPH-IND_00037 PA.F.6
pa-database/TalkingFace/PA.F.6/2_6_00037_f_01_04_t_2.mp4 MPH-IND_00037 PA.F.6
pa-database/TalkingFace/PA.F.6/2_6_00037_f_01_05_t_2.mp4 MPH-IND_00037 PA.F.6
pa-database/TalkingFace/PA.F.6/2_6_00037_f_01_06_t_2.mp4 MPH-IND_00037 PA.F.6
pa-database/TalkingFace/PA.F.6/2_6_00037_f_01_07_t_2.mp4 MPH-IND_00037 PA.F.6
pa-database/TalkingFace/PA.F.6/2_6_00037_f_01_08_t_2.mp4 MPH-IND_00037 PA.F.6
pa-database/TalkingFace/PA.F.6/2_6_00038_f_01_01_t_2.mp4 MPH-IND_00038 PA.F.6
pa-database/TalkingFace/PA.F.6/2_6_00038_f_01_02_t_2.mp4 MPH-IND_00038 PA.F.6
pa-database/TalkingFace/PA.F.6/2_6_00038_f_01_03_t_2.mp4 MPH-IND_00038 PA.F.6
pa-database/TalkingFace/PA.F.6/2_6_00038_f_01_04_t_2.mp4 MPH-IND_00038 PA.F.6
pa-database/TalkingFace/PA.F.6/2_6_00038_f_01_05_t_2.mp4 MPH-IND_00038 PA.F.6
pa-database/TalkingFace/PA.F.6/2_6_00038_f_01_06_t_2.mp4 MPH-IND_00038 PA.F.6
pa-database/TalkingFace/PA.F.6/2_6_00038_f_01_07_t_2.mp4 MPH-IND_00038 PA.F.6
pa-database/TalkingFace/PA.F.6/2_6_00038_f_01_08_t_2.mp4 MPH-IND_00038 PA.F.6
pa-database/TalkingFace/PA.F.6/2_6_00040_m_01_01_t_2.mp4 MPH-IND_00040 PA.F.6
pa-database/TalkingFace/PA.F.6/2_6_00040_m_01_02_t_2.mp4 MPH-IND_00040 PA.F.6
pa-database/TalkingFace/PA.F.6/2_6_00040_m_01_03_t_2.mp4 MPH-IND_00040 PA.F.6
pa-database/TalkingFace/PA.F.6/2_6_00040_m_01_04_t_2.mp4 MPH-IND_00040 PA.F.6
pa-database/TalkingFace/PA.F.6/2_6_00040_m_01_05_t_2.mp4 MPH-IND_00040 PA.F.6
pa-database/TalkingFace/PA.F.6/2_6_00040_m_01_06_t_2.mp4 MPH-IND_00040 PA.F.6
pa-database/TalkingFace/PA.F.6/2_6_00040_m_01_07_t_2.mp4 MPH-IND_00040 PA.F.6
pa-database/TalkingFace/PA.F.6/2_6_00040_m_01_08_t_2.mp4 MPH-IND_00040 PA.F.6
pa-database/TalkingFace/PA.F.6/2_6_00041_m_01_01_t_2.mp4 MPH-IND_00041 PA.F.6
pa-database/TalkingFace/PA.F.6/2_6_00041_m_01_02_t_2.mp4 MPH-IND_00041 PA.F.6
pa-database/TalkingFace/PA.F.6/2_6_00041_m_01_03_t_2.mp4 MPH-IND_00041 PA.F.6
pa-database/TalkingFace/PA.F.6/2_6_00041_m_01_04_t_2.mp4 MPH-IND_00041 PA.F.6
pa-database/TalkingFace/PA.F.6/2_6_00041_m_01_05_t_2.mp4 MPH-IND_00041 PA.F.6
pa-database/TalkingFace/PA.F.6/2_6_00041_m_01_06_t_2.mp4 MPH-IND_00041 PA.F.6
pa-database/TalkingFace/PA.F.6/2_6_00041_m_01_07_t_2.mp4 MPH-IND_00041 PA.F.6
pa-database/TalkingFace/PA.F.6/2_6_00041_m_01_08_t_2.mp4 MPH-IND_00041 PA.F.6
pa-database/TalkingFace/PA.F.6/2_6_00043_m_01_01_t_2.mp4 MPH-IND_00043 PA.F.6
pa-database/TalkingFace/PA.F.6/2_6_00043_m_01_02_t_2.mp4 MPH-IND_00043 PA.F.6
pa-database/TalkingFace/PA.F.6/2_6_00043_m_01_03_t_2.mp4 MPH-IND_00043 PA.F.6
pa-database/TalkingFace/PA.F.6/2_6_00043_m_01_04_t_2.mp4 MPH-IND_00043 PA.F.6
pa-database/TalkingFace/PA.F.6/2_6_00043_m_01_05_t_2.mp4 MPH-IND_00043 PA.F.6
pa-database/TalkingFace/PA.F.6/2_6_00043_m_01_06_t_2.mp4 MPH-IND_00043 PA.F.6
pa-database/TalkingFace/PA.F.6/2_6_00043_m_01_07_t_2.mp4 MPH-IND_00043 PA.F.6
pa-database/TalkingFace/PA.F.6/2_6_00043_m_01_08_t_2.mp4 MPH-IND_00043 PA.F.6
pa-database/TalkingFace/PA.F.6/2_6_00048_m_01_01_t_2.mp4 MPH-IND_00048 PA.F.6
pa-database/TalkingFace/PA.F.6/2_6_00048_m_01_02_t_2.mp4 MPH-IND_00048 PA.F.6
pa-database/TalkingFace/PA.F.6/2_6_00048_m_01_03_t_2.mp4 MPH-IND_00048 PA.F.6
pa-database/TalkingFace/PA.F.6/2_6_00048_m_01_04_t_2.mp4 MPH-IND_00048 PA.F.6
pa-database/TalkingFace/PA.F.6/2_6_00048_m_01_05_t_2.mp4 MPH-IND_00048 PA.F.6
pa-database/TalkingFace/PA.F.6/2_6_00048_m_01_06_t_2.mp4 MPH-IND_00048 PA.F.6
pa-database/TalkingFace/PA.F.6/2_6_00048_m_01_07_t_2.mp4 MPH-IND_00048 PA.F.6
pa-database/TalkingFace/PA.F.6/2_6_00048_m_01_08_t_2.mp4 MPH-IND_00048 PA.F.6
pa-database/TalkingFace/PA.F.6/2_6_00049_m_01_01_t_2.mp4 MPH-IND_00049 PA.F.6
pa-database/TalkingFace/PA.F.6/2_6_00049_m_01_02_t_2.mp4 MPH-IND_00049 PA.F.6
pa-database/TalkingFace/PA.F.6/2_6_00049_m_01_03_t_2.mp4 MPH-IND_00049 PA.F.6
pa-database/TalkingFace/PA.F.6/2_6_00049_m_01_04_t_2.mp4 MPH-IND_00049 PA.F.6
pa-database/TalkingFace/PA.F.6/2_6_00049_m_01_05_t_2.mp4 MPH-IND_00049 PA.F.6
pa-database/TalkingFace/PA.F.6/2_6_00049_m_01_06_t_2.mp4 MPH-IND_00049 PA.F.6
pa-database/TalkingFace/PA.F.6/2_6_00049_m_01_07_t_2.mp4 MPH-IND_00049 PA.F.6
pa-database/TalkingFace/PA.F.6/2_6_00049_m_01_08_t_2.mp4 MPH-IND_00049 PA.F.6
