IDIAP/session_02/iPhone/00001/4_00001_m_02_01_p_1.mp4 IDIAP_00001
IDIAP/session_02/iPhone/00001/4_00001_m_02_02_p_1.mp4 IDIAP_00001
IDIAP/session_02/iPhone/00003/4_00003_m_02_01_p_1.mp4 IDIAP_00003
IDIAP/session_02/iPhone/00003/4_00003_m_02_02_p_1.mp4 IDIAP_00003
IDIAP/session_02/iPhone/00004/4_00004_f_02_01_p_1.mp4 IDIAP_00004
IDIAP/session_02/iPhone/00004/4_00004_f_02_02_p_1.mp4 IDIAP_00004
IDIAP/session_02/iPhone/00005/4_00005_m_02_01_p_1.mp4 IDIAP_00005
IDIAP/session_02/iPhone/00005/4_00005_m_02_02_p_1.mp4 IDIAP_00005
IDIAP/session_02/iPhone/00006/4_00006_m_02_01_p_1.mp4 IDIAP_00006
IDIAP/session_02/iPhone/00006/4_00006_m_02_02_p_1.mp4 IDIAP_00006
IDIAP/session_02/iPhone/00012/4_00012_m_02_01_p_1.mp4 IDIAP_00012
IDIAP/session_02/iPhone/00012/4_00012_m_02_02_p_1.mp4 IDIAP_00012
IDIAP/session_02/iPhone/00014/4_00014_f_02_01_p_1.mp4 IDIAP_00014
IDIAP/session_02/iPhone/00014/4_00014_f_02_02_p_1.mp4 IDIAP_00014
IDIAP/session_02/iPhone/00015/4_00015_f_02_01_p_1.mp4 IDIAP_00015
IDIAP/session_02/iPhone/00015/4_00015_f_02_02_p_1.mp4 IDIAP_00015
IDIAP/session_02/iPhone/00016/4_00016_m_02_01_p_1.mp4 IDIAP_00016
IDIAP/session_02/iPhone/00016/4_00016_m_02_02_p_1.mp4 IDIAP_00016
IDIAP/session_02/iPhone/00017/4_00017_m_02_01_p_1.mp4 IDIAP_00017
IDIAP/session_02/iPhone/00017/4_00017_m_02_02_p_1.mp4 IDIAP_00017
IDIAP/session_02/iPhone/00018/4_00018_f_02_01_p_1.mp4 IDIAP_00018
IDIAP/session_02/iPhone/00018/4_00018_f_02_02_p_1.mp4 IDIAP_00018
IDIAP/session_02/iPhone/00019/4_00019_m_02_01_p_1.mp4 IDIAP_00019
IDIAP/session_02/iPhone/00019/4_00019_m_02_02_p_1.mp4 IDIAP_00019
IDIAP/session_02/iPhone/00020/4_00020_m_02_01_p_1.mp4 IDIAP_00020
IDIAP/session_02/iPhone/00020/4_00020_m_02_02_p_1.mp4 IDIAP_00020
IDIAP/session_02/iPhone/00024/4_00024_m_02_01_p_1.mp4 IDIAP_00024
IDIAP/session_02/iPhone/00024/4_00024_m_02_02_p_1.mp4 IDIAP_00024
IDIAP/session_02/iPhone/00025/4_00025_m_02_01_p_1.mp4 IDIAP_00025
IDIAP/session_02/iPhone/00025/4_00025_m_02_02_p_1.mp4 IDIAP_00025
IDIAP/session_02/iPhone/00027/4_00027_m_02_01_p_1.mp4 IDIAP_00027
IDIAP/session_02/iPhone/00027/4_00027_m_02_02_p_1.mp4 IDIAP_00027
IDIAP/session_02/iPhone/00028/4_00028_m_02_01_p_1.mp4 IDIAP_00028
IDIAP/session_02/iPhone/00028/4_00028_m_02_02_p_1.mp4 IDIAP_00028
IDIAP/session_02/iPhone/00029/4_00029_m_02_01_p_1.mp4 IDIAP_00029
IDIAP/session_02/iPhone/00029/4_00029_m_02_02_p_1.mp4 IDIAP_00029
IDIAP/session_02/iPhone/00031/4_00031_m_02_01_p_1.mp4 IDIAP_00031
IDIAP/session_02/iPhone/00031/4_00031_m_02_02_p_1.mp4 IDIAP_00031
IDIAP/session_02/iPhone/00032/4_00032_m_02_01_p_1.mp4 IDIAP_00032
IDIAP/session_02/iPhone/00032/4_00032_m_02_02_p_1.mp4 IDIAP_00032
IDIAP/session_02/iPhone/00033/4_00033_m_02_01_p_1.mp4 IDIAP_00033
IDIAP/session_02/iPhone/00033/4_00033_m_02_02_p_1.mp4 IDIAP_00033
IDIAP/session_02/iPhone/00038/4_00038_f_02_01_p_1.mp4 IDIAP_00038
IDIAP/session_02/iPhone/00038/4_00038_f_02_02_p_1.mp4 IDIAP_00038
IDIAP/session_02/iPhone/00039/4_00039_m_02_01_p_1.mp4 IDIAP_00039
IDIAP/session_02/iPhone/00039/4_00039_m_02_02_p_1.mp4 IDIAP_00039
IDIAP/session_02/iPhone/00040/4_00040_m_02_01_p_1.mp4 IDIAP_00040
IDIAP/session_02/iPhone/00040/4_00040_m_02_02_p_1.mp4 IDIAP_00040
IDIAP/session_02/iPhone/00047/4_00047_m_02_01_p_1.mp4 IDIAP_00047
IDIAP/session_02/iPhone/00047/4_00047_m_02_02_p_1.mp4 IDIAP_00047
IDIAP/session_02/iPhone/00048/4_00048_m_02_01_p_1.mp4 IDIAP_00048
IDIAP/session_02/iPhone/00048/4_00048_m_02_02_p_1.mp4 IDIAP_00048
IDIAP/session_02/iPhone/00049/4_00049_m_02_01_p_1.mp4 IDIAP_00049
IDIAP/session_02/iPhone/00049/4_00049_m_02_02_p_1.mp4 IDIAP_00049
IDIAP/session_02/iPhone/00054/4_00054_f_02_01_p_1.mp4 IDIAP_00054
IDIAP/session_02/iPhone/00054/4_00054_f_02_02_p_1.mp4 IDIAP_00054
IDIAP/session_02/iPhone/00055/4_00055_m_02_01_p_1.mp4 IDIAP_00055
IDIAP/session_02/iPhone/00055/4_00055_m_02_02_p_1.mp4 IDIAP_00055
IDIAP/session_02/iPhone/00058/4_00058_f_02_01_p_1.mp4 IDIAP_00058
IDIAP/session_02/iPhone/00058/4_00058_f_02_02_p_1.mp4 IDIAP_00058
IDIAP/session_02/iPhone/00060/4_00060_f_02_01_p_1.mp4 IDIAP_00060
IDIAP/session_02/iPhone/00060/4_00060_f_02_02_p_1.mp4 IDIAP_00060
MPH-FRA/session_02/iPhone/00001/3_00001_f_02_01_p_1.mp4 MPH-FRA_00001
MPH-FRA/session_02/iPhone/00001/3_00001_f_02_02_p_1.mp4 MPH-FRA_00001
MPH-FRA/session_02/iPhone/00006/3_00006_m_02_01_p_1.mp4 MPH-FRA_00006
MPH-FRA/session_02/iPhone/00006/3_00006_m_02_02_p_1.mp4 MPH-FRA_00006
MPH-IND/session_02/iPhone/00001/6_00001_m_02_01_p_1.mp4 MPH-IND_00001
MPH-IND/session_02/iPhone/00001/6_00001_m_02_02_p_1.mp4 MPH-IND_00001
MPH-IND/session_02/iPhone/00009/6_00009_f_02_01_p_1.mp4 MPH-IND_00009
MPH-IND/session_02/iPhone/00009/6_00009_f_02_02_p_1.mp4 MPH-IND_00009
MPH-IND/session_02/iPhone/00010/6_00010_m_02_01_p_1.mp4 MPH-IND_00010
MPH-IND/session_02/iPhone/00010/6_00010_m_02_02_p_1.mp4 MPH-IND_00010
MPH-IND/session_02/iPhone/00013/6_00013_m_02_01_p_1.mp4 MPH-IND_00013
MPH-IND/session_02/iPhone/00013/6_00013_m_02_02_p_1.mp4 MPH-IND_00013
MPH-IND/session_02/iPhone/00014/6_00014_m_02_01_p_1.mp4 MPH-IND_00014
MPH-IND/session_02/iPhone/00014/6_00014_m_02_02_p_1.mp4 MPH-IND_00014
MPH-IND/session_02/iPhone/00015/6_00015_f_02_01_p_1.mp4 MPH-IND_00015
MPH-IND/session_02/iPhone/00015/6_00015_f_02_02_p_1.mp4 MPH-IND_00015
MPH-IND/session_02/iPhone/00024/6_00024_m_02_01_p_1.mp4 MPH-IND_00024
MPH-IND/session_02/iPhone/00024/6_00024_m_02_02_p_1.mp4 MPH-IND_00024
MPH-IND/session_02/iPhone/00026/6_00026_m_02_01_p_1.mp4 MPH-IND_00026
MPH-IND/session_02/iPhone/00026/6_00026_m_02_02_p_1.mp4 MPH-IND_00026
MPH-IND/session_02/iPhone/00028/6_00028_m_02_01_p_1.mp4 MPH-IND_00028
MPH-IND/session_02/iPhone/00028/6_00028_m_02_02_p_1.mp4 MPH-IND_00028
MPH-IND/session_02/iPhone/00032/6_00032_f_02_01_p_1.mp4 MPH-IND_00032
MPH-IND/session_02/iPhone/00032/6_00032_f_02_02_p_1.mp4 MPH-IND_00032
MPH-IND/session_02/iPhone/00037/6_00037_f_02_01_p_1.mp4 MPH-IND_00037
MPH-IND/session_02/iPhone/00037/6_00037_f_02_02_p_1.mp4 MPH-IND_00037
MPH-IND/session_02/iPhone/00039/6_00039_f_02_01_p_1.mp4 MPH-IND_00039
MPH-IND/session_02/iPhone/00039/6_00039_f_02_02_p_1.mp4 MPH-IND_00039
MPH-IND/session_02/iPhone/00040/6_00040_m_02_01_p_1.mp4 MPH-IND_00040
MPH-IND/session_02/iPhone/00040/6_00040_m_02_02_p_1.mp4 MPH-IND_00040
MPH-IND/session_02/iPhone/00041/6_00041_m_02_01_p_1.mp4 MPH-IND_00041
MPH-IND/session_02/iPhone/00041/6_00041_m_02_02_p_1.mp4 MPH-IND_00041
MPH-IND/session_02/iPhone/00042/6_00042_f_02_01_p_1.mp4 MPH-IND_00042
MPH-IND/session_02/iPhone/00042/6_00042_f_02_02_p_1.mp4 MPH-IND_00042
MPH-IND/session_02/iPhone/00043/6_00043_m_02_01_p_1.mp4 MPH-IND_00043
MPH-IND/session_02/iPhone/00043/6_00043_m_02_02_p_1.mp4 MPH-IND_00043
MPH-IND/session_02/iPhone/00046/6_00046_m_02_01_p_1.mp4 MPH-IND_00046
MPH-IND/session_02/iPhone/00046/6_00046_m_02_02_p_1.mp4 MPH-IND_00046
MPH-IND/session_02/iPhone/00047/6_00047_m_02_01_p_1.mp4 MPH-IND_00047
MPH-IND/session_02/iPhone/00047/6_00047_m_02_02_p_1.mp4 MPH-IND_00047
MPH-IND/session_02/iPhone/00049/6_00049_m_02_01_p_1.mp4 MPH-IND_00049
MPH-IND/session_02/iPhone/00049/6_00049_m_02_02_p_1.mp4 MPH-IND_00049
NTNU/session_02/iPhone/00003/1_00003_m_02_01_p_1.mp4 NTNU_00003
NTNU/session_02/iPhone/00003/1_00003_m_02_02_p_1.mp4 NTNU_00003
NTNU/session_02/iPhone/00008/1_00008_m_02_01_p_1.mp4 NTNU_00008
NTNU/session_02/iPhone/00008/1_00008_m_02_02_p_1.mp4 NTNU_00008
NTNU/session_02/iPhone/00012/1_00012_m_02_01_p_1.mp4 NTNU_00012
NTNU/session_02/iPhone/00012/1_00012_m_02_02_p_1.mp4 NTNU_00012
NTNU/session_02/iPhone/00013/1_00013_f_02_01_p_1.mp4 NTNU_00013
NTNU/session_02/iPhone/00013/1_00013_f_02_02_p_1.mp4 NTNU_00013
NTNU/session_02/iPhone/00015/1_00015_m_02_01_p_1.mp4 NTNU_00015
NTNU/session_02/iPhone/00015/1_00015_m_02_02_p_1.mp4 NTNU_00015
NTNU/session_02/iPhone/00016/1_00016_m_02_01_p_1.mp4 NTNU_00016
NTNU/session_02/iPhone/00016/1_00016_m_02_02_p_1.mp4 NTNU_00016
NTNU/session_02/iPhone/00023/1_00023_m_02_01_p_1.mp4 NTNU_00023
NTNU/session_02/iPhone/00023/1_00023_m_02_02_p_1.mp4 NTNU_00023
NTNU/session_02/iPhone/00024/1_00024_m_02_01_p_1.mp4 NTNU_00024
NTNU/session_02/iPhone/00024/1_00024_m_02_02_p_1.mp4 NTNU_00024
NTNU/session_02/iPhone/00026/1_00026_m_02_01_p_1.mp4 NTNU_00026
NTNU/session_02/iPhone/00026/1_00026_m_02_02_p_1.mp4 NTNU_00026
NTNU/session_02/iPhone/00029/1_00029_m_02_01_p_1.mp4 NTNU_00029
NTNU/session_02/iPhone/00029/1_00029_m_02_02_p_1.mp4 NTNU_00029
NTNU/session_02/iPhone/00032/1_00032_m_02_01_p_1.mp4 NTNU_00032
NTNU/session_02/iPhone/00032/1_00032_m_02_02_p_1.mp4 NTNU_00032
NTNU/session_02/iPhone/00034/1_00034_m_02_01_p_1.mp4 NTNU_00034
NTNU/session_02/iPhone/00034/1_00034_m_02_02_p_1.mp4 NTNU_00034
NTNU/session_02/iPhone/00036/1_00036_m_02_01_p_1.mp4 NTNU_00036
NTNU/session_02/iPhone/00036/1_00036_m_02_02_p_1.mp4 NTNU_00036
NTNU/session_02/iPhone/00038/1_00038_f_02_01_p_1.mp4 NTNU_00038
NTNU/session_02/iPhone/00038/1_00038_f_02_02_p_1.mp4 NTNU_00038
NTNU/session_02/iPhone/00039/1_00039_m_02_01_p_1.mp4 NTNU_00039
NTNU/session_02/iPhone/00039/1_00039_m_02_02_p_1.mp4 NTNU_00039
NTNU/session_02/iPhone/00040/1_00040_m_02_01_p_1.mp4 NTNU_00040
NTNU/session_02/iPhone/00040/1_00040_m_02_02_p_1.mp4 NTNU_00040
NTNU/session_02/iPhone/00041/1_00041_m_02_01_p_1.mp4 NTNU_00041
NTNU/session_02/iPhone/00041/1_00041_m_02_02_p_1.mp4 NTNU_00041
NTNU/session_02/iPhone/00042/1_00042_f_02_01_p_1.mp4 NTNU_00042
NTNU/session_02/iPhone/00042/1_00042_f_02_02_p_1.mp4 NTNU_00042
NTNU/session_02/iPhone/00043/1_00043_f_02_01_p_1.mp4 NTNU_00043
NTNU/session_02/iPhone/00043/1_00043_f_02_02_p_1.mp4 NTNU_00043
NTNU/session_02/iPhone/00045/1_00045_m_02_01_p_1.mp4 NTNU_00045
NTNU/session_02/iPhone/00045/1_00045_m_02_02_p_1.mp4 NTNU_00045
NTNU/session_02/iPhone/00052/1_00052_f_02_01_p_1.mp4 NTNU_00052
NTNU/session_02/iPhone/00052/1_00052_f_02_02_p_1.mp4 NTNU_00052
NTNU/session_02/iPhone/00053/1_00053_m_02_01_p_1.mp4 NTNU_00053
NTNU/session_02/iPhone/00053/1_00053_m_02_02_p_1.mp4 NTNU_00053
NTNU/session_02/iPhone/00054/1_00054_m_02_01_p_1.mp4 NTNU_00054
NTNU/session_02/iPhone/00054/1_00054_m_02_02_p_1.mp4 NTNU_00054
