IDIAP/session_02/iPhone/00002/4_00002_f_02_01_p_1.mp4 IDIAP_00002
IDIAP/session_02/iPhone/00002/4_00002_f_02_02_p_1.mp4 IDIAP_00002
IDIAP/session_02/iPhone/00003/4_00003_m_02_01_p_1.mp4 IDIAP_00003
IDIAP/session_02/iPhone/00003/4_00003_m_02_02_p_1.mp4 IDIAP_00003
IDIAP/session_02/iPhone/00005/4_00005_m_02_01_p_1.mp4 IDIAP_00005
IDIAP/session_02/iPhone/00005/4_00005_m_02_02_p_1.mp4 IDIAP_00005
IDIAP/session_02/iPhone/00006/4_00006_m_02_01_p_1.mp4 IDIAP_00006
IDIAP/session_02/iPhone/00006/4_00006_m_02_02_p_1.mp4 IDIAP_00006
IDIAP/session_02/iPhone/00011/4_00011_m_02_01_p_1.mp4 IDIAP_00011
IDIAP/session_02/iPhone/00011/4_00011_m_02_02_p_1.mp4 IDIAP_00011
IDIAP/session_02/iPhone/00012/4_00012_m_02_01_p_1.mp4 IDIAP_00012
IDIAP/session_02/iPhone/00012/4_00012_m_02_02_p_1.mp4 IDIAP_00012
IDIAP/session_02/iPhone/00014/4_00014_f_02_01_p_1.mp4 IDIAP_00014
IDIAP/session_02/iPhone/00014/4_00014_f_02_02_p_1.mp4 IDIAP_00014
IDIAP/session_02/iPhone/00017/4_00017_m_02_01_p_1.mp4 IDIAP_00017
IDIAP/session_02/iPhone/00017/4_00017_m_02_02_p_1.mp4 IDIAP_00017
IDIAP/session_02/iPhone/00019/4_00019_m_02_01_p_1.mp4 IDIAP_00019
IDIAP/session_02/iPhone/00019/4_00019_m_02_02_p_1.mp4 IDIAP_00019
IDIAP/session_02/iPhone/00020/4_00020_m_02_01_p_1.mp4 IDIAP_00020
IDIAP/session_02/iPhone/00020/4_00020_m_02_02_p_1.mp4 IDIAP_00020
IDIAP/session_02/iPhone/00022/4_00022_f_02_01_p_1.mp4 IDIAP_00022
IDIAP/session_02/iPhone/00022/4_00022_f_02_02_p_1.mp4 IDIAP_00022
IDIAP/session_02/iPhone/00024/4_00024_m_02_01_p_1.mp4 IDIAP_00024
IDIAP/session_02/iPhone/00024/4_00024_m_02_02_p_1.mp4 IDIAP_00024
IDIAP/session_02/iPhone/00025/4_00025_m_02_01_p_1.mp4 IDIAP_00025
IDIAP/session_02/iPhone/00025/4_00025_m_02_02_p_1.mp4 IDIAP_00025
IDIAP/session_02/iPhone/00028/4_00028_m_02_01_p_1.mp4 IDIAP_00028
IDIAP/session_02/iPhone/00028/4_00028_m_02_02_p_1.mp4 IDIAP_00028
IDIAP/session_02/iPhone/00029/4_00029_m_02_01_p_1.mp4 IDIAP_00029
IDIAP/session_02/iPhone/00029/4_00029_m_02_02_p_1.mp4 IDIAP_00029
IDIAP/session_02/iPhone/00031/4_00031_m_02_01_p_1.mp4 IDIAP_00031
IDIAP/session_02/iPhone/00031/4_00031_m_02_02_p_1.mp4 IDIAP_00031
IDIAP/session_02/iPhone/00036/4_00036_f_02_01_p_1.mp4 IDIAP_00036
IDIAP/session_02/iPhone/00036/4_00036_f_02_02_p_1.mp4 IDIAP_00036
IDIAP/session_02/iPhone/00038/4_00038_f_02_01_p_1.mp4 IDIAP_00038
IDIAP/session_02/iPhone/00038/4_00038_f_02_02_p_1.mp4 IDIAP_00038
IDIAP/session_02/iPhone/00039/4_00039_m_02_01_p_1.mp4 IDIAP_00039
IDIAP/session_02/iPhone/00039/4_00039_m_02_02_p_1.mp4 IDIAP_00039
IDIAP/session_02/iPhone/00047/4_00047_m_02_01_p_1.mp4 IDIAP_00047
IDIAP/session_02/iPhone/00047/4_00047_m_02_02_p_1.mp4 IDIAP_00047
IDIAP/session_02/iPhone/00049/4_00049_m_02_01_p_1.mp4 IDIAP_00049
IDIAP/session_02/iPhone/00049/4_00049_m_02_02_p_1.mp4 IDIAP_00049
IDIAP/session_02/iPhone/00051/4_00051_f_02_01_p_1.mp4 IDIAP_00051
IDIAP/session_02/iPhone/00051/4_00051_f_02_02_p_1.mp4 IDIAP_00051
IDIAP/session_02/iPhone/00054/4_00054_f_02_01_p_1.mp4 IDIAP_00054
IDIAP/session_02/iPhone/00054/4_00054_f_02_02_p_1.mp4 IDIAP_00054
IDIAP/session_02/iPhone/00055/4_00055_m_02_01_p_1.mp4 IDIAP_00055
IDIAP/session_02/iPhone/00055/4_00055_m_02_02_p_1.mp4 IDIAP_00055
IDIAP/session_02/iPhone/00058/4_00058_f_02_01_p_1.mp4 IDIAP_00058
IDIAP/session_02/iPhone/00058/4_00058_f_02_02_p_1.mp4 IDIAP_00058
IDIAP/session_02/iPhone/00059/4_00059_m_02_01_p_1.mp4 IDIAP_00059
IDIAP/session_02/iPhone/00059/4_00059_m_02_02_p_1.mp4 IDIAP_00059
IDIAP/session_02/iPhone/00060/4_00060_f_02_01_p_1.mp4 IDIAP_00060
IDIAP/session_02/iPhone/00060/4_00060_f_02_02_p_1.mp4 IDIAP_00060
MPH-FRA/session_02/iPhone/00001/3_00001_f_02_01_p_1.mp4 MPH-FRA_00001
MPH-FRA/session_02/iPhone/00001/3_00001_f_02_02_p_1.mp4 MPH-FRA_00001
MPH-FRA/session_02/iPhone/00002/3_00002_m_02_01_p_1.mp4 MPH-FRA_00002
MPH-FRA/session_02/iPhone/00002/3_00002_m_02_02_p_1.mp4 MPH-FRA_00002
MPH-IND/session_02/iPhone/00001/6_00001_m_02_01_p_1.mp4 MPH-IND_00001
MPH-IND/session_02/iPhone/00001/6_00001_m_02_02_p_1.mp4 MPH-IND_00001
MPH-IND/session_02/iPhone/00002/6_00002_m_02_01_p_1.mp4 MPH-IND_00002
MPH-IND/session_02/iPhone/00002/6_00002_m_02_02_p_1.mp4 MPH-IND_00002
MPH-IND/session_02/iPhone/00004/6_00004_f_02_01_p_1.mp4 MPH-IND_00004
MPH-IND/session_02/iPhone/00004/6_00004_f_02_02_p_1.mp4 MPH-IND_00004
MPH-IND/session_02/iPhone/00005/6_00005_m_02_01_p_1.mp4 MPH-IND_00005
MPH-IND/session_02/iPhone/00005/6_00005_m_02_02_p_1.mp4 MPH-IND_00005
MPH-IND/session_02/iPhone/00006/6_00006_f_02_01_p_1.mp4 MPH-IND_00006
MPH-IND/session_02/iPhone/00006/6_00006_f_02_02_p_1.mp4 MPH-IND_00006
MPH-IND/session_02/iPhone/00007/6_00007_m_02_01_p_1.mp4 MPH-IND_00007
MPH-IND/session_02/iPhone/00007/6_00007_m_02_02_p_1.mp4 MPH-IND_00007
MPH-IND/session_02/iPhone/00014/6_00014_m_02_01_p_1.mp4 MPH-IND_00014
MPH-IND/session_02/iPhone/00014/6_00014_m_02_02_p_1.mp4 MPH-IND_00014
MPH-IND/session_02/iPhone/00017/6_00017_m_02_01_p_1.mp4 MPH-IND_00017
MPH-IND/session_02/iPhone/00017/6_00017_m_02_02_p_1.mp4 MPH-IND_00017
MPH-IND/session_02/iPhone/00024/6_00024_m_02_01_p_1.mp4 MPH-IND_00024
MPH-IND/session_02/iPhone/00024/6_00024_m_02_02_p_1.mp4 MPH-IND_00024
MPH-IND/session_02/iPhone/00026/6_00026_m_02_01_p_1.mp4 MPH-IND_00026
MPH-IND/session_02/iPhone/00026/6_00026_m_02_02_p_1.mp4 MPH-IND_00026
MPH-IND/session_02/iPhone/00028/6_00028_m_02_01_p_1.mp4 MPH-IND_00028
MPH-IND/session_02/iPhone/00028/6_00028_m_02_02_p_1.mp4 MPH-IND_00028
MPH-IND/session_02/iPhone/00031/6_00031_m_02_01_p_1.mp4 MPH-IND_00031
MPH-IND/session_02/iPhone/00031/6_00031_m_02_02_p_1.mp4 MPH-IND_00031
MPH-IND/session_02/iPhone/00037/6_00037_f_02_01_p_1.mp4 MPH-IND_00037
MPH-IND/session_02/iPhone/00037/6_00037_f_02_02_p_1.mp4 MPH-IND_00037
MPH-IND/session_02/iPhone/00038/6_00038_f_02_01_p_1.mp4 MPH-IND_00038
MPH-IND/session_02/iPhone/00038/6_00038_f_02_02_p_1.mp4 MPH-IND_00038
MPH-IND/session_02/iPhone/00040/6_00040_m_02_01_p_1.mp4 MPH-IND_00040
MPH-IND/session_02/iPhone/00040/6_00040_m_02_02_p_1.mp4 MPH-IND_00040
MPH-IND/session_02/iPhone/00041/6_00041_m_02_01_p_1.mp4 MPH-IND_00041
MPH-IND/session_02/iPhone/00041/6_00041_m_02_02_p_1.mp4 MPH-IND_00041
MPH-IND/session_02/iPhone/00043/6_00043_m_02_01_p_1.mp4 MPH-IND_00043
MPH-IND/session_02/iPhone/00043/6_00043_m_02_02_p_1.mp4 MPH-IND_00043
MPH-IND/session_02/iPhone/00048/6_00048_m_02_01_p_1.mp4 MPH-IND_00048
MPH-IND/session_02/iPhone/00048/6_00048_m_02_02_p_1.mp4 MPH-IND_00048
MPH-IND/session_02/iPhone/00049/6_00049_m_02_01_p_1.mp4 MPH-IND_00049
MPH-IND/session_02/iPhone/00049/6_00049_m_02_02_p_1.mp4 MPH-IND_00049
NTNU/session_02/iPhone/00004/1_00004_m_02_01_p_1.mp4 NTNU_00004
NTNU/session_02/iPhone/00004/1_00004_m_02_02_p_1.mp4 NTNU_00004
NTNU/session_02/iPhone/00005/1_00005_f_02_01_p_1.mp4 NTNU_00005
NTNU/session_02/iPhone/00005/1_00005_f_02_02_p_1.mp4 NTNU_00005
NTNU/session_02/iPhone/00006/1_00006_m_02_01_p_1.mp4 NTNU_00006
NTNU/session_02/iPhone/00006/1_00006_m_02_02_p_1.mp4 NTNU_00006
NTNU/session_02/iPhone/00013/1_00013_f_02_01_p_1.mp4 NTNU_00013
NTNU/session_02/iPhone/00013/1_00013_f_02_02_p_1.mp4 NTNU_00013
NTNU/session_02/iPhone/00015/1_00015_m_02_01_p_1.mp4 NTNU_00015
NTNU/session_02/iPhone/00015/1_00015_m_02_02_p_1.mp4 NTNU_00015
NTNU/session_02/iPhone/00020/1_00020_m_02_01_p_1.mp4 NTNU_00020
NTNU/session_02/iPhone/00020/1_00020_m_02_02_p_1.mp4 NTNU_00020
NTNU/session_02/iPhone/00021/1_00021_m_02_01_p_1.mp4 NTNU_00021
NTNU/session_02/iPhone/00021/1_00021_m_02_02_p_1.mp4 NTNU_00021
NTNU/session_02/iPhone/00024/1_00024_m_02_01_p_1.mp4 NTNU_00024
NTNU/session_02/iPhone/00024/1_00024_m_02_02_p_1.mp4 NTNU_00024
NTNU/session_02/iPhone/00025/1_00025_m_02_01_p_1.mp4 NTNU_00025
NTNU/session_02/iPhone/00025/1_00025_m_02_02_p_1.mp4 NTNU_00025
NTNU/session_02/iPhone/00026/1_00026_m_02_01_p_1.mp4 NTNU_00026
NTNU/session_02/iPhone/00026/1_00026_m_02_02_p_1.mp4 NTNU_00026
NTNU/session_02/iPhone/00027/1_00027_m_02_01_p_1.mp4 NTNU_00027
NTNU/session_02/iPhone/00027/1_00027_m_02_02_p_1.mp4 NTNU_00027
NTNU/session_02/iPhone/00028/1_00028_m_02_01_p_1.mp4 NTNU_00028
NTNU/session_02/iPhone/00028/1_00028_m_02_02_p_1.mp4 NTNU_00028
NTNU/session_02/iPhone/00029/1_00029_m_02_01_p_1.mp4 NTNU_00029
NTNU/session_02/iPhone/00029/1_00029_m_02_02_p_1.mp4 NTNU_00029
NTNU/session_02/iPhone/00030/1_00030_m_02_01_p_1.mp4 NTNU_00030
NTNU/session_02/iPhone/00030/1_00030_m_02_02_p_1.mp4 NTNU_00030
NTNU/session_02/iPhone/00031/1_00031_m_02_01_p_1.mp4 NTNU_00031
NTNU/session_02/iPhone/00031/1_00031_m_02_02_p_1.mp4 NTNU_00031
NTNU/session_02/iPhone/00032/1_00032_m_02_01_p_1.mp4 NTNU_00032
NTNU/session_02/iPhone/00032/1_00032_m_02_02_p_1.mp4 NTNU_00032
NTNU/session_02/iPhone/00033/1_00033_f_02_01_p_1.mp4 NTNU_00033
NTNU/session_02/iPhone/00033/1_00033_f_02_02_p_1.mp4 NTNU_00033
NTNU/session_02/iPhone/00035/1_00035_m_02_01_p_1.mp4 NTNU_00035
NTNU/session_02/iPhone/00035/1_00035_m_02_02_p_1.mp4 NTNU_00035
NTNU/session_02/iPhone/00039/1_00039_m_02_01_p_1.mp4 NTNU_00039
NTNU/session_02/iPhone/00039/1_00039_m_02_02_p_1.mp4 NTNU_00039
NTNU/session_02/iPhone/00040/1_00040_m_02_01_p_1.mp4 NTNU_00040
NTNU/session_02/iPhone/00040/1_00040_m_02_02_p_1.mp4 NTNU_00040
NTNU/session_02/iPhone/00041/1_00041_m_02_01_p_1.mp4 NTNU_00041
NTNU/session_02/iPhone/00041/1_00041_m_02_02_p_1.mp4 NTNU_00041
NTNU/session_02/iPhone/00042/1_00042_f_02_01_p_1.mp4 NTNU_00042
NTNU/session_02/iPhone/00042/1_00042_f_02_02_p_1.mp4 NTNU_00042
NTNU/session_02/iPhone/00043/1_00043_f_02_01_p_1.mp4 NTNU_00043
NTNU/session_02/iPhone/00043/1_00043_f_02_02_p_1.mp4 NTNU_00043
NTNU/session_02/iPhone/00045/1_00045_m_02_01_p_1.mp4 NTNU_00045
NTNU/session_02/iPhone/00045/1_00045_m_02_02_p_1.mp4 NTNU_00045
NTNU/session_02/iPhone/00047/1_00047_m_02_01_p_1.mp4 NTNU_00047
NTNU/session_02/iPhone/00047/1_00047_m_02_02_p_1.mp4 NTNU_00047
NTNU/session_02/iPhone/00051/1_00051_m_02_01_p_1.mp4 NTNU_00051
NTNU/session_02/iPhone/00051/1_00051_m_02_02_p_1.mp4 NTNU_00051
NTNU/session_02/iPhone/00053/1_00053_m_02_01_p_1.mp4 NTNU_00053
NTNU/session_02/iPhone/00053/1_00053_m_02_02_p_1.mp4 NTNU_00053
