IDIAP/session_02/iPhone/00001/4_00001_m_02_01_p_1.mp4 IDIAP_00001
IDIAP/session_02/iPhone/00001/4_00001_m_02_02_p_1.mp4 IDIAP_00001
IDIAP/session_02/iPhone/00005/4_00005_m_02_01_p_1.mp4 IDIAP_00005
IDIAP/session_02/iPhone/00005/4_00005_m_02_02_p_1.mp4 IDIAP_00005
IDIAP/session_02/iPhone/00010/4_00010_m_02_01_p_1.mp4 IDIAP_00010
IDIAP/session_02/iPhone/00010/4_00010_m_02_02_p_1.mp4 IDIAP_00010
IDIAP/session_02/iPhone/00014/4_00014_f_02_01_p_1.mp4 IDIAP_00014
IDIAP/session_02/iPhone/00014/4_00014_f_02_02_p_1.mp4 IDIAP_00014
IDIAP/session_02/iPhone/00017/4_00017_m_02_01_p_1.mp4 IDIAP_00017
IDIAP/session_02/iPhone/00017/4_00017_m_02_02_p_1.mp4 IDIAP_00017
IDIAP/session_02/iPhone/00018/4_00018_f_02_01_p_1.mp4 IDIAP_00018
IDIAP/session_02/iPhone/00018/4_00018_f_02_02_p_1.mp4 IDIAP_00018
IDIAP/session_02/iPhone/00020/4_00020_m_02_01_p_1.mp4 IDIAP_00020
IDIAP/session_02/iPhone/00020/4_00020_m_02_02_p_1.mp4 IDIAP_00020
IDIAP/session_02/iPhone/00025/4_00025_m_02_01_p_1.mp4 IDIAP_00025
IDIAP/session_02/iPhone/00025/4_00025_m_02_02_p_1.mp4 IDIAP_00025
IDIAP/session_02/iPhone/00026/4_00026_m_02_01_p_1.mp4 IDIAP_00026
IDIAP/session_02/iPhone/00026/4_00026_m_02_02_p_1.mp4 IDIAP_00026
IDIAP/session_02/iPhone/00028/4_00028_m_02_01_p_1.mp4 IDIAP_00028
IDIAP/session_02/iPhone/00028/4_00028_m_02_02_p_1.mp4 IDIAP_00028
IDIAP/session_02/iPhone/00029/4_00029_m_02_01_p_1.mp4 IDIAP_00029
IDIAP/session_02/iPhone/00029/4_00029_m_02_02_p_1.mp4 IDIAP_00029
IDIAP/session_02/iPhone/00031/4_00031_m_02_01_p_1.mp4 IDIAP_00031
IDIAP/session_02/iPhone/00031/4_00031_m_02_02_p_1.mp4 IDIAP_00031
IDIAP/session_02/iPhone/00035/4_00035_m_02_01_p_1.mp4 IDIAP_00035
IDIAP/session_02/iPhone/00035/4_00035_m_02_02_p_1.mp4 IDIAP_00035
IDIAP/session_02/iPhone/00036/4_00036_f_02_01_p_1.mp4 IDIAP_00036
IDIAP/session_02/iPhone/00036/4_00036_f_02_02_p_1.mp4 IDIAP_00036
IDIAP/session_02/iPhone/00038/4_00038_f_02_01_p_1.mp4 IDIAP_00038
IDIAP/session_02/iPhone/00038/4_00038_f_02_02_p_1.mp4 IDIAP_00038
IDIAP/session_02/iPhone/00039/4_00039_m_02_01_p_1.mp4 IDIAP_00039
IDIAP/session_02/iPhone/00039/4_00039_m_02_02_p_1.mp4 IDIAP_00039
IDIAP/session_02/iPhone/00040/4_00040_m_02_01_p_1.mp4 IDIAP_00040
IDIAP/session_02/iPhone/00040/4_00040_m_02_02_p_1.mp4 IDIAP_00040
IDIAP/session_02/iPhone/00042/4_00042_f_02_01_p_1.mp4 IDIAP_00042
IDIAP/session_02/iPhone/00042/4_00042_f_02_02_p_1.mp4 IDIAP_00042
IDIAP/session_02/iPhone/00048/4_00048_m_02_01_p_1.mp4 IDIAP_00048
IDIAP/session_02/iPhone/00048/4_00048_m_02_02_p_1.mp4 IDIAP_00048
IDIAP/session_02/iPhone/00049/4_00049_m_02_01_p_1.mp4 IDIAP_00049
IDIAP/session_02/iPhone/00049/4_00049_m_02_02_p_1.mp4 IDIAP_00049
IDIAP/session_02/iPhone/00051/4_00051_f_02_01_p_1.mp4 IDIAP_00051
IDIAP/session_02/iPhone/00051/4_00051_f_02_02_p_1.mp4 IDIAP_00051
IDIAP/session_02/iPhone/00054/4_00054_f_02_01_p_1.mp4 IDIAP_00054
IDIAP/session_02/iPhone/00054/4_00054_f_02_02_p_1.mp4 IDIAP_00054
IDIAP/session_02/iPhone/00055/4_00055_m_02_01_p_1.mp4 IDIAP_00055
IDIAP/session_02/iPhone/00055/4_00055_m_02_02_p_1.mp4 IDIAP_00055
MPH-FRA/session_02/iPhone/00001/3_00001_f_02_01_p_1.mp4 MPH-FRA_00001
MPH-FRA/session_02/iPhone/00001/3_00001_f_02_02_p_1.mp4 MPH-FRA_00001
MPH-FRA/session_02/iPhone/00003/3_00003_f_02_01_p_1.mp4 MPH-FRA_00003
MPH-FRA/session_02/iPhone/00003/3_00003_f_02_02_p_1.mp4 MPH-FRA_00003
MPH-FRA/session_02/iPhone/00005/3_00005_m_02_01_p_1.mp4 MPH-FRA_00005
MPH-FRA/session_02/iPhone/00005/3_00005_m_02_02_p_1.mp4 MPH-FRA_00005
MPH-IND/session_02/iPhone/00001/6_00001_m_02_01_p_1.mp4 MPH-IND_00001
MPH-IND/session_02/iPhone/00001/6_00001_m_02_02_p_1.mp4 MPH-IND_00001
MPH-IND/session_02/iPhone/00004/6_00004_f_02_01_p_1.mp4 MPH-IND_00004
MPH-IND/session_02/iPhone/00004/6_00004_f_02_02_p_1.mp4 MPH-IND_00004
MPH-IND/session_02/iPhone/00006/6_00006_f_02_01_p_1.mp4 MPH-IND_00006
MPH-IND/session_02/iPhone/00006/6_00006_f_02_02_p_1.mp4 MPH-IND_00006
MPH-IND/session_02/iPhone/00009/6_00009_f_02_01_p_1.mp4 MPH-IND_00009
MPH-IND/session_02/iPhone/00009/6_00009_f_02_02_p_1.mp4 MPH-IND_00009
MPH-IND/session_02/iPhone/00018/6_00018_f_02_01_p_1.mp4 MPH-IND_00018
MPH-IND/session_02/iPhone/00018/6_00018_f_02_02_p_1.mp4 MPH-IND_00018
MPH-IND/session_02/iPhone/00024/6_00024_m_02_01_p_1.mp4 MPH-IND_00024
MPH-IND/session_02/iPhone/00024/6_00024_m_02_02_p_1.mp4 MPH-IND_00024
MPH-IND/session_02/iPhone/00025/6_00025_f_02_01_p_1.mp4 MPH-IND_00025
MPH-IND/session_02/iPhone/00025/6_00025_f_02_02_p_1.mp4 MPH-IND_00025
MPH-IND/session_02/iPhone/00028/6_00028_m_02_01_p_1.mp4 MPH-IND_00028
MPH-IND/session_02/iPhone/00028/6_00028_m_02_02_p_1.mp4 MPH-IND_00028
MPH-IND/session_02/iPhone/00032/6_00032_f_02_01_p_1.mp4 MPH-IND_00032
MPH-IND/session_02/iPhone/00032/6_00032_f_02_02_p_1.mp4 MPH-IND_00032
MPH-IND/session_02/iPhone/00038/6_00038_f_02_01_p_1.mp4 MPH-IND_00038
MPH-IND/session_02/iPhone/00038/6_00038_f_02_02_p_1.mp4 MPH-IND_00038
MPH-IND/session_02/iPhone/00039/6_00039_f_02_01_p_1.mp4 MPH-IND_00039
MPH-IND/session_02/iPhone/00039/6_00039_f_02_02_p_1.mp4 MPH-IND_00039
MPH-IND/session_02/iPhone/00041/6_00041_m_02_01_p_1.mp4 MPH-IND_00041
MPH-IND/session_02/iPhone/00041/6_00041_m_02_02_p_1.mp4 MPH-IND_00041
MPH-IND/session_02/iPhone/00042/6_00042_f_02_01_p_1.mp4 MPH-IND_00042
MPH-IND/session_02/iPhone/00042/6_00042_f_02_02_p_1.mp4 MPH-IND_00042
MPH-IND/session_02/iPhone/00043/6_00043_m_02_01_p_1.mp4 MPH-IND_00043
MPH-IND/session_02/iPhone/00043/6_00043_m_02_02_p_1.mp4 MPH-IND_00043
MPH-IND/session_02/iPhone/00044/6_00044_m_02_01_p_1.mp4 MPH-IND_00044
MPH-IND/session_02/iPhone/00044/6_00044_m_02_02_p_1.mp4 MPH-IND_00044
MPH-IND/session_02/iPhone/00045/6_00045_f_02_01_p_1.mp4 MPH-IND_00045
MPH-IND/session_02/iPhone/00045/6_00045_f_02_02_p_1.mp4 MPH-IND_00045
MPH-IND/session_02/iPhone/00046/6_00046_m_02_01_p_1.mp4 MPH-IND_00046
MPH-IND/session_02/iPhone/00046/6_00046_m_02_02_p_1.mp4 MPH-IND_00046
MPH-IND/session_02/iPhone/00048/6_00048_m_02_01_p_1.mp4 MPH-IND_00048
MPH-IND/session_02/iPhone/00048/6_00048_m_02_02_p_1.mp4 MPH-IND_00048
MPH-IND/session_02/iPhone/00050/6_00050_f_02_01_p_1.mp4 MPH-IND_00050
MPH-IND/session_02/iPhone/00050/6_00050_f_02_02_p_1.mp4 MPH-IND_00050
MPH-IND/session_02/iPhone/00051/6_00051_m_02_01_p_1.mp4 MPH-IND_00051
MPH-IND/session_02/iPhone/00051/6_00051_m_02_02_p_1.mp4 MPH-IND_00051
NTNU/session_02/iPhone/00001/1_00001_m_02_01_p_1.mp4 NTNU_00001
NTNU/session_02/iPhone/00001/1_00001_m_02_02_p_1.mp4 NTNU_00001
NTNU/session_02/iPhone/00003/1_00003_m_02_01_p_1.mp4 NTNU_00003
NTNU/session_02/iPhone/00003/1_00003_m_02_02_p_1.mp4 NTNU_00003
NTNU/session_02/iPhone/00005/1_00005_f_02_01_p_1.mp4 NTNU_00005
NTNU/session_02/iPhone/00005/1_00005_f_02_02_p_1.mp4 NTNU_00005
NTNU/session_02/iPhone/00006/1_00006_m_02_01_p_1.mp4 NTNU_00006
NTNU/session_02/iPhone/00006/1_00006_m_02_02_p_1.mp4 NTNU_00006
NTNU/session_02/iPhone/00008/1_00008_m_02_01_p_1.mp4 NTNU_00008
NTNU/session_02/iPhone/00008/1_00008_m_02_02_p_1.mp4 NTNU_00008
NTNU/session_02/iPhone/00012/1_00012_m_02_01_p_1.mp4 NTNU_00012
NTNU/session_02/iPhone/00012/1_00012_m_02_02_p_1.mp4 NTNU_00012
NTNU/session_02/iPhone/00013/1_00013_f_02_01_p_1.mp4 NTNU_00013
NTNU/session_02/iPhone/00013/1_00013_f_02_02_p_1.mp4 NTNU_00013
NTNU/session_02/iPhone/00018/1_00018_f_02_01_p_1.mp4 NTNU_00018
NTNU/session_02/iPhone/00018/1_00018_f_02_02_p_1.mp4 NTNU_00018
NTNU/session_02/iPhone/00019/1_00019_m_02_01_p_1.mp4 NTNU_00019
NTNU/session_02/iPhone/00019/1_00019_m_02_02_p_1.mp4 NTNU_00019
NTNU/session_02/iPhone/00020/1_00020_m_02_01_p_1.mp4 NTNU_00020
NTNU/session_02/iPhone/00020/1_00020_m_02_02_p_1.mp4 NTNU_00020
NTNU/session_02/iPhone/00021/1_00021_m_02_01_p_1.mp4 NTNU_00021
NTNU/session_02/iPhone/00021/1_00021_m_02_02_p_1.mp4 NTNU_00021
NTNU/session_02/iPhone/00024/1_00024_m_02_01_p_1.mp4 NTNU_00024
NTNU/session_02/iPhone/00024/1_00024_m_02_02_p_1.mp4 NTNU_00024
NTNU/session_02/iPhone/00025/1_00025_m_02_01_p_1.mp4 NTNU_00025
NTNU/session_02/iPhone/00025/1_00025_m_02_02_p_1.mp4 NTNU_00025
NTNU/session_02/iPhone/00026/1_00026_m_02_01_p_1.mp4 NTNU_00026
NTNU/session_02/iPhone/00026/1_00026_m_02_02_p_1.mp4 NTNU_00026
NTNU/session_02/iPhone/00027/1_00027_m_02_01_p_1.mp4 NTNU_00027
NTNU/session_02/iPhone/00027/1_00027_m_02_02_p_1.mp4 NTNU_00027
NTNU/session_02/iPhone/00028/1_00028_m_02_01_p_1.mp4 NTNU_00028
NTNU/session_02/iPhone/00028/1_00028_m_02_02_p_1.mp4 NTNU_00028
NTNU/session_02/iPhone/00029/1_00029_m_02_01_p_1.mp4 NTNU_00029
NTNU/session_02/iPhone/00029/1_00029_m_02_02_p_1.mp4 NTNU_00029
NTNU/session_02/iPhone/00032/1_00032_m_02_01_p_1.mp4 NTNU_00032
NTNU/session_02/iPhone/00032/1_00032_m_02_02_p_1.mp4 NTNU_00032
NTNU/session_02/iPhone/00033/1_00033_f_02_01_p_1.mp4 NTNU_00033
NTNU/session_02/iPhone/00033/1_00033_f_02_02_p_1.mp4 NTNU_00033
NTNU/session_02/iPhone/00034/1_00034_m_02_01_p_1.mp4 NTNU_00034
NTNU/session_02/iPhone/00034/1_00034_m_02_02_p_1.mp4 NTNU_00034
NTNU/session_02/iPhone/00036/1_00036_m_02_01_p_1.mp4 NTNU_00036
NTNU/session_02/iPhone/00036/1_00036_m_02_02_p_1.mp4 NTNU_00036
NTNU/session_02/iPhone/00038/1_00038_f_02_01_p_1.mp4 NTNU_00038
NTNU/session_02/iPhone/00038/1_00038_f_02_02_p_1.mp4 NTNU_00038
NTNU/session_02/iPhone/00039/1_00039_m_02_01_p_1.mp4 NTNU_00039
NTNU/session_02/iPhone/00039/1_00039_m_02_02_p_1.mp4 NTNU_00039
NTNU/session_02/iPhone/00040/1_00040_m_02_01_p_1.mp4 NTNU_00040
NTNU/session_02/iPhone/00040/1_00040_m_02_02_p_1.mp4 NTNU_00040
NTNU/session_02/iPhone/00041/1_00041_m_02_01_p_1.mp4 NTNU_00041
NTNU/session_02/iPhone/00041/1_00041_m_02_02_p_1.mp4 NTNU_00041
NTNU/session_02/iPhone/00042/1_00042_f_02_01_p_1.mp4 NTNU_00042
NTNU/session_02/iPhone/00042/1_00042_f_02_02_p_1.mp4 NTNU_00042
NTNU/session_02/iPhone/00045/1_00045_m_02_01_p_1.mp4 NTNU_00045
NTNU/session_02/iPhone/00045/1_00045_m_02_02_p_1.mp4 NTNU_00045
NTNU/session_02/iPhone/00051/1_00051_m_02_01_p_1.mp4 NTNU_00051
NTNU/session_02/iPhone/00051/1_00051_m_02_02_p_1.mp4 NTNU_00051
NTNU/session_02/iPhone/00053/1_00053_m_02_01_p_1.mp4 NTNU_00053
NTNU/session_02/iPhone/00053/1_00053_m_02_02_p_1.mp4 NTNU_00053
