Train/live/032/032-1-1-1-1_60 032
Train/live/032/032-1-1-1-2_60 032
Train/live/032/032-1-1-2-1_60 032
Train/live/032/032-1-1-2-2_60 032
Train/live/032/032-2-1-1-1_60 032
Train/live/032/032-2-1-1-2_60 032
Train/live/032/032-2-1-2-1_60 032
Train/live/032/032-2-1-2-2_60 032
Train/live/033/033-1-1-1-1_60 033
Train/live/033/033-1-1-1-2_60 033
Train/live/033/033-1-1-2-1_60 033
Train/live/033/033-1-1-2-2_60 033
Train/live/033/033-2-1-1-1_60 033
Train/live/033/033-2-1-1-2_60 033
Train/live/033/033-2-1-2-1_60 033
Train/live/033/033-2-1-2-2_60 033
Train/live/034/034-1-1-1-1_60 034
Train/live/034/034-1-1-1-2_60 034
Train/live/034/034-1-1-2-1_60 034
Train/live/034/034-1-1-2-2_60 034
Train/live/034/034-2-1-1-1_60 034
Train/live/034/034-2-1-1-2_60 034
Train/live/034/034-2-1-2-1_60 034
Train/live/034/034-2-1-2-2_60 034
Train/live/035/035-1-1-1-1_60 035
Train/live/035/035-1-1-1-2_60 035
Train/live/035/035-1-1-2-1_60 035
Train/live/035/035-1-1-2-2_60 035
Train/live/035/035-2-1-1-1_60 035
Train/live/035/035-2-1-1-2_60 035
Train/live/035/035-2-1-2-1_60 035
Train/live/035/035-2-1-2-2_60 035
Train/live/038/038-1-1-1-1_60 038
Train/live/038/038-1-1-1-2_60 038
Train/live/038/038-1-1-2-1_60 038
Train/live/038/038-1-1-2-2_60 038
Train/live/038/038-2-1-1-1_60 038
Train/live/038/038-2-1-1-2_60 038
Train/live/038/038-2-1-2-1_60 038
Train/live/038/038-2-1-2-2_60 038
Train/live/040/040-1-1-1-1_60 040
Train/live/040/040-1-1-1-2_60 040
Train/live/040/040-1-1-2-1_60 040
Train/live/040/040-1-1-2-2_60 040
Train/live/040/040-2-1-1-1_60 040
Train/live/040/040-2-1-1-2_60 040
Train/live/040/040-2-1-2-1_60 040
Train/live/040/040-2-1-2-2_60 040
Train/live/041/041-1-1-1-1_60 041
Train/live/041/041-1-1-1-2_60 041
Train/live/041/041-1-1-2-1_60 041
Train/live/041/041-1-1-2-2_60 041
Train/live/041/041-2-1-1-1_60 041
Train/live/041/041-2-1-1-2_60 041
Train/live/041/041-2-1-2-1_60 041
Train/live/041/041-2-1-2-2_60 041
Train/live/042/042-1-1-1-1_60 042
Train/live/042/042-1-1-1-2_60 042
Train/live/042/042-1-1-2-1_60 042
Train/live/042/042-1-1-2-2_60 042
Train/live/042/042-2-1-1-1_60 042
Train/live/042/042-2-1-1-2_60 042
Train/live/042/042-2-1-2-1_60 042
Train/live/042/042-2-1-2-2_60 042
Train/live/045/045-1-1-1-1_60 045
Train/live/045/045-1-1-1-2_60 045
Train/live/045/045-1-1-2-1_60 045
Train/live/045/045-1-1-2-2_60 045
Train/live/045/045-2-1-1-1_60 045
Train/live/045/045-2-1-1-2_60 045
Train/live/045/045-2-1-2-1_60 045
Train/live/045/045-2-1-2-2_60 045
Train/live/046/046-1-1-1-1_60 046
Train/live/046/046-1-1-1-2_60 046
Train/live/046/046-1-1-2-1_60 046
Train/live/046/046-1-1-2-2_60 046
Train/live/046/046-2-1-1-1_60 046
Train/live/046/046-2-1-1-2_60 046
Train/live/046/046-2-1-2-1_60 046
Train/live/046/046-2-1-2-2_60 046
Train/live/047/047-1-1-1-1_60 047
Train/live/047/047-1-1-1-2_60 047
Train/live/047/047-1-1-2-1_60 047
Train/live/047/047-1-1-2-2_60 047
Train/live/047/047-2-1-1-1_60 047
Train/live/047/047-2-1-1-2_60 047
Train/live/047/047-2-1-2-1_60 047
Train/live/047/047-2-1-2-2_60 047
Train/live/051/051-1-1-1-1_60 051
Train/live/051/051-1-1-1-2_60 051
Train/live/051/051-1-1-2-1_60 051
Train/live/051/051-1-1-2-2_60 051
Train/live/051/051-2-1-1-1_60 051
Train/live/051/051-2-1-1-2_60 051
Train/live/051/051-2-1-2-1_60 051
Train/live/051/051-2-1-2-2_60 051
Train/live/054/054-1-1-1-1_60 054
Train/live/054/054-1-1-1-2_60 054
Train/live/054/054-1-1-2-1_60 054
Train/live/054/054-1-1-2-2_60 054
Train/live/054/054-2-1-1-1_60 054
Train/live/054/054-2-1-1-2_60 054
Train/live/054/054-2-1-2-1_60 054
Train/live/054/054-2-1-2-2_60 054
Train/live/055/055-1-1-1-1_60 055
Train/live/055/055-1-1-1-2_60 055
Train/live/055/055-1-1-2-1_60 055
Train/live/055/055-1-1-2-2_60 055
Train/live/055/055-2-1-1-1_60 055
Train/live/055/055-2-1-1-2_60 055
Train/live/055/055-2-1-2-1_60 055
Train/live/055/055-2-1-2-2_60 055
Train/live/056/056-1-1-1-1_60 056
Train/live/056/056-1-1-1-2_60 056
Train/live/056/056-1-1-2-1_60 056
Train/live/056/056-1-1-2-2_60 056
Train/live/056/056-2-1-1-1_60 056
Train/live/056/056-2-1-1-2_60 056
Train/live/056/056-2-1-2-1_60 056
Train/live/056/056-2-1-2-2_60 056
Train/live/058/058-1-1-1-1_60 058
Train/live/058/058-1-1-1-2_60 058
Train/live/058/058-1-1-2-1_60 058
Train/live/058/058-1-1-2-2_60 058
Train/live/058/058-2-1-1-1_60 058
Train/live/058/058-2-1-1-2_60 058
Train/live/058/058-2-1-2-1_60 058
Train/live/058/058-2-1-2-2_60 058
Train/live/060/060-1-1-1-1_60 060
Train/live/060/060-1-1-1-2_60 060
Train/live/060/060-1-1-2-1_60 060
Train/live/060/060-1-1-2-2_60 060
Train/live/060/060-2-1-1-1_60 060
Train/live/060/060-2-1-1-2_60 060
Train/live/060/060-2-1-2-1_60 060
Train/live/060/060-2-1-2-2_60 060
Train/live/062/062-1-1-1-1_60 062
Train/live/062/062-2-1-1-1_60 062
Train/live/062/062-2-1-1-2_60 062
Train/live/062/062-2-1-2-1_60 062
Train/live/063/063-1-1-1-1_60 063
Train/live/063/063-1-1-1-2_60 063
Train/live/063/063-1-1-2-1_60 063
Train/live/063/063-1-1-2-2_60 063
Train/live/063/063-2-1-1-1_60 063
Train/live/063/063-2-1-1-2_60 063
Train/live/063/063-2-1-2-1_60 063
Train/live/063/063-2-1-2-2_60 063
Train/live/068/068-1-1-1-1_60 068
Train/live/068/068-1-1-1-2_60 068
Train/live/068/068-1-1-2-1_60 068
Train/live/068/068-1-1-2-2_60 068
Train/live/068/068-2-1-1-1_60 068
Train/live/068/068-2-1-1-2_60 068
Train/live/068/068-2-1-2-1_60 068
Train/live/068/068-2-1-2-2_60 068
Train/live/069/069-1-1-1-1_60 069
Train/live/069/069-1-1-1-2_60 069
Train/live/069/069-1-1-2-1_60 069
Train/live/069/069-1-1-2-2_60 069
Train/live/069/069-2-1-1-1_60 069
Train/live/069/069-2-1-1-2_60 069
Train/live/069/069-2-1-2-1_60 069
Train/live/069/069-2-1-2-2_60 069
Train/live/070/070-1-1-1-1_60 070
Train/live/070/070-1-1-1-2_60 070
Train/live/070/070-1-1-2-1_60 070
Train/live/070/070-1-1-2-2_60 070
Train/live/070/070-2-1-1-1_60 070
Train/live/070/070-2-1-1-2_60 070
Train/live/070/070-2-1-2-1_60 070
Train/live/070/070-2-1-2-2_60 070
Train/live/072/072-1-1-1-1_60 072
Train/live/072/072-1-1-1-2_60 072
Train/live/072/072-1-1-2-1_60 072
Train/live/072/072-1-1-2-2_60 072
Train/live/072/072-2-1-1-1_60 072
Train/live/072/072-2-1-1-2_60 072
Train/live/072/072-2-1-2-1_60 072
Train/live/072/072-2-1-2-2_60 072
Train/live/074/074-1-1-1-1_60 074
Train/live/074/074-1-1-1-2_60 074
Train/live/074/074-1-1-2-1_60 074
Train/live/074/074-1-1-2-2_60 074
Train/live/074/074-2-1-1-1_60 074
Train/live/074/074-2-1-1-2_60 074
Train/live/074/074-2-1-2-1_60 074
Train/live/074/074-2-1-2-2_60 074
Train/live/076/076-1-1-1-1_60 076
Train/live/076/076-1-1-1-2_60 076
Train/live/076/076-1-1-2-1_60 076
Train/live/076/076-1-1-2-2_60 076
Train/live/076/076-2-1-1-1_60 076
Train/live/076/076-2-1-1-2_60 076
Train/live/076/076-2-1-2-1_60 076
Train/live/076/076-2-1-2-2_60 076
Train/live/077/077-1-1-1-1_60 077
Train/live/077/077-1-1-1-2_60 077
Train/live/077/077-1-1-2-1_60 077
Train/live/077/077-1-1-2-2_60 077
Train/live/077/077-2-1-1-1_60 077
Train/live/077/077-2-1-1-2_60 077
Train/live/077/077-2-1-2-1_60 077
Train/live/077/077-2-1-2-2_60 077
Train/live/078/078-1-1-1-1_60 078
Train/live/078/078-1-1-1-2_60 078
Train/live/078/078-1-1-2-1_60 078
Train/live/078/078-1-1-2-2_60 078
Train/live/078/078-2-1-1-1_60 078
Train/live/078/078-2-1-1-2_60 078
Train/live/078/078-2-1-2-1_60 078
Train/live/078/078-2-1-2-2_60 078
Train/live/080/080-1-1-1-1_60 080
Train/live/080/080-1-1-1-2_60 080
Train/live/080/080-1-1-2-1_60 080
Train/live/080/080-1-1-2-2_60 080
Train/live/080/080-2-1-1-1_60 080
Train/live/080/080-2-1-1-2_60 080
Train/live/080/080-2-1-2-1_60 080
Train/live/080/080-2-1-2-2_60 080
Train/live/081/081-1-1-1-1_60 081
Train/live/081/081-1-1-1-2_60 081
Train/live/081/081-1-1-2-1_60 081
Train/live/081/081-1-1-2-2_60 081
Train/live/081/081-2-1-1-1_60 081
Train/live/081/081-2-1-1-2_60 081
Train/live/081/081-2-1-2-1_60 081
Train/live/081/081-2-1-2-2_60 081
Train/live/086/086-1-1-1-1_60 086
Train/live/086/086-1-1-1-2_60 086
Train/live/086/086-1-1-2-1_60 086
Train/live/086/086-1-1-2-2_60 086
Train/live/086/086-2-1-1-1_60 086
Train/live/086/086-2-1-1-2_60 086
Train/live/086/086-2-1-2-1_60 086
Train/live/086/086-2-1-2-2_60 086
Train/live/089/089-1-1-1-1_60 089
Train/live/089/089-1-1-1-2_60 089
Train/live/089/089-1-1-2-1_60 089
Train/live/089/089-1-1-2-2_60 089
Train/live/089/089-2-1-1-1_60 089
Train/live/089/089-2-1-1-2_60 089
Train/live/089/089-2-1-2-1_60 089
Train/live/089/089-2-1-2-2_60 089
Train/live/091/091-1-1-1-1_60 091
Train/live/091/091-1-1-1-2_60 091
Train/live/091/091-1-1-2-1_60 091
Train/live/091/091-1-1-2-2_60 091
Train/live/091/091-2-1-1-1_60 091
Train/live/091/091-2-1-1-2_60 091
Train/live/091/091-2-1-2-1_60 091
Train/live/091/091-2-1-2-2_60 091
Train/live/092/092-1-1-1-1_60 092
Train/live/092/092-1-1-1-2_60 092
Train/live/092/092-1-1-2-1_60 092
Train/live/092/092-1-1-2-2_60 092
Train/live/092/092-2-1-1-1_60 092
Train/live/092/092-2-1-1-2_60 092
Train/live/092/092-2-1-2-1_60 092
Train/live/092/092-2-1-2-2_60 092
Train/live/093/093-1-1-1-1_60 093
Train/live/093/093-1-1-1-2_60 093
Train/live/093/093-1-1-2-1_60 093
Train/live/093/093-1-1-2-2_60 093
Train/live/093/093-2-1-1-1_60 093
Train/live/093/093-2-1-1-2_60 093
Train/live/093/093-2-1-2-1_60 093
Train/live/093/093-2-1-2-2_60 093
Train/live/096/096-1-1-1-1_60 096
Train/live/096/096-1-1-1-2_60 096
Train/live/096/096-1-1-2-1_60 096
Train/live/096/096-1-1-2-2_60 096
Train/live/096/096-2-1-1-1_60 096
Train/live/096/096-2-1-1-2_60 096
Train/live/096/096-2-1-2-1_60 096
Train/live/096/096-2-1-2-2_60 096
Train/live/098/098-1-1-1-1_60 098
Train/live/098/098-1-1-1-2_60 098
Train/live/098/098-1-1-2-1_60 098
Train/live/098/098-1-1-2-2_60 098
Train/live/098/098-2-1-1-1_60 098
Train/live/098/098-2-1-1-2_60 098
Train/live/098/098-2-1-2-1_60 098
Train/live/098/098-2-1-2-2_60 098
Train/live/099/099-1-1-1-1_60 099
Train/live/099/099-1-1-1-2_60 099
Train/live/099/099-1-1-2-1_60 099
Train/live/099/099-1-1-2-2_60 099
Train/live/099/099-2-1-1-1_60 099
Train/live/099/099-2-1-1-2_60 099
Train/live/099/099-2-1-2-1_60 099
Train/live/099/099-2-1-2-2_60 099
Train/live/100/100-1-1-1-1_60 100
Train/live/100/100-1-1-1-2_60 100
Train/live/100/100-1-1-2-1_60 100
Train/live/100/100-1-1-2-2_60 100
Train/live/100/100-2-1-1-1_60 100
Train/live/100/100-2-1-1-2_60 100
Train/live/100/100-2-1-2-1_60 100
Train/live/100/100-2-1-2-2_60 100
Train/live/101/101-1-1-1-1_60 101
Train/live/101/101-1-1-1-2_60 101
Train/live/101/101-1-1-2-1_60 101
Train/live/101/101-1-1-2-2_60 101
Train/live/101/101-2-1-1-1_60 101
Train/live/101/101-2-1-1-2_60 101
Train/live/101/101-2-1-2-1_60 101
Train/live/101/101-2-1-2-2_60 101
Train/live/103/103-1-1-1-1_60 103
Train/live/103/103-1-1-1-2_60 103
Train/live/103/103-1-1-2-1_60 103
Train/live/103/103-1-1-2-2_60 103
Train/live/103/103-2-1-1-1_60 103
Train/live/103/103-2-1-1-2_60 103
Train/live/103/103-2-1-2-1_60 103
Train/live/103/103-2-1-2-2_60 103
Train/live/104/104-1-1-1-1_60 104
Train/live/104/104-1-1-1-2_60 104
Train/live/104/104-1-1-2-1_60 104
Train/live/104/104-1-1-2-2_60 104
Train/live/104/104-2-1-1-1_60 104
Train/live/104/104-2-1-1-2_60 104
Train/live/104/104-2-1-2-1_60 104
Train/live/104/104-2-1-2-2_60 104
Train/live/105/105-1-1-1-1_60 105
Train/live/105/105-1-1-1-2_60 105
Train/live/105/105-1-1-2-1_60 105
Train/live/105/105-1-1-2-2_60 105
Train/live/105/105-2-1-1-1_60 105
Train/live/105/105-2-1-1-2_60 105
Train/live/105/105-2-1-2-1_60 105
Train/live/105/105-2-1-2-2_60 105
Train/live/107/107-1-1-1-1_60 107
Train/live/107/107-1-1-1-2_60 107
Train/live/107/107-1-1-2-1_60 107
Train/live/107/107-1-1-2-2_60 107
Train/live/107/107-2-1-1-1_60 107
Train/live/107/107-2-1-1-2_60 107
Train/live/107/107-2-1-2-1_60 107
Train/live/107/107-2-1-2-2_60 107
Train/live/111/111-1-1-1-1_60 111
Train/live/111/111-1-1-1-2_60 111
Train/live/111/111-1-1-2-1_60 111
Train/live/111/111-1-1-2-2_60 111
Train/live/111/111-2-1-1-1_60 111
Train/live/111/111-2-1-1-2_60 111
Train/live/111/111-2-1-2-1_60 111
Train/live/111/111-2-1-2-2_60 111
Train/live/112/112-1-1-1-1_60 112
Train/live/112/112-1-1-1-2_60 112
Train/live/112/112-1-1-2-1_60 112
Train/live/112/112-1-1-2-2_60 112
Train/live/112/112-2-1-1-1_60 112
Train/live/112/112-2-1-1-2_60 112
Train/live/112/112-2-1-2-1_60 112
Train/live/112/112-2-1-2-2_60 112
Train/live/113/113-1-1-1-1_60 113
Train/live/113/113-1-1-1-2_60 113
Train/live/113/113-1-1-2-1_60 113
Train/live/113/113-1-1-2-2_60 113
Train/live/113/113-2-1-1-1_60 113
Train/live/113/113-2-1-1-2_60 113
Train/live/113/113-2-1-2-1_60 113
Train/live/113/113-2-1-2-2_60 113
Train/live/115/115-1-1-1-1_60 115
Train/live/115/115-1-1-1-2_60 115
Train/live/115/115-1-1-2-1_60 115
Train/live/115/115-1-1-2-2_60 115
Train/live/115/115-2-1-1-1_60 115
Train/live/115/115-2-1-1-2_60 115
Train/live/115/115-2-1-2-1_60 115
Train/live/115/115-2-1-2-2_60 115
Train/live/117/117-1-1-1-1_60 117
Train/live/117/117-1-1-1-2_60 117
Train/live/117/117-1-1-2-1_60 117
Train/live/117/117-1-1-2-2_60 117
Train/live/117/117-2-1-1-1_60 117
Train/live/117/117-2-1-1-2_60 117
Train/live/117/117-2-1-2-1_60 117
Train/live/117/117-2-1-2-2_60 117
Train/live/119/119-1-1-1-1_60 119
Train/live/119/119-1-1-1-2_60 119
Train/live/119/119-1-1-2-1_60 119
Train/live/119/119-1-1-2-2_60 119
Train/live/119/119-2-1-1-1_60 119
Train/live/119/119-2-1-1-2_60 119
Train/live/119/119-2-1-2-1_60 119
Train/live/119/119-2-1-2-2_60 119
Train/live/120/120-1-1-1-1_60 120
Train/live/120/120-1-1-1-2_60 120
Train/live/120/120-1-1-2-1_60 120
Train/live/120/120-1-1-2-2_60 120
Train/live/120/120-2-1-1-1_60 120
Train/live/120/120-2-1-1-2_60 120
Train/live/120/120-2-1-2-1_60 120
Train/live/120/120-2-1-2-2_60 120
Train/live/121/121-1-1-1-1_60 121
Train/live/121/121-1-1-1-2_60 121
Train/live/121/121-1-1-2-1_60 121
Train/live/121/121-1-1-2-2_60 121
Train/live/121/121-2-1-1-1_60 121
Train/live/121/121-2-1-1-2_60 121
Train/live/121/121-2-1-2-1_60 121
Train/live/121/121-2-1-2-2_60 121
Train/live/123/123-1-1-1-1_60 123
Train/live/123/123-1-1-1-2_60 123
Train/live/123/123-1-1-2-1_60 123
Train/live/123/123-1-1-2-2_60 123
Train/live/123/123-2-1-1-1_60 123
Train/live/123/123-2-1-1-2_60 123
Train/live/123/123-2-1-2-1_60 123
Train/live/123/123-2-1-2-2_60 123
Train/live/127/127-1-1-1-1_60 127
Train/live/127/127-1-1-1-2_60 127
Train/live/127/127-1-1-2-1_60 127
Train/live/127/127-1-1-2-2_60 127
Train/live/127/127-2-1-1-1_60 127
Train/live/127/127-2-1-1-2_60 127
Train/live/127/127-2-1-2-1_60 127
Train/live/127/127-2-1-2-2_60 127
Train/live/128/128-1-1-1-1_60 128
Train/live/128/128-1-1-1-2_60 128
Train/live/128/128-1-1-2-1_60 128
Train/live/128/128-1-1-2-2_60 128
Train/live/128/128-2-1-1-1_60 128
Train/live/128/128-2-1-1-2_60 128
Train/live/128/128-2-1-2-1_60 128
Train/live/128/128-2-1-2-2_60 128
Train/live/129/129-1-1-1-1_60 129
Train/live/129/129-1-1-1-2_60 129
Train/live/129/129-1-1-2-1_60 129
Train/live/129/129-1-1-2-2_60 129
Train/live/129/129-2-1-1-1_60 129
Train/live/129/129-2-1-1-2_60 129
Train/live/129/129-2-1-2-1_60 129
Train/live/129/129-2-1-2-2_60 129
Train/live/131/131-1-1-1-1_60 131
Train/live/131/131-1-1-1-2_60 131
Train/live/131/131-1-1-2-1_60 131
Train/live/131/131-1-1-2-2_60 131
Train/live/131/131-2-1-1-1_60 131
Train/live/131/131-2-1-1-2_60 131
Train/live/131/131-2-1-2-1_60 131
Train/live/131/131-2-1-2-2_60 131
Train/live/133/133-1-1-1-1_60 133
Train/live/133/133-1-1-1-2_60 133
Train/live/133/133-1-1-2-1_60 133
Train/live/133/133-1-1-2-2_60 133
Train/live/133/133-2-1-1-1_60 133
Train/live/133/133-2-1-1-2_60 133
Train/live/133/133-2-1-2-1_60 133
Train/live/133/133-2-1-2-2_60 133
Train/live/134/134-1-1-1-1_60 134
Train/live/134/134-1-1-1-2_60 134
Train/live/134/134-1-1-2-1_60 134
Train/live/134/134-1-1-2-2_60 134
Train/live/134/134-2-1-1-1_60 134
Train/live/134/134-2-1-1-2_60 134
Train/live/134/134-2-1-2-1_60 134
Train/live/134/134-2-1-2-2_60 134
Train/live/135/135-1-1-1-1_60 135
Train/live/135/135-1-1-1-2_60 135
Train/live/135/135-1-1-2-1_60 135
Train/live/135/135-1-1-2-2_60 135
Train/live/135/135-2-1-1-1_60 135
Train/live/135/135-2-1-1-2_60 135
Train/live/135/135-2-1-2-1_60 135
Train/live/135/135-2-1-2-2_60 135
Train/live/136/136-1-1-1-1_60 136
Train/live/136/136-1-1-1-2_60 136
Train/live/136/136-1-1-2-1_60 136
Train/live/136/136-1-1-2-2_60 136
Train/live/136/136-2-1-1-1_60 136
Train/live/136/136-2-1-1-2_60 136
Train/live/136/136-2-1-2-1_60 136
Train/live/136/136-2-1-2-2_60 136
Train/live/140/140-1-1-1-1_60 140
Train/live/140/140-1-1-1-2_60 140
Train/live/140/140-1-1-2-1_60 140
Train/live/140/140-1-1-2-2_60 140
Train/live/140/140-2-1-1-1_60 140
Train/live/140/140-2-1-1-2_60 140
Train/live/140/140-2-1-2-1_60 140
Train/live/140/140-2-1-2-2_60 140
Train/live/143/143-1-1-1-1_60 143
Train/live/143/143-1-1-1-2_60 143
Train/live/143/143-1-1-2-1_60 143
Train/live/143/143-1-1-2-2_60 143
Train/live/143/143-2-1-1-1_60 143
Train/live/143/143-2-1-1-2_60 143
Train/live/143/143-2-1-2-1_60 143
Train/live/143/143-2-1-2-2_60 143
Train/live/144/144-1-1-1-1_60 144
Train/live/144/144-1-1-1-2_60 144
Train/live/144/144-1-1-2-1_60 144
Train/live/144/144-1-1-2-2_60 144
Train/live/144/144-2-1-1-1_60 144
Train/live/144/144-2-1-1-2_60 144
Train/live/144/144-2-1-2-1_60 144
Train/live/144/144-2-1-2-2_60 144
Train/live/145/145-1-1-1-1_60 145
Train/live/145/145-1-1-1-2_60 145
Train/live/145/145-1-1-2-1_60 145
Train/live/145/145-1-1-2-2_60 145
Train/live/145/145-2-1-1-1_60 145
Train/live/145/145-2-1-1-2_60 145
Train/live/145/145-2-1-2-1_60 145
Train/live/145/145-2-1-2-2_60 145
Train/live/146/146-1-1-1-1_60 146
Train/live/146/146-1-1-1-2_60 146
Train/live/146/146-1-1-2-1_60 146
Train/live/146/146-1-1-2-2_60 146
Train/live/146/146-2-1-1-1_60 146
Train/live/146/146-2-1-1-2_60 146
Train/live/146/146-2-1-2-1_60 146
Train/live/146/146-2-1-2-2_60 146
Train/live/147/147-1-1-1-1_60 147
Train/live/147/147-1-1-1-2_60 147
Train/live/147/147-1-1-2-1_60 147
Train/live/147/147-1-1-2-2_60 147
Train/live/147/147-2-1-1-1_60 147
Train/live/147/147-2-1-1-2_60 147
Train/live/147/147-2-1-2-1_60 147
Train/live/147/147-2-1-2-2_60 147
Train/live/148/148-1-1-1-1_60 148
Train/live/148/148-1-1-1-2_60 148
Train/live/148/148-1-1-2-1_60 148
Train/live/148/148-1-1-2-2_60 148
Train/live/148/148-2-1-1-1_60 148
Train/live/148/148-2-1-1-2_60 148
Train/live/148/148-2-1-2-1_60 148
Train/live/148/148-2-1-2-2_60 148
Train/live/149/149-1-1-1-1_60 149
Train/live/149/149-1-1-1-2_60 149
Train/live/149/149-1-1-2-1_60 149
Train/live/149/149-1-1-2-2_60 149
Train/live/149/149-2-1-1-1_60 149
Train/live/149/149-2-1-1-2_60 149
Train/live/149/149-2-1-2-1_60 149
Train/live/149/149-2-1-2-2_60 149
Train/live/150/150-1-1-1-1_60 150
Train/live/150/150-1-1-1-2_60 150
Train/live/150/150-1-1-2-1_60 150
Train/live/150/150-1-1-2-2_60 150
Train/live/150/150-2-1-1-1_60 150
Train/live/150/150-2-1-1-2_60 150
Train/live/150/150-2-1-2-1_60 150
Train/live/150/150-2-1-2-2_60 150
Train/live/151/151-1-1-1-1_60 151
Train/live/151/151-1-1-1-2_60 151
Train/live/151/151-1-1-2-1_60 151
Train/live/151/151-1-1-2-2_60 151
Train/live/151/151-2-1-1-1_60 151
Train/live/151/151-2-1-1-2_60 151
Train/live/151/151-2-1-2-1_60 151
Train/live/151/151-2-1-2-2_60 151
Train/live/152/152-1-1-1-1_60 152
Train/live/152/152-1-1-1-2_60 152
Train/live/152/152-1-1-2-1_60 152
Train/live/152/152-1-1-2-2_60 152
Train/live/152/152-2-1-1-1_60 152
Train/live/152/152-2-1-1-2_60 152
Train/live/152/152-2-1-2-1_60 152
Train/live/152/152-2-1-2-2_60 152
Train/live/155/155-1-1-1-1_60 155
Train/live/155/155-1-1-1-2_60 155
Train/live/155/155-1-1-2-1_60 155
Train/live/155/155-1-1-2-2_60 155
Train/live/155/155-2-1-1-1_60 155
Train/live/155/155-2-1-1-2_60 155
Train/live/155/155-2-1-2-1_60 155
Train/live/155/155-2-1-2-2_60 155
Train/live/156/156-1-1-1-1_60 156
Train/live/156/156-1-1-1-2_60 156
Train/live/156/156-1-1-2-1_60 156
Train/live/156/156-1-1-2-2_60 156
Train/live/156/156-2-1-1-1_60 156
Train/live/156/156-2-1-1-2_60 156
Train/live/156/156-2-1-2-1_60 156
Train/live/156/156-2-1-2-2_60 156
Train/live/157/157-1-1-1-1_60 157
Train/live/157/157-1-1-1-2_60 157
Train/live/157/157-1-1-2-1_60 157
Train/live/157/157-1-1-2-2_60 157
Train/live/157/157-2-1-1-1_60 157
Train/live/157/157-2-1-1-2_60 157
Train/live/157/157-2-1-2-1_60 157
Train/live/157/157-2-1-2-2_60 157
Train/live/159/159-1-1-1-1_60 159
Train/live/159/159-1-1-1-2_60 159
Train/live/159/159-1-1-2-1_60 159
Train/live/159/159-1-1-2-2_60 159
Train/live/159/159-2-1-1-1_60 159
Train/live/159/159-2-1-1-2_60 159
Train/live/159/159-2-1-2-1_60 159
Train/live/159/159-2-1-2-2_60 159
Train/live/160/160-1-1-1-1_60 160
Train/live/160/160-1-1-1-2_60 160
Train/live/160/160-1-1-2-1_60 160
Train/live/160/160-1-1-2-2_60 160
Train/live/160/160-2-1-1-1_60 160
Train/live/160/160-2-1-1-2_60 160
Train/live/160/160-2-1-2-1_60 160
Train/live/160/160-2-1-2-2_60 160
Train/live/162/162-1-1-1-1_60 162
Train/live/162/162-1-1-1-2_60 162
Train/live/162/162-1-1-2-1_60 162
Train/live/162/162-1-1-2-2_60 162
Train/live/162/162-2-1-1-1_60 162
Train/live/162/162-2-1-1-2_60 162
Train/live/162/162-2-1-2-1_60 162
Train/live/162/162-2-1-2-2_60 162
Train/live/163/163-1-1-1-1_60 163
Train/live/163/163-1-1-1-2_60 163
Train/live/163/163-1-1-2-1_60 163
Train/live/163/163-1-1-2-2_60 163
Train/live/163/163-2-1-1-1_60 163
Train/live/163/163-2-1-1-2_60 163
Train/live/163/163-2-1-2-1_60 163
Train/live/163/163-2-1-2-2_60 163
Train/live/164/164-1-1-1-1_60 164
Train/live/164/164-1-1-1-2_60 164
Train/live/164/164-1-1-2-1_60 164
Train/live/164/164-1-1-2-2_60 164
Train/live/164/164-2-1-1-1_60 164
Train/live/164/164-2-1-1-2_60 164
Train/live/164/164-2-1-2-1_60 164
Train/live/164/164-2-1-2-2_60 164
Train/live/165/165-1-1-1-1_60 165
Train/live/165/165-1-1-1-2_60 165
Train/live/165/165-1-1-2-1_60 165
Train/live/165/165-1-1-2-2_60 165
Train/live/165/165-2-1-1-1_60 165
Train/live/165/165-2-1-1-2_60 165
Train/live/165/165-2-1-2-1_60 165
Train/live/165/165-2-1-2-2_60 165
