2020-10-02 14:16:53,043 - Generate - DEBUG - files count_SEM_RLS-CA-2020-10 <> Function: __generate_columns
2020-10-02 14:16:53,190 - Generate - DEBUG - files count_OptDigMicr_RLS-CC-2020-1 <> Function: __generate_columns
2020-10-02 14:16:53,191 - Generate - DEBUG - files count_SEM_RLS-CC-2020-1 <> Function: __generate_columns
2020-10-02 14:17:00,720 - Generate - DEBUG - files count_SEM_RLS-CI-2020-3 <> Function: __generate_columns
2020-10-02 14:17:01,488 - Generate - DEBUG - files count_SEM_RLS-CI-2020-49 <> Function: __generate_columns
2020-10-02 14:17:03,780 - Generate - DEBUG - files count_OptDigMicr_RLS-CI-2020-77 <> Function: __generate_columns
2020-10-02 14:17:03,781 - Generate - DEBUG - files count_SEM_RLS-CI-2020-77 <> Function: __generate_columns
2020-10-02 14:17:07,444 - Generate - DEBUG - files count_OptDigMicr_RLS-OPS-2019-183 <> Function: __generate_columns
2020-10-02 14:17:08,448 - Generate - DEBUG - files count_OptDigMicr_RLS-OPS-2019-184 <> Function: __generate_columns
2020-10-02 14:41:39,843 - Generate - DEBUG - files count_SEM_RLS-CA-2020-10 <> Function: __generate_columns
2020-10-02 14:41:40,069 - Generate - DEBUG - files count_OptDigMicr_RLS-CC-2020-1 <> Function: __generate_columns
2020-10-02 14:41:40,070 - Generate - DEBUG - files count_SEM_RLS-CC-2020-1 <> Function: __generate_columns
2020-10-02 14:41:58,600 - Generate - DEBUG - files count_SEM_RLS-CI-2020-3 <> Function: __generate_columns
2020-10-02 14:42:00,978 - Generate - DEBUG - files count_SEM_RLS-CI-2020-49 <> Function: __generate_columns
2020-10-02 14:42:07,062 - Generate - DEBUG - files count_OptDigMicr_RLS-CI-2020-77 <> Function: __generate_columns
2020-10-02 14:42:07,062 - Generate - DEBUG - files count_SEM_RLS-CI-2020-77 <> Function: __generate_columns
2020-10-02 14:42:16,457 - Generate - DEBUG - files count_OptDigMicr_RLS-OPS-2019-183 <> Function: __generate_columns
2020-10-02 14:42:19,126 - Generate - DEBUG - files count_OptDigMicr_RLS-OPS-2019-184 <> Function: __generate_columns
2020-10-02 14:53:53,698 - Generate - DEBUG - files count_SEM_RLS-CA-2020-10 <> Function: __generate_columns
2020-10-02 14:53:54,099 - Generate - DEBUG - files count_OptDigMicr_RLS-CC-2020-1 <> Function: __generate_columns
2020-10-02 14:53:54,100 - Generate - DEBUG - files count_SEM_RLS-CC-2020-1 <> Function: __generate_columns
2020-10-02 14:54:14,949 - Generate - DEBUG - files count_SEM_RLS-CI-2020-3 <> Function: __generate_columns
2020-10-02 14:54:18,332 - Generate - DEBUG - files count_SEM_RLS-CI-2020-49 <> Function: __generate_columns
2020-10-02 14:54:24,953 - Generate - DEBUG - files count_OptDigMicr_RLS-CI-2020-77 <> Function: __generate_columns
2020-10-02 14:54:24,954 - Generate - DEBUG - files count_SEM_RLS-CI-2020-77 <> Function: __generate_columns
2020-10-02 14:54:35,474 - Generate - DEBUG - files count_OptDigMicr_RLS-OPS-2019-183 <> Function: __generate_columns
2020-10-02 14:54:38,631 - Generate - DEBUG - files count_OptDigMicr_RLS-OPS-2019-184 <> Function: __generate_columns
2020-10-02 14:54:41,617 - Generate - DEBUG - files count_OptDigMicr_RLS-OPS-2020-10 <> Function: __generate_columns
2020-10-02 14:54:50,655 - Generate - DEBUG - files count_OptDigMicr_RLS-OPS-2020-29 <> Function: __generate_columns
2020-10-02 14:54:50,656 - Generate - DEBUG - files count_SEM_RLS-OPS-2020-29 <> Function: __generate_columns
2020-10-02 15:05:17,151 - Generate - DEBUG - files count_SEM_RLS-CA-2020-10 <> Function: __generate_columns
2020-10-02 15:05:17,852 - Generate - DEBUG - files count_OptDigMicr_RLS-CC-2020-1 <> Function: __generate_columns
2020-10-02 15:05:17,852 - Generate - DEBUG - files count_SEM_RLS-CC-2020-1 <> Function: __generate_columns
2020-10-02 15:05:39,787 - Generate - DEBUG - files count_SEM_RLS-CI-2020-3 <> Function: __generate_columns
2020-10-02 15:05:42,797 - Generate - DEBUG - files count_SEM_RLS-CI-2020-49 <> Function: __generate_columns
2020-10-02 15:05:49,818 - Generate - DEBUG - files count_OptDigMicr_RLS-CI-2020-77 <> Function: __generate_columns
2020-10-02 15:05:49,819 - Generate - DEBUG - files count_SEM_RLS-CI-2020-77 <> Function: __generate_columns
2020-10-02 15:06:00,533 - Generate - DEBUG - files count_OptDigMicr_RLS-OPS-2019-183 <> Function: __generate_columns
2020-10-02 15:06:03,812 - Generate - DEBUG - files count_OptDigMicr_RLS-OPS-2019-184 <> Function: __generate_columns
2020-10-02 15:06:07,030 - Generate - DEBUG - files count_OptDigMicr_RLS-OPS-2020-10 <> Function: __generate_columns
2020-10-02 15:06:16,586 - Generate - DEBUG - files count_OptDigMicr_RLS-OPS-2020-29 <> Function: __generate_columns
2020-10-02 15:06:16,586 - Generate - DEBUG - files count_SEM_RLS-OPS-2020-29 <> Function: __generate_columns
2020-10-02 15:06:17,338 - Generate - DEBUG - files count_SEM_None <> Function: __generate_columns
2020-10-02 15:19:15,119 - Generate - DEBUG - files count_SEM_RLS-CA-2020-10 <> Function: __generate_columns
2020-10-02 15:19:16,051 - Generate - DEBUG - files count_OptDigMicr_RLS-CC-2020-1 <> Function: __generate_columns
2020-10-02 15:19:16,052 - Generate - DEBUG - files count_SEM_RLS-CC-2020-1 <> Function: __generate_columns
2020-10-02 15:19:40,034 - Generate - DEBUG - files count_SEM_RLS-CI-2020-3 <> Function: __generate_columns
2020-10-02 15:19:43,415 - Generate - DEBUG - files count_SEM_RLS-CI-2020-49 <> Function: __generate_columns
2020-10-02 15:19:51,020 - Generate - DEBUG - files count_OptDigMicr_RLS-CI-2020-77 <> Function: __generate_columns
2020-10-02 15:19:51,020 - Generate - DEBUG - files count_SEM_RLS-CI-2020-77 <> Function: __generate_columns
2020-10-02 15:20:02,528 - Generate - DEBUG - files count_OptDigMicr_RLS-OPS-2019-183 <> Function: __generate_columns
2020-10-02 15:20:06,102 - Generate - DEBUG - files count_OptDigMicr_RLS-OPS-2019-184 <> Function: __generate_columns
2020-10-02 15:20:09,471 - Generate - DEBUG - files count_OptDigMicr_RLS-OPS-2020-10 <> Function: __generate_columns
2020-10-02 15:20:19,295 - Generate - DEBUG - files count_OptDigMicr_RLS-OPS-2020-29 <> Function: __generate_columns
2020-10-02 15:20:19,295 - Generate - DEBUG - files count_SEM_RLS-OPS-2020-29 <> Function: __generate_columns
2020-10-02 15:20:20,327 - Generate - DEBUG - files count_SEM_None <> Function: __generate_columns
2020-10-02 16:08:52,729 - Generate - DEBUG - files count_SEM_RLS-CA-2020-10 <> Function: __generate_columns
2020-10-02 16:08:53,859 - Generate - DEBUG - files count_OptDigMicr_RLS-CC-2020-1 <> Function: __generate_columns
2020-10-02 16:08:53,859 - Generate - DEBUG - files count_SEM_RLS-CC-2020-1 <> Function: __generate_columns
2020-10-02 16:09:19,187 - Generate - DEBUG - files count_SEM_RLS-CI-2020-3 <> Function: __generate_columns
2020-10-02 16:09:22,726 - Generate - DEBUG - files count_SEM_RLS-CI-2020-49 <> Function: __generate_columns
2020-10-02 16:09:30,937 - Generate - DEBUG - files count_OptDigMicr_RLS-CI-2020-77 <> Function: __generate_columns
2020-10-02 16:09:30,937 - Generate - DEBUG - files count_SEM_RLS-CI-2020-77 <> Function: __generate_columns
2020-10-02 16:09:43,289 - Generate - DEBUG - files count_OptDigMicr_RLS-OPS-2019-183 <> Function: __generate_columns
2020-10-02 16:09:47,177 - Generate - DEBUG - files count_OptDigMicr_RLS-OPS-2019-184 <> Function: __generate_columns
2020-10-02 16:09:50,753 - Generate - DEBUG - files count_OptDigMicr_RLS-OPS-2020-10 <> Function: __generate_columns
2020-10-02 16:10:01,208 - Generate - DEBUG - files count_OptDigMicr_RLS-OPS-2020-29 <> Function: __generate_columns
2020-10-02 16:10:01,209 - Generate - DEBUG - files count_SEM_RLS-OPS-2020-29 <> Function: __generate_columns
2020-10-02 16:10:02,483 - Generate - DEBUG - files count_SEM_None <> Function: __generate_columns
2020-10-02 16:17:54,036 - Generate - DEBUG - files count_SEM_RLS-CA-2020-10 <> Function: __generate_columns
2020-10-02 16:17:55,398 - Generate - DEBUG - files count_OptDigMicr_RLS-CC-2020-1 <> Function: __generate_columns
2020-10-02 16:17:55,398 - Generate - DEBUG - files count_SEM_RLS-CC-2020-1 <> Function: __generate_columns
2020-10-02 16:18:23,102 - Generate - DEBUG - files count_SEM_RLS-CI-2020-3 <> Function: __generate_columns
2020-10-02 16:18:26,974 - Generate - DEBUG - files count_SEM_RLS-CI-2020-49 <> Function: __generate_columns
2020-10-02 16:18:35,890 - Generate - DEBUG - files count_OptDigMicr_RLS-CI-2020-77 <> Function: __generate_columns
2020-10-02 16:18:35,890 - Generate - DEBUG - files count_SEM_RLS-CI-2020-77 <> Function: __generate_columns
2020-10-02 16:18:49,329 - Generate - DEBUG - files count_OptDigMicr_RLS-OPS-2019-183 <> Function: __generate_columns
2020-10-02 16:18:53,553 - Generate - DEBUG - files count_OptDigMicr_RLS-OPS-2019-184 <> Function: __generate_columns
2020-10-02 16:18:57,570 - Generate - DEBUG - files count_OptDigMicr_RLS-OPS-2020-10 <> Function: __generate_columns
2020-10-02 16:19:08,523 - Generate - DEBUG - files count_OptDigMicr_RLS-OPS-2020-29 <> Function: __generate_columns
2020-10-02 16:19:08,523 - Generate - DEBUG - files count_SEM_RLS-OPS-2020-29 <> Function: __generate_columns
2020-10-02 16:19:10,035 - Generate - DEBUG - files count_SEM_None <> Function: __generate_columns
2020-10-02 16:28:15,781 - Generate - DEBUG - files count_SEM_RLS-CA-2020-10 <> Function: __generate_columns
2020-10-02 16:28:17,390 - Generate - DEBUG - files count_OptDigMicr_RLS-CC-2020-1 <> Function: __generate_columns
2020-10-02 16:28:17,390 - Generate - DEBUG - files count_SEM_RLS-CC-2020-1 <> Function: __generate_columns
2020-10-02 16:28:45,972 - Generate - DEBUG - files count_SEM_RLS-CI-2020-3 <> Function: __generate_columns
2020-10-02 16:28:49,839 - Generate - DEBUG - files count_SEM_RLS-CI-2020-49 <> Function: __generate_columns
2020-10-02 16:28:58,680 - Generate - DEBUG - files count_OptDigMicr_RLS-CI-2020-77 <> Function: __generate_columns
2020-10-02 16:28:58,680 - Generate - DEBUG - files count_SEM_RLS-CI-2020-77 <> Function: __generate_columns
2020-10-02 16:29:12,374 - Generate - DEBUG - files count_OptDigMicr_RLS-OPS-2019-183 <> Function: __generate_columns
2020-10-02 16:29:16,570 - Generate - DEBUG - files count_OptDigMicr_RLS-OPS-2019-184 <> Function: __generate_columns
2020-10-02 16:29:20,593 - Generate - DEBUG - files count_OptDigMicr_RLS-OPS-2020-10 <> Function: __generate_columns
2020-10-02 16:29:32,008 - Generate - DEBUG - files count_OptDigMicr_RLS-OPS-2020-29 <> Function: __generate_columns
2020-10-02 16:29:32,008 - Generate - DEBUG - files count_SEM_RLS-OPS-2020-29 <> Function: __generate_columns
2020-10-02 16:29:33,758 - Generate - DEBUG - files count_SEM_None <> Function: __generate_columns
2020-10-02 16:39:27,691 - Generate - DEBUG - files count_SEM_RLS-CA-2020-10 <> Function: __generate_columns
2020-10-02 16:39:29,597 - Generate - DEBUG - files count_OptDigMicr_RLS-CC-2020-1 <> Function: __generate_columns
2020-10-02 16:39:29,598 - Generate - DEBUG - files count_SEM_RLS-CC-2020-1 <> Function: __generate_columns
2020-10-02 16:40:01,179 - Generate - DEBUG - files count_SEM_RLS-CI-2020-3 <> Function: __generate_columns
2020-10-02 16:40:05,383 - Generate - DEBUG - files count_SEM_RLS-CI-2020-49 <> Function: __generate_columns
2020-10-02 16:40:15,303 - Generate - DEBUG - files count_OptDigMicr_RLS-CI-2020-77 <> Function: __generate_columns
2020-10-02 16:40:15,303 - Generate - DEBUG - files count_SEM_RLS-CI-2020-77 <> Function: __generate_columns
2020-10-02 16:40:30,060 - Generate - DEBUG - files count_OptDigMicr_RLS-OPS-2019-183 <> Function: __generate_columns
2020-10-02 16:40:34,676 - Generate - DEBUG - files count_OptDigMicr_RLS-OPS-2019-184 <> Function: __generate_columns
2020-10-02 16:40:39,202 - Generate - DEBUG - files count_OptDigMicr_RLS-OPS-2020-10 <> Function: __generate_columns
2020-10-02 16:40:51,304 - Generate - DEBUG - files count_OptDigMicr_RLS-OPS-2020-29 <> Function: __generate_columns
2020-10-02 16:40:51,304 - Generate - DEBUG - files count_SEM_RLS-OPS-2020-29 <> Function: __generate_columns
2020-10-02 16:40:53,265 - Generate - DEBUG - files count_SEM_None <> Function: __generate_columns
2020-10-05 08:54:49,607 - Generate - DEBUG - files count_SEM_RLS-CA-2020-10 <> Function: __generate_columns
2020-10-05 08:54:53,793 - Generate - DEBUG - files count_OptDigMicr_RLS-CC-2020-1 <> Function: __generate_columns
2020-10-05 08:54:53,793 - Generate - DEBUG - files count_SEM_RLS-CC-2020-1 <> Function: __generate_columns
2020-10-05 08:55:43,568 - Generate - DEBUG - files count_SEM_RLS-CI-2020-3 <> Function: __generate_columns
2020-10-05 08:55:51,038 - Generate - DEBUG - files count_SEM_RLS-CI-2020-49 <> Function: __generate_columns
2020-10-05 08:56:05,787 - Generate - DEBUG - files count_OptDigMicr_RLS-CI-2020-77 <> Function: __generate_columns
2020-10-05 08:56:05,787 - Generate - DEBUG - files count_SEM_RLS-CI-2020-77 <> Function: __generate_columns
2020-10-05 08:56:28,724 - Generate - DEBUG - files count_OptDigMicr_RLS-OPS-2019-183 <> Function: __generate_columns
2020-10-05 08:56:36,552 - Generate - DEBUG - files count_OptDigMicr_RLS-OPS-2019-184 <> Function: __generate_columns
2020-10-05 08:56:43,796 - Generate - DEBUG - files count_OptDigMicr_RLS-OPS-2020-10 <> Function: __generate_columns
2020-10-05 08:57:00,911 - Generate - DEBUG - files count_OptDigMicr_RLS-OPS-2020-29 <> Function: __generate_columns
2020-10-05 08:57:00,911 - Generate - DEBUG - files count_SEM_RLS-OPS-2020-29 <> Function: __generate_columns
2020-10-05 08:57:05,805 - Generate - DEBUG - files count_SEM_None <> Function: __generate_columns
