Train/live/032/032-1-1-1-1 032
Train/live/032/032-1-1-1-2 032
Train/live/032/032-1-1-2-1 032
Train/live/032/032-1-1-2-2 032
Train/live/032/032-2-1-1-1 032
Train/live/032/032-2-1-1-2 032
Train/live/032/032-2-1-2-1 032
Train/live/032/032-2-1-2-2 032
Train/live/033/033-1-1-1-1 033
Train/live/033/033-1-1-1-2 033
Train/live/033/033-1-1-2-1 033
Train/live/033/033-1-1-2-2 033
Train/live/033/033-2-1-1-1 033
Train/live/033/033-2-1-1-2 033
Train/live/033/033-2-1-2-1 033
Train/live/033/033-2-1-2-2 033
Train/live/034/034-1-1-1-1 034
Train/live/034/034-1-1-1-2 034
Train/live/034/034-1-1-2-1 034
Train/live/034/034-1-1-2-2 034
Train/live/034/034-2-1-1-1 034
Train/live/034/034-2-1-1-2 034
Train/live/034/034-2-1-2-1 034
Train/live/034/034-2-1-2-2 034
Train/live/035/035-1-1-1-1 035
Train/live/035/035-1-1-1-2 035
Train/live/035/035-1-1-2-1 035
Train/live/035/035-1-1-2-2 035
Train/live/035/035-2-1-1-1 035
Train/live/035/035-2-1-1-2 035
Train/live/035/035-2-1-2-1 035
Train/live/035/035-2-1-2-2 035
Train/live/038/038-1-1-1-1 038
Train/live/038/038-1-1-1-2 038
Train/live/038/038-1-1-2-1 038
Train/live/038/038-1-1-2-2 038
Train/live/038/038-2-1-1-1 038
Train/live/038/038-2-1-1-2 038
Train/live/038/038-2-1-2-1 038
Train/live/038/038-2-1-2-2 038
Train/live/040/040-1-1-1-1 040
Train/live/040/040-1-1-1-2 040
Train/live/040/040-1-1-2-1 040
Train/live/040/040-1-1-2-2 040
Train/live/040/040-2-1-1-1 040
Train/live/040/040-2-1-1-2 040
Train/live/040/040-2-1-2-1 040
Train/live/040/040-2-1-2-2 040
Train/live/041/041-1-1-1-1 041
Train/live/041/041-1-1-1-2 041
Train/live/041/041-1-1-2-1 041
Train/live/041/041-1-1-2-2 041
Train/live/041/041-2-1-1-1 041
Train/live/041/041-2-1-1-2 041
Train/live/041/041-2-1-2-1 041
Train/live/041/041-2-1-2-2 041
Train/live/042/042-1-1-1-1 042
Train/live/042/042-1-1-1-2 042
Train/live/042/042-1-1-2-1 042
Train/live/042/042-1-1-2-2 042
Train/live/042/042-2-1-1-1 042
Train/live/042/042-2-1-1-2 042
Train/live/042/042-2-1-2-1 042
Train/live/042/042-2-1-2-2 042
Train/live/045/045-1-1-1-1 045
Train/live/045/045-1-1-1-2 045
Train/live/045/045-1-1-2-1 045
Train/live/045/045-1-1-2-2 045
Train/live/045/045-2-1-1-1 045
Train/live/045/045-2-1-1-2 045
Train/live/045/045-2-1-2-1 045
Train/live/045/045-2-1-2-2 045
Train/live/046/046-1-1-1-1 046
Train/live/046/046-1-1-1-2 046
Train/live/046/046-1-1-2-1 046
Train/live/046/046-1-1-2-2 046
Train/live/046/046-2-1-1-1 046
Train/live/046/046-2-1-1-2 046
Train/live/046/046-2-1-2-1 046
Train/live/046/046-2-1-2-2 046
Train/live/047/047-1-1-1-1 047
Train/live/047/047-1-1-1-2 047
Train/live/047/047-1-1-2-1 047
Train/live/047/047-1-1-2-2 047
Train/live/047/047-2-1-1-1 047
Train/live/047/047-2-1-1-2 047
Train/live/047/047-2-1-2-1 047
Train/live/047/047-2-1-2-2 047
Train/live/051/051-1-1-1-1 051
Train/live/051/051-1-1-1-2 051
Train/live/051/051-1-1-2-1 051
Train/live/051/051-1-1-2-2 051
Train/live/051/051-2-1-1-1 051
Train/live/051/051-2-1-1-2 051
Train/live/051/051-2-1-2-1 051
Train/live/051/051-2-1-2-2 051
Train/live/054/054-1-1-1-1 054
Train/live/054/054-1-1-1-2 054
Train/live/054/054-1-1-2-1 054
Train/live/054/054-1-1-2-2 054
Train/live/054/054-2-1-1-1 054
Train/live/054/054-2-1-1-2 054
Train/live/054/054-2-1-2-1 054
Train/live/054/054-2-1-2-2 054
Train/live/055/055-1-1-1-1 055
Train/live/055/055-1-1-1-2 055
Train/live/055/055-1-1-2-1 055
Train/live/055/055-1-1-2-2 055
Train/live/055/055-2-1-1-1 055
Train/live/055/055-2-1-1-2 055
Train/live/055/055-2-1-2-1 055
Train/live/055/055-2-1-2-2 055
Train/live/056/056-1-1-1-1 056
Train/live/056/056-1-1-1-2 056
Train/live/056/056-1-1-2-1 056
Train/live/056/056-1-1-2-2 056
Train/live/056/056-2-1-1-1 056
Train/live/056/056-2-1-1-2 056
Train/live/056/056-2-1-2-1 056
Train/live/056/056-2-1-2-2 056
Train/live/058/058-1-1-1-1 058
Train/live/058/058-1-1-1-2 058
Train/live/058/058-1-1-2-1 058
Train/live/058/058-1-1-2-2 058
Train/live/058/058-2-1-1-1 058
Train/live/058/058-2-1-1-2 058
Train/live/058/058-2-1-2-1 058
Train/live/058/058-2-1-2-2 058
Train/live/060/060-1-1-1-1 060
Train/live/060/060-1-1-1-2 060
Train/live/060/060-1-1-2-1 060
Train/live/060/060-1-1-2-2 060
Train/live/060/060-2-1-1-1 060
Train/live/060/060-2-1-1-2 060
Train/live/060/060-2-1-2-1 060
Train/live/060/060-2-1-2-2 060
Train/live/062/062-1-1-1-1 062
Train/live/062/062-2-1-1-1 062
Train/live/062/062-2-1-1-2 062
Train/live/062/062-2-1-2-1 062
Train/live/063/063-1-1-1-1 063
Train/live/063/063-1-1-1-2 063
Train/live/063/063-1-1-2-1 063
Train/live/063/063-1-1-2-2 063
Train/live/063/063-2-1-1-1 063
Train/live/063/063-2-1-1-2 063
Train/live/063/063-2-1-2-1 063
Train/live/063/063-2-1-2-2 063
Train/live/068/068-1-1-1-1 068
Train/live/068/068-1-1-1-2 068
Train/live/068/068-1-1-2-1 068
Train/live/068/068-1-1-2-2 068
Train/live/068/068-2-1-1-1 068
Train/live/068/068-2-1-1-2 068
Train/live/068/068-2-1-2-1 068
Train/live/068/068-2-1-2-2 068
Train/live/069/069-1-1-1-1 069
Train/live/069/069-1-1-1-2 069
Train/live/069/069-1-1-2-1 069
Train/live/069/069-1-1-2-2 069
Train/live/069/069-2-1-1-1 069
Train/live/069/069-2-1-1-2 069
Train/live/069/069-2-1-2-1 069
Train/live/069/069-2-1-2-2 069
Train/live/070/070-1-1-1-1 070
Train/live/070/070-1-1-1-2 070
Train/live/070/070-1-1-2-1 070
Train/live/070/070-1-1-2-2 070
Train/live/070/070-2-1-1-1 070
Train/live/070/070-2-1-1-2 070
Train/live/070/070-2-1-2-1 070
Train/live/070/070-2-1-2-2 070
Train/live/072/072-1-1-1-1 072
Train/live/072/072-1-1-1-2 072
Train/live/072/072-1-1-2-1 072
Train/live/072/072-1-1-2-2 072
Train/live/072/072-2-1-1-1 072
Train/live/072/072-2-1-1-2 072
Train/live/072/072-2-1-2-1 072
Train/live/072/072-2-1-2-2 072
Train/live/074/074-1-1-1-1 074
Train/live/074/074-1-1-1-2 074
Train/live/074/074-1-1-2-1 074
Train/live/074/074-1-1-2-2 074
Train/live/074/074-2-1-1-1 074
Train/live/074/074-2-1-1-2 074
Train/live/074/074-2-1-2-1 074
Train/live/074/074-2-1-2-2 074
Train/live/076/076-1-1-1-1 076
Train/live/076/076-1-1-1-2 076
Train/live/076/076-1-1-2-1 076
Train/live/076/076-1-1-2-2 076
Train/live/076/076-2-1-1-1 076
Train/live/076/076-2-1-1-2 076
Train/live/076/076-2-1-2-1 076
Train/live/076/076-2-1-2-2 076
Train/live/077/077-1-1-1-1 077
Train/live/077/077-1-1-1-2 077
Train/live/077/077-1-1-2-1 077
Train/live/077/077-1-1-2-2 077
Train/live/077/077-2-1-1-1 077
Train/live/077/077-2-1-1-2 077
Train/live/077/077-2-1-2-1 077
Train/live/077/077-2-1-2-2 077
Train/live/078/078-1-1-1-1 078
Train/live/078/078-1-1-1-2 078
Train/live/078/078-1-1-2-1 078
Train/live/078/078-1-1-2-2 078
Train/live/078/078-2-1-1-1 078
Train/live/078/078-2-1-1-2 078
Train/live/078/078-2-1-2-1 078
Train/live/078/078-2-1-2-2 078
Train/live/080/080-1-1-1-1 080
Train/live/080/080-1-1-1-2 080
Train/live/080/080-1-1-2-1 080
Train/live/080/080-1-1-2-2 080
Train/live/080/080-2-1-1-1 080
Train/live/080/080-2-1-1-2 080
Train/live/080/080-2-1-2-1 080
Train/live/080/080-2-1-2-2 080
Train/live/081/081-1-1-1-1 081
Train/live/081/081-1-1-1-2 081
Train/live/081/081-1-1-2-1 081
Train/live/081/081-1-1-2-2 081
Train/live/081/081-2-1-1-1 081
Train/live/081/081-2-1-1-2 081
Train/live/081/081-2-1-2-1 081
Train/live/081/081-2-1-2-2 081
Train/live/086/086-1-1-1-1 086
Train/live/086/086-1-1-1-2 086
Train/live/086/086-1-1-2-1 086
Train/live/086/086-1-1-2-2 086
Train/live/086/086-2-1-1-1 086
Train/live/086/086-2-1-1-2 086
Train/live/086/086-2-1-2-1 086
Train/live/086/086-2-1-2-2 086
Train/live/089/089-1-1-1-1 089
Train/live/089/089-1-1-1-2 089
Train/live/089/089-1-1-2-1 089
Train/live/089/089-1-1-2-2 089
Train/live/089/089-2-1-1-1 089
Train/live/089/089-2-1-1-2 089
Train/live/089/089-2-1-2-1 089
Train/live/089/089-2-1-2-2 089
Train/live/091/091-1-1-1-1 091
Train/live/091/091-1-1-1-2 091
Train/live/091/091-1-1-2-1 091
Train/live/091/091-1-1-2-2 091
Train/live/091/091-2-1-1-1 091
Train/live/091/091-2-1-1-2 091
Train/live/091/091-2-1-2-1 091
Train/live/091/091-2-1-2-2 091
Train/live/092/092-1-1-1-1 092
Train/live/092/092-1-1-1-2 092
Train/live/092/092-1-1-2-1 092
Train/live/092/092-1-1-2-2 092
Train/live/092/092-2-1-1-1 092
Train/live/092/092-2-1-1-2 092
Train/live/092/092-2-1-2-1 092
Train/live/092/092-2-1-2-2 092
Train/live/093/093-1-1-1-1 093
Train/live/093/093-1-1-1-2 093
Train/live/093/093-1-1-2-1 093
Train/live/093/093-1-1-2-2 093
Train/live/093/093-2-1-1-1 093
Train/live/093/093-2-1-1-2 093
Train/live/093/093-2-1-2-1 093
Train/live/093/093-2-1-2-2 093
Train/live/096/096-1-1-1-1 096
Train/live/096/096-1-1-1-2 096
Train/live/096/096-1-1-2-1 096
Train/live/096/096-1-1-2-2 096
Train/live/096/096-2-1-1-1 096
Train/live/096/096-2-1-1-2 096
Train/live/096/096-2-1-2-1 096
Train/live/096/096-2-1-2-2 096
Train/live/098/098-1-1-1-1 098
Train/live/098/098-1-1-1-2 098
Train/live/098/098-1-1-2-1 098
Train/live/098/098-1-1-2-2 098
Train/live/098/098-2-1-1-1 098
Train/live/098/098-2-1-1-2 098
Train/live/098/098-2-1-2-1 098
Train/live/098/098-2-1-2-2 098
Train/live/099/099-1-1-1-1 099
Train/live/099/099-1-1-1-2 099
Train/live/099/099-1-1-2-1 099
Train/live/099/099-1-1-2-2 099
Train/live/099/099-2-1-1-1 099
Train/live/099/099-2-1-1-2 099
Train/live/099/099-2-1-2-1 099
Train/live/099/099-2-1-2-2 099
Train/live/100/100-1-1-1-1 100
Train/live/100/100-1-1-1-2 100
Train/live/100/100-1-1-2-1 100
Train/live/100/100-1-1-2-2 100
Train/live/100/100-2-1-1-1 100
Train/live/100/100-2-1-1-2 100
Train/live/100/100-2-1-2-1 100
Train/live/100/100-2-1-2-2 100
Train/live/101/101-1-1-1-1 101
Train/live/101/101-1-1-1-2 101
Train/live/101/101-1-1-2-1 101
Train/live/101/101-1-1-2-2 101
Train/live/101/101-2-1-1-1 101
Train/live/101/101-2-1-1-2 101
Train/live/101/101-2-1-2-1 101
Train/live/101/101-2-1-2-2 101
Train/live/103/103-1-1-1-1 103
Train/live/103/103-1-1-1-2 103
Train/live/103/103-1-1-2-1 103
Train/live/103/103-1-1-2-2 103
Train/live/103/103-2-1-1-1 103
Train/live/103/103-2-1-1-2 103
Train/live/103/103-2-1-2-1 103
Train/live/103/103-2-1-2-2 103
Train/live/104/104-1-1-1-1 104
Train/live/104/104-1-1-1-2 104
Train/live/104/104-1-1-2-1 104
Train/live/104/104-1-1-2-2 104
Train/live/104/104-2-1-1-1 104
Train/live/104/104-2-1-1-2 104
Train/live/104/104-2-1-2-1 104
Train/live/104/104-2-1-2-2 104
Train/live/105/105-1-1-1-1 105
Train/live/105/105-1-1-1-2 105
Train/live/105/105-1-1-2-1 105
Train/live/105/105-1-1-2-2 105
Train/live/105/105-2-1-1-1 105
Train/live/105/105-2-1-1-2 105
Train/live/105/105-2-1-2-1 105
Train/live/105/105-2-1-2-2 105
Train/live/107/107-1-1-1-1 107
Train/live/107/107-1-1-1-2 107
Train/live/107/107-1-1-2-1 107
Train/live/107/107-1-1-2-2 107
Train/live/107/107-2-1-1-1 107
Train/live/107/107-2-1-1-2 107
Train/live/107/107-2-1-2-1 107
Train/live/107/107-2-1-2-2 107
Train/live/111/111-1-1-1-1 111
Train/live/111/111-1-1-1-2 111
Train/live/111/111-1-1-2-1 111
Train/live/111/111-1-1-2-2 111
Train/live/111/111-2-1-1-1 111
Train/live/111/111-2-1-1-2 111
Train/live/111/111-2-1-2-1 111
Train/live/111/111-2-1-2-2 111
Train/live/112/112-1-1-1-1 112
Train/live/112/112-1-1-1-2 112
Train/live/112/112-1-1-2-1 112
Train/live/112/112-1-1-2-2 112
Train/live/112/112-2-1-1-1 112
Train/live/112/112-2-1-1-2 112
Train/live/112/112-2-1-2-1 112
Train/live/112/112-2-1-2-2 112
Train/live/113/113-1-1-1-1 113
Train/live/113/113-1-1-1-2 113
Train/live/113/113-1-1-2-1 113
Train/live/113/113-1-1-2-2 113
Train/live/113/113-2-1-1-1 113
Train/live/113/113-2-1-1-2 113
Train/live/113/113-2-1-2-1 113
Train/live/113/113-2-1-2-2 113
Train/live/115/115-1-1-1-1 115
Train/live/115/115-1-1-1-2 115
Train/live/115/115-1-1-2-1 115
Train/live/115/115-1-1-2-2 115
Train/live/115/115-2-1-1-1 115
Train/live/115/115-2-1-1-2 115
Train/live/115/115-2-1-2-1 115
Train/live/115/115-2-1-2-2 115
Train/live/117/117-1-1-1-1 117
Train/live/117/117-1-1-1-2 117
Train/live/117/117-1-1-2-1 117
Train/live/117/117-1-1-2-2 117
Train/live/117/117-2-1-1-1 117
Train/live/117/117-2-1-1-2 117
Train/live/117/117-2-1-2-1 117
Train/live/117/117-2-1-2-2 117
Train/live/119/119-1-1-1-1 119
Train/live/119/119-1-1-1-2 119
Train/live/119/119-1-1-2-1 119
Train/live/119/119-1-1-2-2 119
Train/live/119/119-2-1-1-1 119
Train/live/119/119-2-1-1-2 119
Train/live/119/119-2-1-2-1 119
Train/live/119/119-2-1-2-2 119
Train/live/120/120-1-1-1-1 120
Train/live/120/120-1-1-1-2 120
Train/live/120/120-1-1-2-1 120
Train/live/120/120-1-1-2-2 120
Train/live/120/120-2-1-1-1 120
Train/live/120/120-2-1-1-2 120
Train/live/120/120-2-1-2-1 120
Train/live/120/120-2-1-2-2 120
Train/live/121/121-1-1-1-1 121
Train/live/121/121-1-1-1-2 121
Train/live/121/121-1-1-2-1 121
Train/live/121/121-1-1-2-2 121
Train/live/121/121-2-1-1-1 121
Train/live/121/121-2-1-1-2 121
Train/live/121/121-2-1-2-1 121
Train/live/121/121-2-1-2-2 121
Train/live/123/123-1-1-1-1 123
Train/live/123/123-1-1-1-2 123
Train/live/123/123-1-1-2-1 123
Train/live/123/123-1-1-2-2 123
Train/live/123/123-2-1-1-1 123
Train/live/123/123-2-1-1-2 123
Train/live/123/123-2-1-2-1 123
Train/live/123/123-2-1-2-2 123
Train/live/127/127-1-1-1-1 127
Train/live/127/127-1-1-1-2 127
Train/live/127/127-1-1-2-1 127
Train/live/127/127-1-1-2-2 127
Train/live/127/127-2-1-1-1 127
Train/live/127/127-2-1-1-2 127
Train/live/127/127-2-1-2-1 127
Train/live/127/127-2-1-2-2 127
Train/live/128/128-1-1-1-1 128
Train/live/128/128-1-1-1-2 128
Train/live/128/128-1-1-2-1 128
Train/live/128/128-1-1-2-2 128
Train/live/128/128-2-1-1-1 128
Train/live/128/128-2-1-1-2 128
Train/live/128/128-2-1-2-1 128
Train/live/128/128-2-1-2-2 128
Train/live/129/129-1-1-1-1 129
Train/live/129/129-1-1-1-2 129
Train/live/129/129-1-1-2-1 129
Train/live/129/129-1-1-2-2 129
Train/live/129/129-2-1-1-1 129
Train/live/129/129-2-1-1-2 129
Train/live/129/129-2-1-2-1 129
Train/live/129/129-2-1-2-2 129
Train/live/131/131-1-1-1-1 131
Train/live/131/131-1-1-1-2 131
Train/live/131/131-1-1-2-1 131
Train/live/131/131-1-1-2-2 131
Train/live/131/131-2-1-1-1 131
Train/live/131/131-2-1-1-2 131
Train/live/131/131-2-1-2-1 131
Train/live/131/131-2-1-2-2 131
Train/live/133/133-1-1-1-1 133
Train/live/133/133-1-1-1-2 133
Train/live/133/133-1-1-2-1 133
Train/live/133/133-1-1-2-2 133
Train/live/133/133-2-1-1-1 133
Train/live/133/133-2-1-1-2 133
Train/live/133/133-2-1-2-1 133
Train/live/133/133-2-1-2-2 133
Train/live/134/134-1-1-1-1 134
Train/live/134/134-1-1-1-2 134
Train/live/134/134-1-1-2-1 134
Train/live/134/134-1-1-2-2 134
Train/live/134/134-2-1-1-1 134
Train/live/134/134-2-1-1-2 134
Train/live/134/134-2-1-2-1 134
Train/live/134/134-2-1-2-2 134
Train/live/135/135-1-1-1-1 135
Train/live/135/135-1-1-1-2 135
Train/live/135/135-1-1-2-1 135
Train/live/135/135-1-1-2-2 135
Train/live/135/135-2-1-1-1 135
Train/live/135/135-2-1-1-2 135
Train/live/135/135-2-1-2-1 135
Train/live/135/135-2-1-2-2 135
Train/live/136/136-1-1-1-1 136
Train/live/136/136-1-1-1-2 136
Train/live/136/136-1-1-2-1 136
Train/live/136/136-1-1-2-2 136
Train/live/136/136-2-1-1-1 136
Train/live/136/136-2-1-1-2 136
Train/live/136/136-2-1-2-1 136
Train/live/136/136-2-1-2-2 136
Train/live/140/140-1-1-1-1 140
Train/live/140/140-1-1-1-2 140
Train/live/140/140-1-1-2-1 140
Train/live/140/140-1-1-2-2 140
Train/live/140/140-2-1-1-1 140
Train/live/140/140-2-1-1-2 140
Train/live/140/140-2-1-2-1 140
Train/live/140/140-2-1-2-2 140
Train/live/143/143-1-1-1-1 143
Train/live/143/143-1-1-1-2 143
Train/live/143/143-1-1-2-1 143
Train/live/143/143-1-1-2-2 143
Train/live/143/143-2-1-1-1 143
Train/live/143/143-2-1-1-2 143
Train/live/143/143-2-1-2-1 143
Train/live/143/143-2-1-2-2 143
Train/live/144/144-1-1-1-1 144
Train/live/144/144-1-1-1-2 144
Train/live/144/144-1-1-2-1 144
Train/live/144/144-1-1-2-2 144
Train/live/144/144-2-1-1-1 144
Train/live/144/144-2-1-1-2 144
Train/live/144/144-2-1-2-1 144
Train/live/144/144-2-1-2-2 144
Train/live/145/145-1-1-1-1 145
Train/live/145/145-1-1-1-2 145
Train/live/145/145-1-1-2-1 145
Train/live/145/145-1-1-2-2 145
Train/live/145/145-2-1-1-1 145
Train/live/145/145-2-1-1-2 145
Train/live/145/145-2-1-2-1 145
Train/live/145/145-2-1-2-2 145
Train/live/146/146-1-1-1-1 146
Train/live/146/146-1-1-1-2 146
Train/live/146/146-1-1-2-1 146
Train/live/146/146-1-1-2-2 146
Train/live/146/146-2-1-1-1 146
Train/live/146/146-2-1-1-2 146
Train/live/146/146-2-1-2-1 146
Train/live/146/146-2-1-2-2 146
Train/live/147/147-1-1-1-1 147
Train/live/147/147-1-1-1-2 147
Train/live/147/147-1-1-2-1 147
Train/live/147/147-1-1-2-2 147
Train/live/147/147-2-1-1-1 147
Train/live/147/147-2-1-1-2 147
Train/live/147/147-2-1-2-1 147
Train/live/147/147-2-1-2-2 147
Train/live/148/148-1-1-1-1 148
Train/live/148/148-1-1-1-2 148
Train/live/148/148-1-1-2-1 148
Train/live/148/148-1-1-2-2 148
Train/live/148/148-2-1-1-1 148
Train/live/148/148-2-1-1-2 148
Train/live/148/148-2-1-2-1 148
Train/live/148/148-2-1-2-2 148
Train/live/149/149-1-1-1-1 149
Train/live/149/149-1-1-1-2 149
Train/live/149/149-1-1-2-1 149
Train/live/149/149-1-1-2-2 149
Train/live/149/149-2-1-1-1 149
Train/live/149/149-2-1-1-2 149
Train/live/149/149-2-1-2-1 149
Train/live/149/149-2-1-2-2 149
Train/live/150/150-1-1-1-1 150
Train/live/150/150-1-1-1-2 150
Train/live/150/150-1-1-2-1 150
Train/live/150/150-1-1-2-2 150
Train/live/150/150-2-1-1-1 150
Train/live/150/150-2-1-1-2 150
Train/live/150/150-2-1-2-1 150
Train/live/150/150-2-1-2-2 150
Train/live/151/151-1-1-1-1 151
Train/live/151/151-1-1-1-2 151
Train/live/151/151-1-1-2-1 151
Train/live/151/151-1-1-2-2 151
Train/live/151/151-2-1-1-1 151
Train/live/151/151-2-1-1-2 151
Train/live/151/151-2-1-2-1 151
Train/live/151/151-2-1-2-2 151
Train/live/152/152-1-1-1-1 152
Train/live/152/152-1-1-1-2 152
Train/live/152/152-1-1-2-1 152
Train/live/152/152-1-1-2-2 152
Train/live/152/152-2-1-1-1 152
Train/live/152/152-2-1-1-2 152
Train/live/152/152-2-1-2-1 152
Train/live/152/152-2-1-2-2 152
Train/live/155/155-1-1-1-1 155
Train/live/155/155-1-1-1-2 155
Train/live/155/155-1-1-2-1 155
Train/live/155/155-1-1-2-2 155
Train/live/155/155-2-1-1-1 155
Train/live/155/155-2-1-1-2 155
Train/live/155/155-2-1-2-1 155
Train/live/155/155-2-1-2-2 155
Train/live/156/156-1-1-1-1 156
Train/live/156/156-1-1-1-2 156
Train/live/156/156-1-1-2-1 156
Train/live/156/156-1-1-2-2 156
Train/live/156/156-2-1-1-1 156
Train/live/156/156-2-1-1-2 156
Train/live/156/156-2-1-2-1 156
Train/live/156/156-2-1-2-2 156
Train/live/157/157-1-1-1-1 157
Train/live/157/157-1-1-1-2 157
Train/live/157/157-1-1-2-1 157
Train/live/157/157-1-1-2-2 157
Train/live/157/157-2-1-1-1 157
Train/live/157/157-2-1-1-2 157
Train/live/157/157-2-1-2-1 157
Train/live/157/157-2-1-2-2 157
Train/live/159/159-1-1-1-1 159
Train/live/159/159-1-1-1-2 159
Train/live/159/159-1-1-2-1 159
Train/live/159/159-1-1-2-2 159
Train/live/159/159-2-1-1-1 159
Train/live/159/159-2-1-1-2 159
Train/live/159/159-2-1-2-1 159
Train/live/159/159-2-1-2-2 159
Train/live/160/160-1-1-1-1 160
Train/live/160/160-1-1-1-2 160
Train/live/160/160-1-1-2-1 160
Train/live/160/160-1-1-2-2 160
Train/live/160/160-2-1-1-1 160
Train/live/160/160-2-1-1-2 160
Train/live/160/160-2-1-2-1 160
Train/live/160/160-2-1-2-2 160
Train/live/162/162-1-1-1-1 162
Train/live/162/162-1-1-1-2 162
Train/live/162/162-1-1-2-1 162
Train/live/162/162-1-1-2-2 162
Train/live/162/162-2-1-1-1 162
Train/live/162/162-2-1-1-2 162
Train/live/162/162-2-1-2-1 162
Train/live/162/162-2-1-2-2 162
Train/live/163/163-1-1-1-1 163
Train/live/163/163-1-1-1-2 163
Train/live/163/163-1-1-2-1 163
Train/live/163/163-1-1-2-2 163
Train/live/163/163-2-1-1-1 163
Train/live/163/163-2-1-1-2 163
Train/live/163/163-2-1-2-1 163
Train/live/163/163-2-1-2-2 163
Train/live/164/164-1-1-1-1 164
Train/live/164/164-1-1-1-2 164
Train/live/164/164-1-1-2-1 164
Train/live/164/164-1-1-2-2 164
Train/live/164/164-2-1-1-1 164
Train/live/164/164-2-1-1-2 164
Train/live/164/164-2-1-2-1 164
Train/live/164/164-2-1-2-2 164
Train/live/165/165-1-1-1-1 165
Train/live/165/165-1-1-1-2 165
Train/live/165/165-1-1-2-1 165
Train/live/165/165-1-1-2-2 165
Train/live/165/165-2-1-1-1 165
Train/live/165/165-2-1-1-2 165
Train/live/165/165-2-1-2-1 165
Train/live/165/165-2-1-2-2 165
