pa-database/Voice/PA.V.4/1_1_00002_m_01_01_t_2.wav NTNU_00002 PA.V.4
pa-database/Voice/PA.V.4/1_1_00002_m_01_02_t_2.wav NTNU_00002 PA.V.4
pa-database/Voice/PA.V.4/1_1_00002_m_01_03_t_2.wav NTNU_00002 PA.V.4
pa-database/Voice/PA.V.4/1_1_00002_m_01_04_t_2.wav NTNU_00002 PA.V.4
pa-database/Voice/PA.V.4/1_1_00002_m_01_05_t_2.wav NTNU_00002 PA.V.4
pa-database/Voice/PA.V.4/1_1_00002_m_01_06_t_2.wav NTNU_00002 PA.V.4
pa-database/Voice/PA.V.4/1_1_00002_m_01_07_t_2.wav NTNU_00002 PA.V.4
pa-database/Voice/PA.V.4/1_1_00002_m_01_08_t_2.wav NTNU_00002 PA.V.4
pa-database/Voice/PA.V.4/1_1_00004_m_01_01_t_2.wav NTNU_00004 PA.V.4
pa-database/Voice/PA.V.4/1_1_00004_m_01_02_t_2.wav NTNU_00004 PA.V.4
pa-database/Voice/PA.V.4/1_1_00004_m_01_03_t_2.wav NTNU_00004 PA.V.4
pa-database/Voice/PA.V.4/1_1_00004_m_01_04_t_2.wav NTNU_00004 PA.V.4
pa-database/Voice/PA.V.4/1_1_00004_m_01_05_t_2.wav NTNU_00004 PA.V.4
pa-database/Voice/PA.V.4/1_1_00004_m_01_06_t_2.wav NTNU_00004 PA.V.4
pa-database/Voice/PA.V.4/1_1_00004_m_01_07_t_2.wav NTNU_00004 PA.V.4
pa-database/Voice/PA.V.4/1_1_00004_m_01_08_t_2.wav NTNU_00004 PA.V.4
pa-database/Voice/PA.V.4/1_1_00005_f_01_01_t_2.wav NTNU_00005 PA.V.4
pa-database/Voice/PA.V.4/1_1_00005_f_01_02_t_2.wav NTNU_00005 PA.V.4
pa-database/Voice/PA.V.4/1_1_00005_f_01_03_t_2.wav NTNU_00005 PA.V.4
pa-database/Voice/PA.V.4/1_1_00005_f_01_04_t_2.wav NTNU_00005 PA.V.4
pa-database/Voice/PA.V.4/1_1_00005_f_01_05_t_2.wav NTNU_00005 PA.V.4
pa-database/Voice/PA.V.4/1_1_00005_f_01_06_t_2.wav NTNU_00005 PA.V.4
pa-database/Voice/PA.V.4/1_1_00005_f_01_07_t_2.wav NTNU_00005 PA.V.4
pa-database/Voice/PA.V.4/1_1_00005_f_01_08_t_2.wav NTNU_00005 PA.V.4
pa-database/Voice/PA.V.4/1_1_00006_m_01_01_t_2.wav NTNU_00006 PA.V.4
pa-database/Voice/PA.V.4/1_1_00006_m_01_02_t_2.wav NTNU_00006 PA.V.4
pa-database/Voice/PA.V.4/1_1_00006_m_01_03_t_2.wav NTNU_00006 PA.V.4
pa-database/Voice/PA.V.4/1_1_00006_m_01_04_t_2.wav NTNU_00006 PA.V.4
pa-database/Voice/PA.V.4/1_1_00006_m_01_05_t_2.wav NTNU_00006 PA.V.4
pa-database/Voice/PA.V.4/1_1_00006_m_01_06_t_2.wav NTNU_00006 PA.V.4
pa-database/Voice/PA.V.4/1_1_00006_m_01_07_t_2.wav NTNU_00006 PA.V.4
pa-database/Voice/PA.V.4/1_1_00006_m_01_08_t_2.wav NTNU_00006 PA.V.4
pa-database/Voice/PA.V.4/1_1_00007_f_01_01_t_2.wav NTNU_00007 PA.V.4
pa-database/Voice/PA.V.4/1_1_00007_f_01_02_t_2.wav NTNU_00007 PA.V.4
pa-database/Voice/PA.V.4/1_1_00007_f_01_03_t_2.wav NTNU_00007 PA.V.4
pa-database/Voice/PA.V.4/1_1_00007_f_01_04_t_2.wav NTNU_00007 PA.V.4
pa-database/Voice/PA.V.4/1_1_00007_f_01_05_t_2.wav NTNU_00007 PA.V.4
pa-database/Voice/PA.V.4/1_1_00007_f_01_06_t_2.wav NTNU_00007 PA.V.4
pa-database/Voice/PA.V.4/1_1_00007_f_01_07_t_2.wav NTNU_00007 PA.V.4
pa-database/Voice/PA.V.4/1_1_00007_f_01_08_t_2.wav NTNU_00007 PA.V.4
pa-database/Voice/PA.V.4/1_1_00010_m_01_01_t_2.wav NTNU_00010 PA.V.4
pa-database/Voice/PA.V.4/1_1_00010_m_01_02_t_2.wav NTNU_00010 PA.V.4
pa-database/Voice/PA.V.4/1_1_00010_m_01_03_t_2.wav NTNU_00010 PA.V.4
pa-database/Voice/PA.V.4/1_1_00010_m_01_04_t_2.wav NTNU_00010 PA.V.4
pa-database/Voice/PA.V.4/1_1_00010_m_01_05_t_2.wav NTNU_00010 PA.V.4
pa-database/Voice/PA.V.4/1_1_00010_m_01_06_t_2.wav NTNU_00010 PA.V.4
pa-database/Voice/PA.V.4/1_1_00010_m_01_07_t_2.wav NTNU_00010 PA.V.4
pa-database/Voice/PA.V.4/1_1_00010_m_01_08_t_2.wav NTNU_00010 PA.V.4
pa-database/Voice/PA.V.4/1_1_00013_m_01_01_t_2.wav NTNU_00013 PA.V.4
pa-database/Voice/PA.V.4/1_1_00013_m_01_02_t_2.wav NTNU_00013 PA.V.4
pa-database/Voice/PA.V.4/1_1_00013_m_01_03_t_2.wav NTNU_00013 PA.V.4
pa-database/Voice/PA.V.4/1_1_00013_m_01_04_t_2.wav NTNU_00013 PA.V.4
pa-database/Voice/PA.V.4/1_1_00013_m_01_05_t_2.wav NTNU_00013 PA.V.4
pa-database/Voice/PA.V.4/1_1_00013_m_01_06_t_2.wav NTNU_00013 PA.V.4
pa-database/Voice/PA.V.4/1_1_00013_m_01_07_t_2.wav NTNU_00013 PA.V.4
pa-database/Voice/PA.V.4/1_1_00013_m_01_08_t_2.wav NTNU_00013 PA.V.4
pa-database/Voice/PA.V.4/1_1_00014_m_01_01_t_2.wav NTNU_00014 PA.V.4
pa-database/Voice/PA.V.4/1_1_00014_m_01_02_t_2.wav NTNU_00014 PA.V.4
pa-database/Voice/PA.V.4/1_1_00014_m_01_03_t_2.wav NTNU_00014 PA.V.4
pa-database/Voice/PA.V.4/1_1_00014_m_01_04_t_2.wav NTNU_00014 PA.V.4
pa-database/Voice/PA.V.4/1_1_00014_m_01_05_t_2.wav NTNU_00014 PA.V.4
pa-database/Voice/PA.V.4/1_1_00014_m_01_06_t_2.wav NTNU_00014 PA.V.4
pa-database/Voice/PA.V.4/1_1_00014_m_01_07_t_2.wav NTNU_00014 PA.V.4
pa-database/Voice/PA.V.4/1_1_00014_m_01_08_t_2.wav NTNU_00014 PA.V.4
pa-database/Voice/PA.V.4/1_1_00017_f_01_01_t_2.wav NTNU_00017 PA.V.4
pa-database/Voice/PA.V.4/1_1_00017_f_01_02_t_2.wav NTNU_00017 PA.V.4
pa-database/Voice/PA.V.4/1_1_00017_f_01_03_t_2.wav NTNU_00017 PA.V.4
pa-database/Voice/PA.V.4/1_1_00017_f_01_04_t_2.wav NTNU_00017 PA.V.4
pa-database/Voice/PA.V.4/1_1_00017_f_01_05_t_2.wav NTNU_00017 PA.V.4
pa-database/Voice/PA.V.4/1_1_00017_f_01_06_t_2.wav NTNU_00017 PA.V.4
pa-database/Voice/PA.V.4/1_1_00017_f_01_07_t_2.wav NTNU_00017 PA.V.4
pa-database/Voice/PA.V.4/1_1_00017_f_01_08_t_2.wav NTNU_00017 PA.V.4
pa-database/Voice/PA.V.4/1_1_00020_m_01_01_t_2.wav NTNU_00020 PA.V.4
pa-database/Voice/PA.V.4/1_1_00020_m_01_02_t_2.wav NTNU_00020 PA.V.4
pa-database/Voice/PA.V.4/1_1_00020_m_01_03_t_2.wav NTNU_00020 PA.V.4
pa-database/Voice/PA.V.4/1_1_00020_m_01_04_t_2.wav NTNU_00020 PA.V.4
pa-database/Voice/PA.V.4/1_1_00020_m_01_05_t_2.wav NTNU_00020 PA.V.4
pa-database/Voice/PA.V.4/1_1_00020_m_01_06_t_2.wav NTNU_00020 PA.V.4
pa-database/Voice/PA.V.4/1_1_00020_m_01_07_t_2.wav NTNU_00020 PA.V.4
pa-database/Voice/PA.V.4/1_1_00020_m_01_08_t_2.wav NTNU_00020 PA.V.4
pa-database/Voice/PA.V.4/1_1_00021_m_01_01_t_2.wav NTNU_00021 PA.V.4
pa-database/Voice/PA.V.4/1_1_00021_m_01_02_t_2.wav NTNU_00021 PA.V.4
pa-database/Voice/PA.V.4/1_1_00021_m_01_03_t_2.wav NTNU_00021 PA.V.4
pa-database/Voice/PA.V.4/1_1_00021_m_01_04_t_2.wav NTNU_00021 PA.V.4
pa-database/Voice/PA.V.4/1_1_00021_m_01_05_t_2.wav NTNU_00021 PA.V.4
pa-database/Voice/PA.V.4/1_1_00021_m_01_06_t_2.wav NTNU_00021 PA.V.4
pa-database/Voice/PA.V.4/1_1_00021_m_01_07_t_2.wav NTNU_00021 PA.V.4
pa-database/Voice/PA.V.4/1_1_00021_m_01_08_t_2.wav NTNU_00021 PA.V.4
pa-database/Voice/PA.V.4/1_1_00022_f_01_01_t_2.wav NTNU_00022 PA.V.4
pa-database/Voice/PA.V.4/1_1_00022_f_01_02_t_2.wav NTNU_00022 PA.V.4
pa-database/Voice/PA.V.4/1_1_00022_f_01_03_t_2.wav NTNU_00022 PA.V.4
pa-database/Voice/PA.V.4/1_1_00022_f_01_04_t_2.wav NTNU_00022 PA.V.4
pa-database/Voice/PA.V.4/1_1_00022_f_01_05_t_2.wav NTNU_00022 PA.V.4
pa-database/Voice/PA.V.4/1_1_00022_f_01_06_t_2.wav NTNU_00022 PA.V.4
pa-database/Voice/PA.V.4/1_1_00022_f_01_07_t_2.wav NTNU_00022 PA.V.4
pa-database/Voice/PA.V.4/1_1_00022_f_01_08_t_2.wav NTNU_00022 PA.V.4
pa-database/Voice/PA.V.4/1_1_00024_m_01_01_t_2.wav NTNU_00024 PA.V.4
pa-database/Voice/PA.V.4/1_1_00024_m_01_02_t_2.wav NTNU_00024 PA.V.4
pa-database/Voice/PA.V.4/1_1_00024_m_01_03_t_2.wav NTNU_00024 PA.V.4
pa-database/Voice/PA.V.4/1_1_00024_m_01_04_t_2.wav NTNU_00024 PA.V.4
pa-database/Voice/PA.V.4/1_1_00024_m_01_05_t_2.wav NTNU_00024 PA.V.4
pa-database/Voice/PA.V.4/1_1_00024_m_01_06_t_2.wav NTNU_00024 PA.V.4
pa-database/Voice/PA.V.4/1_1_00024_m_01_07_t_2.wav NTNU_00024 PA.V.4
pa-database/Voice/PA.V.4/1_1_00024_m_01_08_t_2.wav NTNU_00024 PA.V.4
pa-database/Voice/PA.V.4/1_1_00025_m_01_01_t_2.wav NTNU_00025 PA.V.4
pa-database/Voice/PA.V.4/1_1_00025_m_01_02_t_2.wav NTNU_00025 PA.V.4
pa-database/Voice/PA.V.4/1_1_00025_m_01_03_t_2.wav NTNU_00025 PA.V.4
pa-database/Voice/PA.V.4/1_1_00025_m_01_04_t_2.wav NTNU_00025 PA.V.4
pa-database/Voice/PA.V.4/1_1_00025_m_01_05_t_2.wav NTNU_00025 PA.V.4
pa-database/Voice/PA.V.4/1_1_00025_m_01_06_t_2.wav NTNU_00025 PA.V.4
pa-database/Voice/PA.V.4/1_1_00025_m_01_07_t_2.wav NTNU_00025 PA.V.4
pa-database/Voice/PA.V.4/1_1_00025_m_01_08_t_2.wav NTNU_00025 PA.V.4
pa-database/Voice/PA.V.4/1_1_00026_m_01_01_t_2.wav NTNU_00026 PA.V.4
pa-database/Voice/PA.V.4/1_1_00026_m_01_02_t_2.wav NTNU_00026 PA.V.4
pa-database/Voice/PA.V.4/1_1_00026_m_01_03_t_2.wav NTNU_00026 PA.V.4
pa-database/Voice/PA.V.4/1_1_00026_m_01_04_t_2.wav NTNU_00026 PA.V.4
pa-database/Voice/PA.V.4/1_1_00026_m_01_05_t_2.wav NTNU_00026 PA.V.4
pa-database/Voice/PA.V.4/1_1_00026_m_01_06_t_2.wav NTNU_00026 PA.V.4
pa-database/Voice/PA.V.4/1_1_00026_m_01_07_t_2.wav NTNU_00026 PA.V.4
pa-database/Voice/PA.V.4/1_1_00026_m_01_08_t_2.wav NTNU_00026 PA.V.4
pa-database/Voice/PA.V.4/1_1_00027_m_01_01_t_2.wav NTNU_00027 PA.V.4
pa-database/Voice/PA.V.4/1_1_00027_m_01_02_t_2.wav NTNU_00027 PA.V.4
pa-database/Voice/PA.V.4/1_1_00027_m_01_03_t_2.wav NTNU_00027 PA.V.4
pa-database/Voice/PA.V.4/1_1_00027_m_01_04_t_2.wav NTNU_00027 PA.V.4
pa-database/Voice/PA.V.4/1_1_00027_m_01_05_t_2.wav NTNU_00027 PA.V.4
pa-database/Voice/PA.V.4/1_1_00027_m_01_06_t_2.wav NTNU_00027 PA.V.4
pa-database/Voice/PA.V.4/1_1_00027_m_01_07_t_2.wav NTNU_00027 PA.V.4
pa-database/Voice/PA.V.4/1_1_00027_m_01_08_t_2.wav NTNU_00027 PA.V.4
pa-database/Voice/PA.V.4/1_1_00028_m_01_01_t_2.wav NTNU_00028 PA.V.4
pa-database/Voice/PA.V.4/1_1_00028_m_01_02_t_2.wav NTNU_00028 PA.V.4
pa-database/Voice/PA.V.4/1_1_00028_m_01_03_t_2.wav NTNU_00028 PA.V.4
pa-database/Voice/PA.V.4/1_1_00028_m_01_04_t_2.wav NTNU_00028 PA.V.4
pa-database/Voice/PA.V.4/1_1_00028_m_01_05_t_2.wav NTNU_00028 PA.V.4
pa-database/Voice/PA.V.4/1_1_00028_m_01_06_t_2.wav NTNU_00028 PA.V.4
pa-database/Voice/PA.V.4/1_1_00028_m_01_07_t_2.wav NTNU_00028 PA.V.4
pa-database/Voice/PA.V.4/1_1_00028_m_01_08_t_2.wav NTNU_00028 PA.V.4
pa-database/Voice/PA.V.4/1_1_00030_m_01_01_t_2.wav NTNU_00030 PA.V.4
pa-database/Voice/PA.V.4/1_1_00030_m_01_02_t_2.wav NTNU_00030 PA.V.4
pa-database/Voice/PA.V.4/1_1_00030_m_01_03_t_2.wav NTNU_00030 PA.V.4
pa-database/Voice/PA.V.4/1_1_00030_m_01_04_t_2.wav NTNU_00030 PA.V.4
pa-database/Voice/PA.V.4/1_1_00030_m_01_05_t_2.wav NTNU_00030 PA.V.4
pa-database/Voice/PA.V.4/1_1_00030_m_01_06_t_2.wav NTNU_00030 PA.V.4
pa-database/Voice/PA.V.4/1_1_00030_m_01_07_t_2.wav NTNU_00030 PA.V.4
pa-database/Voice/PA.V.4/1_1_00030_m_01_08_t_2.wav NTNU_00030 PA.V.4
pa-database/Voice/PA.V.4/1_1_00031_m_01_01_t_2.wav NTNU_00031 PA.V.4
pa-database/Voice/PA.V.4/1_1_00031_m_01_02_t_2.wav NTNU_00031 PA.V.4
pa-database/Voice/PA.V.4/1_1_00031_m_01_03_t_2.wav NTNU_00031 PA.V.4
pa-database/Voice/PA.V.4/1_1_00031_m_01_04_t_2.wav NTNU_00031 PA.V.4
pa-database/Voice/PA.V.4/1_1_00031_m_01_05_t_2.wav NTNU_00031 PA.V.4
pa-database/Voice/PA.V.4/1_1_00031_m_01_06_t_2.wav NTNU_00031 PA.V.4
pa-database/Voice/PA.V.4/1_1_00031_m_01_07_t_2.wav NTNU_00031 PA.V.4
pa-database/Voice/PA.V.4/1_1_00031_m_01_08_t_2.wav NTNU_00031 PA.V.4
pa-database/Voice/PA.V.4/1_1_00032_m_01_01_t_2.wav NTNU_00032 PA.V.4
pa-database/Voice/PA.V.4/1_1_00032_m_01_02_t_2.wav NTNU_00032 PA.V.4
pa-database/Voice/PA.V.4/1_1_00032_m_01_03_t_2.wav NTNU_00032 PA.V.4
pa-database/Voice/PA.V.4/1_1_00032_m_01_04_t_2.wav NTNU_00032 PA.V.4
pa-database/Voice/PA.V.4/1_1_00032_m_01_05_t_2.wav NTNU_00032 PA.V.4
pa-database/Voice/PA.V.4/1_1_00032_m_01_06_t_2.wav NTNU_00032 PA.V.4
pa-database/Voice/PA.V.4/1_1_00032_m_01_07_t_2.wav NTNU_00032 PA.V.4
pa-database/Voice/PA.V.4/1_1_00032_m_01_08_t_2.wav NTNU_00032 PA.V.4
pa-database/Voice/PA.V.4/1_1_00033_f_01_01_t_2.wav NTNU_00033 PA.V.4
pa-database/Voice/PA.V.4/1_1_00033_f_01_02_t_2.wav NTNU_00033 PA.V.4
pa-database/Voice/PA.V.4/1_1_00033_f_01_03_t_2.wav NTNU_00033 PA.V.4
pa-database/Voice/PA.V.4/1_1_00033_f_01_04_t_2.wav NTNU_00033 PA.V.4
pa-database/Voice/PA.V.4/1_1_00033_f_01_05_t_2.wav NTNU_00033 PA.V.4
pa-database/Voice/PA.V.4/1_1_00033_f_01_06_t_2.wav NTNU_00033 PA.V.4
pa-database/Voice/PA.V.4/1_1_00033_f_01_07_t_2.wav NTNU_00033 PA.V.4
pa-database/Voice/PA.V.4/1_1_00033_f_01_08_t_2.wav NTNU_00033 PA.V.4
pa-database/Voice/PA.V.4/1_1_00035_m_01_01_t_2.wav NTNU_00035 PA.V.4
pa-database/Voice/PA.V.4/1_1_00035_m_01_02_t_2.wav NTNU_00035 PA.V.4
pa-database/Voice/PA.V.4/1_1_00035_m_01_03_t_2.wav NTNU_00035 PA.V.4
pa-database/Voice/PA.V.4/1_1_00035_m_01_04_t_2.wav NTNU_00035 PA.V.4
pa-database/Voice/PA.V.4/1_1_00035_m_01_05_t_2.wav NTNU_00035 PA.V.4
pa-database/Voice/PA.V.4/1_1_00035_m_01_06_t_2.wav NTNU_00035 PA.V.4
pa-database/Voice/PA.V.4/1_1_00035_m_01_07_t_2.wav NTNU_00035 PA.V.4
pa-database/Voice/PA.V.4/1_1_00035_m_01_08_t_2.wav NTNU_00035 PA.V.4
pa-database/Voice/PA.V.4/1_1_00037_f_01_01_t_2.wav NTNU_00037 PA.V.4
pa-database/Voice/PA.V.4/1_1_00037_f_01_02_t_2.wav NTNU_00037 PA.V.4
pa-database/Voice/PA.V.4/1_1_00037_f_01_03_t_2.wav NTNU_00037 PA.V.4
pa-database/Voice/PA.V.4/1_1_00037_f_01_04_t_2.wav NTNU_00037 PA.V.4
pa-database/Voice/PA.V.4/1_1_00037_f_01_05_t_2.wav NTNU_00037 PA.V.4
pa-database/Voice/PA.V.4/1_1_00037_f_01_06_t_2.wav NTNU_00037 PA.V.4
pa-database/Voice/PA.V.4/1_1_00037_f_01_07_t_2.wav NTNU_00037 PA.V.4
pa-database/Voice/PA.V.4/1_1_00037_f_01_08_t_2.wav NTNU_00037 PA.V.4
pa-database/Voice/PA.V.4/1_1_00042_f_01_01_t_2.wav NTNU_00042 PA.V.4
pa-database/Voice/PA.V.4/1_1_00042_f_01_02_t_2.wav NTNU_00042 PA.V.4
pa-database/Voice/PA.V.4/1_1_00042_f_01_03_t_2.wav NTNU_00042 PA.V.4
pa-database/Voice/PA.V.4/1_1_00042_f_01_04_t_2.wav NTNU_00042 PA.V.4
pa-database/Voice/PA.V.4/1_1_00042_f_01_05_t_2.wav NTNU_00042 PA.V.4
pa-database/Voice/PA.V.4/1_1_00042_f_01_06_t_2.wav NTNU_00042 PA.V.4
pa-database/Voice/PA.V.4/1_1_00042_f_01_07_t_2.wav NTNU_00042 PA.V.4
pa-database/Voice/PA.V.4/1_1_00042_f_01_08_t_2.wav NTNU_00042 PA.V.4
pa-database/Voice/PA.V.4/1_1_00044_m_01_01_t_2.wav NTNU_00044 PA.V.4
pa-database/Voice/PA.V.4/1_1_00044_m_01_02_t_2.wav NTNU_00044 PA.V.4
pa-database/Voice/PA.V.4/1_1_00044_m_01_03_t_2.wav NTNU_00044 PA.V.4
pa-database/Voice/PA.V.4/1_1_00044_m_01_04_t_2.wav NTNU_00044 PA.V.4
pa-database/Voice/PA.V.4/1_1_00044_m_01_05_t_2.wav NTNU_00044 PA.V.4
pa-database/Voice/PA.V.4/1_1_00044_m_01_06_t_2.wav NTNU_00044 PA.V.4
pa-database/Voice/PA.V.4/1_1_00044_m_01_07_t_2.wav NTNU_00044 PA.V.4
pa-database/Voice/PA.V.4/1_1_00044_m_01_08_t_2.wav NTNU_00044 PA.V.4
pa-database/Voice/PA.V.4/1_1_00045_m_01_01_t_2.wav NTNU_00045 PA.V.4
pa-database/Voice/PA.V.4/1_1_00045_m_01_02_t_2.wav NTNU_00045 PA.V.4
pa-database/Voice/PA.V.4/1_1_00045_m_01_03_t_2.wav NTNU_00045 PA.V.4
pa-database/Voice/PA.V.4/1_1_00045_m_01_04_t_2.wav NTNU_00045 PA.V.4
pa-database/Voice/PA.V.4/1_1_00045_m_01_05_t_2.wav NTNU_00045 PA.V.4
pa-database/Voice/PA.V.4/1_1_00045_m_01_06_t_2.wav NTNU_00045 PA.V.4
pa-database/Voice/PA.V.4/1_1_00045_m_01_07_t_2.wav NTNU_00045 PA.V.4
pa-database/Voice/PA.V.4/1_1_00045_m_01_08_t_2.wav NTNU_00045 PA.V.4
pa-database/Voice/PA.V.4/1_1_00046_m_01_01_t_2.wav NTNU_00046 PA.V.4
pa-database/Voice/PA.V.4/1_1_00046_m_01_02_t_2.wav NTNU_00046 PA.V.4
pa-database/Voice/PA.V.4/1_1_00046_m_01_03_t_2.wav NTNU_00046 PA.V.4
pa-database/Voice/PA.V.4/1_1_00046_m_01_04_t_2.wav NTNU_00046 PA.V.4
pa-database/Voice/PA.V.4/1_1_00046_m_01_05_t_2.wav NTNU_00046 PA.V.4
pa-database/Voice/PA.V.4/1_1_00046_m_01_06_t_2.wav NTNU_00046 PA.V.4
pa-database/Voice/PA.V.4/1_1_00046_m_01_07_t_2.wav NTNU_00046 PA.V.4
pa-database/Voice/PA.V.4/1_1_00046_m_01_08_t_2.wav NTNU_00046 PA.V.4
pa-database/Voice/PA.V.4/1_1_00047_m_01_01_t_2.wav NTNU_00047 PA.V.4
pa-database/Voice/PA.V.4/1_1_00047_m_01_02_t_2.wav NTNU_00047 PA.V.4
pa-database/Voice/PA.V.4/1_1_00047_m_01_03_t_2.wav NTNU_00047 PA.V.4
pa-database/Voice/PA.V.4/1_1_00047_m_01_04_t_2.wav NTNU_00047 PA.V.4
pa-database/Voice/PA.V.4/1_1_00047_m_01_05_t_2.wav NTNU_00047 PA.V.4
pa-database/Voice/PA.V.4/1_1_00047_m_01_06_t_2.wav NTNU_00047 PA.V.4
pa-database/Voice/PA.V.4/1_1_00047_m_01_07_t_2.wav NTNU_00047 PA.V.4
pa-database/Voice/PA.V.4/1_1_00047_m_01_08_t_2.wav NTNU_00047 PA.V.4
pa-database/Voice/PA.V.4/1_1_00051_m_01_01_t_2.wav NTNU_00051 PA.V.4
pa-database/Voice/PA.V.4/1_1_00051_m_01_02_t_2.wav NTNU_00051 PA.V.4
pa-database/Voice/PA.V.4/1_1_00051_m_01_03_t_2.wav NTNU_00051 PA.V.4
pa-database/Voice/PA.V.4/1_1_00051_m_01_04_t_2.wav NTNU_00051 PA.V.4
pa-database/Voice/PA.V.4/1_1_00051_m_01_05_t_2.wav NTNU_00051 PA.V.4
pa-database/Voice/PA.V.4/1_1_00051_m_01_06_t_2.wav NTNU_00051 PA.V.4
pa-database/Voice/PA.V.4/1_1_00051_m_01_07_t_2.wav NTNU_00051 PA.V.4
pa-database/Voice/PA.V.4/1_1_00051_m_01_08_t_2.wav NTNU_00051 PA.V.4
pa-database/Voice/PA.V.4/1_1_00053_m_01_01_t_2.wav NTNU_00053 PA.V.4
pa-database/Voice/PA.V.4/1_1_00053_m_01_02_t_2.wav NTNU_00053 PA.V.4
pa-database/Voice/PA.V.4/1_1_00053_m_01_03_t_2.wav NTNU_00053 PA.V.4
pa-database/Voice/PA.V.4/1_1_00053_m_01_04_t_2.wav NTNU_00053 PA.V.4
pa-database/Voice/PA.V.4/1_1_00053_m_01_05_t_2.wav NTNU_00053 PA.V.4
pa-database/Voice/PA.V.4/1_1_00053_m_01_06_t_2.wav NTNU_00053 PA.V.4
pa-database/Voice/PA.V.4/1_1_00053_m_01_07_t_2.wav NTNU_00053 PA.V.4
pa-database/Voice/PA.V.4/1_1_00053_m_01_08_t_2.wav NTNU_00053 PA.V.4
pa-database/Voice/PA.V.4/1_4_00002_f_01_01_t_2.wav IDIAP_00002 PA.V.4
pa-database/Voice/PA.V.4/1_4_00002_f_01_02_t_2.wav IDIAP_00002 PA.V.4
pa-database/Voice/PA.V.4/1_4_00002_f_01_03_t_2.wav IDIAP_00002 PA.V.4
pa-database/Voice/PA.V.4/1_4_00002_f_01_04_t_2.wav IDIAP_00002 PA.V.4
pa-database/Voice/PA.V.4/1_4_00002_f_01_05_t_2.wav IDIAP_00002 PA.V.4
pa-database/Voice/PA.V.4/1_4_00002_f_01_06_t_2.wav IDIAP_00002 PA.V.4
pa-database/Voice/PA.V.4/1_4_00002_f_01_07_t_2.wav IDIAP_00002 PA.V.4
pa-database/Voice/PA.V.4/1_4_00002_f_01_08_t_2.wav IDIAP_00002 PA.V.4
pa-database/Voice/PA.V.4/1_4_00011_m_01_01_t_2.wav IDIAP_00011 PA.V.4
pa-database/Voice/PA.V.4/1_4_00011_m_01_02_t_2.wav IDIAP_00011 PA.V.4
pa-database/Voice/PA.V.4/1_4_00011_m_01_03_t_2.wav IDIAP_00011 PA.V.4
pa-database/Voice/PA.V.4/1_4_00011_m_01_04_t_2.wav IDIAP_00011 PA.V.4
pa-database/Voice/PA.V.4/1_4_00011_m_01_05_t_2.wav IDIAP_00011 PA.V.4
pa-database/Voice/PA.V.4/1_4_00011_m_01_06_t_2.wav IDIAP_00011 PA.V.4
pa-database/Voice/PA.V.4/1_4_00011_m_01_07_t_2.wav IDIAP_00011 PA.V.4
pa-database/Voice/PA.V.4/1_4_00011_m_01_08_t_2.wav IDIAP_00011 PA.V.4
pa-database/Voice/PA.V.4/1_4_00013_m_01_01_t_2.wav IDIAP_00013 PA.V.4
pa-database/Voice/PA.V.4/1_4_00013_m_01_02_t_2.wav IDIAP_00013 PA.V.4
pa-database/Voice/PA.V.4/1_4_00013_m_01_03_t_2.wav IDIAP_00013 PA.V.4
pa-database/Voice/PA.V.4/1_4_00013_m_01_04_t_2.wav IDIAP_00013 PA.V.4
pa-database/Voice/PA.V.4/1_4_00013_m_01_05_t_2.wav IDIAP_00013 PA.V.4
pa-database/Voice/PA.V.4/1_4_00013_m_01_06_t_2.wav IDIAP_00013 PA.V.4
pa-database/Voice/PA.V.4/1_4_00013_m_01_07_t_2.wav IDIAP_00013 PA.V.4
pa-database/Voice/PA.V.4/1_4_00013_m_01_08_t_2.wav IDIAP_00013 PA.V.4
pa-database/Voice/PA.V.4/1_4_00021_f_01_01_t_2.wav IDIAP_00021 PA.V.4
pa-database/Voice/PA.V.4/1_4_00021_f_01_02_t_2.wav IDIAP_00021 PA.V.4
pa-database/Voice/PA.V.4/1_4_00021_f_01_03_t_2.wav IDIAP_00021 PA.V.4
pa-database/Voice/PA.V.4/1_4_00021_f_01_04_t_2.wav IDIAP_00021 PA.V.4
pa-database/Voice/PA.V.4/1_4_00021_f_01_05_t_2.wav IDIAP_00021 PA.V.4
pa-database/Voice/PA.V.4/1_4_00021_f_01_06_t_2.wav IDIAP_00021 PA.V.4
pa-database/Voice/PA.V.4/1_4_00021_f_01_07_t_2.wav IDIAP_00021 PA.V.4
pa-database/Voice/PA.V.4/1_4_00021_f_01_08_t_2.wav IDIAP_00021 PA.V.4
pa-database/Voice/PA.V.4/1_4_00022_f_01_01_t_2.wav IDIAP_00022 PA.V.4
pa-database/Voice/PA.V.4/1_4_00022_f_01_02_t_2.wav IDIAP_00022 PA.V.4
pa-database/Voice/PA.V.4/1_4_00022_f_01_03_t_2.wav IDIAP_00022 PA.V.4
pa-database/Voice/PA.V.4/1_4_00022_f_01_04_t_2.wav IDIAP_00022 PA.V.4
pa-database/Voice/PA.V.4/1_4_00022_f_01_05_t_2.wav IDIAP_00022 PA.V.4
pa-database/Voice/PA.V.4/1_4_00022_f_01_06_t_2.wav IDIAP_00022 PA.V.4
pa-database/Voice/PA.V.4/1_4_00022_f_01_07_t_2.wav IDIAP_00022 PA.V.4
pa-database/Voice/PA.V.4/1_4_00022_f_01_08_t_2.wav IDIAP_00022 PA.V.4
pa-database/Voice/PA.V.4/1_4_00028_m_01_01_t_2.wav IDIAP_00028 PA.V.4
pa-database/Voice/PA.V.4/1_4_00028_m_01_02_t_2.wav IDIAP_00028 PA.V.4
pa-database/Voice/PA.V.4/1_4_00028_m_01_03_t_2.wav IDIAP_00028 PA.V.4
pa-database/Voice/PA.V.4/1_4_00028_m_01_04_t_2.wav IDIAP_00028 PA.V.4
pa-database/Voice/PA.V.4/1_4_00028_m_01_05_t_2.wav IDIAP_00028 PA.V.4
pa-database/Voice/PA.V.4/1_4_00028_m_01_06_t_2.wav IDIAP_00028 PA.V.4
pa-database/Voice/PA.V.4/1_4_00028_m_01_07_t_2.wav IDIAP_00028 PA.V.4
pa-database/Voice/PA.V.4/1_4_00028_m_01_08_t_2.wav IDIAP_00028 PA.V.4
pa-database/Voice/PA.V.4/1_4_00030_m_01_01_t_2.wav IDIAP_00030 PA.V.4
pa-database/Voice/PA.V.4/1_4_00030_m_01_02_t_2.wav IDIAP_00030 PA.V.4
pa-database/Voice/PA.V.4/1_4_00030_m_01_03_t_2.wav IDIAP_00030 PA.V.4
pa-database/Voice/PA.V.4/1_4_00030_m_01_04_t_2.wav IDIAP_00030 PA.V.4
pa-database/Voice/PA.V.4/1_4_00030_m_01_05_t_2.wav IDIAP_00030 PA.V.4
pa-database/Voice/PA.V.4/1_4_00030_m_01_06_t_2.wav IDIAP_00030 PA.V.4
pa-database/Voice/PA.V.4/1_4_00030_m_01_07_t_2.wav IDIAP_00030 PA.V.4
pa-database/Voice/PA.V.4/1_4_00030_m_01_08_t_2.wav IDIAP_00030 PA.V.4
pa-database/Voice/PA.V.4/1_4_00031_m_01_01_t_2.wav IDIAP_00031 PA.V.4
pa-database/Voice/PA.V.4/1_4_00031_m_01_02_t_2.wav IDIAP_00031 PA.V.4
pa-database/Voice/PA.V.4/1_4_00031_m_01_03_t_2.wav IDIAP_00031 PA.V.4
pa-database/Voice/PA.V.4/1_4_00031_m_01_04_t_2.wav IDIAP_00031 PA.V.4
pa-database/Voice/PA.V.4/1_4_00031_m_01_05_t_2.wav IDIAP_00031 PA.V.4
pa-database/Voice/PA.V.4/1_4_00031_m_01_06_t_2.wav IDIAP_00031 PA.V.4
pa-database/Voice/PA.V.4/1_4_00031_m_01_07_t_2.wav IDIAP_00031 PA.V.4
pa-database/Voice/PA.V.4/1_4_00031_m_01_08_t_2.wav IDIAP_00031 PA.V.4
pa-database/Voice/PA.V.4/1_4_00034_m_01_01_t_2.wav IDIAP_00034 PA.V.4
pa-database/Voice/PA.V.4/1_4_00034_m_01_02_t_2.wav IDIAP_00034 PA.V.4
pa-database/Voice/PA.V.4/1_4_00034_m_01_03_t_2.wav IDIAP_00034 PA.V.4
pa-database/Voice/PA.V.4/1_4_00034_m_01_04_t_2.wav IDIAP_00034 PA.V.4
pa-database/Voice/PA.V.4/1_4_00034_m_01_05_t_2.wav IDIAP_00034 PA.V.4
pa-database/Voice/PA.V.4/1_4_00034_m_01_06_t_2.wav IDIAP_00034 PA.V.4
pa-database/Voice/PA.V.4/1_4_00034_m_01_07_t_2.wav IDIAP_00034 PA.V.4
pa-database/Voice/PA.V.4/1_4_00034_m_01_08_t_2.wav IDIAP_00034 PA.V.4
pa-database/Voice/PA.V.4/1_4_00036_f_01_01_t_2.wav IDIAP_00036 PA.V.4
pa-database/Voice/PA.V.4/1_4_00036_f_01_02_t_2.wav IDIAP_00036 PA.V.4
pa-database/Voice/PA.V.4/1_4_00036_f_01_03_t_2.wav IDIAP_00036 PA.V.4
pa-database/Voice/PA.V.4/1_4_00036_f_01_04_t_2.wav IDIAP_00036 PA.V.4
pa-database/Voice/PA.V.4/1_4_00036_f_01_05_t_2.wav IDIAP_00036 PA.V.4
pa-database/Voice/PA.V.4/1_4_00036_f_01_06_t_2.wav IDIAP_00036 PA.V.4
pa-database/Voice/PA.V.4/1_4_00036_f_01_07_t_2.wav IDIAP_00036 PA.V.4
pa-database/Voice/PA.V.4/1_4_00036_f_01_08_t_2.wav IDIAP_00036 PA.V.4
pa-database/Voice/PA.V.4/1_4_00041_m_01_01_t_2.wav IDIAP_00041 PA.V.4
pa-database/Voice/PA.V.4/1_4_00041_m_01_02_t_2.wav IDIAP_00041 PA.V.4
pa-database/Voice/PA.V.4/1_4_00041_m_01_03_t_2.wav IDIAP_00041 PA.V.4
pa-database/Voice/PA.V.4/1_4_00041_m_01_04_t_2.wav IDIAP_00041 PA.V.4
pa-database/Voice/PA.V.4/1_4_00041_m_01_05_t_2.wav IDIAP_00041 PA.V.4
pa-database/Voice/PA.V.4/1_4_00041_m_01_06_t_2.wav IDIAP_00041 PA.V.4
pa-database/Voice/PA.V.4/1_4_00041_m_01_07_t_2.wav IDIAP_00041 PA.V.4
pa-database/Voice/PA.V.4/1_4_00041_m_01_08_t_2.wav IDIAP_00041 PA.V.4
pa-database/Voice/PA.V.4/1_4_00043_f_01_01_t_2.wav IDIAP_00043 PA.V.4
pa-database/Voice/PA.V.4/1_4_00043_f_01_02_t_2.wav IDIAP_00043 PA.V.4
pa-database/Voice/PA.V.4/1_4_00043_f_01_03_t_2.wav IDIAP_00043 PA.V.4
pa-database/Voice/PA.V.4/1_4_00043_f_01_04_t_2.wav IDIAP_00043 PA.V.4
pa-database/Voice/PA.V.4/1_4_00043_f_01_05_t_2.wav IDIAP_00043 PA.V.4
pa-database/Voice/PA.V.4/1_4_00043_f_01_06_t_2.wav IDIAP_00043 PA.V.4
pa-database/Voice/PA.V.4/1_4_00043_f_01_07_t_2.wav IDIAP_00043 PA.V.4
pa-database/Voice/PA.V.4/1_4_00043_f_01_08_t_2.wav IDIAP_00043 PA.V.4
pa-database/Voice/PA.V.4/1_4_00046_f_01_01_t_2.wav IDIAP_00046 PA.V.4
pa-database/Voice/PA.V.4/1_4_00046_f_01_02_t_2.wav IDIAP_00046 PA.V.4
pa-database/Voice/PA.V.4/1_4_00046_f_01_03_t_2.wav IDIAP_00046 PA.V.4
pa-database/Voice/PA.V.4/1_4_00046_f_01_04_t_2.wav IDIAP_00046 PA.V.4
pa-database/Voice/PA.V.4/1_4_00046_f_01_05_t_2.wav IDIAP_00046 PA.V.4
pa-database/Voice/PA.V.4/1_4_00046_f_01_06_t_2.wav IDIAP_00046 PA.V.4
pa-database/Voice/PA.V.4/1_4_00046_f_01_07_t_2.wav IDIAP_00046 PA.V.4
pa-database/Voice/PA.V.4/1_4_00046_f_01_08_t_2.wav IDIAP_00046 PA.V.4
pa-database/Voice/PA.V.4/1_4_00049_m_01_01_t_2.wav IDIAP_00049 PA.V.4
pa-database/Voice/PA.V.4/1_4_00049_m_01_02_t_2.wav IDIAP_00049 PA.V.4
pa-database/Voice/PA.V.4/1_4_00049_m_01_03_t_2.wav IDIAP_00049 PA.V.4
pa-database/Voice/PA.V.4/1_4_00049_m_01_04_t_2.wav IDIAP_00049 PA.V.4
pa-database/Voice/PA.V.4/1_4_00049_m_01_05_t_2.wav IDIAP_00049 PA.V.4
pa-database/Voice/PA.V.4/1_4_00049_m_01_06_t_2.wav IDIAP_00049 PA.V.4
pa-database/Voice/PA.V.4/1_4_00049_m_01_07_t_2.wav IDIAP_00049 PA.V.4
pa-database/Voice/PA.V.4/1_4_00049_m_01_08_t_2.wav IDIAP_00049 PA.V.4
pa-database/Voice/PA.V.4/1_4_00050_f_01_01_t_2.wav IDIAP_00050 PA.V.4
pa-database/Voice/PA.V.4/1_4_00050_f_01_02_t_2.wav IDIAP_00050 PA.V.4
pa-database/Voice/PA.V.4/1_4_00050_f_01_03_t_2.wav IDIAP_00050 PA.V.4
pa-database/Voice/PA.V.4/1_4_00050_f_01_04_t_2.wav IDIAP_00050 PA.V.4
pa-database/Voice/PA.V.4/1_4_00050_f_01_05_t_2.wav IDIAP_00050 PA.V.4
pa-database/Voice/PA.V.4/1_4_00050_f_01_06_t_2.wav IDIAP_00050 PA.V.4
pa-database/Voice/PA.V.4/1_4_00050_f_01_07_t_2.wav IDIAP_00050 PA.V.4
pa-database/Voice/PA.V.4/1_4_00050_f_01_08_t_2.wav IDIAP_00050 PA.V.4
pa-database/Voice/PA.V.4/1_4_00051_f_01_01_t_2.wav IDIAP_00051 PA.V.4
pa-database/Voice/PA.V.4/1_4_00051_f_01_02_t_2.wav IDIAP_00051 PA.V.4
pa-database/Voice/PA.V.4/1_4_00051_f_01_03_t_2.wav IDIAP_00051 PA.V.4
pa-database/Voice/PA.V.4/1_4_00051_f_01_04_t_2.wav IDIAP_00051 PA.V.4
pa-database/Voice/PA.V.4/1_4_00051_f_01_05_t_2.wav IDIAP_00051 PA.V.4
pa-database/Voice/PA.V.4/1_4_00051_f_01_06_t_2.wav IDIAP_00051 PA.V.4
pa-database/Voice/PA.V.4/1_4_00051_f_01_07_t_2.wav IDIAP_00051 PA.V.4
pa-database/Voice/PA.V.4/1_4_00051_f_01_08_t_2.wav IDIAP_00051 PA.V.4
pa-database/Voice/PA.V.4/1_4_00052_f_01_01_t_2.wav IDIAP_00052 PA.V.4
pa-database/Voice/PA.V.4/1_4_00052_f_01_02_t_2.wav IDIAP_00052 PA.V.4
pa-database/Voice/PA.V.4/1_4_00052_f_01_03_t_2.wav IDIAP_00052 PA.V.4
pa-database/Voice/PA.V.4/1_4_00052_f_01_04_t_2.wav IDIAP_00052 PA.V.4
pa-database/Voice/PA.V.4/1_4_00052_f_01_05_t_2.wav IDIAP_00052 PA.V.4
pa-database/Voice/PA.V.4/1_4_00052_f_01_06_t_2.wav IDIAP_00052 PA.V.4
pa-database/Voice/PA.V.4/1_4_00052_f_01_07_t_2.wav IDIAP_00052 PA.V.4
pa-database/Voice/PA.V.4/1_4_00052_f_01_08_t_2.wav IDIAP_00052 PA.V.4
pa-database/Voice/PA.V.4/1_4_00054_f_01_01_t_2.wav IDIAP_00054 PA.V.4
pa-database/Voice/PA.V.4/1_4_00054_f_01_02_t_2.wav IDIAP_00054 PA.V.4
pa-database/Voice/PA.V.4/1_4_00054_f_01_03_t_2.wav IDIAP_00054 PA.V.4
pa-database/Voice/PA.V.4/1_4_00054_f_01_04_t_2.wav IDIAP_00054 PA.V.4
pa-database/Voice/PA.V.4/1_4_00054_f_01_05_t_2.wav IDIAP_00054 PA.V.4
pa-database/Voice/PA.V.4/1_4_00054_f_01_06_t_2.wav IDIAP_00054 PA.V.4
pa-database/Voice/PA.V.4/1_4_00054_f_01_07_t_2.wav IDIAP_00054 PA.V.4
pa-database/Voice/PA.V.4/1_4_00054_f_01_08_t_2.wav IDIAP_00054 PA.V.4
pa-database/Voice/PA.V.4/1_4_00055_m_01_01_t_2.wav IDIAP_00055 PA.V.4
pa-database/Voice/PA.V.4/1_4_00055_m_01_02_t_2.wav IDIAP_00055 PA.V.4
pa-database/Voice/PA.V.4/1_4_00055_m_01_03_t_2.wav IDIAP_00055 PA.V.4
pa-database/Voice/PA.V.4/1_4_00055_m_01_04_t_2.wav IDIAP_00055 PA.V.4
pa-database/Voice/PA.V.4/1_4_00055_m_01_05_t_2.wav IDIAP_00055 PA.V.4
pa-database/Voice/PA.V.4/1_4_00055_m_01_06_t_2.wav IDIAP_00055 PA.V.4
pa-database/Voice/PA.V.4/1_4_00055_m_01_07_t_2.wav IDIAP_00055 PA.V.4
pa-database/Voice/PA.V.4/1_4_00055_m_01_08_t_2.wav IDIAP_00055 PA.V.4
pa-database/Voice/PA.V.4/1_4_00059_m_01_01_t_2.wav IDIAP_00059 PA.V.4
pa-database/Voice/PA.V.4/1_4_00059_m_01_02_t_2.wav IDIAP_00059 PA.V.4
pa-database/Voice/PA.V.4/1_4_00059_m_01_03_t_2.wav IDIAP_00059 PA.V.4
pa-database/Voice/PA.V.4/1_4_00059_m_01_04_t_2.wav IDIAP_00059 PA.V.4
pa-database/Voice/PA.V.4/1_4_00059_m_01_05_t_2.wav IDIAP_00059 PA.V.4
pa-database/Voice/PA.V.4/1_4_00059_m_01_06_t_2.wav IDIAP_00059 PA.V.4
pa-database/Voice/PA.V.4/1_4_00059_m_01_07_t_2.wav IDIAP_00059 PA.V.4
pa-database/Voice/PA.V.4/1_4_00059_m_01_08_t_2.wav IDIAP_00059 PA.V.4
pa-database/Voice/PA.V.4/1_6_00001_m_01_01_t_2.wav MPH-IND_00001 PA.V.4
pa-database/Voice/PA.V.4/1_6_00001_m_01_02_t_2.wav MPH-IND_00001 PA.V.4
pa-database/Voice/PA.V.4/1_6_00001_m_01_03_t_2.wav MPH-IND_00001 PA.V.4
pa-database/Voice/PA.V.4/1_6_00001_m_01_04_t_2.wav MPH-IND_00001 PA.V.4
pa-database/Voice/PA.V.4/1_6_00001_m_01_05_t_2.wav MPH-IND_00001 PA.V.4
pa-database/Voice/PA.V.4/1_6_00001_m_01_06_t_2.wav MPH-IND_00001 PA.V.4
pa-database/Voice/PA.V.4/1_6_00001_m_01_07_t_2.wav MPH-IND_00001 PA.V.4
pa-database/Voice/PA.V.4/1_6_00001_m_01_08_t_2.wav MPH-IND_00001 PA.V.4
pa-database/Voice/PA.V.4/1_6_00002_m_01_01_t_2.wav MPH-IND_00002 PA.V.4
pa-database/Voice/PA.V.4/1_6_00002_m_01_02_t_2.wav MPH-IND_00002 PA.V.4
pa-database/Voice/PA.V.4/1_6_00002_m_01_03_t_2.wav MPH-IND_00002 PA.V.4
pa-database/Voice/PA.V.4/1_6_00002_m_01_04_t_2.wav MPH-IND_00002 PA.V.4
pa-database/Voice/PA.V.4/1_6_00002_m_01_05_t_2.wav MPH-IND_00002 PA.V.4
pa-database/Voice/PA.V.4/1_6_00002_m_01_06_t_2.wav MPH-IND_00002 PA.V.4
pa-database/Voice/PA.V.4/1_6_00002_m_01_07_t_2.wav MPH-IND_00002 PA.V.4
pa-database/Voice/PA.V.4/1_6_00002_m_01_08_t_2.wav MPH-IND_00002 PA.V.4
pa-database/Voice/PA.V.4/1_6_00004_f_01_01_t_2.wav MPH-IND_00004 PA.V.4
pa-database/Voice/PA.V.4/1_6_00004_f_01_02_t_2.wav MPH-IND_00004 PA.V.4
pa-database/Voice/PA.V.4/1_6_00004_f_01_03_t_2.wav MPH-IND_00004 PA.V.4
pa-database/Voice/PA.V.4/1_6_00004_f_01_04_t_2.wav MPH-IND_00004 PA.V.4
pa-database/Voice/PA.V.4/1_6_00004_f_01_05_t_2.wav MPH-IND_00004 PA.V.4
pa-database/Voice/PA.V.4/1_6_00004_f_01_06_t_2.wav MPH-IND_00004 PA.V.4
pa-database/Voice/PA.V.4/1_6_00004_f_01_07_t_2.wav MPH-IND_00004 PA.V.4
pa-database/Voice/PA.V.4/1_6_00004_f_01_08_t_2.wav MPH-IND_00004 PA.V.4
pa-database/Voice/PA.V.4/1_6_00005_m_01_01_t_2.wav MPH-IND_00005 PA.V.4
pa-database/Voice/PA.V.4/1_6_00005_m_01_02_t_2.wav MPH-IND_00005 PA.V.4
pa-database/Voice/PA.V.4/1_6_00005_m_01_03_t_2.wav MPH-IND_00005 PA.V.4
pa-database/Voice/PA.V.4/1_6_00005_m_01_04_t_2.wav MPH-IND_00005 PA.V.4
pa-database/Voice/PA.V.4/1_6_00005_m_01_05_t_2.wav MPH-IND_00005 PA.V.4
pa-database/Voice/PA.V.4/1_6_00005_m_01_06_t_2.wav MPH-IND_00005 PA.V.4
pa-database/Voice/PA.V.4/1_6_00005_m_01_07_t_2.wav MPH-IND_00005 PA.V.4
pa-database/Voice/PA.V.4/1_6_00005_m_01_08_t_2.wav MPH-IND_00005 PA.V.4
pa-database/Voice/PA.V.4/1_6_00006_f_01_01_t_2.wav MPH-IND_00006 PA.V.4
pa-database/Voice/PA.V.4/1_6_00006_f_01_02_t_2.wav MPH-IND_00006 PA.V.4
pa-database/Voice/PA.V.4/1_6_00006_f_01_03_t_2.wav MPH-IND_00006 PA.V.4
pa-database/Voice/PA.V.4/1_6_00006_f_01_04_t_2.wav MPH-IND_00006 PA.V.4
pa-database/Voice/PA.V.4/1_6_00006_f_01_05_t_2.wav MPH-IND_00006 PA.V.4
pa-database/Voice/PA.V.4/1_6_00006_f_01_06_t_2.wav MPH-IND_00006 PA.V.4
pa-database/Voice/PA.V.4/1_6_00006_f_01_07_t_2.wav MPH-IND_00006 PA.V.4
pa-database/Voice/PA.V.4/1_6_00006_f_01_08_t_2.wav MPH-IND_00006 PA.V.4
pa-database/Voice/PA.V.4/1_6_00007_m_01_01_t_2.wav MPH-IND_00007 PA.V.4
pa-database/Voice/PA.V.4/1_6_00007_m_01_02_t_2.wav MPH-IND_00007 PA.V.4
pa-database/Voice/PA.V.4/1_6_00007_m_01_03_t_2.wav MPH-IND_00007 PA.V.4
pa-database/Voice/PA.V.4/1_6_00007_m_01_04_t_2.wav MPH-IND_00007 PA.V.4
pa-database/Voice/PA.V.4/1_6_00007_m_01_05_t_2.wav MPH-IND_00007 PA.V.4
pa-database/Voice/PA.V.4/1_6_00007_m_01_06_t_2.wav MPH-IND_00007 PA.V.4
pa-database/Voice/PA.V.4/1_6_00007_m_01_07_t_2.wav MPH-IND_00007 PA.V.4
pa-database/Voice/PA.V.4/1_6_00007_m_01_08_t_2.wav MPH-IND_00007 PA.V.4
pa-database/Voice/PA.V.4/1_6_00008_m_01_01_t_2.wav MPH-IND_00008 PA.V.4
pa-database/Voice/PA.V.4/1_6_00008_m_01_02_t_2.wav MPH-IND_00008 PA.V.4
pa-database/Voice/PA.V.4/1_6_00008_m_01_03_t_2.wav MPH-IND_00008 PA.V.4
pa-database/Voice/PA.V.4/1_6_00008_m_01_04_t_2.wav MPH-IND_00008 PA.V.4
pa-database/Voice/PA.V.4/1_6_00008_m_01_05_t_2.wav MPH-IND_00008 PA.V.4
pa-database/Voice/PA.V.4/1_6_00008_m_01_06_t_2.wav MPH-IND_00008 PA.V.4
pa-database/Voice/PA.V.4/1_6_00008_m_01_07_t_2.wav MPH-IND_00008 PA.V.4
pa-database/Voice/PA.V.4/1_6_00008_m_01_08_t_2.wav MPH-IND_00008 PA.V.4
pa-database/Voice/PA.V.4/1_6_00011_m_01_01_t_2.wav MPH-IND_00011 PA.V.4
pa-database/Voice/PA.V.4/1_6_00011_m_01_02_t_2.wav MPH-IND_00011 PA.V.4
pa-database/Voice/PA.V.4/1_6_00011_m_01_03_t_2.wav MPH-IND_00011 PA.V.4
pa-database/Voice/PA.V.4/1_6_00011_m_01_04_t_2.wav MPH-IND_00011 PA.V.4
pa-database/Voice/PA.V.4/1_6_00011_m_01_05_t_2.wav MPH-IND_00011 PA.V.4
pa-database/Voice/PA.V.4/1_6_00011_m_01_06_t_2.wav MPH-IND_00011 PA.V.4
pa-database/Voice/PA.V.4/1_6_00011_m_01_07_t_2.wav MPH-IND_00011 PA.V.4
pa-database/Voice/PA.V.4/1_6_00011_m_01_08_t_2.wav MPH-IND_00011 PA.V.4
pa-database/Voice/PA.V.4/1_6_00012_f_01_01_t_2.wav MPH-IND_00012 PA.V.4
pa-database/Voice/PA.V.4/1_6_00012_f_01_02_t_2.wav MPH-IND_00012 PA.V.4
pa-database/Voice/PA.V.4/1_6_00012_f_01_03_t_2.wav MPH-IND_00012 PA.V.4
pa-database/Voice/PA.V.4/1_6_00012_f_01_04_t_2.wav MPH-IND_00012 PA.V.4
pa-database/Voice/PA.V.4/1_6_00012_f_01_05_t_2.wav MPH-IND_00012 PA.V.4
pa-database/Voice/PA.V.4/1_6_00012_f_01_06_t_2.wav MPH-IND_00012 PA.V.4
pa-database/Voice/PA.V.4/1_6_00012_f_01_07_t_2.wav MPH-IND_00012 PA.V.4
pa-database/Voice/PA.V.4/1_6_00012_f_01_08_t_2.wav MPH-IND_00012 PA.V.4
pa-database/Voice/PA.V.4/1_6_00016_m_01_01_t_2.wav MPH-IND_00016 PA.V.4
pa-database/Voice/PA.V.4/1_6_00016_m_01_02_t_2.wav MPH-IND_00016 PA.V.4
pa-database/Voice/PA.V.4/1_6_00016_m_01_03_t_2.wav MPH-IND_00016 PA.V.4
pa-database/Voice/PA.V.4/1_6_00016_m_01_04_t_2.wav MPH-IND_00016 PA.V.4
pa-database/Voice/PA.V.4/1_6_00016_m_01_05_t_2.wav MPH-IND_00016 PA.V.4
pa-database/Voice/PA.V.4/1_6_00016_m_01_06_t_2.wav MPH-IND_00016 PA.V.4
pa-database/Voice/PA.V.4/1_6_00016_m_01_07_t_2.wav MPH-IND_00016 PA.V.4
pa-database/Voice/PA.V.4/1_6_00016_m_01_08_t_2.wav MPH-IND_00016 PA.V.4
pa-database/Voice/PA.V.4/1_6_00017_m_01_01_t_2.wav MPH-IND_00017 PA.V.4
pa-database/Voice/PA.V.4/1_6_00017_m_01_02_t_2.wav MPH-IND_00017 PA.V.4
pa-database/Voice/PA.V.4/1_6_00017_m_01_03_t_2.wav MPH-IND_00017 PA.V.4
pa-database/Voice/PA.V.4/1_6_00017_m_01_04_t_2.wav MPH-IND_00017 PA.V.4
pa-database/Voice/PA.V.4/1_6_00017_m_01_05_t_2.wav MPH-IND_00017 PA.V.4
pa-database/Voice/PA.V.4/1_6_00017_m_01_06_t_2.wav MPH-IND_00017 PA.V.4
pa-database/Voice/PA.V.4/1_6_00017_m_01_07_t_2.wav MPH-IND_00017 PA.V.4
pa-database/Voice/PA.V.4/1_6_00017_m_01_08_t_2.wav MPH-IND_00017 PA.V.4
pa-database/Voice/PA.V.4/1_6_00020_m_01_01_t_2.wav MPH-IND_00020 PA.V.4
pa-database/Voice/PA.V.4/1_6_00020_m_01_02_t_2.wav MPH-IND_00020 PA.V.4
pa-database/Voice/PA.V.4/1_6_00020_m_01_03_t_2.wav MPH-IND_00020 PA.V.4
pa-database/Voice/PA.V.4/1_6_00020_m_01_04_t_2.wav MPH-IND_00020 PA.V.4
pa-database/Voice/PA.V.4/1_6_00020_m_01_05_t_2.wav MPH-IND_00020 PA.V.4
pa-database/Voice/PA.V.4/1_6_00020_m_01_06_t_2.wav MPH-IND_00020 PA.V.4
pa-database/Voice/PA.V.4/1_6_00020_m_01_07_t_2.wav MPH-IND_00020 PA.V.4
pa-database/Voice/PA.V.4/1_6_00020_m_01_08_t_2.wav MPH-IND_00020 PA.V.4
pa-database/Voice/PA.V.4/1_6_00023_f_01_01_t_2.wav MPH-IND_00023 PA.V.4
pa-database/Voice/PA.V.4/1_6_00023_f_01_02_t_2.wav MPH-IND_00023 PA.V.4
pa-database/Voice/PA.V.4/1_6_00023_f_01_03_t_2.wav MPH-IND_00023 PA.V.4
pa-database/Voice/PA.V.4/1_6_00023_f_01_04_t_2.wav MPH-IND_00023 PA.V.4
pa-database/Voice/PA.V.4/1_6_00023_f_01_05_t_2.wav MPH-IND_00023 PA.V.4
pa-database/Voice/PA.V.4/1_6_00023_f_01_06_t_2.wav MPH-IND_00023 PA.V.4
pa-database/Voice/PA.V.4/1_6_00023_f_01_07_t_2.wav MPH-IND_00023 PA.V.4
pa-database/Voice/PA.V.4/1_6_00023_f_01_08_t_2.wav MPH-IND_00023 PA.V.4
pa-database/Voice/PA.V.4/1_6_00030_m_01_01_t_2.wav MPH-IND_00030 PA.V.4
pa-database/Voice/PA.V.4/1_6_00030_m_01_02_t_2.wav MPH-IND_00030 PA.V.4
pa-database/Voice/PA.V.4/1_6_00030_m_01_03_t_2.wav MPH-IND_00030 PA.V.4
pa-database/Voice/PA.V.4/1_6_00030_m_01_04_t_2.wav MPH-IND_00030 PA.V.4
pa-database/Voice/PA.V.4/1_6_00030_m_01_05_t_2.wav MPH-IND_00030 PA.V.4
pa-database/Voice/PA.V.4/1_6_00030_m_01_06_t_2.wav MPH-IND_00030 PA.V.4
pa-database/Voice/PA.V.4/1_6_00030_m_01_07_t_2.wav MPH-IND_00030 PA.V.4
pa-database/Voice/PA.V.4/1_6_00030_m_01_08_t_2.wav MPH-IND_00030 PA.V.4
pa-database/Voice/PA.V.4/1_6_00031_m_01_01_t_2.wav MPH-IND_00031 PA.V.4
pa-database/Voice/PA.V.4/1_6_00031_m_01_02_t_2.wav MPH-IND_00031 PA.V.4
pa-database/Voice/PA.V.4/1_6_00031_m_01_03_t_2.wav MPH-IND_00031 PA.V.4
pa-database/Voice/PA.V.4/1_6_00031_m_01_04_t_2.wav MPH-IND_00031 PA.V.4
pa-database/Voice/PA.V.4/1_6_00031_m_01_05_t_2.wav MPH-IND_00031 PA.V.4
pa-database/Voice/PA.V.4/1_6_00031_m_01_06_t_2.wav MPH-IND_00031 PA.V.4
pa-database/Voice/PA.V.4/1_6_00031_m_01_07_t_2.wav MPH-IND_00031 PA.V.4
pa-database/Voice/PA.V.4/1_6_00031_m_01_08_t_2.wav MPH-IND_00031 PA.V.4
pa-database/Voice/PA.V.4/1_6_00033_f_01_01_t_2.wav MPH-IND_00033 PA.V.4
pa-database/Voice/PA.V.4/1_6_00033_f_01_02_t_2.wav MPH-IND_00033 PA.V.4
pa-database/Voice/PA.V.4/1_6_00033_f_01_03_t_2.wav MPH-IND_00033 PA.V.4
pa-database/Voice/PA.V.4/1_6_00033_f_01_04_t_2.wav MPH-IND_00033 PA.V.4
pa-database/Voice/PA.V.4/1_6_00033_f_01_05_t_2.wav MPH-IND_00033 PA.V.4
pa-database/Voice/PA.V.4/1_6_00033_f_01_06_t_2.wav MPH-IND_00033 PA.V.4
pa-database/Voice/PA.V.4/1_6_00033_f_01_07_t_2.wav MPH-IND_00033 PA.V.4
pa-database/Voice/PA.V.4/1_6_00033_f_01_08_t_2.wav MPH-IND_00033 PA.V.4
pa-database/Voice/PA.V.4/1_6_00034_f_01_01_t_2.wav MPH-IND_00034 PA.V.4
pa-database/Voice/PA.V.4/1_6_00034_f_01_02_t_2.wav MPH-IND_00034 PA.V.4
pa-database/Voice/PA.V.4/1_6_00034_f_01_03_t_2.wav MPH-IND_00034 PA.V.4
pa-database/Voice/PA.V.4/1_6_00034_f_01_04_t_2.wav MPH-IND_00034 PA.V.4
pa-database/Voice/PA.V.4/1_6_00034_f_01_05_t_2.wav MPH-IND_00034 PA.V.4
pa-database/Voice/PA.V.4/1_6_00034_f_01_06_t_2.wav MPH-IND_00034 PA.V.4
pa-database/Voice/PA.V.4/1_6_00034_f_01_07_t_2.wav MPH-IND_00034 PA.V.4
pa-database/Voice/PA.V.4/1_6_00034_f_01_08_t_2.wav MPH-IND_00034 PA.V.4
pa-database/Voice/PA.V.4/1_6_00036_m_01_01_t_2.wav MPH-IND_00036 PA.V.4
pa-database/Voice/PA.V.4/1_6_00036_m_01_02_t_2.wav MPH-IND_00036 PA.V.4
pa-database/Voice/PA.V.4/1_6_00036_m_01_03_t_2.wav MPH-IND_00036 PA.V.4
pa-database/Voice/PA.V.4/1_6_00036_m_01_04_t_2.wav MPH-IND_00036 PA.V.4
pa-database/Voice/PA.V.4/1_6_00036_m_01_05_t_2.wav MPH-IND_00036 PA.V.4
pa-database/Voice/PA.V.4/1_6_00036_m_01_06_t_2.wav MPH-IND_00036 PA.V.4
pa-database/Voice/PA.V.4/1_6_00036_m_01_07_t_2.wav MPH-IND_00036 PA.V.4
pa-database/Voice/PA.V.4/1_6_00036_m_01_08_t_2.wav MPH-IND_00036 PA.V.4
pa-database/Voice/PA.V.4/1_6_00038_f_01_01_t_2.wav MPH-IND_00038 PA.V.4
pa-database/Voice/PA.V.4/1_6_00038_f_01_02_t_2.wav MPH-IND_00038 PA.V.4
pa-database/Voice/PA.V.4/1_6_00038_f_01_03_t_2.wav MPH-IND_00038 PA.V.4
pa-database/Voice/PA.V.4/1_6_00038_f_01_04_t_2.wav MPH-IND_00038 PA.V.4
pa-database/Voice/PA.V.4/1_6_00038_f_01_05_t_2.wav MPH-IND_00038 PA.V.4
pa-database/Voice/PA.V.4/1_6_00038_f_01_06_t_2.wav MPH-IND_00038 PA.V.4
pa-database/Voice/PA.V.4/1_6_00038_f_01_07_t_2.wav MPH-IND_00038 PA.V.4
pa-database/Voice/PA.V.4/1_6_00038_f_01_08_t_2.wav MPH-IND_00038 PA.V.4
pa-database/Voice/PA.V.4/1_6_00043_m_01_01_t_2.wav MPH-IND_00043 PA.V.4
pa-database/Voice/PA.V.4/1_6_00043_m_01_02_t_2.wav MPH-IND_00043 PA.V.4
pa-database/Voice/PA.V.4/1_6_00043_m_01_03_t_2.wav MPH-IND_00043 PA.V.4
pa-database/Voice/PA.V.4/1_6_00043_m_01_04_t_2.wav MPH-IND_00043 PA.V.4
pa-database/Voice/PA.V.4/1_6_00043_m_01_05_t_2.wav MPH-IND_00043 PA.V.4
pa-database/Voice/PA.V.4/1_6_00043_m_01_06_t_2.wav MPH-IND_00043 PA.V.4
pa-database/Voice/PA.V.4/1_6_00043_m_01_07_t_2.wav MPH-IND_00043 PA.V.4
pa-database/Voice/PA.V.4/1_6_00043_m_01_08_t_2.wav MPH-IND_00043 PA.V.4
pa-database/Voice/PA.V.4/1_6_00048_m_01_01_t_2.wav MPH-IND_00048 PA.V.4
pa-database/Voice/PA.V.4/1_6_00048_m_01_02_t_2.wav MPH-IND_00048 PA.V.4
pa-database/Voice/PA.V.4/1_6_00048_m_01_03_t_2.wav MPH-IND_00048 PA.V.4
pa-database/Voice/PA.V.4/1_6_00048_m_01_04_t_2.wav MPH-IND_00048 PA.V.4
pa-database/Voice/PA.V.4/1_6_00048_m_01_05_t_2.wav MPH-IND_00048 PA.V.4
pa-database/Voice/PA.V.4/1_6_00048_m_01_06_t_2.wav MPH-IND_00048 PA.V.4
pa-database/Voice/PA.V.4/1_6_00048_m_01_07_t_2.wav MPH-IND_00048 PA.V.4
pa-database/Voice/PA.V.4/1_6_00048_m_01_08_t_2.wav MPH-IND_00048 PA.V.4
pa-database/Voice/PA.V.4/1_6_00055_m_01_01_t_2.wav MPH-IND_00055 PA.V.4
pa-database/Voice/PA.V.4/1_6_00055_m_01_02_t_2.wav MPH-IND_00055 PA.V.4
pa-database/Voice/PA.V.4/1_6_00055_m_01_03_t_2.wav MPH-IND_00055 PA.V.4
pa-database/Voice/PA.V.4/1_6_00055_m_01_04_t_2.wav MPH-IND_00055 PA.V.4
pa-database/Voice/PA.V.4/1_6_00055_m_01_05_t_2.wav MPH-IND_00055 PA.V.4
pa-database/Voice/PA.V.4/1_6_00055_m_01_06_t_2.wav MPH-IND_00055 PA.V.4
pa-database/Voice/PA.V.4/1_6_00055_m_01_07_t_2.wav MPH-IND_00055 PA.V.4
pa-database/Voice/PA.V.4/1_6_00055_m_01_08_t_2.wav MPH-IND_00055 PA.V.4
