pa-database/TalkingFace/PA.F.1/1_1_00001_m_01_01_p_1.mp4 NTNU_00001 PA.F.1
pa-database/TalkingFace/PA.F.1/1_1_00003_m_01_01_p_1.mp4 NTNU_00003 PA.F.1
pa-database/TalkingFace/PA.F.1/1_1_00005_f_01_01_p_1.mp4 NTNU_00005 PA.F.1
pa-database/TalkingFace/PA.F.1/1_1_00006_m_01_01_p_1.mp4 NTNU_00006 PA.F.1
pa-database/TalkingFace/PA.F.1/1_1_00008_m_01_01_p_1.mp4 NTNU_00008 PA.F.1
pa-database/TalkingFace/PA.F.1/1_1_00012_m_01_01_p_1.mp4 NTNU_00012 PA.F.1
pa-database/TalkingFace/PA.F.1/1_1_00013_m_01_01_p_1.mp4 NTNU_00013 PA.F.1
pa-database/TalkingFace/PA.F.1/1_1_00018_f_01_01_p_1.mp4 NTNU_00018 PA.F.1
pa-database/TalkingFace/PA.F.1/1_1_00019_m_01_01_p_1.mp4 NTNU_00019 PA.F.1
pa-database/TalkingFace/PA.F.1/1_1_00020_m_01_01_p_1.mp4 NTNU_00020 PA.F.1
pa-database/TalkingFace/PA.F.1/1_1_00021_m_01_01_p_1.mp4 NTNU_00021 PA.F.1
pa-database/TalkingFace/PA.F.1/1_1_00024_m_01_01_p_1.mp4 NTNU_00024 PA.F.1
pa-database/TalkingFace/PA.F.1/1_1_00025_m_01_01_p_1.mp4 NTNU_00025 PA.F.1
pa-database/TalkingFace/PA.F.1/1_1_00026_m_01_01_p_1.mp4 NTNU_00026 PA.F.1
pa-database/TalkingFace/PA.F.1/1_1_00027_m_01_01_p_1.mp4 NTNU_00027 PA.F.1
pa-database/TalkingFace/PA.F.1/1_1_00028_m_01_01_p_1.mp4 NTNU_00028 PA.F.1
pa-database/TalkingFace/PA.F.1/1_1_00029_m_01_01_p_1.mp4 NTNU_00029 PA.F.1
pa-database/TalkingFace/PA.F.1/1_1_00032_m_01_01_p_1.mp4 NTNU_00032 PA.F.1
pa-database/TalkingFace/PA.F.1/1_1_00033_f_01_01_p_1.mp4 NTNU_00033 PA.F.1
pa-database/TalkingFace/PA.F.1/1_1_00034_m_01_01_p_1.mp4 NTNU_00034 PA.F.1
pa-database/TalkingFace/PA.F.1/1_1_00036_f_01_01_p_1.mp4 NTNU_00036 PA.F.1
pa-database/TalkingFace/PA.F.1/1_1_00038_f_01_01_p_1.mp4 NTNU_00038 PA.F.1
pa-database/TalkingFace/PA.F.1/1_1_00039_m_01_01_p_1.mp4 NTNU_00039 PA.F.1
pa-database/TalkingFace/PA.F.1/1_1_00040_m_01_01_p_1.mp4 NTNU_00040 PA.F.1
pa-database/TalkingFace/PA.F.1/1_1_00041_m_01_01_p_1.mp4 NTNU_00041 PA.F.1
pa-database/TalkingFace/PA.F.1/1_1_00042_f_01_01_p_1.mp4 NTNU_00042 PA.F.1
pa-database/TalkingFace/PA.F.1/1_1_00045_m_01_01_p_1.mp4 NTNU_00045 PA.F.1
pa-database/TalkingFace/PA.F.1/1_1_00051_m_01_01_p_1.mp4 NTNU_00051 PA.F.1
pa-database/TalkingFace/PA.F.1/1_1_00053_m_01_01_p_1.mp4 NTNU_00053 PA.F.1
pa-database/TalkingFace/PA.F.1/1_3_00001_f_01_01_p_1.mp4 MPH-FRA_00001 PA.F.1
pa-database/TalkingFace/PA.F.1/1_3_00003_f_01_01_p_1.mp4 MPH-FRA_00003 PA.F.1
pa-database/TalkingFace/PA.F.1/1_3_00005_m_01_01_p_1.mp4 MPH-FRA_00005 PA.F.1
pa-database/TalkingFace/PA.F.1/1_4_00001_m_01_01_p_1.mp4 IDIAP_00001 PA.F.1
pa-database/TalkingFace/PA.F.1/1_4_00005_m_01_01_p_1.mp4 IDIAP_00005 PA.F.1
pa-database/TalkingFace/PA.F.1/1_4_00010_m_01_01_p_1.mp4 IDIAP_00010 PA.F.1
pa-database/TalkingFace/PA.F.1/1_4_00014_f_01_01_p_1.mp4 IDIAP_00014 PA.F.1
pa-database/TalkingFace/PA.F.1/1_4_00017_m_01_01_p_1.mp4 IDIAP_00017 PA.F.1
pa-database/TalkingFace/PA.F.1/1_4_00018_f_01_01_p_1.mp4 IDIAP_00018 PA.F.1
pa-database/TalkingFace/PA.F.1/1_4_00020_m_01_01_p_1.mp4 IDIAP_00020 PA.F.1
pa-database/TalkingFace/PA.F.1/1_4_00025_m_01_01_p_1.mp4 IDIAP_00025 PA.F.1
pa-database/TalkingFace/PA.F.1/1_4_00026_m_01_01_p_1.mp4 IDIAP_00026 PA.F.1
pa-database/TalkingFace/PA.F.1/1_4_00028_m_01_01_p_1.mp4 IDIAP_00028 PA.F.1
pa-database/TalkingFace/PA.F.1/1_4_00029_m_01_01_p_1.mp4 IDIAP_00029 PA.F.1
pa-database/TalkingFace/PA.F.1/1_4_00031_m_01_01_p_1.mp4 IDIAP_00031 PA.F.1
pa-database/TalkingFace/PA.F.1/1_4_00035_m_01_01_p_1.mp4 IDIAP_00035 PA.F.1
pa-database/TalkingFace/PA.F.1/1_4_00036_f_01_01_p_1.mp4 IDIAP_00036 PA.F.1
pa-database/TalkingFace/PA.F.1/1_4_00038_f_01_01_p_1.mp4 IDIAP_00038 PA.F.1
pa-database/TalkingFace/PA.F.1/1_4_00039_m_01_01_p_1.mp4 IDIAP_00039 PA.F.1
pa-database/TalkingFace/PA.F.1/1_4_00040_m_01_01_p_1.mp4 IDIAP_00040 PA.F.1
pa-database/TalkingFace/PA.F.1/1_4_00042_f_01_01_p_1.mp4 IDIAP_00042 PA.F.1
pa-database/TalkingFace/PA.F.1/1_4_00048_m_01_01_p_1.mp4 IDIAP_00048 PA.F.1
pa-database/TalkingFace/PA.F.1/1_4_00049_m_01_01_p_1.mp4 IDIAP_00049 PA.F.1
pa-database/TalkingFace/PA.F.1/1_4_00051_f_01_01_p_1.mp4 IDIAP_00051 PA.F.1
pa-database/TalkingFace/PA.F.1/1_4_00054_f_01_01_p_1.mp4 IDIAP_00054 PA.F.1
pa-database/TalkingFace/PA.F.1/1_4_00055_m_01_01_p_1.mp4 IDIAP_00055 PA.F.1
pa-database/TalkingFace/PA.F.1/1_6_00001_m_01_01_p_1.mp4 MPH-IND_00001 PA.F.1
pa-database/TalkingFace/PA.F.1/1_6_00004_f_01_01_p_1.mp4 MPH-IND_00004 PA.F.1
pa-database/TalkingFace/PA.F.1/1_6_00006_f_01_01_p_1.mp4 MPH-IND_00006 PA.F.1
pa-database/TalkingFace/PA.F.1/1_6_00009_f_01_01_p_1.mp4 MPH-IND_00009 PA.F.1
pa-database/TalkingFace/PA.F.1/1_6_00018_f_01_01_p_1.mp4 MPH-IND_00018 PA.F.1
pa-database/TalkingFace/PA.F.1/1_6_00024_m_01_01_p_1.mp4 MPH-IND_00024 PA.F.1
pa-database/TalkingFace/PA.F.1/1_6_00025_f_01_01_p_1.mp4 MPH-IND_00025 PA.F.1
pa-database/TalkingFace/PA.F.1/1_6_00028_m_01_01_p_1.mp4 MPH-IND_00028 PA.F.1
pa-database/TalkingFace/PA.F.1/1_6_00032_f_01_01_p_1.mp4 MPH-IND_00032 PA.F.1
pa-database/TalkingFace/PA.F.1/1_6_00038_f_01_01_p_1.mp4 MPH-IND_00038 PA.F.1
pa-database/TalkingFace/PA.F.1/1_6_00039_f_01_01_p_1.mp4 MPH-IND_00039 PA.F.1
pa-database/TalkingFace/PA.F.1/1_6_00041_m_01_01_p_1.mp4 MPH-IND_00041 PA.F.1
pa-database/TalkingFace/PA.F.1/1_6_00042_f_01_01_p_1.mp4 MPH-IND_00042 PA.F.1
pa-database/TalkingFace/PA.F.1/1_6_00043_m_01_01_p_1.mp4 MPH-IND_00043 PA.F.1
pa-database/TalkingFace/PA.F.1/1_6_00044_m_01_01_p_1.mp4 MPH-IND_00044 PA.F.1
pa-database/TalkingFace/PA.F.1/1_6_00045_f_01_01_p_1.mp4 MPH-IND_00045 PA.F.1
pa-database/TalkingFace/PA.F.1/1_6_00046_m_01_01_p_1.mp4 MPH-IND_00046 PA.F.1
pa-database/TalkingFace/PA.F.1/1_6_00048_m_01_01_p_1.mp4 MPH-IND_00048 PA.F.1
pa-database/TalkingFace/PA.F.1/1_6_00050_f_01_01_p_1.mp4 MPH-IND_00050 PA.F.1
pa-database/TalkingFace/PA.F.1/1_6_00051_m_01_01_p_1.mp4 MPH-IND_00051 PA.F.1
pa-database/TalkingFace/PA.F.5/3_1_00001_m_01_01_p_2.mp4 NTNU_00001 PA.F.5
pa-database/TalkingFace/PA.F.5/3_1_00001_m_01_02_p_2.mp4 NTNU_00001 PA.F.5
pa-database/TalkingFace/PA.F.5/3_1_00001_m_01_03_p_2.mp4 NTNU_00001 PA.F.5
pa-database/TalkingFace/PA.F.5/3_1_00001_m_01_04_p_2.mp4 NTNU_00001 PA.F.5
pa-database/TalkingFace/PA.F.5/3_1_00001_m_01_05_p_2.mp4 NTNU_00001 PA.F.5
pa-database/TalkingFace/PA.F.5/3_1_00001_m_01_06_p_2.mp4 NTNU_00001 PA.F.5
pa-database/TalkingFace/PA.F.5/3_1_00001_m_01_07_p_2.mp4 NTNU_00001 PA.F.5
pa-database/TalkingFace/PA.F.5/3_1_00001_m_01_08_p_2.mp4 NTNU_00001 PA.F.5
pa-database/TalkingFace/PA.F.5/3_1_00003_m_01_01_p_2.mp4 NTNU_00003 PA.F.5
pa-database/TalkingFace/PA.F.5/3_1_00003_m_01_02_p_2.mp4 NTNU_00003 PA.F.5
pa-database/TalkingFace/PA.F.5/3_1_00003_m_01_03_p_2.mp4 NTNU_00003 PA.F.5
pa-database/TalkingFace/PA.F.5/3_1_00003_m_01_04_p_2.mp4 NTNU_00003 PA.F.5
pa-database/TalkingFace/PA.F.5/3_1_00003_m_01_05_p_2.mp4 NTNU_00003 PA.F.5
pa-database/TalkingFace/PA.F.5/3_1_00003_m_01_06_p_2.mp4 NTNU_00003 PA.F.5
pa-database/TalkingFace/PA.F.5/3_1_00003_m_01_07_p_2.mp4 NTNU_00003 PA.F.5
pa-database/TalkingFace/PA.F.5/3_1_00003_m_01_08_p_2.mp4 NTNU_00003 PA.F.5
pa-database/TalkingFace/PA.F.5/3_1_00005_f_01_01_p_2.mp4 NTNU_00005 PA.F.5
pa-database/TalkingFace/PA.F.5/3_1_00005_f_01_02_p_2.mp4 NTNU_00005 PA.F.5
pa-database/TalkingFace/PA.F.5/3_1_00005_f_01_03_p_2.mp4 NTNU_00005 PA.F.5
pa-database/TalkingFace/PA.F.5/3_1_00005_f_01_04_p_2.mp4 NTNU_00005 PA.F.5
pa-database/TalkingFace/PA.F.5/3_1_00005_f_01_05_p_2.mp4 NTNU_00005 PA.F.5
pa-database/TalkingFace/PA.F.5/3_1_00005_f_01_06_p_2.mp4 NTNU_00005 PA.F.5
pa-database/TalkingFace/PA.F.5/3_1_00005_f_01_07_p_2.mp4 NTNU_00005 PA.F.5
pa-database/TalkingFace/PA.F.5/3_1_00005_f_01_08_p_2.mp4 NTNU_00005 PA.F.5
pa-database/TalkingFace/PA.F.5/3_1_00006_m_01_01_p_2.mp4 NTNU_00006 PA.F.5
pa-database/TalkingFace/PA.F.5/3_1_00006_m_01_02_p_2.mp4 NTNU_00006 PA.F.5
pa-database/TalkingFace/PA.F.5/3_1_00006_m_01_03_p_2.mp4 NTNU_00006 PA.F.5
pa-database/TalkingFace/PA.F.5/3_1_00006_m_01_04_p_2.mp4 NTNU_00006 PA.F.5
pa-database/TalkingFace/PA.F.5/3_1_00006_m_01_05_p_2.mp4 NTNU_00006 PA.F.5
pa-database/TalkingFace/PA.F.5/3_1_00006_m_01_06_p_2.mp4 NTNU_00006 PA.F.5
pa-database/TalkingFace/PA.F.5/3_1_00006_m_01_07_p_2.mp4 NTNU_00006 PA.F.5
pa-database/TalkingFace/PA.F.5/3_1_00006_m_01_08_p_2.mp4 NTNU_00006 PA.F.5
pa-database/TalkingFace/PA.F.5/3_1_00008_m_01_01_p_2.mp4 NTNU_00008 PA.F.5
pa-database/TalkingFace/PA.F.5/3_1_00008_m_01_02_p_2.mp4 NTNU_00008 PA.F.5
pa-database/TalkingFace/PA.F.5/3_1_00008_m_01_03_p_2.mp4 NTNU_00008 PA.F.5
pa-database/TalkingFace/PA.F.5/3_1_00008_m_01_04_p_2.mp4 NTNU_00008 PA.F.5
pa-database/TalkingFace/PA.F.5/3_1_00008_m_01_05_p_2.mp4 NTNU_00008 PA.F.5
pa-database/TalkingFace/PA.F.5/3_1_00008_m_01_06_p_2.mp4 NTNU_00008 PA.F.5
pa-database/TalkingFace/PA.F.5/3_1_00008_m_01_07_p_2.mp4 NTNU_00008 PA.F.5
pa-database/TalkingFace/PA.F.5/3_1_00008_m_01_08_p_2.mp4 NTNU_00008 PA.F.5
pa-database/TalkingFace/PA.F.5/3_1_00012_m_01_01_p_2.mp4 NTNU_00012 PA.F.5
pa-database/TalkingFace/PA.F.5/3_1_00012_m_01_02_p_2.mp4 NTNU_00012 PA.F.5
pa-database/TalkingFace/PA.F.5/3_1_00012_m_01_03_p_2.mp4 NTNU_00012 PA.F.5
pa-database/TalkingFace/PA.F.5/3_1_00012_m_01_04_p_2.mp4 NTNU_00012 PA.F.5
pa-database/TalkingFace/PA.F.5/3_1_00012_m_01_05_p_2.mp4 NTNU_00012 PA.F.5
pa-database/TalkingFace/PA.F.5/3_1_00012_m_01_06_p_2.mp4 NTNU_00012 PA.F.5
pa-database/TalkingFace/PA.F.5/3_1_00012_m_01_07_p_2.mp4 NTNU_00012 PA.F.5
pa-database/TalkingFace/PA.F.5/3_1_00012_m_01_08_p_2.mp4 NTNU_00012 PA.F.5
pa-database/TalkingFace/PA.F.5/3_1_00013_m_01_01_p_2.mp4 NTNU_00013 PA.F.5
pa-database/TalkingFace/PA.F.5/3_1_00013_m_01_02_p_2.mp4 NTNU_00013 PA.F.5
pa-database/TalkingFace/PA.F.5/3_1_00013_m_01_03_p_2.mp4 NTNU_00013 PA.F.5
pa-database/TalkingFace/PA.F.5/3_1_00013_m_01_04_p_2.mp4 NTNU_00013 PA.F.5
pa-database/TalkingFace/PA.F.5/3_1_00013_m_01_05_p_2.mp4 NTNU_00013 PA.F.5
pa-database/TalkingFace/PA.F.5/3_1_00013_m_01_06_p_2.mp4 NTNU_00013 PA.F.5
pa-database/TalkingFace/PA.F.5/3_1_00013_m_01_07_p_2.mp4 NTNU_00013 PA.F.5
pa-database/TalkingFace/PA.F.5/3_1_00013_m_01_08_p_2.mp4 NTNU_00013 PA.F.5
pa-database/TalkingFace/PA.F.5/3_1_00018_f_01_01_p_2.mp4 NTNU_00018 PA.F.5
pa-database/TalkingFace/PA.F.5/3_1_00018_f_01_02_p_2.mp4 NTNU_00018 PA.F.5
pa-database/TalkingFace/PA.F.5/3_1_00018_f_01_03_p_2.mp4 NTNU_00018 PA.F.5
pa-database/TalkingFace/PA.F.5/3_1_00018_f_01_04_p_2.mp4 NTNU_00018 PA.F.5
pa-database/TalkingFace/PA.F.5/3_1_00018_f_01_05_p_2.mp4 NTNU_00018 PA.F.5
pa-database/TalkingFace/PA.F.5/3_1_00018_f_01_06_p_2.mp4 NTNU_00018 PA.F.5
pa-database/TalkingFace/PA.F.5/3_1_00018_f_01_07_p_2.mp4 NTNU_00018 PA.F.5
pa-database/TalkingFace/PA.F.5/3_1_00018_f_01_08_p_2.mp4 NTNU_00018 PA.F.5
pa-database/TalkingFace/PA.F.5/3_1_00019_m_01_01_p_2.mp4 NTNU_00019 PA.F.5
pa-database/TalkingFace/PA.F.5/3_1_00019_m_01_02_p_2.mp4 NTNU_00019 PA.F.5
pa-database/TalkingFace/PA.F.5/3_1_00019_m_01_03_p_2.mp4 NTNU_00019 PA.F.5
pa-database/TalkingFace/PA.F.5/3_1_00019_m_01_04_p_2.mp4 NTNU_00019 PA.F.5
pa-database/TalkingFace/PA.F.5/3_1_00019_m_01_05_p_2.mp4 NTNU_00019 PA.F.5
pa-database/TalkingFace/PA.F.5/3_1_00019_m_01_06_p_2.mp4 NTNU_00019 PA.F.5
pa-database/TalkingFace/PA.F.5/3_1_00019_m_01_07_p_2.mp4 NTNU_00019 PA.F.5
pa-database/TalkingFace/PA.F.5/3_1_00019_m_01_08_p_2.mp4 NTNU_00019 PA.F.5
pa-database/TalkingFace/PA.F.5/3_1_00020_m_01_01_p_2.mp4 NTNU_00020 PA.F.5
pa-database/TalkingFace/PA.F.5/3_1_00020_m_01_02_p_2.mp4 NTNU_00020 PA.F.5
pa-database/TalkingFace/PA.F.5/3_1_00020_m_01_03_p_2.mp4 NTNU_00020 PA.F.5
pa-database/TalkingFace/PA.F.5/3_1_00020_m_01_04_p_2.mp4 NTNU_00020 PA.F.5
pa-database/TalkingFace/PA.F.5/3_1_00020_m_01_05_p_2.mp4 NTNU_00020 PA.F.5
pa-database/TalkingFace/PA.F.5/3_1_00020_m_01_06_p_2.mp4 NTNU_00020 PA.F.5
pa-database/TalkingFace/PA.F.5/3_1_00020_m_01_07_p_2.mp4 NTNU_00020 PA.F.5
pa-database/TalkingFace/PA.F.5/3_1_00020_m_01_08_p_2.mp4 NTNU_00020 PA.F.5
pa-database/TalkingFace/PA.F.5/3_1_00021_m_01_01_p_2.mp4 NTNU_00021 PA.F.5
pa-database/TalkingFace/PA.F.5/3_1_00021_m_01_02_p_2.mp4 NTNU_00021 PA.F.5
pa-database/TalkingFace/PA.F.5/3_1_00021_m_01_03_p_2.mp4 NTNU_00021 PA.F.5
pa-database/TalkingFace/PA.F.5/3_1_00021_m_01_04_p_2.mp4 NTNU_00021 PA.F.5
pa-database/TalkingFace/PA.F.5/3_1_00021_m_01_05_p_2.mp4 NTNU_00021 PA.F.5
pa-database/TalkingFace/PA.F.5/3_1_00021_m_01_06_p_2.mp4 NTNU_00021 PA.F.5
pa-database/TalkingFace/PA.F.5/3_1_00021_m_01_07_p_2.mp4 NTNU_00021 PA.F.5
pa-database/TalkingFace/PA.F.5/3_1_00021_m_01_08_p_2.mp4 NTNU_00021 PA.F.5
pa-database/TalkingFace/PA.F.5/3_1_00024_m_01_01_p_2.mp4 NTNU_00024 PA.F.5
pa-database/TalkingFace/PA.F.5/3_1_00024_m_01_02_p_2.mp4 NTNU_00024 PA.F.5
pa-database/TalkingFace/PA.F.5/3_1_00024_m_01_03_p_2.mp4 NTNU_00024 PA.F.5
pa-database/TalkingFace/PA.F.5/3_1_00024_m_01_04_p_2.mp4 NTNU_00024 PA.F.5
pa-database/TalkingFace/PA.F.5/3_1_00024_m_01_05_p_2.mp4 NTNU_00024 PA.F.5
pa-database/TalkingFace/PA.F.5/3_1_00024_m_01_06_p_2.mp4 NTNU_00024 PA.F.5
pa-database/TalkingFace/PA.F.5/3_1_00024_m_01_07_p_2.mp4 NTNU_00024 PA.F.5
pa-database/TalkingFace/PA.F.5/3_1_00024_m_01_08_p_2.mp4 NTNU_00024 PA.F.5
pa-database/TalkingFace/PA.F.5/3_1_00025_m_01_01_p_2.mp4 NTNU_00025 PA.F.5
pa-database/TalkingFace/PA.F.5/3_1_00025_m_01_02_p_2.mp4 NTNU_00025 PA.F.5
pa-database/TalkingFace/PA.F.5/3_1_00025_m_01_03_p_2.mp4 NTNU_00025 PA.F.5
pa-database/TalkingFace/PA.F.5/3_1_00025_m_01_04_p_2.mp4 NTNU_00025 PA.F.5
pa-database/TalkingFace/PA.F.5/3_1_00025_m_01_05_p_2.mp4 NTNU_00025 PA.F.5
pa-database/TalkingFace/PA.F.5/3_1_00025_m_01_06_p_2.mp4 NTNU_00025 PA.F.5
pa-database/TalkingFace/PA.F.5/3_1_00025_m_01_07_p_2.mp4 NTNU_00025 PA.F.5
pa-database/TalkingFace/PA.F.5/3_1_00025_m_01_08_p_2.mp4 NTNU_00025 PA.F.5
pa-database/TalkingFace/PA.F.5/3_1_00026_m_01_01_p_2.mp4 NTNU_00026 PA.F.5
pa-database/TalkingFace/PA.F.5/3_1_00026_m_01_02_p_2.mp4 NTNU_00026 PA.F.5
pa-database/TalkingFace/PA.F.5/3_1_00026_m_01_03_p_2.mp4 NTNU_00026 PA.F.5
pa-database/TalkingFace/PA.F.5/3_1_00026_m_01_04_p_2.mp4 NTNU_00026 PA.F.5
pa-database/TalkingFace/PA.F.5/3_1_00026_m_01_05_p_2.mp4 NTNU_00026 PA.F.5
pa-database/TalkingFace/PA.F.5/3_1_00026_m_01_06_p_2.mp4 NTNU_00026 PA.F.5
pa-database/TalkingFace/PA.F.5/3_1_00026_m_01_07_p_2.mp4 NTNU_00026 PA.F.5
pa-database/TalkingFace/PA.F.5/3_1_00026_m_01_08_p_2.mp4 NTNU_00026 PA.F.5
pa-database/TalkingFace/PA.F.5/3_1_00027_m_01_01_p_2.mp4 NTNU_00027 PA.F.5
pa-database/TalkingFace/PA.F.5/3_1_00027_m_01_02_p_2.mp4 NTNU_00027 PA.F.5
pa-database/TalkingFace/PA.F.5/3_1_00027_m_01_03_p_2.mp4 NTNU_00027 PA.F.5
pa-database/TalkingFace/PA.F.5/3_1_00027_m_01_04_p_2.mp4 NTNU_00027 PA.F.5
pa-database/TalkingFace/PA.F.5/3_1_00027_m_01_05_p_2.mp4 NTNU_00027 PA.F.5
pa-database/TalkingFace/PA.F.5/3_1_00027_m_01_06_p_2.mp4 NTNU_00027 PA.F.5
pa-database/TalkingFace/PA.F.5/3_1_00027_m_01_07_p_2.mp4 NTNU_00027 PA.F.5
pa-database/TalkingFace/PA.F.5/3_1_00027_m_01_08_p_2.mp4 NTNU_00027 PA.F.5
pa-database/TalkingFace/PA.F.5/3_1_00028_m_01_01_p_2.mp4 NTNU_00028 PA.F.5
pa-database/TalkingFace/PA.F.5/3_1_00028_m_01_02_p_2.mp4 NTNU_00028 PA.F.5
pa-database/TalkingFace/PA.F.5/3_1_00028_m_01_03_p_2.mp4 NTNU_00028 PA.F.5
pa-database/TalkingFace/PA.F.5/3_1_00028_m_01_04_p_2.mp4 NTNU_00028 PA.F.5
pa-database/TalkingFace/PA.F.5/3_1_00028_m_01_05_p_2.mp4 NTNU_00028 PA.F.5
pa-database/TalkingFace/PA.F.5/3_1_00028_m_01_06_p_2.mp4 NTNU_00028 PA.F.5
pa-database/TalkingFace/PA.F.5/3_1_00028_m_01_07_p_2.mp4 NTNU_00028 PA.F.5
pa-database/TalkingFace/PA.F.5/3_1_00028_m_01_08_p_2.mp4 NTNU_00028 PA.F.5
pa-database/TalkingFace/PA.F.5/3_1_00029_m_01_01_p_2.mp4 NTNU_00029 PA.F.5
pa-database/TalkingFace/PA.F.5/3_1_00029_m_01_02_p_2.mp4 NTNU_00029 PA.F.5
pa-database/TalkingFace/PA.F.5/3_1_00029_m_01_03_p_2.mp4 NTNU_00029 PA.F.5
pa-database/TalkingFace/PA.F.5/3_1_00029_m_01_04_p_2.mp4 NTNU_00029 PA.F.5
pa-database/TalkingFace/PA.F.5/3_1_00029_m_01_05_p_2.mp4 NTNU_00029 PA.F.5
pa-database/TalkingFace/PA.F.5/3_1_00029_m_01_06_p_2.mp4 NTNU_00029 PA.F.5
pa-database/TalkingFace/PA.F.5/3_1_00029_m_01_07_p_2.mp4 NTNU_00029 PA.F.5
pa-database/TalkingFace/PA.F.5/3_1_00029_m_01_08_p_2.mp4 NTNU_00029 PA.F.5
pa-database/TalkingFace/PA.F.5/3_1_00032_m_01_01_p_2.mp4 NTNU_00032 PA.F.5
pa-database/TalkingFace/PA.F.5/3_1_00032_m_01_02_p_2.mp4 NTNU_00032 PA.F.5
pa-database/TalkingFace/PA.F.5/3_1_00032_m_01_03_p_2.mp4 NTNU_00032 PA.F.5
pa-database/TalkingFace/PA.F.5/3_1_00032_m_01_04_p_2.mp4 NTNU_00032 PA.F.5
pa-database/TalkingFace/PA.F.5/3_1_00032_m_01_05_p_2.mp4 NTNU_00032 PA.F.5
pa-database/TalkingFace/PA.F.5/3_1_00032_m_01_06_p_2.mp4 NTNU_00032 PA.F.5
pa-database/TalkingFace/PA.F.5/3_1_00032_m_01_07_p_2.mp4 NTNU_00032 PA.F.5
pa-database/TalkingFace/PA.F.5/3_1_00032_m_01_08_p_2.mp4 NTNU_00032 PA.F.5
pa-database/TalkingFace/PA.F.5/3_1_00033_f_01_01_p_2.mp4 NTNU_00033 PA.F.5
pa-database/TalkingFace/PA.F.5/3_1_00033_f_01_02_p_2.mp4 NTNU_00033 PA.F.5
pa-database/TalkingFace/PA.F.5/3_1_00033_f_01_03_p_2.mp4 NTNU_00033 PA.F.5
pa-database/TalkingFace/PA.F.5/3_1_00033_f_01_04_p_2.mp4 NTNU_00033 PA.F.5
pa-database/TalkingFace/PA.F.5/3_1_00033_f_01_05_p_2.mp4 NTNU_00033 PA.F.5
pa-database/TalkingFace/PA.F.5/3_1_00033_f_01_06_p_2.mp4 NTNU_00033 PA.F.5
pa-database/TalkingFace/PA.F.5/3_1_00033_f_01_07_p_2.mp4 NTNU_00033 PA.F.5
pa-database/TalkingFace/PA.F.5/3_1_00033_f_01_08_p_2.mp4 NTNU_00033 PA.F.5
pa-database/TalkingFace/PA.F.5/3_1_00034_m_01_01_p_2.mp4 NTNU_00034 PA.F.5
pa-database/TalkingFace/PA.F.5/3_1_00034_m_01_02_p_2.mp4 NTNU_00034 PA.F.5
pa-database/TalkingFace/PA.F.5/3_1_00034_m_01_03_p_2.mp4 NTNU_00034 PA.F.5
pa-database/TalkingFace/PA.F.5/3_1_00034_m_01_04_p_2.mp4 NTNU_00034 PA.F.5
pa-database/TalkingFace/PA.F.5/3_1_00034_m_01_05_p_2.mp4 NTNU_00034 PA.F.5
pa-database/TalkingFace/PA.F.5/3_1_00034_m_01_06_p_2.mp4 NTNU_00034 PA.F.5
pa-database/TalkingFace/PA.F.5/3_1_00034_m_01_07_p_2.mp4 NTNU_00034 PA.F.5
pa-database/TalkingFace/PA.F.5/3_1_00034_m_01_08_p_2.mp4 NTNU_00034 PA.F.5
pa-database/TalkingFace/PA.F.5/3_1_00036_f_01_01_p_2.mp4 NTNU_00036 PA.F.5
pa-database/TalkingFace/PA.F.5/3_1_00036_f_01_02_p_2.mp4 NTNU_00036 PA.F.5
pa-database/TalkingFace/PA.F.5/3_1_00036_f_01_03_p_2.mp4 NTNU_00036 PA.F.5
pa-database/TalkingFace/PA.F.5/3_1_00036_f_01_04_p_2.mp4 NTNU_00036 PA.F.5
pa-database/TalkingFace/PA.F.5/3_1_00036_f_01_05_p_2.mp4 NTNU_00036 PA.F.5
pa-database/TalkingFace/PA.F.5/3_1_00036_f_01_06_p_2.mp4 NTNU_00036 PA.F.5
pa-database/TalkingFace/PA.F.5/3_1_00036_f_01_07_p_2.mp4 NTNU_00036 PA.F.5
pa-database/TalkingFace/PA.F.5/3_1_00036_f_01_08_p_2.mp4 NTNU_00036 PA.F.5
pa-database/TalkingFace/PA.F.5/3_1_00038_f_01_01_p_2.mp4 NTNU_00038 PA.F.5
pa-database/TalkingFace/PA.F.5/3_1_00038_f_01_02_p_2.mp4 NTNU_00038 PA.F.5
pa-database/TalkingFace/PA.F.5/3_1_00038_f_01_03_p_2.mp4 NTNU_00038 PA.F.5
pa-database/TalkingFace/PA.F.5/3_1_00038_f_01_04_p_2.mp4 NTNU_00038 PA.F.5
pa-database/TalkingFace/PA.F.5/3_1_00038_f_01_05_p_2.mp4 NTNU_00038 PA.F.5
pa-database/TalkingFace/PA.F.5/3_1_00038_f_01_06_p_2.mp4 NTNU_00038 PA.F.5
pa-database/TalkingFace/PA.F.5/3_1_00038_f_01_07_p_2.mp4 NTNU_00038 PA.F.5
pa-database/TalkingFace/PA.F.5/3_1_00038_f_01_08_p_2.mp4 NTNU_00038 PA.F.5
pa-database/TalkingFace/PA.F.5/3_1_00039_m_01_01_p_2.mp4 NTNU_00039 PA.F.5
pa-database/TalkingFace/PA.F.5/3_1_00039_m_01_02_p_2.mp4 NTNU_00039 PA.F.5
pa-database/TalkingFace/PA.F.5/3_1_00039_m_01_03_p_2.mp4 NTNU_00039 PA.F.5
pa-database/TalkingFace/PA.F.5/3_1_00039_m_01_04_p_2.mp4 NTNU_00039 PA.F.5
pa-database/TalkingFace/PA.F.5/3_1_00039_m_01_05_p_2.mp4 NTNU_00039 PA.F.5
pa-database/TalkingFace/PA.F.5/3_1_00039_m_01_06_p_2.mp4 NTNU_00039 PA.F.5
pa-database/TalkingFace/PA.F.5/3_1_00039_m_01_07_p_2.mp4 NTNU_00039 PA.F.5
pa-database/TalkingFace/PA.F.5/3_1_00039_m_01_08_p_2.mp4 NTNU_00039 PA.F.5
pa-database/TalkingFace/PA.F.5/3_1_00040_m_01_01_p_2.mp4 NTNU_00040 PA.F.5
pa-database/TalkingFace/PA.F.5/3_1_00040_m_01_02_p_2.mp4 NTNU_00040 PA.F.5
pa-database/TalkingFace/PA.F.5/3_1_00040_m_01_03_p_2.mp4 NTNU_00040 PA.F.5
pa-database/TalkingFace/PA.F.5/3_1_00040_m_01_04_p_2.mp4 NTNU_00040 PA.F.5
pa-database/TalkingFace/PA.F.5/3_1_00040_m_01_05_p_2.mp4 NTNU_00040 PA.F.5
pa-database/TalkingFace/PA.F.5/3_1_00040_m_01_06_p_2.mp4 NTNU_00040 PA.F.5
pa-database/TalkingFace/PA.F.5/3_1_00040_m_01_07_p_2.mp4 NTNU_00040 PA.F.5
pa-database/TalkingFace/PA.F.5/3_1_00040_m_01_08_p_2.mp4 NTNU_00040 PA.F.5
pa-database/TalkingFace/PA.F.5/3_1_00041_m_01_01_p_2.mp4 NTNU_00041 PA.F.5
pa-database/TalkingFace/PA.F.5/3_1_00041_m_01_02_p_2.mp4 NTNU_00041 PA.F.5
pa-database/TalkingFace/PA.F.5/3_1_00041_m_01_03_p_2.mp4 NTNU_00041 PA.F.5
pa-database/TalkingFace/PA.F.5/3_1_00041_m_01_04_p_2.mp4 NTNU_00041 PA.F.5
pa-database/TalkingFace/PA.F.5/3_1_00041_m_01_05_p_2.mp4 NTNU_00041 PA.F.5
pa-database/TalkingFace/PA.F.5/3_1_00041_m_01_06_p_2.mp4 NTNU_00041 PA.F.5
pa-database/TalkingFace/PA.F.5/3_1_00041_m_01_07_p_2.mp4 NTNU_00041 PA.F.5
pa-database/TalkingFace/PA.F.5/3_1_00041_m_01_08_p_2.mp4 NTNU_00041 PA.F.5
pa-database/TalkingFace/PA.F.5/3_1_00042_f_01_01_p_2.mp4 NTNU_00042 PA.F.5
pa-database/TalkingFace/PA.F.5/3_1_00042_f_01_02_p_2.mp4 NTNU_00042 PA.F.5
pa-database/TalkingFace/PA.F.5/3_1_00042_f_01_03_p_2.mp4 NTNU_00042 PA.F.5
pa-database/TalkingFace/PA.F.5/3_1_00042_f_01_04_p_2.mp4 NTNU_00042 PA.F.5
pa-database/TalkingFace/PA.F.5/3_1_00042_f_01_05_p_2.mp4 NTNU_00042 PA.F.5
pa-database/TalkingFace/PA.F.5/3_1_00042_f_01_06_p_2.mp4 NTNU_00042 PA.F.5
pa-database/TalkingFace/PA.F.5/3_1_00042_f_01_07_p_2.mp4 NTNU_00042 PA.F.5
pa-database/TalkingFace/PA.F.5/3_1_00042_f_01_08_p_2.mp4 NTNU_00042 PA.F.5
pa-database/TalkingFace/PA.F.5/3_1_00045_m_01_01_p_2.mp4 NTNU_00045 PA.F.5
pa-database/TalkingFace/PA.F.5/3_1_00045_m_01_02_p_2.mp4 NTNU_00045 PA.F.5
pa-database/TalkingFace/PA.F.5/3_1_00045_m_01_03_p_2.mp4 NTNU_00045 PA.F.5
pa-database/TalkingFace/PA.F.5/3_1_00045_m_01_04_p_2.mp4 NTNU_00045 PA.F.5
pa-database/TalkingFace/PA.F.5/3_1_00045_m_01_05_p_2.mp4 NTNU_00045 PA.F.5
pa-database/TalkingFace/PA.F.5/3_1_00045_m_01_06_p_2.mp4 NTNU_00045 PA.F.5
pa-database/TalkingFace/PA.F.5/3_1_00045_m_01_07_p_2.mp4 NTNU_00045 PA.F.5
pa-database/TalkingFace/PA.F.5/3_1_00045_m_01_08_p_2.mp4 NTNU_00045 PA.F.5
pa-database/TalkingFace/PA.F.5/3_1_00051_m_01_01_p_2.mp4 NTNU_00051 PA.F.5
pa-database/TalkingFace/PA.F.5/3_1_00051_m_01_02_p_2.mp4 NTNU_00051 PA.F.5
pa-database/TalkingFace/PA.F.5/3_1_00051_m_01_03_p_2.mp4 NTNU_00051 PA.F.5
pa-database/TalkingFace/PA.F.5/3_1_00051_m_01_04_p_2.mp4 NTNU_00051 PA.F.5
pa-database/TalkingFace/PA.F.5/3_1_00051_m_01_05_p_2.mp4 NTNU_00051 PA.F.5
pa-database/TalkingFace/PA.F.5/3_1_00051_m_01_06_p_2.mp4 NTNU_00051 PA.F.5
pa-database/TalkingFace/PA.F.5/3_1_00051_m_01_07_p_2.mp4 NTNU_00051 PA.F.5
pa-database/TalkingFace/PA.F.5/3_1_00051_m_01_08_p_2.mp4 NTNU_00051 PA.F.5
pa-database/TalkingFace/PA.F.5/3_1_00053_m_01_01_p_2.mp4 NTNU_00053 PA.F.5
pa-database/TalkingFace/PA.F.5/3_1_00053_m_01_02_p_2.mp4 NTNU_00053 PA.F.5
pa-database/TalkingFace/PA.F.5/3_1_00053_m_01_03_p_2.mp4 NTNU_00053 PA.F.5
pa-database/TalkingFace/PA.F.5/3_1_00053_m_01_04_p_2.mp4 NTNU_00053 PA.F.5
pa-database/TalkingFace/PA.F.5/3_1_00053_m_01_05_p_2.mp4 NTNU_00053 PA.F.5
pa-database/TalkingFace/PA.F.5/3_1_00053_m_01_06_p_2.mp4 NTNU_00053 PA.F.5
pa-database/TalkingFace/PA.F.5/3_1_00053_m_01_07_p_2.mp4 NTNU_00053 PA.F.5
pa-database/TalkingFace/PA.F.5/3_1_00053_m_01_08_p_2.mp4 NTNU_00053 PA.F.5
pa-database/TalkingFace/PA.F.5/3_3_00001_f_01_01_p_2.mp4 MPH-FRA_00001 PA.F.5
pa-database/TalkingFace/PA.F.5/3_3_00001_f_01_02_p_2.mp4 MPH-FRA_00001 PA.F.5
pa-database/TalkingFace/PA.F.5/3_3_00001_f_01_03_p_2.mp4 MPH-FRA_00001 PA.F.5
pa-database/TalkingFace/PA.F.5/3_3_00001_f_01_04_p_2.mp4 MPH-FRA_00001 PA.F.5
pa-database/TalkingFace/PA.F.5/3_3_00001_f_01_05_p_2.mp4 MPH-FRA_00001 PA.F.5
pa-database/TalkingFace/PA.F.5/3_3_00001_f_01_06_p_2.mp4 MPH-FRA_00001 PA.F.5
pa-database/TalkingFace/PA.F.5/3_3_00001_f_01_07_p_2.mp4 MPH-FRA_00001 PA.F.5
pa-database/TalkingFace/PA.F.5/3_3_00001_f_01_08_p_2.mp4 MPH-FRA_00001 PA.F.5
pa-database/TalkingFace/PA.F.5/3_3_00003_f_01_01_p_2.mp4 MPH-FRA_00003 PA.F.5
pa-database/TalkingFace/PA.F.5/3_3_00003_f_01_02_p_2.mp4 MPH-FRA_00003 PA.F.5
pa-database/TalkingFace/PA.F.5/3_3_00003_f_01_03_p_2.mp4 MPH-FRA_00003 PA.F.5
pa-database/TalkingFace/PA.F.5/3_3_00003_f_01_04_p_2.mp4 MPH-FRA_00003 PA.F.5
pa-database/TalkingFace/PA.F.5/3_3_00003_f_01_05_p_2.mp4 MPH-FRA_00003 PA.F.5
pa-database/TalkingFace/PA.F.5/3_3_00003_f_01_06_p_2.mp4 MPH-FRA_00003 PA.F.5
pa-database/TalkingFace/PA.F.5/3_3_00003_f_01_07_p_2.mp4 MPH-FRA_00003 PA.F.5
pa-database/TalkingFace/PA.F.5/3_3_00003_f_01_08_p_2.mp4 MPH-FRA_00003 PA.F.5
pa-database/TalkingFace/PA.F.5/3_3_00005_m_01_01_p_2.mp4 MPH-FRA_00005 PA.F.5
pa-database/TalkingFace/PA.F.5/3_3_00005_m_01_02_p_2.mp4 MPH-FRA_00005 PA.F.5
pa-database/TalkingFace/PA.F.5/3_3_00005_m_01_03_p_2.mp4 MPH-FRA_00005 PA.F.5
pa-database/TalkingFace/PA.F.5/3_3_00005_m_01_04_p_2.mp4 MPH-FRA_00005 PA.F.5
pa-database/TalkingFace/PA.F.5/3_3_00005_m_01_05_p_2.mp4 MPH-FRA_00005 PA.F.5
pa-database/TalkingFace/PA.F.5/3_3_00005_m_01_06_p_2.mp4 MPH-FRA_00005 PA.F.5
pa-database/TalkingFace/PA.F.5/3_3_00005_m_01_07_p_2.mp4 MPH-FRA_00005 PA.F.5
pa-database/TalkingFace/PA.F.5/3_3_00005_m_01_08_p_2.mp4 MPH-FRA_00005 PA.F.5
pa-database/TalkingFace/PA.F.5/3_4_00001_m_01_01_p_2.mp4 IDIAP_00001 PA.F.5
pa-database/TalkingFace/PA.F.5/3_4_00001_m_01_02_p_2.mp4 IDIAP_00001 PA.F.5
pa-database/TalkingFace/PA.F.5/3_4_00001_m_01_03_p_2.mp4 IDIAP_00001 PA.F.5
pa-database/TalkingFace/PA.F.5/3_4_00001_m_01_04_p_2.mp4 IDIAP_00001 PA.F.5
pa-database/TalkingFace/PA.F.5/3_4_00001_m_01_05_p_2.mp4 IDIAP_00001 PA.F.5
pa-database/TalkingFace/PA.F.5/3_4_00001_m_01_06_p_2.mp4 IDIAP_00001 PA.F.5
pa-database/TalkingFace/PA.F.5/3_4_00001_m_01_07_p_2.mp4 IDIAP_00001 PA.F.5
pa-database/TalkingFace/PA.F.5/3_4_00001_m_01_08_p_2.mp4 IDIAP_00001 PA.F.5
pa-database/TalkingFace/PA.F.5/3_4_00005_m_01_01_p_2.mp4 IDIAP_00005 PA.F.5
pa-database/TalkingFace/PA.F.5/3_4_00005_m_01_02_p_2.mp4 IDIAP_00005 PA.F.5
pa-database/TalkingFace/PA.F.5/3_4_00005_m_01_03_p_2.mp4 IDIAP_00005 PA.F.5
pa-database/TalkingFace/PA.F.5/3_4_00005_m_01_04_p_2.mp4 IDIAP_00005 PA.F.5
pa-database/TalkingFace/PA.F.5/3_4_00005_m_01_05_p_2.mp4 IDIAP_00005 PA.F.5
pa-database/TalkingFace/PA.F.5/3_4_00005_m_01_06_p_2.mp4 IDIAP_00005 PA.F.5
pa-database/TalkingFace/PA.F.5/3_4_00005_m_01_07_p_2.mp4 IDIAP_00005 PA.F.5
pa-database/TalkingFace/PA.F.5/3_4_00005_m_01_08_p_2.mp4 IDIAP_00005 PA.F.5
pa-database/TalkingFace/PA.F.5/3_4_00010_m_01_01_p_2.mp4 IDIAP_00010 PA.F.5
pa-database/TalkingFace/PA.F.5/3_4_00010_m_01_02_p_2.mp4 IDIAP_00010 PA.F.5
pa-database/TalkingFace/PA.F.5/3_4_00010_m_01_03_p_2.mp4 IDIAP_00010 PA.F.5
pa-database/TalkingFace/PA.F.5/3_4_00010_m_01_04_p_2.mp4 IDIAP_00010 PA.F.5
pa-database/TalkingFace/PA.F.5/3_4_00010_m_01_05_p_2.mp4 IDIAP_00010 PA.F.5
pa-database/TalkingFace/PA.F.5/3_4_00010_m_01_06_p_2.mp4 IDIAP_00010 PA.F.5
pa-database/TalkingFace/PA.F.5/3_4_00010_m_01_07_p_2.mp4 IDIAP_00010 PA.F.5
pa-database/TalkingFace/PA.F.5/3_4_00010_m_01_08_p_2.mp4 IDIAP_00010 PA.F.5
pa-database/TalkingFace/PA.F.5/3_4_00014_f_01_01_p_2.mp4 IDIAP_00014 PA.F.5
pa-database/TalkingFace/PA.F.5/3_4_00014_f_01_02_p_2.mp4 IDIAP_00014 PA.F.5
pa-database/TalkingFace/PA.F.5/3_4_00014_f_01_03_p_2.mp4 IDIAP_00014 PA.F.5
pa-database/TalkingFace/PA.F.5/3_4_00014_f_01_04_p_2.mp4 IDIAP_00014 PA.F.5
pa-database/TalkingFace/PA.F.5/3_4_00014_f_01_05_p_2.mp4 IDIAP_00014 PA.F.5
pa-database/TalkingFace/PA.F.5/3_4_00014_f_01_06_p_2.mp4 IDIAP_00014 PA.F.5
pa-database/TalkingFace/PA.F.5/3_4_00014_f_01_07_p_2.mp4 IDIAP_00014 PA.F.5
pa-database/TalkingFace/PA.F.5/3_4_00014_f_01_08_p_2.mp4 IDIAP_00014 PA.F.5
pa-database/TalkingFace/PA.F.5/3_4_00017_m_01_01_p_2.mp4 IDIAP_00017 PA.F.5
pa-database/TalkingFace/PA.F.5/3_4_00017_m_01_02_p_2.mp4 IDIAP_00017 PA.F.5
pa-database/TalkingFace/PA.F.5/3_4_00017_m_01_03_p_2.mp4 IDIAP_00017 PA.F.5
pa-database/TalkingFace/PA.F.5/3_4_00017_m_01_04_p_2.mp4 IDIAP_00017 PA.F.5
pa-database/TalkingFace/PA.F.5/3_4_00017_m_01_05_p_2.mp4 IDIAP_00017 PA.F.5
pa-database/TalkingFace/PA.F.5/3_4_00017_m_01_06_p_2.mp4 IDIAP_00017 PA.F.5
pa-database/TalkingFace/PA.F.5/3_4_00017_m_01_07_p_2.mp4 IDIAP_00017 PA.F.5
pa-database/TalkingFace/PA.F.5/3_4_00017_m_01_08_p_2.mp4 IDIAP_00017 PA.F.5
pa-database/TalkingFace/PA.F.5/3_4_00018_f_01_01_p_2.mp4 IDIAP_00018 PA.F.5
pa-database/TalkingFace/PA.F.5/3_4_00018_f_01_02_p_2.mp4 IDIAP_00018 PA.F.5
pa-database/TalkingFace/PA.F.5/3_4_00018_f_01_03_p_2.mp4 IDIAP_00018 PA.F.5
pa-database/TalkingFace/PA.F.5/3_4_00018_f_01_04_p_2.mp4 IDIAP_00018 PA.F.5
pa-database/TalkingFace/PA.F.5/3_4_00018_f_01_05_p_2.mp4 IDIAP_00018 PA.F.5
pa-database/TalkingFace/PA.F.5/3_4_00018_f_01_06_p_2.mp4 IDIAP_00018 PA.F.5
pa-database/TalkingFace/PA.F.5/3_4_00018_f_01_07_p_2.mp4 IDIAP_00018 PA.F.5
pa-database/TalkingFace/PA.F.5/3_4_00018_f_01_08_p_2.mp4 IDIAP_00018 PA.F.5
pa-database/TalkingFace/PA.F.5/3_4_00020_m_01_01_p_2.mp4 IDIAP_00020 PA.F.5
pa-database/TalkingFace/PA.F.5/3_4_00020_m_01_02_p_2.mp4 IDIAP_00020 PA.F.5
pa-database/TalkingFace/PA.F.5/3_4_00020_m_01_03_p_2.mp4 IDIAP_00020 PA.F.5
pa-database/TalkingFace/PA.F.5/3_4_00020_m_01_04_p_2.mp4 IDIAP_00020 PA.F.5
pa-database/TalkingFace/PA.F.5/3_4_00020_m_01_05_p_2.mp4 IDIAP_00020 PA.F.5
pa-database/TalkingFace/PA.F.5/3_4_00020_m_01_06_p_2.mp4 IDIAP_00020 PA.F.5
pa-database/TalkingFace/PA.F.5/3_4_00020_m_01_07_p_2.mp4 IDIAP_00020 PA.F.5
pa-database/TalkingFace/PA.F.5/3_4_00020_m_01_08_p_2.mp4 IDIAP_00020 PA.F.5
pa-database/TalkingFace/PA.F.5/3_4_00025_m_01_01_p_2.mp4 IDIAP_00025 PA.F.5
pa-database/TalkingFace/PA.F.5/3_4_00025_m_01_02_p_2.mp4 IDIAP_00025 PA.F.5
pa-database/TalkingFace/PA.F.5/3_4_00025_m_01_03_p_2.mp4 IDIAP_00025 PA.F.5
pa-database/TalkingFace/PA.F.5/3_4_00025_m_01_04_p_2.mp4 IDIAP_00025 PA.F.5
pa-database/TalkingFace/PA.F.5/3_4_00025_m_01_05_p_2.mp4 IDIAP_00025 PA.F.5
pa-database/TalkingFace/PA.F.5/3_4_00025_m_01_06_p_2.mp4 IDIAP_00025 PA.F.5
pa-database/TalkingFace/PA.F.5/3_4_00025_m_01_07_p_2.mp4 IDIAP_00025 PA.F.5
pa-database/TalkingFace/PA.F.5/3_4_00025_m_01_08_p_2.mp4 IDIAP_00025 PA.F.5
pa-database/TalkingFace/PA.F.5/3_4_00026_m_01_01_p_2.mp4 IDIAP_00026 PA.F.5
pa-database/TalkingFace/PA.F.5/3_4_00026_m_01_02_p_2.mp4 IDIAP_00026 PA.F.5
pa-database/TalkingFace/PA.F.5/3_4_00026_m_01_03_p_2.mp4 IDIAP_00026 PA.F.5
pa-database/TalkingFace/PA.F.5/3_4_00026_m_01_04_p_2.mp4 IDIAP_00026 PA.F.5
pa-database/TalkingFace/PA.F.5/3_4_00026_m_01_05_p_2.mp4 IDIAP_00026 PA.F.5
pa-database/TalkingFace/PA.F.5/3_4_00026_m_01_06_p_2.mp4 IDIAP_00026 PA.F.5
pa-database/TalkingFace/PA.F.5/3_4_00026_m_01_07_p_2.mp4 IDIAP_00026 PA.F.5
pa-database/TalkingFace/PA.F.5/3_4_00026_m_01_08_p_2.mp4 IDIAP_00026 PA.F.5
pa-database/TalkingFace/PA.F.5/3_4_00028_m_01_01_p_2.mp4 IDIAP_00028 PA.F.5
pa-database/TalkingFace/PA.F.5/3_4_00028_m_01_02_p_2.mp4 IDIAP_00028 PA.F.5
pa-database/TalkingFace/PA.F.5/3_4_00028_m_01_03_p_2.mp4 IDIAP_00028 PA.F.5
pa-database/TalkingFace/PA.F.5/3_4_00028_m_01_04_p_2.mp4 IDIAP_00028 PA.F.5
pa-database/TalkingFace/PA.F.5/3_4_00028_m_01_05_p_2.mp4 IDIAP_00028 PA.F.5
pa-database/TalkingFace/PA.F.5/3_4_00028_m_01_06_p_2.mp4 IDIAP_00028 PA.F.5
pa-database/TalkingFace/PA.F.5/3_4_00028_m_01_07_p_2.mp4 IDIAP_00028 PA.F.5
pa-database/TalkingFace/PA.F.5/3_4_00028_m_01_08_p_2.mp4 IDIAP_00028 PA.F.5
pa-database/TalkingFace/PA.F.5/3_4_00029_m_01_01_p_2.mp4 IDIAP_00029 PA.F.5
pa-database/TalkingFace/PA.F.5/3_4_00029_m_01_02_p_2.mp4 IDIAP_00029 PA.F.5
pa-database/TalkingFace/PA.F.5/3_4_00029_m_01_03_p_2.mp4 IDIAP_00029 PA.F.5
pa-database/TalkingFace/PA.F.5/3_4_00029_m_01_04_p_2.mp4 IDIAP_00029 PA.F.5
pa-database/TalkingFace/PA.F.5/3_4_00029_m_01_05_p_2.mp4 IDIAP_00029 PA.F.5
pa-database/TalkingFace/PA.F.5/3_4_00029_m_01_06_p_2.mp4 IDIAP_00029 PA.F.5
pa-database/TalkingFace/PA.F.5/3_4_00029_m_01_07_p_2.mp4 IDIAP_00029 PA.F.5
pa-database/TalkingFace/PA.F.5/3_4_00029_m_01_08_p_2.mp4 IDIAP_00029 PA.F.5
pa-database/TalkingFace/PA.F.5/3_4_00031_m_01_01_p_2.mp4 IDIAP_00031 PA.F.5
pa-database/TalkingFace/PA.F.5/3_4_00031_m_01_02_p_2.mp4 IDIAP_00031 PA.F.5
pa-database/TalkingFace/PA.F.5/3_4_00031_m_01_03_p_2.mp4 IDIAP_00031 PA.F.5
pa-database/TalkingFace/PA.F.5/3_4_00031_m_01_04_p_2.mp4 IDIAP_00031 PA.F.5
pa-database/TalkingFace/PA.F.5/3_4_00031_m_01_05_p_2.mp4 IDIAP_00031 PA.F.5
pa-database/TalkingFace/PA.F.5/3_4_00031_m_01_06_p_2.mp4 IDIAP_00031 PA.F.5
pa-database/TalkingFace/PA.F.5/3_4_00031_m_01_07_p_2.mp4 IDIAP_00031 PA.F.5
pa-database/TalkingFace/PA.F.5/3_4_00031_m_01_08_p_2.mp4 IDIAP_00031 PA.F.5
pa-database/TalkingFace/PA.F.5/3_4_00035_m_01_01_p_2.mp4 IDIAP_00035 PA.F.5
pa-database/TalkingFace/PA.F.5/3_4_00035_m_01_02_p_2.mp4 IDIAP_00035 PA.F.5
pa-database/TalkingFace/PA.F.5/3_4_00035_m_01_03_p_2.mp4 IDIAP_00035 PA.F.5
pa-database/TalkingFace/PA.F.5/3_4_00035_m_01_04_p_2.mp4 IDIAP_00035 PA.F.5
pa-database/TalkingFace/PA.F.5/3_4_00035_m_01_05_p_2.mp4 IDIAP_00035 PA.F.5
pa-database/TalkingFace/PA.F.5/3_4_00035_m_01_06_p_2.mp4 IDIAP_00035 PA.F.5
pa-database/TalkingFace/PA.F.5/3_4_00035_m_01_07_p_2.mp4 IDIAP_00035 PA.F.5
pa-database/TalkingFace/PA.F.5/3_4_00035_m_01_08_p_2.mp4 IDIAP_00035 PA.F.5
pa-database/TalkingFace/PA.F.5/3_4_00036_f_01_01_p_2.mp4 IDIAP_00036 PA.F.5
pa-database/TalkingFace/PA.F.5/3_4_00036_f_01_02_p_2.mp4 IDIAP_00036 PA.F.5
pa-database/TalkingFace/PA.F.5/3_4_00036_f_01_03_p_2.mp4 IDIAP_00036 PA.F.5
pa-database/TalkingFace/PA.F.5/3_4_00036_f_01_04_p_2.mp4 IDIAP_00036 PA.F.5
pa-database/TalkingFace/PA.F.5/3_4_00036_f_01_05_p_2.mp4 IDIAP_00036 PA.F.5
pa-database/TalkingFace/PA.F.5/3_4_00036_f_01_06_p_2.mp4 IDIAP_00036 PA.F.5
pa-database/TalkingFace/PA.F.5/3_4_00036_f_01_07_p_2.mp4 IDIAP_00036 PA.F.5
pa-database/TalkingFace/PA.F.5/3_4_00036_f_01_08_p_2.mp4 IDIAP_00036 PA.F.5
pa-database/TalkingFace/PA.F.5/3_4_00038_f_01_01_p_2.mp4 IDIAP_00038 PA.F.5
pa-database/TalkingFace/PA.F.5/3_4_00038_f_01_02_p_2.mp4 IDIAP_00038 PA.F.5
pa-database/TalkingFace/PA.F.5/3_4_00038_f_01_03_p_2.mp4 IDIAP_00038 PA.F.5
pa-database/TalkingFace/PA.F.5/3_4_00038_f_01_04_p_2.mp4 IDIAP_00038 PA.F.5
pa-database/TalkingFace/PA.F.5/3_4_00038_f_01_05_p_2.mp4 IDIAP_00038 PA.F.5
pa-database/TalkingFace/PA.F.5/3_4_00038_f_01_06_p_2.mp4 IDIAP_00038 PA.F.5
pa-database/TalkingFace/PA.F.5/3_4_00038_f_01_07_p_2.mp4 IDIAP_00038 PA.F.5
pa-database/TalkingFace/PA.F.5/3_4_00038_f_01_08_p_2.mp4 IDIAP_00038 PA.F.5
pa-database/TalkingFace/PA.F.5/3_4_00039_m_01_01_p_2.mp4 IDIAP_00039 PA.F.5
pa-database/TalkingFace/PA.F.5/3_4_00039_m_01_02_p_2.mp4 IDIAP_00039 PA.F.5
pa-database/TalkingFace/PA.F.5/3_4_00039_m_01_03_p_2.mp4 IDIAP_00039 PA.F.5
pa-database/TalkingFace/PA.F.5/3_4_00039_m_01_04_p_2.mp4 IDIAP_00039 PA.F.5
pa-database/TalkingFace/PA.F.5/3_4_00039_m_01_05_p_2.mp4 IDIAP_00039 PA.F.5
pa-database/TalkingFace/PA.F.5/3_4_00039_m_01_06_p_2.mp4 IDIAP_00039 PA.F.5
pa-database/TalkingFace/PA.F.5/3_4_00039_m_01_07_p_2.mp4 IDIAP_00039 PA.F.5
pa-database/TalkingFace/PA.F.5/3_4_00039_m_01_08_p_2.mp4 IDIAP_00039 PA.F.5
pa-database/TalkingFace/PA.F.5/3_4_00040_m_01_01_p_2.mp4 IDIAP_00040 PA.F.5
pa-database/TalkingFace/PA.F.5/3_4_00040_m_01_02_p_2.mp4 IDIAP_00040 PA.F.5
pa-database/TalkingFace/PA.F.5/3_4_00040_m_01_03_p_2.mp4 IDIAP_00040 PA.F.5
pa-database/TalkingFace/PA.F.5/3_4_00040_m_01_04_p_2.mp4 IDIAP_00040 PA.F.5
pa-database/TalkingFace/PA.F.5/3_4_00040_m_01_05_p_2.mp4 IDIAP_00040 PA.F.5
pa-database/TalkingFace/PA.F.5/3_4_00040_m_01_06_p_2.mp4 IDIAP_00040 PA.F.5
pa-database/TalkingFace/PA.F.5/3_4_00040_m_01_07_p_2.mp4 IDIAP_00040 PA.F.5
pa-database/TalkingFace/PA.F.5/3_4_00040_m_01_08_p_2.mp4 IDIAP_00040 PA.F.5
pa-database/TalkingFace/PA.F.5/3_4_00042_f_01_01_p_2.mp4 IDIAP_00042 PA.F.5
pa-database/TalkingFace/PA.F.5/3_4_00042_f_01_02_p_2.mp4 IDIAP_00042 PA.F.5
pa-database/TalkingFace/PA.F.5/3_4_00042_f_01_03_p_2.mp4 IDIAP_00042 PA.F.5
pa-database/TalkingFace/PA.F.5/3_4_00042_f_01_04_p_2.mp4 IDIAP_00042 PA.F.5
pa-database/TalkingFace/PA.F.5/3_4_00042_f_01_05_p_2.mp4 IDIAP_00042 PA.F.5
pa-database/TalkingFace/PA.F.5/3_4_00042_f_01_06_p_2.mp4 IDIAP_00042 PA.F.5
pa-database/TalkingFace/PA.F.5/3_4_00042_f_01_07_p_2.mp4 IDIAP_00042 PA.F.5
pa-database/TalkingFace/PA.F.5/3_4_00042_f_01_08_p_2.mp4 IDIAP_00042 PA.F.5
pa-database/TalkingFace/PA.F.5/3_4_00048_m_01_01_p_2.mp4 IDIAP_00048 PA.F.5
pa-database/TalkingFace/PA.F.5/3_4_00048_m_01_02_p_2.mp4 IDIAP_00048 PA.F.5
pa-database/TalkingFace/PA.F.5/3_4_00048_m_01_03_p_2.mp4 IDIAP_00048 PA.F.5
pa-database/TalkingFace/PA.F.5/3_4_00048_m_01_04_p_2.mp4 IDIAP_00048 PA.F.5
pa-database/TalkingFace/PA.F.5/3_4_00048_m_01_05_p_2.mp4 IDIAP_00048 PA.F.5
pa-database/TalkingFace/PA.F.5/3_4_00048_m_01_06_p_2.mp4 IDIAP_00048 PA.F.5
pa-database/TalkingFace/PA.F.5/3_4_00048_m_01_07_p_2.mp4 IDIAP_00048 PA.F.5
pa-database/TalkingFace/PA.F.5/3_4_00048_m_01_08_p_2.mp4 IDIAP_00048 PA.F.5
pa-database/TalkingFace/PA.F.5/3_4_00049_m_01_01_p_2.mp4 IDIAP_00049 PA.F.5
pa-database/TalkingFace/PA.F.5/3_4_00049_m_01_02_p_2.mp4 IDIAP_00049 PA.F.5
pa-database/TalkingFace/PA.F.5/3_4_00049_m_01_03_p_2.mp4 IDIAP_00049 PA.F.5
pa-database/TalkingFace/PA.F.5/3_4_00049_m_01_04_p_2.mp4 IDIAP_00049 PA.F.5
pa-database/TalkingFace/PA.F.5/3_4_00049_m_01_05_p_2.mp4 IDIAP_00049 PA.F.5
pa-database/TalkingFace/PA.F.5/3_4_00049_m_01_06_p_2.mp4 IDIAP_00049 PA.F.5
pa-database/TalkingFace/PA.F.5/3_4_00049_m_01_07_p_2.mp4 IDIAP_00049 PA.F.5
pa-database/TalkingFace/PA.F.5/3_4_00049_m_01_08_p_2.mp4 IDIAP_00049 PA.F.5
pa-database/TalkingFace/PA.F.5/3_4_00051_f_01_01_p_2.mp4 IDIAP_00051 PA.F.5
pa-database/TalkingFace/PA.F.5/3_4_00051_f_01_02_p_2.mp4 IDIAP_00051 PA.F.5
pa-database/TalkingFace/PA.F.5/3_4_00051_f_01_03_p_2.mp4 IDIAP_00051 PA.F.5
pa-database/TalkingFace/PA.F.5/3_4_00051_f_01_04_p_2.mp4 IDIAP_00051 PA.F.5
pa-database/TalkingFace/PA.F.5/3_4_00051_f_01_05_p_2.mp4 IDIAP_00051 PA.F.5
pa-database/TalkingFace/PA.F.5/3_4_00051_f_01_06_p_2.mp4 IDIAP_00051 PA.F.5
pa-database/TalkingFace/PA.F.5/3_4_00051_f_01_07_p_2.mp4 IDIAP_00051 PA.F.5
pa-database/TalkingFace/PA.F.5/3_4_00051_f_01_08_p_2.mp4 IDIAP_00051 PA.F.5
pa-database/TalkingFace/PA.F.5/3_4_00054_f_01_01_p_2.mp4 IDIAP_00054 PA.F.5
pa-database/TalkingFace/PA.F.5/3_4_00054_f_01_02_p_2.mp4 IDIAP_00054 PA.F.5
pa-database/TalkingFace/PA.F.5/3_4_00054_f_01_03_p_2.mp4 IDIAP_00054 PA.F.5
pa-database/TalkingFace/PA.F.5/3_4_00054_f_01_04_p_2.mp4 IDIAP_00054 PA.F.5
pa-database/TalkingFace/PA.F.5/3_4_00054_f_01_05_p_2.mp4 IDIAP_00054 PA.F.5
pa-database/TalkingFace/PA.F.5/3_4_00054_f_01_06_p_2.mp4 IDIAP_00054 PA.F.5
pa-database/TalkingFace/PA.F.5/3_4_00054_f_01_07_p_2.mp4 IDIAP_00054 PA.F.5
pa-database/TalkingFace/PA.F.5/3_4_00054_f_01_08_p_2.mp4 IDIAP_00054 PA.F.5
pa-database/TalkingFace/PA.F.5/3_4_00055_m_01_01_p_2.mp4 IDIAP_00055 PA.F.5
pa-database/TalkingFace/PA.F.5/3_4_00055_m_01_02_p_2.mp4 IDIAP_00055 PA.F.5
pa-database/TalkingFace/PA.F.5/3_4_00055_m_01_03_p_2.mp4 IDIAP_00055 PA.F.5
pa-database/TalkingFace/PA.F.5/3_4_00055_m_01_04_p_2.mp4 IDIAP_00055 PA.F.5
pa-database/TalkingFace/PA.F.5/3_4_00055_m_01_05_p_2.mp4 IDIAP_00055 PA.F.5
pa-database/TalkingFace/PA.F.5/3_4_00055_m_01_06_p_2.mp4 IDIAP_00055 PA.F.5
pa-database/TalkingFace/PA.F.5/3_4_00055_m_01_07_p_2.mp4 IDIAP_00055 PA.F.5
pa-database/TalkingFace/PA.F.5/3_4_00055_m_01_08_p_2.mp4 IDIAP_00055 PA.F.5
pa-database/TalkingFace/PA.F.5/3_6_00001_m_01_01_p_2.mp4 MPH-IND_00001 PA.F.5
pa-database/TalkingFace/PA.F.5/3_6_00001_m_01_02_p_2.mp4 MPH-IND_00001 PA.F.5
pa-database/TalkingFace/PA.F.5/3_6_00001_m_01_03_p_2.mp4 MPH-IND_00001 PA.F.5
pa-database/TalkingFace/PA.F.5/3_6_00001_m_01_04_p_2.mp4 MPH-IND_00001 PA.F.5
pa-database/TalkingFace/PA.F.5/3_6_00001_m_01_05_p_2.mp4 MPH-IND_00001 PA.F.5
pa-database/TalkingFace/PA.F.5/3_6_00001_m_01_06_p_2.mp4 MPH-IND_00001 PA.F.5
pa-database/TalkingFace/PA.F.5/3_6_00001_m_01_07_p_2.mp4 MPH-IND_00001 PA.F.5
pa-database/TalkingFace/PA.F.5/3_6_00001_m_01_08_p_2.mp4 MPH-IND_00001 PA.F.5
pa-database/TalkingFace/PA.F.5/3_6_00004_f_01_01_p_2.mp4 MPH-IND_00004 PA.F.5
pa-database/TalkingFace/PA.F.5/3_6_00004_f_01_02_p_2.mp4 MPH-IND_00004 PA.F.5
pa-database/TalkingFace/PA.F.5/3_6_00004_f_01_03_p_2.mp4 MPH-IND_00004 PA.F.5
pa-database/TalkingFace/PA.F.5/3_6_00004_f_01_04_p_2.mp4 MPH-IND_00004 PA.F.5
pa-database/TalkingFace/PA.F.5/3_6_00004_f_01_05_p_2.mp4 MPH-IND_00004 PA.F.5
pa-database/TalkingFace/PA.F.5/3_6_00004_f_01_06_p_2.mp4 MPH-IND_00004 PA.F.5
pa-database/TalkingFace/PA.F.5/3_6_00004_f_01_07_p_2.mp4 MPH-IND_00004 PA.F.5
pa-database/TalkingFace/PA.F.5/3_6_00004_f_01_08_p_2.mp4 MPH-IND_00004 PA.F.5
pa-database/TalkingFace/PA.F.5/3_6_00006_f_01_01_p_2.mp4 MPH-IND_00006 PA.F.5
pa-database/TalkingFace/PA.F.5/3_6_00006_f_01_02_p_2.mp4 MPH-IND_00006 PA.F.5
pa-database/TalkingFace/PA.F.5/3_6_00006_f_01_03_p_2.mp4 MPH-IND_00006 PA.F.5
pa-database/TalkingFace/PA.F.5/3_6_00006_f_01_04_p_2.mp4 MPH-IND_00006 PA.F.5
pa-database/TalkingFace/PA.F.5/3_6_00006_f_01_05_p_2.mp4 MPH-IND_00006 PA.F.5
pa-database/TalkingFace/PA.F.5/3_6_00006_f_01_06_p_2.mp4 MPH-IND_00006 PA.F.5
pa-database/TalkingFace/PA.F.5/3_6_00006_f_01_07_p_2.mp4 MPH-IND_00006 PA.F.5
pa-database/TalkingFace/PA.F.5/3_6_00006_f_01_08_p_2.mp4 MPH-IND_00006 PA.F.5
pa-database/TalkingFace/PA.F.5/3_6_00009_f_01_01_p_2.mp4 MPH-IND_00009 PA.F.5
pa-database/TalkingFace/PA.F.5/3_6_00009_f_01_02_p_2.mp4 MPH-IND_00009 PA.F.5
pa-database/TalkingFace/PA.F.5/3_6_00009_f_01_03_p_2.mp4 MPH-IND_00009 PA.F.5
pa-database/TalkingFace/PA.F.5/3_6_00009_f_01_04_p_2.mp4 MPH-IND_00009 PA.F.5
pa-database/TalkingFace/PA.F.5/3_6_00009_f_01_05_p_2.mp4 MPH-IND_00009 PA.F.5
pa-database/TalkingFace/PA.F.5/3_6_00009_f_01_06_p_2.mp4 MPH-IND_00009 PA.F.5
pa-database/TalkingFace/PA.F.5/3_6_00009_f_01_07_p_2.mp4 MPH-IND_00009 PA.F.5
pa-database/TalkingFace/PA.F.5/3_6_00009_f_01_08_p_2.mp4 MPH-IND_00009 PA.F.5
pa-database/TalkingFace/PA.F.5/3_6_00018_f_01_01_p_2.mp4 MPH-IND_00018 PA.F.5
pa-database/TalkingFace/PA.F.5/3_6_00018_f_01_02_p_2.mp4 MPH-IND_00018 PA.F.5
pa-database/TalkingFace/PA.F.5/3_6_00018_f_01_03_p_2.mp4 MPH-IND_00018 PA.F.5
pa-database/TalkingFace/PA.F.5/3_6_00018_f_01_04_p_2.mp4 MPH-IND_00018 PA.F.5
pa-database/TalkingFace/PA.F.5/3_6_00018_f_01_05_p_2.mp4 MPH-IND_00018 PA.F.5
pa-database/TalkingFace/PA.F.5/3_6_00018_f_01_06_p_2.mp4 MPH-IND_00018 PA.F.5
pa-database/TalkingFace/PA.F.5/3_6_00018_f_01_07_p_2.mp4 MPH-IND_00018 PA.F.5
pa-database/TalkingFace/PA.F.5/3_6_00018_f_01_08_p_2.mp4 MPH-IND_00018 PA.F.5
pa-database/TalkingFace/PA.F.5/3_6_00024_m_01_01_p_2.mp4 MPH-IND_00024 PA.F.5
pa-database/TalkingFace/PA.F.5/3_6_00024_m_01_02_p_2.mp4 MPH-IND_00024 PA.F.5
pa-database/TalkingFace/PA.F.5/3_6_00024_m_01_03_p_2.mp4 MPH-IND_00024 PA.F.5
pa-database/TalkingFace/PA.F.5/3_6_00024_m_01_04_p_2.mp4 MPH-IND_00024 PA.F.5
pa-database/TalkingFace/PA.F.5/3_6_00024_m_01_05_p_2.mp4 MPH-IND_00024 PA.F.5
pa-database/TalkingFace/PA.F.5/3_6_00024_m_01_06_p_2.mp4 MPH-IND_00024 PA.F.5
pa-database/TalkingFace/PA.F.5/3_6_00024_m_01_07_p_2.mp4 MPH-IND_00024 PA.F.5
pa-database/TalkingFace/PA.F.5/3_6_00024_m_01_08_p_2.mp4 MPH-IND_00024 PA.F.5
pa-database/TalkingFace/PA.F.5/3_6_00025_f_01_01_p_2.mp4 MPH-IND_00025 PA.F.5
pa-database/TalkingFace/PA.F.5/3_6_00025_f_01_02_p_2.mp4 MPH-IND_00025 PA.F.5
pa-database/TalkingFace/PA.F.5/3_6_00025_f_01_03_p_2.mp4 MPH-IND_00025 PA.F.5
pa-database/TalkingFace/PA.F.5/3_6_00025_f_01_04_p_2.mp4 MPH-IND_00025 PA.F.5
pa-database/TalkingFace/PA.F.5/3_6_00025_f_01_05_p_2.mp4 MPH-IND_00025 PA.F.5
pa-database/TalkingFace/PA.F.5/3_6_00025_f_01_06_p_2.mp4 MPH-IND_00025 PA.F.5
pa-database/TalkingFace/PA.F.5/3_6_00025_f_01_07_p_2.mp4 MPH-IND_00025 PA.F.5
pa-database/TalkingFace/PA.F.5/3_6_00025_f_01_08_p_2.mp4 MPH-IND_00025 PA.F.5
pa-database/TalkingFace/PA.F.5/3_6_00028_m_01_01_p_2.mp4 MPH-IND_00028 PA.F.5
pa-database/TalkingFace/PA.F.5/3_6_00028_m_01_02_p_2.mp4 MPH-IND_00028 PA.F.5
pa-database/TalkingFace/PA.F.5/3_6_00028_m_01_03_p_2.mp4 MPH-IND_00028 PA.F.5
pa-database/TalkingFace/PA.F.5/3_6_00028_m_01_04_p_2.mp4 MPH-IND_00028 PA.F.5
pa-database/TalkingFace/PA.F.5/3_6_00028_m_01_05_p_2.mp4 MPH-IND_00028 PA.F.5
pa-database/TalkingFace/PA.F.5/3_6_00028_m_01_06_p_2.mp4 MPH-IND_00028 PA.F.5
pa-database/TalkingFace/PA.F.5/3_6_00028_m_01_07_p_2.mp4 MPH-IND_00028 PA.F.5
pa-database/TalkingFace/PA.F.5/3_6_00028_m_01_08_p_2.mp4 MPH-IND_00028 PA.F.5
pa-database/TalkingFace/PA.F.5/3_6_00032_f_01_01_p_2.mp4 MPH-IND_00032 PA.F.5
pa-database/TalkingFace/PA.F.5/3_6_00032_f_01_02_p_2.mp4 MPH-IND_00032 PA.F.5
pa-database/TalkingFace/PA.F.5/3_6_00032_f_01_03_p_2.mp4 MPH-IND_00032 PA.F.5
pa-database/TalkingFace/PA.F.5/3_6_00032_f_01_04_p_2.mp4 MPH-IND_00032 PA.F.5
pa-database/TalkingFace/PA.F.5/3_6_00032_f_01_05_p_2.mp4 MPH-IND_00032 PA.F.5
pa-database/TalkingFace/PA.F.5/3_6_00032_f_01_06_p_2.mp4 MPH-IND_00032 PA.F.5
pa-database/TalkingFace/PA.F.5/3_6_00032_f_01_07_p_2.mp4 MPH-IND_00032 PA.F.5
pa-database/TalkingFace/PA.F.5/3_6_00032_f_01_08_p_2.mp4 MPH-IND_00032 PA.F.5
pa-database/TalkingFace/PA.F.5/3_6_00038_f_01_01_p_2.mp4 MPH-IND_00038 PA.F.5
pa-database/TalkingFace/PA.F.5/3_6_00038_f_01_02_p_2.mp4 MPH-IND_00038 PA.F.5
pa-database/TalkingFace/PA.F.5/3_6_00038_f_01_03_p_2.mp4 MPH-IND_00038 PA.F.5
pa-database/TalkingFace/PA.F.5/3_6_00038_f_01_04_p_2.mp4 MPH-IND_00038 PA.F.5
pa-database/TalkingFace/PA.F.5/3_6_00038_f_01_05_p_2.mp4 MPH-IND_00038 PA.F.5
pa-database/TalkingFace/PA.F.5/3_6_00038_f_01_06_p_2.mp4 MPH-IND_00038 PA.F.5
pa-database/TalkingFace/PA.F.5/3_6_00038_f_01_07_p_2.mp4 MPH-IND_00038 PA.F.5
pa-database/TalkingFace/PA.F.5/3_6_00038_f_01_08_p_2.mp4 MPH-IND_00038 PA.F.5
pa-database/TalkingFace/PA.F.5/3_6_00039_f_01_01_p_2.mp4 MPH-IND_00039 PA.F.5
pa-database/TalkingFace/PA.F.5/3_6_00039_f_01_02_p_2.mp4 MPH-IND_00039 PA.F.5
pa-database/TalkingFace/PA.F.5/3_6_00039_f_01_03_p_2.mp4 MPH-IND_00039 PA.F.5
pa-database/TalkingFace/PA.F.5/3_6_00039_f_01_04_p_2.mp4 MPH-IND_00039 PA.F.5
pa-database/TalkingFace/PA.F.5/3_6_00039_f_01_05_p_2.mp4 MPH-IND_00039 PA.F.5
pa-database/TalkingFace/PA.F.5/3_6_00039_f_01_06_p_2.mp4 MPH-IND_00039 PA.F.5
pa-database/TalkingFace/PA.F.5/3_6_00039_f_01_07_p_2.mp4 MPH-IND_00039 PA.F.5
pa-database/TalkingFace/PA.F.5/3_6_00039_f_01_08_p_2.mp4 MPH-IND_00039 PA.F.5
pa-database/TalkingFace/PA.F.5/3_6_00041_m_01_01_p_2.mp4 MPH-IND_00041 PA.F.5
pa-database/TalkingFace/PA.F.5/3_6_00041_m_01_02_p_2.mp4 MPH-IND_00041 PA.F.5
pa-database/TalkingFace/PA.F.5/3_6_00041_m_01_03_p_2.mp4 MPH-IND_00041 PA.F.5
pa-database/TalkingFace/PA.F.5/3_6_00041_m_01_04_p_2.mp4 MPH-IND_00041 PA.F.5
pa-database/TalkingFace/PA.F.5/3_6_00041_m_01_05_p_2.mp4 MPH-IND_00041 PA.F.5
pa-database/TalkingFace/PA.F.5/3_6_00041_m_01_06_p_2.mp4 MPH-IND_00041 PA.F.5
pa-database/TalkingFace/PA.F.5/3_6_00041_m_01_07_p_2.mp4 MPH-IND_00041 PA.F.5
pa-database/TalkingFace/PA.F.5/3_6_00041_m_01_08_p_2.mp4 MPH-IND_00041 PA.F.5
pa-database/TalkingFace/PA.F.5/3_6_00042_f_01_01_p_2.mp4 MPH-IND_00042 PA.F.5
pa-database/TalkingFace/PA.F.5/3_6_00042_f_01_02_p_2.mp4 MPH-IND_00042 PA.F.5
pa-database/TalkingFace/PA.F.5/3_6_00042_f_01_03_p_2.mp4 MPH-IND_00042 PA.F.5
pa-database/TalkingFace/PA.F.5/3_6_00042_f_01_04_p_2.mp4 MPH-IND_00042 PA.F.5
pa-database/TalkingFace/PA.F.5/3_6_00042_f_01_05_p_2.mp4 MPH-IND_00042 PA.F.5
pa-database/TalkingFace/PA.F.5/3_6_00042_f_01_06_p_2.mp4 MPH-IND_00042 PA.F.5
pa-database/TalkingFace/PA.F.5/3_6_00042_f_01_07_p_2.mp4 MPH-IND_00042 PA.F.5
pa-database/TalkingFace/PA.F.5/3_6_00042_f_01_08_p_2.mp4 MPH-IND_00042 PA.F.5
pa-database/TalkingFace/PA.F.5/3_6_00043_m_01_01_p_2.mp4 MPH-IND_00043 PA.F.5
pa-database/TalkingFace/PA.F.5/3_6_00043_m_01_02_p_2.mp4 MPH-IND_00043 PA.F.5
pa-database/TalkingFace/PA.F.5/3_6_00043_m_01_03_p_2.mp4 MPH-IND_00043 PA.F.5
pa-database/TalkingFace/PA.F.5/3_6_00043_m_01_04_p_2.mp4 MPH-IND_00043 PA.F.5
pa-database/TalkingFace/PA.F.5/3_6_00043_m_01_05_p_2.mp4 MPH-IND_00043 PA.F.5
pa-database/TalkingFace/PA.F.5/3_6_00043_m_01_06_p_2.mp4 MPH-IND_00043 PA.F.5
pa-database/TalkingFace/PA.F.5/3_6_00043_m_01_07_p_2.mp4 MPH-IND_00043 PA.F.5
pa-database/TalkingFace/PA.F.5/3_6_00043_m_01_08_p_2.mp4 MPH-IND_00043 PA.F.5
pa-database/TalkingFace/PA.F.5/3_6_00044_m_01_01_p_2.mp4 MPH-IND_00044 PA.F.5
pa-database/TalkingFace/PA.F.5/3_6_00044_m_01_02_p_2.mp4 MPH-IND_00044 PA.F.5
pa-database/TalkingFace/PA.F.5/3_6_00044_m_01_03_p_2.mp4 MPH-IND_00044 PA.F.5
pa-database/TalkingFace/PA.F.5/3_6_00044_m_01_04_p_2.mp4 MPH-IND_00044 PA.F.5
pa-database/TalkingFace/PA.F.5/3_6_00044_m_01_05_p_2.mp4 MPH-IND_00044 PA.F.5
pa-database/TalkingFace/PA.F.5/3_6_00044_m_01_06_p_2.mp4 MPH-IND_00044 PA.F.5
pa-database/TalkingFace/PA.F.5/3_6_00044_m_01_07_p_2.mp4 MPH-IND_00044 PA.F.5
pa-database/TalkingFace/PA.F.5/3_6_00044_m_01_08_p_2.mp4 MPH-IND_00044 PA.F.5
pa-database/TalkingFace/PA.F.5/3_6_00045_f_01_01_p_2.mp4 MPH-IND_00045 PA.F.5
pa-database/TalkingFace/PA.F.5/3_6_00045_f_01_02_p_2.mp4 MPH-IND_00045 PA.F.5
pa-database/TalkingFace/PA.F.5/3_6_00045_f_01_03_p_2.mp4 MPH-IND_00045 PA.F.5
pa-database/TalkingFace/PA.F.5/3_6_00045_f_01_04_p_2.mp4 MPH-IND_00045 PA.F.5
pa-database/TalkingFace/PA.F.5/3_6_00045_f_01_05_p_2.mp4 MPH-IND_00045 PA.F.5
pa-database/TalkingFace/PA.F.5/3_6_00045_f_01_06_p_2.mp4 MPH-IND_00045 PA.F.5
pa-database/TalkingFace/PA.F.5/3_6_00045_f_01_07_p_2.mp4 MPH-IND_00045 PA.F.5
pa-database/TalkingFace/PA.F.5/3_6_00045_f_01_08_p_2.mp4 MPH-IND_00045 PA.F.5
pa-database/TalkingFace/PA.F.5/3_6_00046_m_01_01_p_2.mp4 MPH-IND_00046 PA.F.5
pa-database/TalkingFace/PA.F.5/3_6_00046_m_01_02_p_2.mp4 MPH-IND_00046 PA.F.5
pa-database/TalkingFace/PA.F.5/3_6_00046_m_01_03_p_2.mp4 MPH-IND_00046 PA.F.5
pa-database/TalkingFace/PA.F.5/3_6_00046_m_01_04_p_2.mp4 MPH-IND_00046 PA.F.5
pa-database/TalkingFace/PA.F.5/3_6_00046_m_01_05_p_2.mp4 MPH-IND_00046 PA.F.5
pa-database/TalkingFace/PA.F.5/3_6_00046_m_01_06_p_2.mp4 MPH-IND_00046 PA.F.5
pa-database/TalkingFace/PA.F.5/3_6_00046_m_01_07_p_2.mp4 MPH-IND_00046 PA.F.5
pa-database/TalkingFace/PA.F.5/3_6_00046_m_01_08_p_2.mp4 MPH-IND_00046 PA.F.5
pa-database/TalkingFace/PA.F.5/3_6_00048_m_01_01_p_2.mp4 MPH-IND_00048 PA.F.5
pa-database/TalkingFace/PA.F.5/3_6_00048_m_01_02_p_2.mp4 MPH-IND_00048 PA.F.5
pa-database/TalkingFace/PA.F.5/3_6_00048_m_01_03_p_2.mp4 MPH-IND_00048 PA.F.5
pa-database/TalkingFace/PA.F.5/3_6_00048_m_01_04_p_2.mp4 MPH-IND_00048 PA.F.5
pa-database/TalkingFace/PA.F.5/3_6_00048_m_01_05_p_2.mp4 MPH-IND_00048 PA.F.5
pa-database/TalkingFace/PA.F.5/3_6_00048_m_01_06_p_2.mp4 MPH-IND_00048 PA.F.5
pa-database/TalkingFace/PA.F.5/3_6_00048_m_01_07_p_2.mp4 MPH-IND_00048 PA.F.5
pa-database/TalkingFace/PA.F.5/3_6_00048_m_01_08_p_2.mp4 MPH-IND_00048 PA.F.5
pa-database/TalkingFace/PA.F.5/3_6_00050_f_01_01_p_2.mp4 MPH-IND_00050 PA.F.5
pa-database/TalkingFace/PA.F.5/3_6_00050_f_01_02_p_2.mp4 MPH-IND_00050 PA.F.5
pa-database/TalkingFace/PA.F.5/3_6_00050_f_01_03_p_2.mp4 MPH-IND_00050 PA.F.5
pa-database/TalkingFace/PA.F.5/3_6_00050_f_01_04_p_2.mp4 MPH-IND_00050 PA.F.5
pa-database/TalkingFace/PA.F.5/3_6_00050_f_01_05_p_2.mp4 MPH-IND_00050 PA.F.5
pa-database/TalkingFace/PA.F.5/3_6_00050_f_01_06_p_2.mp4 MPH-IND_00050 PA.F.5
pa-database/TalkingFace/PA.F.5/3_6_00050_f_01_07_p_2.mp4 MPH-IND_00050 PA.F.5
pa-database/TalkingFace/PA.F.5/3_6_00050_f_01_08_p_2.mp4 MPH-IND_00050 PA.F.5
pa-database/TalkingFace/PA.F.5/3_6_00051_m_01_01_p_2.mp4 MPH-IND_00051 PA.F.5
pa-database/TalkingFace/PA.F.5/3_6_00051_m_01_02_p_2.mp4 MPH-IND_00051 PA.F.5
pa-database/TalkingFace/PA.F.5/3_6_00051_m_01_03_p_2.mp4 MPH-IND_00051 PA.F.5
pa-database/TalkingFace/PA.F.5/3_6_00051_m_01_04_p_2.mp4 MPH-IND_00051 PA.F.5
pa-database/TalkingFace/PA.F.5/3_6_00051_m_01_05_p_2.mp4 MPH-IND_00051 PA.F.5
pa-database/TalkingFace/PA.F.5/3_6_00051_m_01_06_p_2.mp4 MPH-IND_00051 PA.F.5
pa-database/TalkingFace/PA.F.5/3_6_00051_m_01_07_p_2.mp4 MPH-IND_00051 PA.F.5
pa-database/TalkingFace/PA.F.5/3_6_00051_m_01_08_p_2.mp4 MPH-IND_00051 PA.F.5
pa-database/TalkingFace/PA.F.6/2_1_00001_m_01_01_t_2.mp4 NTNU_00001 PA.F.6
pa-database/TalkingFace/PA.F.6/2_1_00001_m_01_02_t_2.mp4 NTNU_00001 PA.F.6
pa-database/TalkingFace/PA.F.6/2_1_00001_m_01_03_t_2.mp4 NTNU_00001 PA.F.6
pa-database/TalkingFace/PA.F.6/2_1_00001_m_01_04_t_2.mp4 NTNU_00001 PA.F.6
pa-database/TalkingFace/PA.F.6/2_1_00001_m_01_05_t_2.mp4 NTNU_00001 PA.F.6
pa-database/TalkingFace/PA.F.6/2_1_00001_m_01_06_t_2.mp4 NTNU_00001 PA.F.6
pa-database/TalkingFace/PA.F.6/2_1_00001_m_01_07_t_2.mp4 NTNU_00001 PA.F.6
pa-database/TalkingFace/PA.F.6/2_1_00001_m_01_08_t_2.mp4 NTNU_00001 PA.F.6
pa-database/TalkingFace/PA.F.6/2_1_00003_m_01_01_t_2.mp4 NTNU_00003 PA.F.6
pa-database/TalkingFace/PA.F.6/2_1_00003_m_01_02_t_2.mp4 NTNU_00003 PA.F.6
pa-database/TalkingFace/PA.F.6/2_1_00003_m_01_03_t_2.mp4 NTNU_00003 PA.F.6
pa-database/TalkingFace/PA.F.6/2_1_00003_m_01_04_t_2.mp4 NTNU_00003 PA.F.6
pa-database/TalkingFace/PA.F.6/2_1_00003_m_01_05_t_2.mp4 NTNU_00003 PA.F.6
pa-database/TalkingFace/PA.F.6/2_1_00003_m_01_06_t_2.mp4 NTNU_00003 PA.F.6
pa-database/TalkingFace/PA.F.6/2_1_00003_m_01_07_t_2.mp4 NTNU_00003 PA.F.6
pa-database/TalkingFace/PA.F.6/2_1_00003_m_01_08_t_2.mp4 NTNU_00003 PA.F.6
pa-database/TalkingFace/PA.F.6/2_1_00005_f_01_01_t_2.mp4 NTNU_00005 PA.F.6
pa-database/TalkingFace/PA.F.6/2_1_00005_f_01_02_t_2.mp4 NTNU_00005 PA.F.6
pa-database/TalkingFace/PA.F.6/2_1_00005_f_01_03_t_2.mp4 NTNU_00005 PA.F.6
pa-database/TalkingFace/PA.F.6/2_1_00005_f_01_04_t_2.mp4 NTNU_00005 PA.F.6
pa-database/TalkingFace/PA.F.6/2_1_00005_f_01_05_t_2.mp4 NTNU_00005 PA.F.6
pa-database/TalkingFace/PA.F.6/2_1_00005_f_01_06_t_2.mp4 NTNU_00005 PA.F.6
pa-database/TalkingFace/PA.F.6/2_1_00005_f_01_07_t_2.mp4 NTNU_00005 PA.F.6
pa-database/TalkingFace/PA.F.6/2_1_00005_f_01_08_t_2.mp4 NTNU_00005 PA.F.6
pa-database/TalkingFace/PA.F.6/2_1_00006_m_01_01_t_2.mp4 NTNU_00006 PA.F.6
pa-database/TalkingFace/PA.F.6/2_1_00006_m_01_02_t_2.mp4 NTNU_00006 PA.F.6
pa-database/TalkingFace/PA.F.6/2_1_00006_m_01_03_t_2.mp4 NTNU_00006 PA.F.6
pa-database/TalkingFace/PA.F.6/2_1_00006_m_01_04_t_2.mp4 NTNU_00006 PA.F.6
pa-database/TalkingFace/PA.F.6/2_1_00006_m_01_05_t_2.mp4 NTNU_00006 PA.F.6
pa-database/TalkingFace/PA.F.6/2_1_00006_m_01_06_t_2.mp4 NTNU_00006 PA.F.6
pa-database/TalkingFace/PA.F.6/2_1_00006_m_01_07_t_2.mp4 NTNU_00006 PA.F.6
pa-database/TalkingFace/PA.F.6/2_1_00006_m_01_08_t_2.mp4 NTNU_00006 PA.F.6
pa-database/TalkingFace/PA.F.6/2_1_00008_m_01_01_t_2.mp4 NTNU_00008 PA.F.6
pa-database/TalkingFace/PA.F.6/2_1_00008_m_01_02_t_2.mp4 NTNU_00008 PA.F.6
pa-database/TalkingFace/PA.F.6/2_1_00008_m_01_03_t_2.mp4 NTNU_00008 PA.F.6
pa-database/TalkingFace/PA.F.6/2_1_00008_m_01_04_t_2.mp4 NTNU_00008 PA.F.6
pa-database/TalkingFace/PA.F.6/2_1_00008_m_01_05_t_2.mp4 NTNU_00008 PA.F.6
pa-database/TalkingFace/PA.F.6/2_1_00008_m_01_06_t_2.mp4 NTNU_00008 PA.F.6
pa-database/TalkingFace/PA.F.6/2_1_00008_m_01_07_t_2.mp4 NTNU_00008 PA.F.6
pa-database/TalkingFace/PA.F.6/2_1_00008_m_01_08_t_2.mp4 NTNU_00008 PA.F.6
pa-database/TalkingFace/PA.F.6/2_1_00012_m_01_01_t_2.mp4 NTNU_00012 PA.F.6
pa-database/TalkingFace/PA.F.6/2_1_00012_m_01_02_t_2.mp4 NTNU_00012 PA.F.6
pa-database/TalkingFace/PA.F.6/2_1_00012_m_01_03_t_2.mp4 NTNU_00012 PA.F.6
pa-database/TalkingFace/PA.F.6/2_1_00012_m_01_04_t_2.mp4 NTNU_00012 PA.F.6
pa-database/TalkingFace/PA.F.6/2_1_00012_m_01_05_t_2.mp4 NTNU_00012 PA.F.6
pa-database/TalkingFace/PA.F.6/2_1_00012_m_01_06_t_2.mp4 NTNU_00012 PA.F.6
pa-database/TalkingFace/PA.F.6/2_1_00012_m_01_07_t_2.mp4 NTNU_00012 PA.F.6
pa-database/TalkingFace/PA.F.6/2_1_00012_m_01_08_t_2.mp4 NTNU_00012 PA.F.6
pa-database/TalkingFace/PA.F.6/2_1_00013_m_01_01_t_2.mp4 NTNU_00013 PA.F.6
pa-database/TalkingFace/PA.F.6/2_1_00013_m_01_02_t_2.mp4 NTNU_00013 PA.F.6
pa-database/TalkingFace/PA.F.6/2_1_00013_m_01_03_t_2.mp4 NTNU_00013 PA.F.6
pa-database/TalkingFace/PA.F.6/2_1_00013_m_01_04_t_2.mp4 NTNU_00013 PA.F.6
pa-database/TalkingFace/PA.F.6/2_1_00013_m_01_05_t_2.mp4 NTNU_00013 PA.F.6
pa-database/TalkingFace/PA.F.6/2_1_00013_m_01_06_t_2.mp4 NTNU_00013 PA.F.6
pa-database/TalkingFace/PA.F.6/2_1_00013_m_01_07_t_2.mp4 NTNU_00013 PA.F.6
pa-database/TalkingFace/PA.F.6/2_1_00013_m_01_08_t_2.mp4 NTNU_00013 PA.F.6
pa-database/TalkingFace/PA.F.6/2_1_00018_f_01_01_t_2.mp4 NTNU_00018 PA.F.6
pa-database/TalkingFace/PA.F.6/2_1_00018_f_01_02_t_2.mp4 NTNU_00018 PA.F.6
pa-database/TalkingFace/PA.F.6/2_1_00018_f_01_03_t_2.mp4 NTNU_00018 PA.F.6
pa-database/TalkingFace/PA.F.6/2_1_00018_f_01_04_t_2.mp4 NTNU_00018 PA.F.6
pa-database/TalkingFace/PA.F.6/2_1_00018_f_01_05_t_2.mp4 NTNU_00018 PA.F.6
pa-database/TalkingFace/PA.F.6/2_1_00018_f_01_06_t_2.mp4 NTNU_00018 PA.F.6
pa-database/TalkingFace/PA.F.6/2_1_00018_f_01_07_t_2.mp4 NTNU_00018 PA.F.6
pa-database/TalkingFace/PA.F.6/2_1_00018_f_01_08_t_2.mp4 NTNU_00018 PA.F.6
pa-database/TalkingFace/PA.F.6/2_1_00019_m_01_01_t_2.mp4 NTNU_00019 PA.F.6
pa-database/TalkingFace/PA.F.6/2_1_00019_m_01_02_t_2.mp4 NTNU_00019 PA.F.6
pa-database/TalkingFace/PA.F.6/2_1_00019_m_01_03_t_2.mp4 NTNU_00019 PA.F.6
pa-database/TalkingFace/PA.F.6/2_1_00019_m_01_04_t_2.mp4 NTNU_00019 PA.F.6
pa-database/TalkingFace/PA.F.6/2_1_00019_m_01_05_t_2.mp4 NTNU_00019 PA.F.6
pa-database/TalkingFace/PA.F.6/2_1_00019_m_01_06_t_2.mp4 NTNU_00019 PA.F.6
pa-database/TalkingFace/PA.F.6/2_1_00019_m_01_07_t_2.mp4 NTNU_00019 PA.F.6
pa-database/TalkingFace/PA.F.6/2_1_00019_m_01_08_t_2.mp4 NTNU_00019 PA.F.6
pa-database/TalkingFace/PA.F.6/2_1_00020_m_01_01_t_2.mp4 NTNU_00020 PA.F.6
pa-database/TalkingFace/PA.F.6/2_1_00020_m_01_02_t_2.mp4 NTNU_00020 PA.F.6
pa-database/TalkingFace/PA.F.6/2_1_00020_m_01_03_t_2.mp4 NTNU_00020 PA.F.6
pa-database/TalkingFace/PA.F.6/2_1_00020_m_01_04_t_2.mp4 NTNU_00020 PA.F.6
pa-database/TalkingFace/PA.F.6/2_1_00020_m_01_05_t_2.mp4 NTNU_00020 PA.F.6
pa-database/TalkingFace/PA.F.6/2_1_00020_m_01_06_t_2.mp4 NTNU_00020 PA.F.6
pa-database/TalkingFace/PA.F.6/2_1_00020_m_01_07_t_2.mp4 NTNU_00020 PA.F.6
pa-database/TalkingFace/PA.F.6/2_1_00020_m_01_08_t_2.mp4 NTNU_00020 PA.F.6
pa-database/TalkingFace/PA.F.6/2_1_00021_m_01_01_t_2.mp4 NTNU_00021 PA.F.6
pa-database/TalkingFace/PA.F.6/2_1_00021_m_01_02_t_2.mp4 NTNU_00021 PA.F.6
pa-database/TalkingFace/PA.F.6/2_1_00021_m_01_03_t_2.mp4 NTNU_00021 PA.F.6
pa-database/TalkingFace/PA.F.6/2_1_00021_m_01_04_t_2.mp4 NTNU_00021 PA.F.6
pa-database/TalkingFace/PA.F.6/2_1_00021_m_01_05_t_2.mp4 NTNU_00021 PA.F.6
pa-database/TalkingFace/PA.F.6/2_1_00021_m_01_06_t_2.mp4 NTNU_00021 PA.F.6
pa-database/TalkingFace/PA.F.6/2_1_00021_m_01_07_t_2.mp4 NTNU_00021 PA.F.6
pa-database/TalkingFace/PA.F.6/2_1_00021_m_01_08_t_2.mp4 NTNU_00021 PA.F.6
pa-database/TalkingFace/PA.F.6/2_1_00024_m_01_01_t_2.mp4 NTNU_00024 PA.F.6
pa-database/TalkingFace/PA.F.6/2_1_00024_m_01_02_t_2.mp4 NTNU_00024 PA.F.6
pa-database/TalkingFace/PA.F.6/2_1_00024_m_01_03_t_2.mp4 NTNU_00024 PA.F.6
pa-database/TalkingFace/PA.F.6/2_1_00024_m_01_04_t_2.mp4 NTNU_00024 PA.F.6
pa-database/TalkingFace/PA.F.6/2_1_00024_m_01_05_t_2.mp4 NTNU_00024 PA.F.6
pa-database/TalkingFace/PA.F.6/2_1_00024_m_01_06_t_2.mp4 NTNU_00024 PA.F.6
pa-database/TalkingFace/PA.F.6/2_1_00024_m_01_07_t_2.mp4 NTNU_00024 PA.F.6
pa-database/TalkingFace/PA.F.6/2_1_00024_m_01_08_t_2.mp4 NTNU_00024 PA.F.6
pa-database/TalkingFace/PA.F.6/2_1_00025_m_01_01_t_2.mp4 NTNU_00025 PA.F.6
pa-database/TalkingFace/PA.F.6/2_1_00025_m_01_02_t_2.mp4 NTNU_00025 PA.F.6
pa-database/TalkingFace/PA.F.6/2_1_00025_m_01_03_t_2.mp4 NTNU_00025 PA.F.6
pa-database/TalkingFace/PA.F.6/2_1_00025_m_01_04_t_2.mp4 NTNU_00025 PA.F.6
pa-database/TalkingFace/PA.F.6/2_1_00025_m_01_05_t_2.mp4 NTNU_00025 PA.F.6
pa-database/TalkingFace/PA.F.6/2_1_00025_m_01_06_t_2.mp4 NTNU_00025 PA.F.6
pa-database/TalkingFace/PA.F.6/2_1_00025_m_01_07_t_2.mp4 NTNU_00025 PA.F.6
pa-database/TalkingFace/PA.F.6/2_1_00025_m_01_08_t_2.mp4 NTNU_00025 PA.F.6
pa-database/TalkingFace/PA.F.6/2_1_00026_m_01_01_t_2.mp4 NTNU_00026 PA.F.6
pa-database/TalkingFace/PA.F.6/2_1_00026_m_01_02_t_2.mp4 NTNU_00026 PA.F.6
pa-database/TalkingFace/PA.F.6/2_1_00026_m_01_03_t_2.mp4 NTNU_00026 PA.F.6
pa-database/TalkingFace/PA.F.6/2_1_00026_m_01_04_t_2.mp4 NTNU_00026 PA.F.6
pa-database/TalkingFace/PA.F.6/2_1_00026_m_01_05_t_2.mp4 NTNU_00026 PA.F.6
pa-database/TalkingFace/PA.F.6/2_1_00026_m_01_06_t_2.mp4 NTNU_00026 PA.F.6
pa-database/TalkingFace/PA.F.6/2_1_00026_m_01_07_t_2.mp4 NTNU_00026 PA.F.6
pa-database/TalkingFace/PA.F.6/2_1_00026_m_01_08_t_2.mp4 NTNU_00026 PA.F.6
pa-database/TalkingFace/PA.F.6/2_1_00027_m_01_01_t_2.mp4 NTNU_00027 PA.F.6
pa-database/TalkingFace/PA.F.6/2_1_00027_m_01_02_t_2.mp4 NTNU_00027 PA.F.6
pa-database/TalkingFace/PA.F.6/2_1_00027_m_01_03_t_2.mp4 NTNU_00027 PA.F.6
pa-database/TalkingFace/PA.F.6/2_1_00027_m_01_04_t_2.mp4 NTNU_00027 PA.F.6
pa-database/TalkingFace/PA.F.6/2_1_00027_m_01_05_t_2.mp4 NTNU_00027 PA.F.6
pa-database/TalkingFace/PA.F.6/2_1_00027_m_01_06_t_2.mp4 NTNU_00027 PA.F.6
pa-database/TalkingFace/PA.F.6/2_1_00027_m_01_07_t_2.mp4 NTNU_00027 PA.F.6
pa-database/TalkingFace/PA.F.6/2_1_00027_m_01_08_t_2.mp4 NTNU_00027 PA.F.6
pa-database/TalkingFace/PA.F.6/2_1_00028_m_01_01_t_2.mp4 NTNU_00028 PA.F.6
pa-database/TalkingFace/PA.F.6/2_1_00028_m_01_02_t_2.mp4 NTNU_00028 PA.F.6
pa-database/TalkingFace/PA.F.6/2_1_00028_m_01_03_t_2.mp4 NTNU_00028 PA.F.6
pa-database/TalkingFace/PA.F.6/2_1_00028_m_01_04_t_2.mp4 NTNU_00028 PA.F.6
pa-database/TalkingFace/PA.F.6/2_1_00028_m_01_05_t_2.mp4 NTNU_00028 PA.F.6
pa-database/TalkingFace/PA.F.6/2_1_00028_m_01_06_t_2.mp4 NTNU_00028 PA.F.6
pa-database/TalkingFace/PA.F.6/2_1_00028_m_01_07_t_2.mp4 NTNU_00028 PA.F.6
pa-database/TalkingFace/PA.F.6/2_1_00028_m_01_08_t_2.mp4 NTNU_00028 PA.F.6
pa-database/TalkingFace/PA.F.6/2_1_00029_m_01_01_t_2.mp4 NTNU_00029 PA.F.6
pa-database/TalkingFace/PA.F.6/2_1_00029_m_01_02_t_2.mp4 NTNU_00029 PA.F.6
pa-database/TalkingFace/PA.F.6/2_1_00029_m_01_03_t_2.mp4 NTNU_00029 PA.F.6
pa-database/TalkingFace/PA.F.6/2_1_00029_m_01_04_t_2.mp4 NTNU_00029 PA.F.6
pa-database/TalkingFace/PA.F.6/2_1_00029_m_01_05_t_2.mp4 NTNU_00029 PA.F.6
pa-database/TalkingFace/PA.F.6/2_1_00029_m_01_06_t_2.mp4 NTNU_00029 PA.F.6
pa-database/TalkingFace/PA.F.6/2_1_00029_m_01_07_t_2.mp4 NTNU_00029 PA.F.6
pa-database/TalkingFace/PA.F.6/2_1_00029_m_01_08_t_2.mp4 NTNU_00029 PA.F.6
pa-database/TalkingFace/PA.F.6/2_1_00032_m_01_01_t_2.mp4 NTNU_00032 PA.F.6
pa-database/TalkingFace/PA.F.6/2_1_00032_m_01_02_t_2.mp4 NTNU_00032 PA.F.6
pa-database/TalkingFace/PA.F.6/2_1_00032_m_01_03_t_2.mp4 NTNU_00032 PA.F.6
pa-database/TalkingFace/PA.F.6/2_1_00032_m_01_04_t_2.mp4 NTNU_00032 PA.F.6
pa-database/TalkingFace/PA.F.6/2_1_00032_m_01_05_t_2.mp4 NTNU_00032 PA.F.6
pa-database/TalkingFace/PA.F.6/2_1_00032_m_01_06_t_2.mp4 NTNU_00032 PA.F.6
pa-database/TalkingFace/PA.F.6/2_1_00032_m_01_07_t_2.mp4 NTNU_00032 PA.F.6
pa-database/TalkingFace/PA.F.6/2_1_00032_m_01_08_t_2.mp4 NTNU_00032 PA.F.6
pa-database/TalkingFace/PA.F.6/2_1_00033_f_01_01_t_2.mp4 NTNU_00033 PA.F.6
pa-database/TalkingFace/PA.F.6/2_1_00033_f_01_02_t_2.mp4 NTNU_00033 PA.F.6
pa-database/TalkingFace/PA.F.6/2_1_00033_f_01_03_t_2.mp4 NTNU_00033 PA.F.6
pa-database/TalkingFace/PA.F.6/2_1_00033_f_01_04_t_2.mp4 NTNU_00033 PA.F.6
pa-database/TalkingFace/PA.F.6/2_1_00033_f_01_05_t_2.mp4 NTNU_00033 PA.F.6
pa-database/TalkingFace/PA.F.6/2_1_00033_f_01_06_t_2.mp4 NTNU_00033 PA.F.6
pa-database/TalkingFace/PA.F.6/2_1_00033_f_01_07_t_2.mp4 NTNU_00033 PA.F.6
pa-database/TalkingFace/PA.F.6/2_1_00033_f_01_08_t_2.mp4 NTNU_00033 PA.F.6
pa-database/TalkingFace/PA.F.6/2_1_00034_m_01_01_t_2.mp4 NTNU_00034 PA.F.6
pa-database/TalkingFace/PA.F.6/2_1_00034_m_01_02_t_2.mp4 NTNU_00034 PA.F.6
pa-database/TalkingFace/PA.F.6/2_1_00034_m_01_03_t_2.mp4 NTNU_00034 PA.F.6
pa-database/TalkingFace/PA.F.6/2_1_00034_m_01_04_t_2.mp4 NTNU_00034 PA.F.6
pa-database/TalkingFace/PA.F.6/2_1_00034_m_01_05_t_2.mp4 NTNU_00034 PA.F.6
pa-database/TalkingFace/PA.F.6/2_1_00034_m_01_06_t_2.mp4 NTNU_00034 PA.F.6
pa-database/TalkingFace/PA.F.6/2_1_00034_m_01_07_t_2.mp4 NTNU_00034 PA.F.6
pa-database/TalkingFace/PA.F.6/2_1_00034_m_01_08_t_2.mp4 NTNU_00034 PA.F.6
pa-database/TalkingFace/PA.F.6/2_1_00036_m_01_01_t_2.mp4 NTNU_00036 PA.F.6
pa-database/TalkingFace/PA.F.6/2_1_00036_m_01_02_t_2.mp4 NTNU_00036 PA.F.6
pa-database/TalkingFace/PA.F.6/2_1_00036_m_01_03_t_2.mp4 NTNU_00036 PA.F.6
pa-database/TalkingFace/PA.F.6/2_1_00036_m_01_04_t_2.mp4 NTNU_00036 PA.F.6
pa-database/TalkingFace/PA.F.6/2_1_00036_m_01_05_t_2.mp4 NTNU_00036 PA.F.6
pa-database/TalkingFace/PA.F.6/2_1_00036_m_01_06_t_2.mp4 NTNU_00036 PA.F.6
pa-database/TalkingFace/PA.F.6/2_1_00036_m_01_07_t_2.mp4 NTNU_00036 PA.F.6
pa-database/TalkingFace/PA.F.6/2_1_00036_m_01_08_t_2.mp4 NTNU_00036 PA.F.6
pa-database/TalkingFace/PA.F.6/2_1_00038_f_01_01_t_2.mp4 NTNU_00038 PA.F.6
pa-database/TalkingFace/PA.F.6/2_1_00038_f_01_02_t_2.mp4 NTNU_00038 PA.F.6
pa-database/TalkingFace/PA.F.6/2_1_00038_f_01_03_t_2.mp4 NTNU_00038 PA.F.6
pa-database/TalkingFace/PA.F.6/2_1_00038_f_01_04_t_2.mp4 NTNU_00038 PA.F.6
pa-database/TalkingFace/PA.F.6/2_1_00038_f_01_05_t_2.mp4 NTNU_00038 PA.F.6
pa-database/TalkingFace/PA.F.6/2_1_00038_f_01_06_t_2.mp4 NTNU_00038 PA.F.6
pa-database/TalkingFace/PA.F.6/2_1_00038_f_01_07_t_2.mp4 NTNU_00038 PA.F.6
pa-database/TalkingFace/PA.F.6/2_1_00038_f_01_08_t_2.mp4 NTNU_00038 PA.F.6
pa-database/TalkingFace/PA.F.6/2_1_00039_m_01_01_t_2.mp4 NTNU_00039 PA.F.6
pa-database/TalkingFace/PA.F.6/2_1_00039_m_01_02_t_2.mp4 NTNU_00039 PA.F.6
pa-database/TalkingFace/PA.F.6/2_1_00039_m_01_03_t_2.mp4 NTNU_00039 PA.F.6
pa-database/TalkingFace/PA.F.6/2_1_00039_m_01_04_t_2.mp4 NTNU_00039 PA.F.6
pa-database/TalkingFace/PA.F.6/2_1_00039_m_01_05_t_2.mp4 NTNU_00039 PA.F.6
pa-database/TalkingFace/PA.F.6/2_1_00039_m_01_06_t_2.mp4 NTNU_00039 PA.F.6
pa-database/TalkingFace/PA.F.6/2_1_00039_m_01_07_t_2.mp4 NTNU_00039 PA.F.6
pa-database/TalkingFace/PA.F.6/2_1_00039_m_01_08_t_2.mp4 NTNU_00039 PA.F.6
pa-database/TalkingFace/PA.F.6/2_1_00040_m_01_01_t_2.mp4 NTNU_00040 PA.F.6
pa-database/TalkingFace/PA.F.6/2_1_00040_m_01_02_t_2.mp4 NTNU_00040 PA.F.6
pa-database/TalkingFace/PA.F.6/2_1_00040_m_01_03_t_2.mp4 NTNU_00040 PA.F.6
pa-database/TalkingFace/PA.F.6/2_1_00040_m_01_04_t_2.mp4 NTNU_00040 PA.F.6
pa-database/TalkingFace/PA.F.6/2_1_00040_m_01_05_t_2.mp4 NTNU_00040 PA.F.6
pa-database/TalkingFace/PA.F.6/2_1_00040_m_01_06_t_2.mp4 NTNU_00040 PA.F.6
pa-database/TalkingFace/PA.F.6/2_1_00040_m_01_07_t_2.mp4 NTNU_00040 PA.F.6
pa-database/TalkingFace/PA.F.6/2_1_00040_m_01_08_t_2.mp4 NTNU_00040 PA.F.6
pa-database/TalkingFace/PA.F.6/2_1_00041_m_01_01_t_2.mp4 NTNU_00041 PA.F.6
pa-database/TalkingFace/PA.F.6/2_1_00041_m_01_02_t_2.mp4 NTNU_00041 PA.F.6
pa-database/TalkingFace/PA.F.6/2_1_00041_m_01_03_t_2.mp4 NTNU_00041 PA.F.6
pa-database/TalkingFace/PA.F.6/2_1_00041_m_01_04_t_2.mp4 NTNU_00041 PA.F.6
pa-database/TalkingFace/PA.F.6/2_1_00041_m_01_05_t_2.mp4 NTNU_00041 PA.F.6
pa-database/TalkingFace/PA.F.6/2_1_00041_m_01_06_t_2.mp4 NTNU_00041 PA.F.6
pa-database/TalkingFace/PA.F.6/2_1_00041_m_01_07_t_2.mp4 NTNU_00041 PA.F.6
pa-database/TalkingFace/PA.F.6/2_1_00041_m_01_08_t_2.mp4 NTNU_00041 PA.F.6
pa-database/TalkingFace/PA.F.6/2_1_00042_f_01_01_t_2.mp4 NTNU_00042 PA.F.6
pa-database/TalkingFace/PA.F.6/2_1_00042_f_01_02_t_2.mp4 NTNU_00042 PA.F.6
pa-database/TalkingFace/PA.F.6/2_1_00042_f_01_03_t_2.mp4 NTNU_00042 PA.F.6
pa-database/TalkingFace/PA.F.6/2_1_00042_f_01_04_t_2.mp4 NTNU_00042 PA.F.6
pa-database/TalkingFace/PA.F.6/2_1_00042_f_01_05_t_2.mp4 NTNU_00042 PA.F.6
pa-database/TalkingFace/PA.F.6/2_1_00042_f_01_06_t_2.mp4 NTNU_00042 PA.F.6
pa-database/TalkingFace/PA.F.6/2_1_00042_f_01_07_t_2.mp4 NTNU_00042 PA.F.6
pa-database/TalkingFace/PA.F.6/2_1_00042_f_01_08_t_2.mp4 NTNU_00042 PA.F.6
pa-database/TalkingFace/PA.F.6/2_1_00045_m_01_01_t_2.mp4 NTNU_00045 PA.F.6
pa-database/TalkingFace/PA.F.6/2_1_00045_m_01_02_t_2.mp4 NTNU_00045 PA.F.6
pa-database/TalkingFace/PA.F.6/2_1_00045_m_01_03_t_2.mp4 NTNU_00045 PA.F.6
pa-database/TalkingFace/PA.F.6/2_1_00045_m_01_04_t_2.mp4 NTNU_00045 PA.F.6
pa-database/TalkingFace/PA.F.6/2_1_00045_m_01_05_t_2.mp4 NTNU_00045 PA.F.6
pa-database/TalkingFace/PA.F.6/2_1_00045_m_01_06_t_2.mp4 NTNU_00045 PA.F.6
pa-database/TalkingFace/PA.F.6/2_1_00045_m_01_07_t_2.mp4 NTNU_00045 PA.F.6
pa-database/TalkingFace/PA.F.6/2_1_00045_m_01_08_t_2.mp4 NTNU_00045 PA.F.6
pa-database/TalkingFace/PA.F.6/2_1_00051_m_01_01_t_2.mp4 NTNU_00051 PA.F.6
pa-database/TalkingFace/PA.F.6/2_1_00051_m_01_02_t_2.mp4 NTNU_00051 PA.F.6
pa-database/TalkingFace/PA.F.6/2_1_00051_m_01_03_t_2.mp4 NTNU_00051 PA.F.6
pa-database/TalkingFace/PA.F.6/2_1_00051_m_01_04_t_2.mp4 NTNU_00051 PA.F.6
pa-database/TalkingFace/PA.F.6/2_1_00051_m_01_05_t_2.mp4 NTNU_00051 PA.F.6
pa-database/TalkingFace/PA.F.6/2_1_00051_m_01_06_t_2.mp4 NTNU_00051 PA.F.6
pa-database/TalkingFace/PA.F.6/2_1_00051_m_01_07_t_2.mp4 NTNU_00051 PA.F.6
pa-database/TalkingFace/PA.F.6/2_1_00051_m_01_08_t_2.mp4 NTNU_00051 PA.F.6
pa-database/TalkingFace/PA.F.6/2_1_00053_m_01_01_t_2.mp4 NTNU_00053 PA.F.6
pa-database/TalkingFace/PA.F.6/2_1_00053_m_01_02_t_2.mp4 NTNU_00053 PA.F.6
pa-database/TalkingFace/PA.F.6/2_1_00053_m_01_03_t_2.mp4 NTNU_00053 PA.F.6
pa-database/TalkingFace/PA.F.6/2_1_00053_m_01_04_t_2.mp4 NTNU_00053 PA.F.6
pa-database/TalkingFace/PA.F.6/2_1_00053_m_01_05_t_2.mp4 NTNU_00053 PA.F.6
pa-database/TalkingFace/PA.F.6/2_1_00053_m_01_06_t_2.mp4 NTNU_00053 PA.F.6
pa-database/TalkingFace/PA.F.6/2_1_00053_m_01_07_t_2.mp4 NTNU_00053 PA.F.6
pa-database/TalkingFace/PA.F.6/2_1_00053_m_01_08_t_2.mp4 NTNU_00053 PA.F.6
pa-database/TalkingFace/PA.F.6/2_4_00001_m_01_01_t_2.mp4 IDIAP_00001 PA.F.6
pa-database/TalkingFace/PA.F.6/2_4_00001_m_01_02_t_2.mp4 IDIAP_00001 PA.F.6
pa-database/TalkingFace/PA.F.6/2_4_00001_m_01_03_t_2.mp4 IDIAP_00001 PA.F.6
pa-database/TalkingFace/PA.F.6/2_4_00001_m_01_04_t_2.mp4 IDIAP_00001 PA.F.6
pa-database/TalkingFace/PA.F.6/2_4_00001_m_01_05_t_2.mp4 IDIAP_00001 PA.F.6
pa-database/TalkingFace/PA.F.6/2_4_00001_m_01_06_t_2.mp4 IDIAP_00001 PA.F.6
pa-database/TalkingFace/PA.F.6/2_4_00001_m_01_07_t_2.mp4 IDIAP_00001 PA.F.6
pa-database/TalkingFace/PA.F.6/2_4_00001_m_01_08_t_2.mp4 IDIAP_00001 PA.F.6
pa-database/TalkingFace/PA.F.6/2_4_00005_m_01_01_t_2.mp4 IDIAP_00005 PA.F.6
pa-database/TalkingFace/PA.F.6/2_4_00005_m_01_02_t_2.mp4 IDIAP_00005 PA.F.6
pa-database/TalkingFace/PA.F.6/2_4_00005_m_01_03_t_2.mp4 IDIAP_00005 PA.F.6
pa-database/TalkingFace/PA.F.6/2_4_00005_m_01_04_t_2.mp4 IDIAP_00005 PA.F.6
pa-database/TalkingFace/PA.F.6/2_4_00005_m_01_05_t_2.mp4 IDIAP_00005 PA.F.6
pa-database/TalkingFace/PA.F.6/2_4_00005_m_01_06_t_2.mp4 IDIAP_00005 PA.F.6
pa-database/TalkingFace/PA.F.6/2_4_00005_m_01_07_t_2.mp4 IDIAP_00005 PA.F.6
pa-database/TalkingFace/PA.F.6/2_4_00005_m_01_08_t_2.mp4 IDIAP_00005 PA.F.6
pa-database/TalkingFace/PA.F.6/2_4_00010_m_01_01_t_2.mp4 IDIAP_00010 PA.F.6
pa-database/TalkingFace/PA.F.6/2_4_00010_m_01_02_t_2.mp4 IDIAP_00010 PA.F.6
pa-database/TalkingFace/PA.F.6/2_4_00010_m_01_03_t_2.mp4 IDIAP_00010 PA.F.6
pa-database/TalkingFace/PA.F.6/2_4_00010_m_01_04_t_2.mp4 IDIAP_00010 PA.F.6
pa-database/TalkingFace/PA.F.6/2_4_00010_m_01_05_t_2.mp4 IDIAP_00010 PA.F.6
pa-database/TalkingFace/PA.F.6/2_4_00010_m_01_06_t_2.mp4 IDIAP_00010 PA.F.6
pa-database/TalkingFace/PA.F.6/2_4_00010_m_01_07_t_2.mp4 IDIAP_00010 PA.F.6
pa-database/TalkingFace/PA.F.6/2_4_00010_m_01_08_t_2.mp4 IDIAP_00010 PA.F.6
pa-database/TalkingFace/PA.F.6/2_4_00014_f_01_01_t_2.mp4 IDIAP_00014 PA.F.6
pa-database/TalkingFace/PA.F.6/2_4_00014_f_01_02_t_2.mp4 IDIAP_00014 PA.F.6
pa-database/TalkingFace/PA.F.6/2_4_00014_f_01_03_t_2.mp4 IDIAP_00014 PA.F.6
pa-database/TalkingFace/PA.F.6/2_4_00014_f_01_04_t_2.mp4 IDIAP_00014 PA.F.6
pa-database/TalkingFace/PA.F.6/2_4_00014_f_01_05_t_2.mp4 IDIAP_00014 PA.F.6
pa-database/TalkingFace/PA.F.6/2_4_00014_f_01_06_t_2.mp4 IDIAP_00014 PA.F.6
pa-database/TalkingFace/PA.F.6/2_4_00014_f_01_07_t_2.mp4 IDIAP_00014 PA.F.6
pa-database/TalkingFace/PA.F.6/2_4_00014_f_01_08_t_2.mp4 IDIAP_00014 PA.F.6
pa-database/TalkingFace/PA.F.6/2_4_00017_m_01_01_t_2.mp4 IDIAP_00017 PA.F.6
pa-database/TalkingFace/PA.F.6/2_4_00017_m_01_02_t_2.mp4 IDIAP_00017 PA.F.6
pa-database/TalkingFace/PA.F.6/2_4_00017_m_01_03_t_2.mp4 IDIAP_00017 PA.F.6
pa-database/TalkingFace/PA.F.6/2_4_00017_m_01_04_t_2.mp4 IDIAP_00017 PA.F.6
pa-database/TalkingFace/PA.F.6/2_4_00017_m_01_05_t_2.mp4 IDIAP_00017 PA.F.6
pa-database/TalkingFace/PA.F.6/2_4_00017_m_01_06_t_2.mp4 IDIAP_00017 PA.F.6
pa-database/TalkingFace/PA.F.6/2_4_00017_m_01_07_t_2.mp4 IDIAP_00017 PA.F.6
pa-database/TalkingFace/PA.F.6/2_4_00017_m_01_08_t_2.mp4 IDIAP_00017 PA.F.6
pa-database/TalkingFace/PA.F.6/2_4_00018_f_01_01_t_2.mp4 IDIAP_00018 PA.F.6
pa-database/TalkingFace/PA.F.6/2_4_00018_f_01_02_t_2.mp4 IDIAP_00018 PA.F.6
pa-database/TalkingFace/PA.F.6/2_4_00018_f_01_03_t_2.mp4 IDIAP_00018 PA.F.6
pa-database/TalkingFace/PA.F.6/2_4_00018_f_01_04_t_2.mp4 IDIAP_00018 PA.F.6
pa-database/TalkingFace/PA.F.6/2_4_00018_f_01_05_t_2.mp4 IDIAP_00018 PA.F.6
pa-database/TalkingFace/PA.F.6/2_4_00018_f_01_06_t_2.mp4 IDIAP_00018 PA.F.6
pa-database/TalkingFace/PA.F.6/2_4_00018_f_01_07_t_2.mp4 IDIAP_00018 PA.F.6
pa-database/TalkingFace/PA.F.6/2_4_00018_f_01_08_t_2.mp4 IDIAP_00018 PA.F.6
pa-database/TalkingFace/PA.F.6/2_4_00020_m_01_01_t_2.mp4 IDIAP_00020 PA.F.6
pa-database/TalkingFace/PA.F.6/2_4_00020_m_01_02_t_2.mp4 IDIAP_00020 PA.F.6
pa-database/TalkingFace/PA.F.6/2_4_00020_m_01_03_t_2.mp4 IDIAP_00020 PA.F.6
pa-database/TalkingFace/PA.F.6/2_4_00020_m_01_04_t_2.mp4 IDIAP_00020 PA.F.6
pa-database/TalkingFace/PA.F.6/2_4_00020_m_01_05_t_2.mp4 IDIAP_00020 PA.F.6
pa-database/TalkingFace/PA.F.6/2_4_00020_m_01_06_t_2.mp4 IDIAP_00020 PA.F.6
pa-database/TalkingFace/PA.F.6/2_4_00020_m_01_07_t_2.mp4 IDIAP_00020 PA.F.6
pa-database/TalkingFace/PA.F.6/2_4_00020_m_01_08_t_2.mp4 IDIAP_00020 PA.F.6
pa-database/TalkingFace/PA.F.6/2_4_00025_m_01_01_t_2.mp4 IDIAP_00025 PA.F.6
pa-database/TalkingFace/PA.F.6/2_4_00025_m_01_02_t_2.mp4 IDIAP_00025 PA.F.6
pa-database/TalkingFace/PA.F.6/2_4_00025_m_01_03_t_2.mp4 IDIAP_00025 PA.F.6
pa-database/TalkingFace/PA.F.6/2_4_00025_m_01_04_t_2.mp4 IDIAP_00025 PA.F.6
pa-database/TalkingFace/PA.F.6/2_4_00025_m_01_05_t_2.mp4 IDIAP_00025 PA.F.6
pa-database/TalkingFace/PA.F.6/2_4_00025_m_01_06_t_2.mp4 IDIAP_00025 PA.F.6
pa-database/TalkingFace/PA.F.6/2_4_00025_m_01_07_t_2.mp4 IDIAP_00025 PA.F.6
pa-database/TalkingFace/PA.F.6/2_4_00025_m_01_08_t_2.mp4 IDIAP_00025 PA.F.6
pa-database/TalkingFace/PA.F.6/2_4_00026_m_01_01_t_2.mp4 IDIAP_00026 PA.F.6
pa-database/TalkingFace/PA.F.6/2_4_00026_m_01_02_t_2.mp4 IDIAP_00026 PA.F.6
pa-database/TalkingFace/PA.F.6/2_4_00026_m_01_03_t_2.mp4 IDIAP_00026 PA.F.6
pa-database/TalkingFace/PA.F.6/2_4_00026_m_01_04_t_2.mp4 IDIAP_00026 PA.F.6
pa-database/TalkingFace/PA.F.6/2_4_00026_m_01_05_t_2.mp4 IDIAP_00026 PA.F.6
pa-database/TalkingFace/PA.F.6/2_4_00026_m_01_06_t_2.mp4 IDIAP_00026 PA.F.6
pa-database/TalkingFace/PA.F.6/2_4_00026_m_01_07_t_2.mp4 IDIAP_00026 PA.F.6
pa-database/TalkingFace/PA.F.6/2_4_00026_m_01_08_t_2.mp4 IDIAP_00026 PA.F.6
pa-database/TalkingFace/PA.F.6/2_4_00028_m_01_01_t_2.mp4 IDIAP_00028 PA.F.6
pa-database/TalkingFace/PA.F.6/2_4_00028_m_01_02_t_2.mp4 IDIAP_00028 PA.F.6
pa-database/TalkingFace/PA.F.6/2_4_00028_m_01_03_t_2.mp4 IDIAP_00028 PA.F.6
pa-database/TalkingFace/PA.F.6/2_4_00028_m_01_04_t_2.mp4 IDIAP_00028 PA.F.6
pa-database/TalkingFace/PA.F.6/2_4_00028_m_01_05_t_2.mp4 IDIAP_00028 PA.F.6
pa-database/TalkingFace/PA.F.6/2_4_00028_m_01_06_t_2.mp4 IDIAP_00028 PA.F.6
pa-database/TalkingFace/PA.F.6/2_4_00028_m_01_07_t_2.mp4 IDIAP_00028 PA.F.6
pa-database/TalkingFace/PA.F.6/2_4_00028_m_01_08_t_2.mp4 IDIAP_00028 PA.F.6
pa-database/TalkingFace/PA.F.6/2_4_00029_m_01_01_t_2.mp4 IDIAP_00029 PA.F.6
pa-database/TalkingFace/PA.F.6/2_4_00029_m_01_02_t_2.mp4 IDIAP_00029 PA.F.6
pa-database/TalkingFace/PA.F.6/2_4_00029_m_01_03_t_2.mp4 IDIAP_00029 PA.F.6
pa-database/TalkingFace/PA.F.6/2_4_00029_m_01_04_t_2.mp4 IDIAP_00029 PA.F.6
pa-database/TalkingFace/PA.F.6/2_4_00029_m_01_05_t_2.mp4 IDIAP_00029 PA.F.6
pa-database/TalkingFace/PA.F.6/2_4_00029_m_01_06_t_2.mp4 IDIAP_00029 PA.F.6
pa-database/TalkingFace/PA.F.6/2_4_00029_m_01_07_t_2.mp4 IDIAP_00029 PA.F.6
pa-database/TalkingFace/PA.F.6/2_4_00029_m_01_08_t_2.mp4 IDIAP_00029 PA.F.6
pa-database/TalkingFace/PA.F.6/2_4_00031_m_01_01_t_2.mp4 IDIAP_00031 PA.F.6
pa-database/TalkingFace/PA.F.6/2_4_00031_m_01_02_t_2.mp4 IDIAP_00031 PA.F.6
pa-database/TalkingFace/PA.F.6/2_4_00031_m_01_03_t_2.mp4 IDIAP_00031 PA.F.6
pa-database/TalkingFace/PA.F.6/2_4_00031_m_01_04_t_2.mp4 IDIAP_00031 PA.F.6
pa-database/TalkingFace/PA.F.6/2_4_00031_m_01_05_t_2.mp4 IDIAP_00031 PA.F.6
pa-database/TalkingFace/PA.F.6/2_4_00031_m_01_06_t_2.mp4 IDIAP_00031 PA.F.6
pa-database/TalkingFace/PA.F.6/2_4_00031_m_01_07_t_2.mp4 IDIAP_00031 PA.F.6
pa-database/TalkingFace/PA.F.6/2_4_00031_m_01_08_t_2.mp4 IDIAP_00031 PA.F.6
pa-database/TalkingFace/PA.F.6/2_4_00035_m_01_01_t_2.mp4 IDIAP_00035 PA.F.6
pa-database/TalkingFace/PA.F.6/2_4_00035_m_01_02_t_2.mp4 IDIAP_00035 PA.F.6
pa-database/TalkingFace/PA.F.6/2_4_00035_m_01_03_t_2.mp4 IDIAP_00035 PA.F.6
pa-database/TalkingFace/PA.F.6/2_4_00035_m_01_04_t_2.mp4 IDIAP_00035 PA.F.6
pa-database/TalkingFace/PA.F.6/2_4_00035_m_01_05_t_2.mp4 IDIAP_00035 PA.F.6
pa-database/TalkingFace/PA.F.6/2_4_00035_m_01_06_t_2.mp4 IDIAP_00035 PA.F.6
pa-database/TalkingFace/PA.F.6/2_4_00035_m_01_07_t_2.mp4 IDIAP_00035 PA.F.6
pa-database/TalkingFace/PA.F.6/2_4_00035_m_01_08_t_2.mp4 IDIAP_00035 PA.F.6
pa-database/TalkingFace/PA.F.6/2_4_00036_f_01_01_t_2.mp4 IDIAP_00036 PA.F.6
pa-database/TalkingFace/PA.F.6/2_4_00036_f_01_02_t_2.mp4 IDIAP_00036 PA.F.6
pa-database/TalkingFace/PA.F.6/2_4_00036_f_01_03_t_2.mp4 IDIAP_00036 PA.F.6
pa-database/TalkingFace/PA.F.6/2_4_00036_f_01_04_t_2.mp4 IDIAP_00036 PA.F.6
pa-database/TalkingFace/PA.F.6/2_4_00036_f_01_05_t_2.mp4 IDIAP_00036 PA.F.6
pa-database/TalkingFace/PA.F.6/2_4_00036_f_01_06_t_2.mp4 IDIAP_00036 PA.F.6
pa-database/TalkingFace/PA.F.6/2_4_00036_f_01_07_t_2.mp4 IDIAP_00036 PA.F.6
pa-database/TalkingFace/PA.F.6/2_4_00036_f_01_08_t_2.mp4 IDIAP_00036 PA.F.6
pa-database/TalkingFace/PA.F.6/2_4_00038_f_01_01_t_2.mp4 IDIAP_00038 PA.F.6
pa-database/TalkingFace/PA.F.6/2_4_00038_f_01_02_t_2.mp4 IDIAP_00038 PA.F.6
pa-database/TalkingFace/PA.F.6/2_4_00038_f_01_03_t_2.mp4 IDIAP_00038 PA.F.6
pa-database/TalkingFace/PA.F.6/2_4_00038_f_01_04_t_2.mp4 IDIAP_00038 PA.F.6
pa-database/TalkingFace/PA.F.6/2_4_00038_f_01_05_t_2.mp4 IDIAP_00038 PA.F.6
pa-database/TalkingFace/PA.F.6/2_4_00038_f_01_06_t_2.mp4 IDIAP_00038 PA.F.6
pa-database/TalkingFace/PA.F.6/2_4_00038_f_01_07_t_2.mp4 IDIAP_00038 PA.F.6
pa-database/TalkingFace/PA.F.6/2_4_00038_f_01_08_t_2.mp4 IDIAP_00038 PA.F.6
pa-database/TalkingFace/PA.F.6/2_4_00039_m_01_01_t_2.mp4 IDIAP_00039 PA.F.6
pa-database/TalkingFace/PA.F.6/2_4_00039_m_01_02_t_2.mp4 IDIAP_00039 PA.F.6
pa-database/TalkingFace/PA.F.6/2_4_00039_m_01_03_t_2.mp4 IDIAP_00039 PA.F.6
pa-database/TalkingFace/PA.F.6/2_4_00039_m_01_04_t_2.mp4 IDIAP_00039 PA.F.6
pa-database/TalkingFace/PA.F.6/2_4_00039_m_01_05_t_2.mp4 IDIAP_00039 PA.F.6
pa-database/TalkingFace/PA.F.6/2_4_00039_m_01_06_t_2.mp4 IDIAP_00039 PA.F.6
pa-database/TalkingFace/PA.F.6/2_4_00039_m_01_07_t_2.mp4 IDIAP_00039 PA.F.6
pa-database/TalkingFace/PA.F.6/2_4_00039_m_01_08_t_2.mp4 IDIAP_00039 PA.F.6
pa-database/TalkingFace/PA.F.6/2_4_00040_m_01_01_t_2.mp4 IDIAP_00040 PA.F.6
pa-database/TalkingFace/PA.F.6/2_4_00040_m_01_02_t_2.mp4 IDIAP_00040 PA.F.6
pa-database/TalkingFace/PA.F.6/2_4_00040_m_01_03_t_2.mp4 IDIAP_00040 PA.F.6
pa-database/TalkingFace/PA.F.6/2_4_00040_m_01_04_t_2.mp4 IDIAP_00040 PA.F.6
pa-database/TalkingFace/PA.F.6/2_4_00040_m_01_05_t_2.mp4 IDIAP_00040 PA.F.6
pa-database/TalkingFace/PA.F.6/2_4_00040_m_01_06_t_2.mp4 IDIAP_00040 PA.F.6
pa-database/TalkingFace/PA.F.6/2_4_00040_m_01_07_t_2.mp4 IDIAP_00040 PA.F.6
pa-database/TalkingFace/PA.F.6/2_4_00040_m_01_08_t_2.mp4 IDIAP_00040 PA.F.6
pa-database/TalkingFace/PA.F.6/2_4_00042_f_01_01_t_2.mp4 IDIAP_00042 PA.F.6
pa-database/TalkingFace/PA.F.6/2_4_00042_f_01_02_t_2.mp4 IDIAP_00042 PA.F.6
pa-database/TalkingFace/PA.F.6/2_4_00042_f_01_03_t_2.mp4 IDIAP_00042 PA.F.6
pa-database/TalkingFace/PA.F.6/2_4_00042_f_01_04_t_2.mp4 IDIAP_00042 PA.F.6
pa-database/TalkingFace/PA.F.6/2_4_00042_f_01_05_t_2.mp4 IDIAP_00042 PA.F.6
pa-database/TalkingFace/PA.F.6/2_4_00042_f_01_06_t_2.mp4 IDIAP_00042 PA.F.6
pa-database/TalkingFace/PA.F.6/2_4_00042_f_01_07_t_2.mp4 IDIAP_00042 PA.F.6
pa-database/TalkingFace/PA.F.6/2_4_00042_f_01_08_t_2.mp4 IDIAP_00042 PA.F.6
pa-database/TalkingFace/PA.F.6/2_4_00048_m_01_01_t_2.mp4 IDIAP_00048 PA.F.6
pa-database/TalkingFace/PA.F.6/2_4_00048_m_01_02_t_2.mp4 IDIAP_00048 PA.F.6
pa-database/TalkingFace/PA.F.6/2_4_00048_m_01_03_t_2.mp4 IDIAP_00048 PA.F.6
pa-database/TalkingFace/PA.F.6/2_4_00048_m_01_04_t_2.mp4 IDIAP_00048 PA.F.6
pa-database/TalkingFace/PA.F.6/2_4_00048_m_01_05_t_2.mp4 IDIAP_00048 PA.F.6
pa-database/TalkingFace/PA.F.6/2_4_00048_m_01_06_t_2.mp4 IDIAP_00048 PA.F.6
pa-database/TalkingFace/PA.F.6/2_4_00048_m_01_07_t_2.mp4 IDIAP_00048 PA.F.6
pa-database/TalkingFace/PA.F.6/2_4_00048_m_01_08_t_2.mp4 IDIAP_00048 PA.F.6
pa-database/TalkingFace/PA.F.6/2_4_00049_m_01_01_t_2.mp4 IDIAP_00049 PA.F.6
pa-database/TalkingFace/PA.F.6/2_4_00049_m_01_02_t_2.mp4 IDIAP_00049 PA.F.6
pa-database/TalkingFace/PA.F.6/2_4_00049_m_01_03_t_2.mp4 IDIAP_00049 PA.F.6
pa-database/TalkingFace/PA.F.6/2_4_00049_m_01_04_t_2.mp4 IDIAP_00049 PA.F.6
pa-database/TalkingFace/PA.F.6/2_4_00049_m_01_05_t_2.mp4 IDIAP_00049 PA.F.6
pa-database/TalkingFace/PA.F.6/2_4_00049_m_01_06_t_2.mp4 IDIAP_00049 PA.F.6
pa-database/TalkingFace/PA.F.6/2_4_00049_m_01_07_t_2.mp4 IDIAP_00049 PA.F.6
pa-database/TalkingFace/PA.F.6/2_4_00049_m_01_08_t_2.mp4 IDIAP_00049 PA.F.6
pa-database/TalkingFace/PA.F.6/2_4_00051_f_01_01_t_2.mp4 IDIAP_00051 PA.F.6
pa-database/TalkingFace/PA.F.6/2_4_00051_f_01_02_t_2.mp4 IDIAP_00051 PA.F.6
pa-database/TalkingFace/PA.F.6/2_4_00051_f_01_03_t_2.mp4 IDIAP_00051 PA.F.6
pa-database/TalkingFace/PA.F.6/2_4_00051_f_01_04_t_2.mp4 IDIAP_00051 PA.F.6
pa-database/TalkingFace/PA.F.6/2_4_00051_f_01_05_t_2.mp4 IDIAP_00051 PA.F.6
pa-database/TalkingFace/PA.F.6/2_4_00051_f_01_06_t_2.mp4 IDIAP_00051 PA.F.6
pa-database/TalkingFace/PA.F.6/2_4_00051_f_01_07_t_2.mp4 IDIAP_00051 PA.F.6
pa-database/TalkingFace/PA.F.6/2_4_00051_f_01_08_t_2.mp4 IDIAP_00051 PA.F.6
pa-database/TalkingFace/PA.F.6/2_4_00054_f_01_01_t_2.mp4 IDIAP_00054 PA.F.6
pa-database/TalkingFace/PA.F.6/2_4_00054_f_01_02_t_2.mp4 IDIAP_00054 PA.F.6
pa-database/TalkingFace/PA.F.6/2_4_00054_f_01_03_t_2.mp4 IDIAP_00054 PA.F.6
pa-database/TalkingFace/PA.F.6/2_4_00054_f_01_04_t_2.mp4 IDIAP_00054 PA.F.6
pa-database/TalkingFace/PA.F.6/2_4_00054_f_01_05_t_2.mp4 IDIAP_00054 PA.F.6
pa-database/TalkingFace/PA.F.6/2_4_00054_f_01_06_t_2.mp4 IDIAP_00054 PA.F.6
pa-database/TalkingFace/PA.F.6/2_4_00054_f_01_07_t_2.mp4 IDIAP_00054 PA.F.6
pa-database/TalkingFace/PA.F.6/2_4_00054_f_01_08_t_2.mp4 IDIAP_00054 PA.F.6
pa-database/TalkingFace/PA.F.6/2_4_00055_m_01_01_t_2.mp4 IDIAP_00055 PA.F.6
pa-database/TalkingFace/PA.F.6/2_4_00055_m_01_02_t_2.mp4 IDIAP_00055 PA.F.6
pa-database/TalkingFace/PA.F.6/2_4_00055_m_01_03_t_2.mp4 IDIAP_00055 PA.F.6
pa-database/TalkingFace/PA.F.6/2_4_00055_m_01_04_t_2.mp4 IDIAP_00055 PA.F.6
pa-database/TalkingFace/PA.F.6/2_4_00055_m_01_05_t_2.mp4 IDIAP_00055 PA.F.6
pa-database/TalkingFace/PA.F.6/2_4_00055_m_01_06_t_2.mp4 IDIAP_00055 PA.F.6
pa-database/TalkingFace/PA.F.6/2_4_00055_m_01_07_t_2.mp4 IDIAP_00055 PA.F.6
pa-database/TalkingFace/PA.F.6/2_4_00055_m_01_08_t_2.mp4 IDIAP_00055 PA.F.6
pa-database/TalkingFace/PA.F.6/2_6_00001_m_01_01_t_2.mp4 MPH-IND_00001 PA.F.6
pa-database/TalkingFace/PA.F.6/2_6_00001_m_01_02_t_2.mp4 MPH-IND_00001 PA.F.6
pa-database/TalkingFace/PA.F.6/2_6_00001_m_01_03_t_2.mp4 MPH-IND_00001 PA.F.6
pa-database/TalkingFace/PA.F.6/2_6_00001_m_01_04_t_2.mp4 MPH-IND_00001 PA.F.6
pa-database/TalkingFace/PA.F.6/2_6_00001_m_01_05_t_2.mp4 MPH-IND_00001 PA.F.6
pa-database/TalkingFace/PA.F.6/2_6_00001_m_01_06_t_2.mp4 MPH-IND_00001 PA.F.6
pa-database/TalkingFace/PA.F.6/2_6_00001_m_01_07_t_2.mp4 MPH-IND_00001 PA.F.6
pa-database/TalkingFace/PA.F.6/2_6_00001_m_01_08_t_2.mp4 MPH-IND_00001 PA.F.6
pa-database/TalkingFace/PA.F.6/2_6_00004_f_01_01_t_2.mp4 MPH-IND_00004 PA.F.6
pa-database/TalkingFace/PA.F.6/2_6_00004_f_01_02_t_2.mp4 MPH-IND_00004 PA.F.6
pa-database/TalkingFace/PA.F.6/2_6_00004_f_01_03_t_2.mp4 MPH-IND_00004 PA.F.6
pa-database/TalkingFace/PA.F.6/2_6_00004_f_01_04_t_2.mp4 MPH-IND_00004 PA.F.6
pa-database/TalkingFace/PA.F.6/2_6_00004_f_01_05_t_2.mp4 MPH-IND_00004 PA.F.6
pa-database/TalkingFace/PA.F.6/2_6_00004_f_01_06_t_2.mp4 MPH-IND_00004 PA.F.6
pa-database/TalkingFace/PA.F.6/2_6_00004_f_01_07_t_2.mp4 MPH-IND_00004 PA.F.6
pa-database/TalkingFace/PA.F.6/2_6_00004_f_01_08_t_2.mp4 MPH-IND_00004 PA.F.6
pa-database/TalkingFace/PA.F.6/2_6_00006_f_01_01_t_2.mp4 MPH-IND_00006 PA.F.6
pa-database/TalkingFace/PA.F.6/2_6_00006_f_01_02_t_2.mp4 MPH-IND_00006 PA.F.6
pa-database/TalkingFace/PA.F.6/2_6_00006_f_01_03_t_2.mp4 MPH-IND_00006 PA.F.6
pa-database/TalkingFace/PA.F.6/2_6_00006_f_01_04_t_2.mp4 MPH-IND_00006 PA.F.6
pa-database/TalkingFace/PA.F.6/2_6_00006_f_01_05_t_2.mp4 MPH-IND_00006 PA.F.6
pa-database/TalkingFace/PA.F.6/2_6_00006_f_01_06_t_2.mp4 MPH-IND_00006 PA.F.6
pa-database/TalkingFace/PA.F.6/2_6_00006_f_01_07_t_2.mp4 MPH-IND_00006 PA.F.6
pa-database/TalkingFace/PA.F.6/2_6_00006_f_01_08_t_2.mp4 MPH-IND_00006 PA.F.6
pa-database/TalkingFace/PA.F.6/2_6_00009_f_01_01_t_2.mp4 MPH-IND_00009 PA.F.6
pa-database/TalkingFace/PA.F.6/2_6_00009_f_01_02_t_2.mp4 MPH-IND_00009 PA.F.6
pa-database/TalkingFace/PA.F.6/2_6_00009_f_01_03_t_2.mp4 MPH-IND_00009 PA.F.6
pa-database/TalkingFace/PA.F.6/2_6_00009_f_01_04_t_2.mp4 MPH-IND_00009 PA.F.6
pa-database/TalkingFace/PA.F.6/2_6_00009_f_01_05_t_2.mp4 MPH-IND_00009 PA.F.6
pa-database/TalkingFace/PA.F.6/2_6_00009_f_01_06_t_2.mp4 MPH-IND_00009 PA.F.6
pa-database/TalkingFace/PA.F.6/2_6_00009_f_01_07_t_2.mp4 MPH-IND_00009 PA.F.6
pa-database/TalkingFace/PA.F.6/2_6_00009_f_01_08_t_2.mp4 MPH-IND_00009 PA.F.6
pa-database/TalkingFace/PA.F.6/2_6_00018_f_01_01_t_2.mp4 MPH-IND_00018 PA.F.6
pa-database/TalkingFace/PA.F.6/2_6_00018_f_01_02_t_2.mp4 MPH-IND_00018 PA.F.6
pa-database/TalkingFace/PA.F.6/2_6_00018_f_01_03_t_2.mp4 MPH-IND_00018 PA.F.6
pa-database/TalkingFace/PA.F.6/2_6_00018_f_01_04_t_2.mp4 MPH-IND_00018 PA.F.6
pa-database/TalkingFace/PA.F.6/2_6_00018_f_01_05_t_2.mp4 MPH-IND_00018 PA.F.6
pa-database/TalkingFace/PA.F.6/2_6_00018_f_01_06_t_2.mp4 MPH-IND_00018 PA.F.6
pa-database/TalkingFace/PA.F.6/2_6_00018_f_01_07_t_2.mp4 MPH-IND_00018 PA.F.6
pa-database/TalkingFace/PA.F.6/2_6_00018_f_01_08_t_2.mp4 MPH-IND_00018 PA.F.6
pa-database/TalkingFace/PA.F.6/2_6_00024_m_01_01_t_2.mp4 MPH-IND_00024 PA.F.6
pa-database/TalkingFace/PA.F.6/2_6_00024_m_01_02_t_2.mp4 MPH-IND_00024 PA.F.6
pa-database/TalkingFace/PA.F.6/2_6_00024_m_01_03_t_2.mp4 MPH-IND_00024 PA.F.6
pa-database/TalkingFace/PA.F.6/2_6_00024_m_01_04_t_2.mp4 MPH-IND_00024 PA.F.6
pa-database/TalkingFace/PA.F.6/2_6_00024_m_01_05_t_2.mp4 MPH-IND_00024 PA.F.6
pa-database/TalkingFace/PA.F.6/2_6_00024_m_01_06_t_2.mp4 MPH-IND_00024 PA.F.6
pa-database/TalkingFace/PA.F.6/2_6_00024_m_01_07_t_2.mp4 MPH-IND_00024 PA.F.6
pa-database/TalkingFace/PA.F.6/2_6_00024_m_01_08_t_2.mp4 MPH-IND_00024 PA.F.6
pa-database/TalkingFace/PA.F.6/2_6_00025_f_01_01_t_2.mp4 MPH-IND_00025 PA.F.6
pa-database/TalkingFace/PA.F.6/2_6_00025_f_01_02_t_2.mp4 MPH-IND_00025 PA.F.6
pa-database/TalkingFace/PA.F.6/2_6_00025_f_01_03_t_2.mp4 MPH-IND_00025 PA.F.6
pa-database/TalkingFace/PA.F.6/2_6_00025_f_01_04_t_2.mp4 MPH-IND_00025 PA.F.6
pa-database/TalkingFace/PA.F.6/2_6_00025_f_01_05_t_2.mp4 MPH-IND_00025 PA.F.6
pa-database/TalkingFace/PA.F.6/2_6_00025_f_01_06_t_2.mp4 MPH-IND_00025 PA.F.6
pa-database/TalkingFace/PA.F.6/2_6_00025_f_01_07_t_2.mp4 MPH-IND_00025 PA.F.6
pa-database/TalkingFace/PA.F.6/2_6_00025_f_01_08_t_2.mp4 MPH-IND_00025 PA.F.6
pa-database/TalkingFace/PA.F.6/2_6_00028_m_01_01_t_2.mp4 MPH-IND_00028 PA.F.6
pa-database/TalkingFace/PA.F.6/2_6_00028_m_01_02_t_2.mp4 MPH-IND_00028 PA.F.6
pa-database/TalkingFace/PA.F.6/2_6_00028_m_01_03_t_2.mp4 MPH-IND_00028 PA.F.6
pa-database/TalkingFace/PA.F.6/2_6_00028_m_01_04_t_2.mp4 MPH-IND_00028 PA.F.6
pa-database/TalkingFace/PA.F.6/2_6_00028_m_01_05_t_2.mp4 MPH-IND_00028 PA.F.6
pa-database/TalkingFace/PA.F.6/2_6_00028_m_01_06_t_2.mp4 MPH-IND_00028 PA.F.6
pa-database/TalkingFace/PA.F.6/2_6_00028_m_01_07_t_2.mp4 MPH-IND_00028 PA.F.6
pa-database/TalkingFace/PA.F.6/2_6_00028_m_01_08_t_2.mp4 MPH-IND_00028 PA.F.6
pa-database/TalkingFace/PA.F.6/2_6_00032_f_01_01_t_2.mp4 MPH-IND_00032 PA.F.6
pa-database/TalkingFace/PA.F.6/2_6_00032_f_01_02_t_2.mp4 MPH-IND_00032 PA.F.6
pa-database/TalkingFace/PA.F.6/2_6_00032_f_01_03_t_2.mp4 MPH-IND_00032 PA.F.6
pa-database/TalkingFace/PA.F.6/2_6_00032_f_01_04_t_2.mp4 MPH-IND_00032 PA.F.6
pa-database/TalkingFace/PA.F.6/2_6_00032_f_01_05_t_2.mp4 MPH-IND_00032 PA.F.6
pa-database/TalkingFace/PA.F.6/2_6_00032_f_01_06_t_2.mp4 MPH-IND_00032 PA.F.6
pa-database/TalkingFace/PA.F.6/2_6_00032_f_01_07_t_2.mp4 MPH-IND_00032 PA.F.6
pa-database/TalkingFace/PA.F.6/2_6_00032_f_01_08_t_2.mp4 MPH-IND_00032 PA.F.6
pa-database/TalkingFace/PA.F.6/2_6_00038_f_01_01_t_2.mp4 MPH-IND_00038 PA.F.6
pa-database/TalkingFace/PA.F.6/2_6_00038_f_01_02_t_2.mp4 MPH-IND_00038 PA.F.6
pa-database/TalkingFace/PA.F.6/2_6_00038_f_01_03_t_2.mp4 MPH-IND_00038 PA.F.6
pa-database/TalkingFace/PA.F.6/2_6_00038_f_01_04_t_2.mp4 MPH-IND_00038 PA.F.6
pa-database/TalkingFace/PA.F.6/2_6_00038_f_01_05_t_2.mp4 MPH-IND_00038 PA.F.6
pa-database/TalkingFace/PA.F.6/2_6_00038_f_01_06_t_2.mp4 MPH-IND_00038 PA.F.6
pa-database/TalkingFace/PA.F.6/2_6_00038_f_01_07_t_2.mp4 MPH-IND_00038 PA.F.6
pa-database/TalkingFace/PA.F.6/2_6_00038_f_01_08_t_2.mp4 MPH-IND_00038 PA.F.6
pa-database/TalkingFace/PA.F.6/2_6_00039_f_01_01_t_2.mp4 MPH-IND_00039 PA.F.6
pa-database/TalkingFace/PA.F.6/2_6_00039_f_01_02_t_2.mp4 MPH-IND_00039 PA.F.6
pa-database/TalkingFace/PA.F.6/2_6_00039_f_01_03_t_2.mp4 MPH-IND_00039 PA.F.6
pa-database/TalkingFace/PA.F.6/2_6_00039_f_01_04_t_2.mp4 MPH-IND_00039 PA.F.6
pa-database/TalkingFace/PA.F.6/2_6_00039_f_01_05_t_2.mp4 MPH-IND_00039 PA.F.6
pa-database/TalkingFace/PA.F.6/2_6_00039_f_01_06_t_2.mp4 MPH-IND_00039 PA.F.6
pa-database/TalkingFace/PA.F.6/2_6_00039_f_01_07_t_2.mp4 MPH-IND_00039 PA.F.6
pa-database/TalkingFace/PA.F.6/2_6_00039_f_01_08_t_2.mp4 MPH-IND_00039 PA.F.6
pa-database/TalkingFace/PA.F.6/2_6_00041_m_01_01_t_2.mp4 MPH-IND_00041 PA.F.6
pa-database/TalkingFace/PA.F.6/2_6_00041_m_01_02_t_2.mp4 MPH-IND_00041 PA.F.6
pa-database/TalkingFace/PA.F.6/2_6_00041_m_01_03_t_2.mp4 MPH-IND_00041 PA.F.6
pa-database/TalkingFace/PA.F.6/2_6_00041_m_01_04_t_2.mp4 MPH-IND_00041 PA.F.6
pa-database/TalkingFace/PA.F.6/2_6_00041_m_01_05_t_2.mp4 MPH-IND_00041 PA.F.6
pa-database/TalkingFace/PA.F.6/2_6_00041_m_01_06_t_2.mp4 MPH-IND_00041 PA.F.6
pa-database/TalkingFace/PA.F.6/2_6_00041_m_01_07_t_2.mp4 MPH-IND_00041 PA.F.6
pa-database/TalkingFace/PA.F.6/2_6_00041_m_01_08_t_2.mp4 MPH-IND_00041 PA.F.6
pa-database/TalkingFace/PA.F.6/2_6_00042_f_01_01_t_2.mp4 MPH-IND_00042 PA.F.6
pa-database/TalkingFace/PA.F.6/2_6_00042_f_01_02_t_2.mp4 MPH-IND_00042 PA.F.6
pa-database/TalkingFace/PA.F.6/2_6_00042_f_01_03_t_2.mp4 MPH-IND_00042 PA.F.6
pa-database/TalkingFace/PA.F.6/2_6_00042_f_01_04_t_2.mp4 MPH-IND_00042 PA.F.6
pa-database/TalkingFace/PA.F.6/2_6_00042_f_01_05_t_2.mp4 MPH-IND_00042 PA.F.6
pa-database/TalkingFace/PA.F.6/2_6_00042_f_01_06_t_2.mp4 MPH-IND_00042 PA.F.6
pa-database/TalkingFace/PA.F.6/2_6_00042_f_01_07_t_2.mp4 MPH-IND_00042 PA.F.6
pa-database/TalkingFace/PA.F.6/2_6_00042_f_01_08_t_2.mp4 MPH-IND_00042 PA.F.6
pa-database/TalkingFace/PA.F.6/2_6_00043_m_01_01_t_2.mp4 MPH-IND_00043 PA.F.6
pa-database/TalkingFace/PA.F.6/2_6_00043_m_01_02_t_2.mp4 MPH-IND_00043 PA.F.6
pa-database/TalkingFace/PA.F.6/2_6_00043_m_01_03_t_2.mp4 MPH-IND_00043 PA.F.6
pa-database/TalkingFace/PA.F.6/2_6_00043_m_01_04_t_2.mp4 MPH-IND_00043 PA.F.6
pa-database/TalkingFace/PA.F.6/2_6_00043_m_01_05_t_2.mp4 MPH-IND_00043 PA.F.6
pa-database/TalkingFace/PA.F.6/2_6_00043_m_01_06_t_2.mp4 MPH-IND_00043 PA.F.6
pa-database/TalkingFace/PA.F.6/2_6_00043_m_01_07_t_2.mp4 MPH-IND_00043 PA.F.6
pa-database/TalkingFace/PA.F.6/2_6_00043_m_01_08_t_2.mp4 MPH-IND_00043 PA.F.6
pa-database/TalkingFace/PA.F.6/2_6_00044_m_01_01_t_2.mp4 MPH-IND_00044 PA.F.6
pa-database/TalkingFace/PA.F.6/2_6_00044_m_01_02_t_2.mp4 MPH-IND_00044 PA.F.6
pa-database/TalkingFace/PA.F.6/2_6_00044_m_01_03_t_2.mp4 MPH-IND_00044 PA.F.6
pa-database/TalkingFace/PA.F.6/2_6_00044_m_01_04_t_2.mp4 MPH-IND_00044 PA.F.6
pa-database/TalkingFace/PA.F.6/2_6_00044_m_01_05_t_2.mp4 MPH-IND_00044 PA.F.6
pa-database/TalkingFace/PA.F.6/2_6_00044_m_01_06_t_2.mp4 MPH-IND_00044 PA.F.6
pa-database/TalkingFace/PA.F.6/2_6_00044_m_01_07_t_2.mp4 MPH-IND_00044 PA.F.6
pa-database/TalkingFace/PA.F.6/2_6_00044_m_01_08_t_2.mp4 MPH-IND_00044 PA.F.6
pa-database/TalkingFace/PA.F.6/2_6_00045_f_01_01_t_2.mp4 MPH-IND_00045 PA.F.6
pa-database/TalkingFace/PA.F.6/2_6_00045_f_01_02_t_2.mp4 MPH-IND_00045 PA.F.6
pa-database/TalkingFace/PA.F.6/2_6_00045_f_01_03_t_2.mp4 MPH-IND_00045 PA.F.6
pa-database/TalkingFace/PA.F.6/2_6_00045_f_01_04_t_2.mp4 MPH-IND_00045 PA.F.6
pa-database/TalkingFace/PA.F.6/2_6_00045_f_01_05_t_2.mp4 MPH-IND_00045 PA.F.6
pa-database/TalkingFace/PA.F.6/2_6_00045_f_01_06_t_2.mp4 MPH-IND_00045 PA.F.6
pa-database/TalkingFace/PA.F.6/2_6_00045_f_01_07_t_2.mp4 MPH-IND_00045 PA.F.6
pa-database/TalkingFace/PA.F.6/2_6_00045_f_01_08_t_2.mp4 MPH-IND_00045 PA.F.6
pa-database/TalkingFace/PA.F.6/2_6_00046_m_01_01_t_2.mp4 MPH-IND_00046 PA.F.6
pa-database/TalkingFace/PA.F.6/2_6_00046_m_01_02_t_2.mp4 MPH-IND_00046 PA.F.6
pa-database/TalkingFace/PA.F.6/2_6_00046_m_01_03_t_2.mp4 MPH-IND_00046 PA.F.6
pa-database/TalkingFace/PA.F.6/2_6_00046_m_01_04_t_2.mp4 MPH-IND_00046 PA.F.6
pa-database/TalkingFace/PA.F.6/2_6_00046_m_01_05_t_2.mp4 MPH-IND_00046 PA.F.6
pa-database/TalkingFace/PA.F.6/2_6_00046_m_01_06_t_2.mp4 MPH-IND_00046 PA.F.6
pa-database/TalkingFace/PA.F.6/2_6_00046_m_01_07_t_2.mp4 MPH-IND_00046 PA.F.6
pa-database/TalkingFace/PA.F.6/2_6_00046_m_01_08_t_2.mp4 MPH-IND_00046 PA.F.6
pa-database/TalkingFace/PA.F.6/2_6_00048_m_01_01_t_2.mp4 MPH-IND_00048 PA.F.6
pa-database/TalkingFace/PA.F.6/2_6_00048_m_01_02_t_2.mp4 MPH-IND_00048 PA.F.6
pa-database/TalkingFace/PA.F.6/2_6_00048_m_01_03_t_2.mp4 MPH-IND_00048 PA.F.6
pa-database/TalkingFace/PA.F.6/2_6_00048_m_01_04_t_2.mp4 MPH-IND_00048 PA.F.6
pa-database/TalkingFace/PA.F.6/2_6_00048_m_01_05_t_2.mp4 MPH-IND_00048 PA.F.6
pa-database/TalkingFace/PA.F.6/2_6_00048_m_01_06_t_2.mp4 MPH-IND_00048 PA.F.6
pa-database/TalkingFace/PA.F.6/2_6_00048_m_01_07_t_2.mp4 MPH-IND_00048 PA.F.6
pa-database/TalkingFace/PA.F.6/2_6_00048_m_01_08_t_2.mp4 MPH-IND_00048 PA.F.6
pa-database/TalkingFace/PA.F.6/2_6_00050_f_01_01_t_2.mp4 MPH-IND_00050 PA.F.6
pa-database/TalkingFace/PA.F.6/2_6_00050_f_01_02_t_2.mp4 MPH-IND_00050 PA.F.6
pa-database/TalkingFace/PA.F.6/2_6_00050_f_01_03_t_2.mp4 MPH-IND_00050 PA.F.6
pa-database/TalkingFace/PA.F.6/2_6_00050_f_01_04_t_2.mp4 MPH-IND_00050 PA.F.6
pa-database/TalkingFace/PA.F.6/2_6_00050_f_01_05_t_2.mp4 MPH-IND_00050 PA.F.6
pa-database/TalkingFace/PA.F.6/2_6_00050_f_01_06_t_2.mp4 MPH-IND_00050 PA.F.6
pa-database/TalkingFace/PA.F.6/2_6_00050_f_01_07_t_2.mp4 MPH-IND_00050 PA.F.6
pa-database/TalkingFace/PA.F.6/2_6_00050_f_01_08_t_2.mp4 MPH-IND_00050 PA.F.6
pa-database/TalkingFace/PA.F.6/2_6_00051_m_01_01_t_2.mp4 MPH-IND_00051 PA.F.6
pa-database/TalkingFace/PA.F.6/2_6_00051_m_01_02_t_2.mp4 MPH-IND_00051 PA.F.6
pa-database/TalkingFace/PA.F.6/2_6_00051_m_01_03_t_2.mp4 MPH-IND_00051 PA.F.6
pa-database/TalkingFace/PA.F.6/2_6_00051_m_01_04_t_2.mp4 MPH-IND_00051 PA.F.6
pa-database/TalkingFace/PA.F.6/2_6_00051_m_01_05_t_2.mp4 MPH-IND_00051 PA.F.6
pa-database/TalkingFace/PA.F.6/2_6_00051_m_01_06_t_2.mp4 MPH-IND_00051 PA.F.6
pa-database/TalkingFace/PA.F.6/2_6_00051_m_01_07_t_2.mp4 MPH-IND_00051 PA.F.6
pa-database/TalkingFace/PA.F.6/2_6_00051_m_01_08_t_2.mp4 MPH-IND_00051 PA.F.6
