pa-database/Eye/PA.EI.4/2_1_00003_m_01_01_t_3.mp4 NTNU_00003 PA.EI.4
pa-database/Eye/PA.EI.4/2_1_00008_m_01_01_t_3.mp4 NTNU_00008 PA.EI.4
pa-database/Eye/PA.EI.4/2_1_00012_m_01_01_t_3.mp4 NTNU_00012 PA.EI.4
pa-database/Eye/PA.EI.4/2_1_00013_f_01_01_t_3.mp4 NTNU_00013 PA.EI.4
pa-database/Eye/PA.EI.4/2_1_00015_m_01_01_t_3.mp4 NTNU_00015 PA.EI.4
pa-database/Eye/PA.EI.4/2_1_00016_m_01_01_t_3.mp4 NTNU_00016 PA.EI.4
pa-database/Eye/PA.EI.4/2_1_00023_m_01_01_t_3.mp4 NTNU_00023 PA.EI.4
pa-database/Eye/PA.EI.4/2_1_00024_m_01_01_t_3.mp4 NTNU_00024 PA.EI.4
pa-database/Eye/PA.EI.4/2_1_00026_m_01_01_t_3.mp4 NTNU_00026 PA.EI.4
pa-database/Eye/PA.EI.4/2_1_00029_m_01_01_t_3.mp4 NTNU_00029 PA.EI.4
pa-database/Eye/PA.EI.4/2_1_00032_m_01_01_t_3.mp4 NTNU_00032 PA.EI.4
pa-database/Eye/PA.EI.4/2_1_00034_m_01_01_t_3.mp4 NTNU_00034 PA.EI.4
pa-database/Eye/PA.EI.4/2_1_00036_m_01_01_t_3.mp4 NTNU_00036 PA.EI.4
pa-database/Eye/PA.EI.4/2_1_00038_f_01_01_t_3.mp4 NTNU_00038 PA.EI.4
pa-database/Eye/PA.EI.4/2_1_00039_m_01_01_t_3.mp4 NTNU_00039 PA.EI.4
pa-database/Eye/PA.EI.4/2_1_00040_m_01_01_t_3.mp4 NTNU_00040 PA.EI.4
pa-database/Eye/PA.EI.4/2_1_00041_m_01_01_t_3.mp4 NTNU_00041 PA.EI.4
pa-database/Eye/PA.EI.4/2_1_00042_f_01_01_t_3.mp4 NTNU_00042 PA.EI.4
pa-database/Eye/PA.EI.4/2_1_00043_f_01_01_t_3.mp4 NTNU_00043 PA.EI.4
pa-database/Eye/PA.EI.4/2_1_00045_m_01_01_t_3.mp4 NTNU_00045 PA.EI.4
pa-database/Eye/PA.EI.4/2_1_00052_f_01_01_t_3.mp4 NTNU_00052 PA.EI.4
pa-database/Eye/PA.EI.4/2_1_00053_m_01_01_t_3.mp4 NTNU_00053 PA.EI.4
pa-database/Eye/PA.EI.4/2_1_00054_m_01_01_t_3.mp4 NTNU_00054 PA.EI.4
pa-database/Eye/PA.EI.4/2_4_00001_m_01_01_t_3.mp4 IDIAP_00001 PA.EI.4
pa-database/Eye/PA.EI.4/2_4_00003_m_01_01_t_3.mp4 IDIAP_00003 PA.EI.4
pa-database/Eye/PA.EI.4/2_4_00004_f_01_01_t_3.mp4 IDIAP_00004 PA.EI.4
pa-database/Eye/PA.EI.4/2_4_00005_m_01_01_t_3.mp4 IDIAP_00005 PA.EI.4
pa-database/Eye/PA.EI.4/2_4_00006_m_01_01_t_3.mp4 IDIAP_00006 PA.EI.4
pa-database/Eye/PA.EI.4/2_4_00012_m_01_01_t_3.mp4 IDIAP_00012 PA.EI.4
pa-database/Eye/PA.EI.4/2_4_00014_f_01_01_t_3.mp4 IDIAP_00014 PA.EI.4
pa-database/Eye/PA.EI.4/2_4_00015_f_01_01_t_3.mp4 IDIAP_00015 PA.EI.4
pa-database/Eye/PA.EI.4/2_4_00016_m_01_01_t_3.mp4 IDIAP_00016 PA.EI.4
pa-database/Eye/PA.EI.4/2_4_00017_m_01_01_t_3.mp4 IDIAP_00017 PA.EI.4
pa-database/Eye/PA.EI.4/2_4_00018_f_01_01_t_3.mp4 IDIAP_00018 PA.EI.4
pa-database/Eye/PA.EI.4/2_4_00019_m_01_01_t_3.mp4 IDIAP_00019 PA.EI.4
pa-database/Eye/PA.EI.4/2_4_00020_m_01_01_t_3.mp4 IDIAP_00020 PA.EI.4
pa-database/Eye/PA.EI.4/2_4_00024_m_01_01_t_3.mp4 IDIAP_00024 PA.EI.4
pa-database/Eye/PA.EI.4/2_4_00025_m_01_01_t_3.mp4 IDIAP_00025 PA.EI.4
pa-database/Eye/PA.EI.4/2_4_00027_m_01_01_t_3.mp4 IDIAP_00027 PA.EI.4
pa-database/Eye/PA.EI.4/2_4_00028_m_01_01_t_3.mp4 IDIAP_00028 PA.EI.4
pa-database/Eye/PA.EI.4/2_4_00029_m_01_01_t_3.mp4 IDIAP_00029 PA.EI.4
pa-database/Eye/PA.EI.4/2_4_00031_m_01_01_t_3.mp4 IDIAP_00031 PA.EI.4
pa-database/Eye/PA.EI.4/2_4_00032_m_01_01_t_3.mp4 IDIAP_00032 PA.EI.4
pa-database/Eye/PA.EI.4/2_4_00033_m_01_01_t_3.mp4 IDIAP_00033 PA.EI.4
pa-database/Eye/PA.EI.4/2_4_00038_f_01_01_t_3.mp4 IDIAP_00038 PA.EI.4
pa-database/Eye/PA.EI.4/2_4_00039_m_01_01_t_3.mp4 IDIAP_00039 PA.EI.4
pa-database/Eye/PA.EI.4/2_4_00040_m_01_01_t_3.mp4 IDIAP_00040 PA.EI.4
pa-database/Eye/PA.EI.4/2_4_00047_m_01_01_t_3.mp4 IDIAP_00047 PA.EI.4
pa-database/Eye/PA.EI.4/2_4_00048_m_01_01_t_3.mp4 IDIAP_00048 PA.EI.4
pa-database/Eye/PA.EI.4/2_4_00049_m_01_01_t_3.mp4 IDIAP_00049 PA.EI.4
pa-database/Eye/PA.EI.4/2_4_00054_f_01_01_t_3.mp4 IDIAP_00054 PA.EI.4
pa-database/Eye/PA.EI.4/2_4_00055_m_01_01_t_3.mp4 IDIAP_00055 PA.EI.4
pa-database/Eye/PA.EI.4/2_4_00058_f_01_01_t_3.mp4 IDIAP_00058 PA.EI.4
pa-database/Eye/PA.EI.4/2_4_00060_f_01_01_t_3.mp4 IDIAP_00060 PA.EI.4
pa-database/Eye/PA.EI.4/2_6_00001_m_01_01_t_3.mp4 MPH-IND_00001 PA.EI.4
pa-database/Eye/PA.EI.4/2_6_00009_f_01_01_t_3.mp4 MPH-IND_00009 PA.EI.4
pa-database/Eye/PA.EI.4/2_6_00010_m_01_01_t_3.mp4 MPH-IND_00010 PA.EI.4
pa-database/Eye/PA.EI.4/2_6_00013_m_01_01_t_3.mp4 MPH-IND_00013 PA.EI.4
pa-database/Eye/PA.EI.4/2_6_00014_m_01_01_t_3.mp4 MPH-IND_00014 PA.EI.4
pa-database/Eye/PA.EI.4/2_6_00015_f_01_01_t_3.mp4 MPH-IND_00015 PA.EI.4
pa-database/Eye/PA.EI.4/2_6_00024_m_01_01_t_3.mp4 MPH-IND_00024 PA.EI.4
pa-database/Eye/PA.EI.4/2_6_00026_m_01_01_t_3.mp4 MPH-IND_00026 PA.EI.4
pa-database/Eye/PA.EI.4/2_6_00028_m_01_01_t_3.mp4 MPH-IND_00028 PA.EI.4
pa-database/Eye/PA.EI.4/2_6_00032_f_01_01_t_3.mp4 MPH-IND_00032 PA.EI.4
pa-database/Eye/PA.EI.4/2_6_00037_f_01_01_t_3.mp4 MPH-IND_00037 PA.EI.4
pa-database/Eye/PA.EI.4/2_6_00039_f_01_01_t_3.mp4 MPH-IND_00039 PA.EI.4
pa-database/Eye/PA.EI.4/2_6_00040_m_01_01_t_3.mp4 MPH-IND_00040 PA.EI.4
pa-database/Eye/PA.EI.4/2_6_00041_m_01_01_t_3.mp4 MPH-IND_00041 PA.EI.4
pa-database/Eye/PA.EI.4/2_6_00042_f_01_01_t_3.mp4 MPH-IND_00042 PA.EI.4
pa-database/Eye/PA.EI.4/2_6_00043_m_01_01_t_3.mp4 MPH-IND_00043 PA.EI.4
pa-database/Eye/PA.EI.4/2_6_00046_m_01_01_t_3.mp4 MPH-IND_00046 PA.EI.4
pa-database/Eye/PA.EI.4/2_6_00047_m_01_01_t_3.mp4 MPH-IND_00047 PA.EI.4
pa-database/Eye/PA.EI.4/2_6_00049_m_01_01_t_3.mp4 MPH-IND_00049 PA.EI.4
